2020-02-06 03:13:17.901863: I tensorflow/core/platform/cpu_feature_guard.cc:142] Your CPU supports instructions that this TensorFlow binary was not compiled to use: AVX2 FMA
2020-02-06 03:13:17.914686: I tensorflow/compiler/xla/service/service.cc:168] XLA service 0x7facc7439d90 initialized for platform Host (this does not guarantee that XLA will be used). Devices:
2020-02-06 03:13:17.914719: I tensorflow/compiler/xla/service/service.cc:176]   StreamExecutor device (0): Host, Default Version
Using TensorFlow backend.
WARNING:tensorflow:Large dropout rate: 0.8 (>0.5). In TensorFlow 2.x, dropout() uses dropout rate instead of keep_prob. Please ensure that this is intended.
2020-02-06 03:13:22.668933: E tensorflow/core/grappler/optimizers/meta_optimizer.cc:561] remapper failed: Invalid argument: MutableGraphView::MutableGraphView error: node 'loss/dense_2_loss/categorical_crossentropy/weighted_loss/concat' has self cycle fanin 'loss/dense_2_loss/categorical_crossentropy/weighted_loss/concat'.
2020-02-06 03:13:22.696607: E tensorflow/core/grappler/optimizers/dependency_optimizer.cc:717] Iteration = 0, topological sort failed with message: The graph couldn't be sorted in topological order.
2020-02-06 03:13:22.709118: E tensorflow/core/grappler/optimizers/dependency_optimizer.cc:717] Iteration = 1, topological sort failed with message: The graph couldn't be sorted in topological order.
2020-02-06 03:13:22.818231: E tensorflow/core/grappler/optimizers/meta_optimizer.cc:561] arithmetic_optimizer failed: Invalid argument: The graph couldn't be sorted in topological order.
2020-02-06 03:13:22.826593: E tensorflow/core/grappler/optimizers/meta_optimizer.cc:561] remapper failed: Invalid argument: MutableGraphView::MutableGraphView error: node 'loss/dense_2_loss/categorical_crossentropy/weighted_loss/concat' has self cycle fanin 'loss/dense_2_loss/categorical_crossentropy/weighted_loss/concat'.
2020-02-06 03:13:22.835460: E tensorflow/core/grappler/optimizers/dependency_optimizer.cc:717] Iteration = 0, topological sort failed with message: The graph couldn't be sorted in topological order.
2020-02-06 03:13:22.843790: E tensorflow/core/grappler/optimizers/dependency_optimizer.cc:717] Iteration = 1, topological sort failed with message: The graph couldn't be sorted in topological order.
2020-02-06 03:13:22.880654: W tensorflow/core/common_runtime/process_function_library_runtime.cc:697] Ignoring multi-device function optimization failure: Invalid argument: The graph couldn't be sorted in topological order.
2020-02-06 03:13:26.997676: E tensorflow/core/grappler/optimizers/meta_optimizer.cc:561] remapper failed: Invalid argument: MutableGraphView::MutableGraphView error: node 'loss/dense_2_loss/categorical_crossentropy/weighted_loss/concat' has self cycle fanin 'loss/dense_2_loss/categorical_crossentropy/weighted_loss/concat'.
2020-02-06 03:13:27.004704: E tensorflow/core/grappler/optimizers/dependency_optimizer.cc:717] Iteration = 0, topological sort failed with message: The graph couldn't be sorted in topological order.
2020-02-06 03:13:27.008058: E tensorflow/core/grappler/optimizers/dependency_optimizer.cc:717] Iteration = 1, topological sort failed with message: The graph couldn't be sorted in topological order.
2020-02-06 03:13:27.037185: E tensorflow/core/grappler/optimizers/meta_optimizer.cc:561] arithmetic_optimizer failed: Invalid argument: The graph couldn't be sorted in topological order.
2020-02-06 03:13:27.039399: E tensorflow/core/grappler/optimizers/meta_optimizer.cc:561] remapper failed: Invalid argument: MutableGraphView::MutableGraphView error: node 'loss/dense_2_loss/categorical_crossentropy/weighted_loss/concat' has self cycle fanin 'loss/dense_2_loss/categorical_crossentropy/weighted_loss/concat'.
2020-02-06 03:13:27.041794: E tensorflow/core/grappler/optimizers/dependency_optimizer.cc:717] Iteration = 0, topological sort failed with message: The graph couldn't be sorted in topological order.
2020-02-06 03:13:27.044175: E tensorflow/core/grappler/optimizers/dependency_optimizer.cc:717] Iteration = 1, topological sort failed with message: The graph couldn't be sorted in topological order.
2020-02-06 03:13:27.057147: W tensorflow/core/common_runtime/process_function_library_runtime.cc:697] Ignoring multi-device function optimization failure: Invalid argument: The graph couldn't be sorted in topological order.
=============================
        TRAINING v0.4
=============================
Date: 2020-02-06 03:13:17.898075
[INFO] input_shape (10, 16)
[INFO] LSTM first and last layer neurons: 2
[INFO] adding core layer 0
[INFO] created DNN
[33m[INFO] epoch 1/10[0m
[33m[INFO] loading file 1-1/1 on epoch 1/10[0m
[INFO] reading file data/SWaT2015-Attack-Files-v0.4-minmax/train/2015-12-28_113021_98.log.part12_sorted-labeled.csv
[INFO] concatenate the files
[INFO] process dataset, shape: (500000, 18)
[INFO] sampling 1.0
[33mdropping column: modbus_value[0m
[INFO] columns: Index(['unixtime', 'orig', 'type', 'i/f_name', 'i/f_dir', 'src', 'dst',
       'proto', 'appi_name', 'proxy_src_ip', 'modbus_function_code',
       'modbus_function_description', 'modbus_transaction_id', 'scada_tag',
       'service', 's_port', 'classification'],
      dtype='object')
[INFO] processing batch 0-100000/500000
[INFO] breaking into predictors and prediction...
[INFO] creating train/test split: 0.2
[INFO] using LSTM layers
[INFO] fitting model
Train on 8000 samples, validate on 2000 samples
Epoch 1/1
 - 6s - loss: 1.4196 - tp: 0.0000e+00 - fp: 0.0000e+00 - tn: 320000.0000 - fn: 80000.0000 - accuracy: 0.8000 - precision: 0.0000e+00 - recall: 0.0000e+00 - auc: 0.9984 - val_loss: 1.2391 - val_tp: 0.0000e+00 - val_fp: 0.0000e+00 - val_tn: 80000.0000 - val_fn: 20000.0000 - val_accuracy: 0.8000 - val_precision: 0.0000e+00 - val_recall: 0.0000e+00 - val_auc: 1.0000
[INFO] saving weights to checkpoints/lstm-epoch-001-files-0-1-batch-0-100000
[INFO] processing batch 100000-200000/500000
[INFO] breaking into predictors and prediction...
[INFO] creating train/test split: 0.2
[INFO] using LSTM layers
[INFO] fitting model
Train on 8000 samples, validate on 2000 samples
Epoch 1/1
 - 4s - loss: 1.0833 - tp: 0.0000e+00 - fp: 0.0000e+00 - tn: 320000.0000 - fn: 80000.0000 - accuracy: 0.8000 - precision: 0.0000e+00 - recall: 0.0000e+00 - auc: 1.0000 - val_loss: 0.9382 - val_tp: 0.0000e+00 - val_fp: 0.0000e+00 - val_tn: 80000.0000 - val_fn: 20000.0000 - val_accuracy: 0.8000 - val_precision: 0.0000e+00 - val_recall: 0.0000e+00 - val_auc: 1.0000
[INFO] saving weights to checkpoints/lstm-epoch-001-files-0-1-batch-100000-200000
[INFO] processing batch 200000-300000/500000
[INFO] breaking into predictors and prediction...
[INFO] creating train/test split: 0.2
[INFO] using LSTM layers
[INFO] fitting model
Train on 8000 samples, validate on 2000 samples
Epoch 1/1
 - 4s - loss: 0.8210 - tp: 0.0000e+00 - fp: 0.0000e+00 - tn: 320000.0000 - fn: 80000.0000 - accuracy: 0.8000 - precision: 0.0000e+00 - recall: 0.0000e+00 - auc: 0.9979 - val_loss: 1.3440 - val_tp: 0.0000e+00 - val_fp: 0.0000e+00 - val_tn: 80000.0000 - val_fn: 20000.0000 - val_accuracy: 0.8000 - val_precision: 0.0000e+00 - val_recall: 0.0000e+00 - val_auc: 0.7064
[INFO] saving weights to checkpoints/lstm-epoch-001-files-0-1-batch-200000-300000
[INFO] processing batch 300000-400000/500000
[INFO] breaking into predictors and prediction...
[INFO] creating train/test split: 0.2
[INFO] using LSTM layers
[INFO] fitting model
Train on 8000 samples, validate on 2000 samples
Epoch 1/1
 - 4s - loss: 1.2474 - tp: 20757.0000 - fp: 18283.0000 - tn: 301717.0000 - fn: 59243.0000 - accuracy: 0.8062 - precision: 0.5317 - recall: 0.2595 - auc: 0.8818 - val_loss: 1.1598 - val_tp: 10626.0000 - val_fp: 9374.0000 - val_tn: 70626.0000 - val_fn: 9374.0000 - val_accuracy: 0.8125 - val_precision: 0.5313 - val_recall: 0.5313 - val_auc: 0.8828
[INFO] saving weights to checkpoints/lstm-epoch-001-files-0-1-batch-300000-400000
[INFO] processing batch 400000-500000/500000
[INFO] breaking into predictors and prediction...
[INFO] creating train/test split: 0.2
[INFO] using LSTM layers
[INFO] fitting model
Train on 8000 samples, validate on 2000 samples
Epoch 1/1
 - 4s - loss: 1.0960 - tp: 42438.0000 - fp: 37562.0000 - tn: 282438.0000 - fn: 37562.0000 - accuracy: 0.8122 - precision: 0.5305 - recall: 0.5305 - auc: 0.8826 - val_loss: 1.0391 - val_tp: 10603.0000 - val_fp: 9397.0000 - val_tn: 70603.0000 - val_fn: 9397.0000 - val_accuracy: 0.8121 - val_precision: 0.5301 - val_recall: 0.5301 - val_auc: 0.8825
[INFO] saving weights to checkpoints/lstm-epoch-001-files-0-1-batch-400000-500000
[33m[LOSS] 1.0390684471130371[0m
[33m[INFO] epoch 2/10[0m
[33m[INFO] loading file 1-1/1 on epoch 2/10[0m
[INFO] reading file data/SWaT2015-Attack-Files-v0.4-minmax/train/2015-12-28_113021_98.log.part12_sorted-labeled.csv
[INFO] concatenate the files
[INFO] process dataset, shape: (500000, 18)
[INFO] sampling 1.0
[33mdropping column: modbus_value[0m
[INFO] columns: Index(['unixtime', 'orig', 'type', 'i/f_name', 'i/f_dir', 'src', 'dst',
       'proto', 'appi_name', 'proxy_src_ip', 'modbus_function_code',
       'modbus_function_description', 'modbus_transaction_id', 'scada_tag',
       'service', 's_port', 'classification'],
      dtype='object')
[INFO] processing batch 0-100000/500000
[INFO] breaking into predictors and prediction...
[INFO] creating train/test split: 0.2
[INFO] using LSTM layers
[INFO] fitting model
Train on 8000 samples, validate on 2000 samples
Epoch 1/1
 - 5s - loss: 0.5921 - tp: 80000.0000 - fp: 0.0000e+00 - tn: 320000.0000 - fn: 0.0000e+00 - accuracy: 1.0000 - precision: 1.0000 - recall: 1.0000 - auc: 1.0000 - val_loss: 0.4998 - val_tp: 20000.0000 - val_fp: 0.0000e+00 - val_tn: 80000.0000 - val_fn: 0.0000e+00 - val_accuracy: 1.0000 - val_precision: 1.0000 - val_recall: 1.0000 - val_auc: 1.0000
[INFO] saving weights to checkpoints/lstm-epoch-002-files-0-1-batch-0-100000
[INFO] processing batch 100000-200000/500000
[INFO] breaking into predictors and prediction...
[INFO] creating train/test split: 0.2
[INFO] using LSTM layers
[INFO] fitting model
Train on 8000 samples, validate on 2000 samples
Epoch 1/1
 - 5s - loss: 0.4313 - tp: 80000.0000 - fp: 0.0000e+00 - tn: 320000.0000 - fn: 0.0000e+00 - accuracy: 1.0000 - precision: 1.0000 - recall: 1.0000 - auc: 1.0000 - val_loss: 0.3712 - val_tp: 20000.0000 - val_fp: 0.0000e+00 - val_tn: 80000.0000 - val_fn: 0.0000e+00 - val_accuracy: 1.0000 - val_precision: 1.0000 - val_recall: 1.0000 - val_auc: 1.0000
[INFO] saving weights to checkpoints/lstm-epoch-002-files-0-1-batch-100000-200000
[INFO] processing batch 200000-300000/500000
[INFO] breaking into predictors and prediction...
[INFO] creating train/test split: 0.2
[INFO] using LSTM layers
[INFO] fitting model
Train on 8000 samples, validate on 2000 samples
Epoch 1/1
 - 5s - loss: 0.3307 - tp: 79766.0000 - fp: 234.0000 - tn: 319766.0000 - fn: 234.0000 - accuracy: 0.9988 - precision: 0.9971 - recall: 0.9971 - auc: 0.9992 - val_loss: 1.1833 - val_tp: 10606.0000 - val_fp: 9394.0000 - val_tn: 70606.0000 - val_fn: 9394.0000 - val_accuracy: 0.8121 - val_precision: 0.5303 - val_recall: 0.5303 - val_auc: 0.8826
[INFO] saving weights to checkpoints/lstm-epoch-002-files-0-1-batch-200000-300000
[INFO] processing batch 300000-400000/500000
[INFO] breaking into predictors and prediction...
[INFO] creating train/test split: 0.2
[INFO] using LSTM layers
[INFO] fitting model
Train on 8000 samples, validate on 2000 samples
Epoch 1/1
 - 5s - loss: 1.1004 - tp: 42447.0000 - fp: 37553.0000 - tn: 282447.0000 - fn: 37553.0000 - accuracy: 0.8122 - precision: 0.5306 - recall: 0.5306 - auc: 0.8826 - val_loss: 1.0208 - val_tp: 10626.0000 - val_fp: 9374.0000 - val_tn: 70626.0000 - val_fn: 9374.0000 - val_accuracy: 0.8125 - val_precision: 0.5313 - val_recall: 0.5313 - val_auc: 0.8828
[INFO] saving weights to checkpoints/lstm-epoch-002-files-0-1-batch-300000-400000
[INFO] processing batch 400000-500000/500000
[INFO] breaking into predictors and prediction...
[INFO] creating train/test split: 0.2
[INFO] using LSTM layers
[INFO] fitting model
Train on 8000 samples, validate on 2000 samples
Epoch 1/1
 - 5s - loss: 0.9641 - tp: 42438.0000 - fp: 37562.0000 - tn: 282438.0000 - fn: 37562.0000 - accuracy: 0.8122 - precision: 0.5305 - recall: 0.5305 - auc: 0.8828 - val_loss: 0.9143 - val_tp: 10603.0000 - val_fp: 9397.0000 - val_tn: 70603.0000 - val_fn: 9397.0000 - val_accuracy: 0.8121 - val_precision: 0.5301 - val_recall: 0.5301 - val_auc: 0.8825
[INFO] saving weights to checkpoints/lstm-epoch-002-files-0-1-batch-400000-500000
[33m[LOSS] 0.9143315353393555[0m
[33m[INFO] epoch 3/10[0m
[33m[INFO] loading file 1-1/1 on epoch 3/10[0m
[INFO] reading file data/SWaT2015-Attack-Files-v0.4-minmax/train/2015-12-28_113021_98.log.part12_sorted-labeled.csv
[INFO] concatenate the files
[INFO] process dataset, shape: (500000, 18)
[INFO] sampling 1.0
[33mdropping column: modbus_value[0m
[INFO] columns: Index(['unixtime', 'orig', 'type', 'i/f_name', 'i/f_dir', 'src', 'dst',
       'proto', 'appi_name', 'proxy_src_ip', 'modbus_function_code',
       'modbus_function_description', 'modbus_transaction_id', 'scada_tag',
       'service', 's_port', 'classification'],
      dtype='object')
[INFO] processing batch 0-100000/500000
[INFO] breaking into predictors and prediction...
[INFO] creating train/test split: 0.2
[INFO] using LSTM layers
[INFO] fitting model
Train on 8000 samples, validate on 2000 samples
Epoch 1/1
 - 5s - loss: 0.3664 - tp: 80000.0000 - fp: 0.0000e+00 - tn: 320000.0000 - fn: 0.0000e+00 - accuracy: 1.0000 - precision: 1.0000 - recall: 1.0000 - auc: 1.0000 - val_loss: 0.3067 - val_tp: 20000.0000 - val_fp: 0.0000e+00 - val_tn: 80000.0000 - val_fn: 0.0000e+00 - val_accuracy: 1.0000 - val_precision: 1.0000 - val_recall: 1.0000 - val_auc: 1.0000
[INFO] saving weights to checkpoints/lstm-epoch-003-files-0-1-batch-0-100000
[INFO] processing batch 100000-200000/500000
[INFO] breaking into predictors and prediction...
[INFO] creating train/test split: 0.2
[INFO] using LSTM layers
[INFO] fitting model
Train on 8000 samples, validate on 2000 samples
Epoch 1/1
 - 5s - loss: 0.2645 - tp: 80000.0000 - fp: 0.0000e+00 - tn: 320000.0000 - fn: 0.0000e+00 - accuracy: 1.0000 - precision: 1.0000 - recall: 1.0000 - auc: 1.0000 - val_loss: 0.2280 - val_tp: 20000.0000 - val_fp: 0.0000e+00 - val_tn: 80000.0000 - val_fn: 0.0000e+00 - val_accuracy: 1.0000 - val_precision: 1.0000 - val_recall: 1.0000 - val_auc: 1.0000
[INFO] saving weights to checkpoints/lstm-epoch-003-files-0-1-batch-100000-200000
[INFO] processing batch 200000-300000/500000
[INFO] breaking into predictors and prediction...
[INFO] creating train/test split: 0.2
[INFO] using LSTM layers
[INFO] fitting model
Train on 8000 samples, validate on 2000 samples
Epoch 1/1
 - 5s - loss: 0.2066 - tp: 79766.0000 - fp: 234.0000 - tn: 319766.0000 - fn: 234.0000 - accuracy: 0.9988 - precision: 0.9971 - recall: 0.9971 - auc: 0.9993 - val_loss: 1.1699 - val_tp: 10606.0000 - val_fp: 9394.0000 - val_tn: 70606.0000 - val_fn: 9394.0000 - val_accuracy: 0.8121 - val_precision: 0.5303 - val_recall: 0.5303 - val_auc: 0.8826
[INFO] saving weights to checkpoints/lstm-epoch-003-files-0-1-batch-200000-300000
[INFO] processing batch 300000-400000/500000
[INFO] breaking into predictors and prediction...
[INFO] creating train/test split: 0.2
[INFO] using LSTM layers
[INFO] fitting model
Train on 8000 samples, validate on 2000 samples
Epoch 1/1
 - 5s - loss: 1.0691 - tp: 42447.0000 - fp: 37553.0000 - tn: 282447.0000 - fn: 37553.0000 - accuracy: 0.8122 - precision: 0.5306 - recall: 0.5306 - auc: 0.8828 - val_loss: 0.9743 - val_tp: 10626.0000 - val_fp: 9374.0000 - val_tn: 70626.0000 - val_fn: 9374.0000 - val_accuracy: 0.8125 - val_precision: 0.5313 - val_recall: 0.5313 - val_auc: 0.8828
[INFO] saving weights to checkpoints/lstm-epoch-003-files-0-1-batch-300000-400000
[INFO] processing batch 400000-500000/500000
[INFO] breaking into predictors and prediction...
[INFO] creating train/test split: 0.2
[INFO] using LSTM layers
[INFO] fitting model
Train on 8000 samples, validate on 2000 samples
Epoch 1/1
 - 5s - loss: 0.9110 - tp: 42438.0000 - fp: 37562.0000 - tn: 282438.0000 - fn: 37562.0000 - accuracy: 0.8122 - precision: 0.5305 - recall: 0.5305 - auc: 0.8825 - val_loss: 0.8577 - val_tp: 10603.0000 - val_fp: 9397.0000 - val_tn: 70603.0000 - val_fn: 9397.0000 - val_accuracy: 0.8121 - val_precision: 0.5301 - val_recall: 0.5301 - val_auc: 0.8825
[INFO] saving weights to checkpoints/lstm-epoch-003-files-0-1-batch-400000-500000
[33m[LOSS] 0.8576624298095703[0m
[CHECKING EARLY STOP]: currentLoss < min_delta ? => 0.8576624298095703  <  0.001
[33m[INFO] epoch 4/10[0m
[33m[INFO] loading file 1-1/1 on epoch 4/10[0m
[INFO] reading file data/SWaT2015-Attack-Files-v0.4-minmax/train/2015-12-28_113021_98.log.part12_sorted-labeled.csv
[INFO] concatenate the files
[INFO] process dataset, shape: (500000, 18)
[INFO] sampling 1.0
[33mdropping column: modbus_value[0m
[INFO] columns: Index(['unixtime', 'orig', 'type', 'i/f_name', 'i/f_dir', 'src', 'dst',
       'proto', 'appi_name', 'proxy_src_ip', 'modbus_function_code',
       'modbus_function_description', 'modbus_transaction_id', 'scada_tag',
       'service', 's_port', 'classification'],
      dtype='object')
[INFO] processing batch 0-100000/500000
[INFO] breaking into predictors and prediction...
[INFO] creating train/test split: 0.2
[INFO] using LSTM layers
[INFO] fitting model
Train on 8000 samples, validate on 2000 samples
Epoch 1/1
 - 5s - loss: 0.3079 - tp: 80000.0000 - fp: 0.0000e+00 - tn: 320000.0000 - fn: 0.0000e+00 - accuracy: 1.0000 - precision: 1.0000 - recall: 1.0000 - auc: 1.0000 - val_loss: 0.2540 - val_tp: 20000.0000 - val_fp: 0.0000e+00 - val_tn: 80000.0000 - val_fn: 0.0000e+00 - val_accuracy: 1.0000 - val_precision: 1.0000 - val_recall: 1.0000 - val_auc: 1.0000
[INFO] saving weights to checkpoints/lstm-epoch-004-files-0-1-batch-0-100000
[INFO] processing batch 100000-200000/500000
[INFO] breaking into predictors and prediction...
[INFO] creating train/test split: 0.2
[INFO] using LSTM layers
[INFO] fitting model
Train on 8000 samples, validate on 2000 samples
Epoch 1/1
 - 5s - loss: 0.2174 - tp: 80000.0000 - fp: 0.0000e+00 - tn: 320000.0000 - fn: 0.0000e+00 - accuracy: 1.0000 - precision: 1.0000 - recall: 1.0000 - auc: 1.0000 - val_loss: 0.1862 - val_tp: 20000.0000 - val_fp: 0.0000e+00 - val_tn: 80000.0000 - val_fn: 0.0000e+00 - val_accuracy: 1.0000 - val_precision: 1.0000 - val_recall: 1.0000 - val_auc: 1.0000
[INFO] saving weights to checkpoints/lstm-epoch-004-files-0-1-batch-100000-200000
[INFO] processing batch 200000-300000/500000
[INFO] breaking into predictors and prediction...
[INFO] creating train/test split: 0.2
[INFO] using LSTM layers
[INFO] fitting model
Train on 8000 samples, validate on 2000 samples
Epoch 1/1
 - 5s - loss: 0.1695 - tp: 79766.0000 - fp: 234.0000 - tn: 319766.0000 - fn: 234.0000 - accuracy: 0.9988 - precision: 0.9971 - recall: 0.9971 - auc: 0.9992 - val_loss: 1.1507 - val_tp: 10606.0000 - val_fp: 9394.0000 - val_tn: 70606.0000 - val_fn: 9394.0000 - val_accuracy: 0.8121 - val_precision: 0.5303 - val_recall: 0.5303 - val_auc: 0.8826
[INFO] saving weights to checkpoints/lstm-epoch-004-files-0-1-batch-200000-300000
[INFO] processing batch 300000-400000/500000
[INFO] breaking into predictors and prediction...
[INFO] creating train/test split: 0.2
[INFO] using LSTM layers
[INFO] fitting model
Train on 8000 samples, validate on 2000 samples
Epoch 1/1
 - 4s - loss: 1.0399 - tp: 42447.0000 - fp: 37553.0000 - tn: 282447.0000 - fn: 37553.0000 - accuracy: 0.8122 - precision: 0.5306 - recall: 0.5306 - auc: 0.8828 - val_loss: 0.9379 - val_tp: 10626.0000 - val_fp: 9374.0000 - val_tn: 70626.0000 - val_fn: 9374.0000 - val_accuracy: 0.8125 - val_precision: 0.5313 - val_recall: 0.5313 - val_auc: 0.8828
[INFO] saving weights to checkpoints/lstm-epoch-004-files-0-1-batch-300000-400000
[INFO] processing batch 400000-500000/500000
[INFO] breaking into predictors and prediction...
[INFO] creating train/test split: 0.2
[INFO] using LSTM layers
[INFO] fitting model
Train on 8000 samples, validate on 2000 samples
Epoch 1/1
 - 5s - loss: 0.8731 - tp: 42438.0000 - fp: 37562.0000 - tn: 282438.0000 - fn: 37562.0000 - accuracy: 0.8122 - precision: 0.5305 - recall: 0.5305 - auc: 0.8823 - val_loss: 0.8201 - val_tp: 10603.0000 - val_fp: 9397.0000 - val_tn: 70603.0000 - val_fn: 9397.0000 - val_accuracy: 0.8121 - val_precision: 0.5301 - val_recall: 0.5301 - val_auc: 0.8825
[INFO] saving weights to checkpoints/lstm-epoch-004-files-0-1-batch-400000-500000
[33m[LOSS] 0.8201047315597534[0m
[CHECKING EARLY STOP]: currentLoss < min_delta ? => 0.8201047315597534  <  0.001
[33m[INFO] epoch 5/10[0m
[33m[INFO] loading file 1-1/1 on epoch 5/10[0m
[INFO] reading file data/SWaT2015-Attack-Files-v0.4-minmax/train/2015-12-28_113021_98.log.part12_sorted-labeled.csv
[INFO] concatenate the files
[INFO] process dataset, shape: (500000, 18)
[INFO] sampling 1.0
[33mdropping column: modbus_value[0m
[INFO] columns: Index(['unixtime', 'orig', 'type', 'i/f_name', 'i/f_dir', 'src', 'dst',
       'proto', 'appi_name', 'proxy_src_ip', 'modbus_function_code',
       'modbus_function_description', 'modbus_transaction_id', 'scada_tag',
       'service', 's_port', 'classification'],
      dtype='object')
[INFO] processing batch 0-100000/500000
[INFO] breaking into predictors and prediction...
[INFO] creating train/test split: 0.2
[INFO] using LSTM layers
[INFO] fitting model
Train on 8000 samples, validate on 2000 samples
Epoch 1/1
 - 5s - loss: 0.2914 - tp: 80000.0000 - fp: 0.0000e+00 - tn: 320000.0000 - fn: 0.0000e+00 - accuracy: 1.0000 - precision: 1.0000 - recall: 1.0000 - auc: 1.0000 - val_loss: 0.2374 - val_tp: 20000.0000 - val_fp: 0.0000e+00 - val_tn: 80000.0000 - val_fn: 0.0000e+00 - val_accuracy: 1.0000 - val_precision: 1.0000 - val_recall: 1.0000 - val_auc: 1.0000
[INFO] saving weights to checkpoints/lstm-epoch-005-files-0-1-batch-0-100000
[INFO] processing batch 100000-200000/500000
[INFO] breaking into predictors and prediction...
[INFO] creating train/test split: 0.2
[INFO] using LSTM layers
[INFO] fitting model
Train on 8000 samples, validate on 2000 samples
Epoch 1/1
 - 5s - loss: 0.2018 - tp: 80000.0000 - fp: 0.0000e+00 - tn: 320000.0000 - fn: 0.0000e+00 - accuracy: 1.0000 - precision: 1.0000 - recall: 1.0000 - auc: 1.0000 - val_loss: 0.1717 - val_tp: 20000.0000 - val_fp: 0.0000e+00 - val_tn: 80000.0000 - val_fn: 0.0000e+00 - val_accuracy: 1.0000 - val_precision: 1.0000 - val_recall: 1.0000 - val_auc: 1.0000
[INFO] saving weights to checkpoints/lstm-epoch-005-files-0-1-batch-100000-200000
[INFO] processing batch 200000-300000/500000
[INFO] breaking into predictors and prediction...
[INFO] creating train/test split: 0.2
[INFO] using LSTM layers
[INFO] fitting model
Train on 8000 samples, validate on 2000 samples
Epoch 1/1
 - 5s - loss: 0.1561 - tp: 79766.0000 - fp: 234.0000 - tn: 319766.0000 - fn: 234.0000 - accuracy: 0.9988 - precision: 0.9971 - recall: 0.9971 - auc: 0.9994 - val_loss: 1.1299 - val_tp: 10606.0000 - val_fp: 9394.0000 - val_tn: 70606.0000 - val_fn: 9394.0000 - val_accuracy: 0.8121 - val_precision: 0.5303 - val_recall: 0.5303 - val_auc: 0.8826
[INFO] saving weights to checkpoints/lstm-epoch-005-files-0-1-batch-200000-300000
[INFO] processing batch 300000-400000/500000
[INFO] breaking into predictors and prediction...
[INFO] creating train/test split: 0.2
[INFO] using LSTM layers
[INFO] fitting model
Train on 8000 samples, validate on 2000 samples
Epoch 1/1
 - 5s - loss: 1.0159 - tp: 42447.0000 - fp: 37553.0000 - tn: 282447.0000 - fn: 37553.0000 - accuracy: 0.8122 - precision: 0.5306 - recall: 0.5306 - auc: 0.8826 - val_loss: 0.9124 - val_tp: 10626.0000 - val_fp: 9374.0000 - val_tn: 70626.0000 - val_fn: 9374.0000 - val_accuracy: 0.8125 - val_precision: 0.5313 - val_recall: 0.5313 - val_auc: 0.8828
[INFO] saving weights to checkpoints/lstm-epoch-005-files-0-1-batch-300000-400000
[INFO] processing batch 400000-500000/500000
[INFO] breaking into predictors and prediction...
[INFO] creating train/test split: 0.2
[INFO] using LSTM layers
[INFO] fitting model
Train on 8000 samples, validate on 2000 samples
Epoch 1/1
 - 5s - loss: 0.8485 - tp: 42438.0000 - fp: 37562.0000 - tn: 282438.0000 - fn: 37562.0000 - accuracy: 0.8122 - precision: 0.5305 - recall: 0.5305 - auc: 0.8825 - val_loss: 0.7970 - val_tp: 10603.0000 - val_fp: 9397.0000 - val_tn: 70603.0000 - val_fn: 9397.0000 - val_accuracy: 0.8121 - val_precision: 0.5301 - val_recall: 0.5301 - val_auc: 0.8825
[INFO] saving weights to checkpoints/lstm-epoch-005-files-0-1-batch-400000-500000
[33m[LOSS] 0.7970482244491577[0m
[CHECKING EARLY STOP]: currentLoss < min_delta ? => 0.7970482244491577  <  0.001
[33m[INFO] epoch 6/10[0m
[33m[INFO] loading file 1-1/1 on epoch 6/10[0m
[INFO] reading file data/SWaT2015-Attack-Files-v0.4-minmax/train/2015-12-28_113021_98.log.part12_sorted-labeled.csv
[INFO] concatenate the files
[INFO] process dataset, shape: (500000, 18)
[INFO] sampling 1.0
[33mdropping column: modbus_value[0m
[INFO] columns: Index(['unixtime', 'orig', 'type', 'i/f_name', 'i/f_dir', 'src', 'dst',
       'proto', 'appi_name', 'proxy_src_ip', 'modbus_function_code',
       'modbus_function_description', 'modbus_transaction_id', 'scada_tag',
       'service', 's_port', 'classification'],
      dtype='object')
[INFO] processing batch 0-100000/500000
[INFO] breaking into predictors and prediction...
[INFO] creating train/test split: 0.2
[INFO] using LSTM layers
[INFO] fitting model
Train on 8000 samples, validate on 2000 samples
Epoch 1/1
 - 5s - loss: 0.2856 - tp: 80000.0000 - fp: 0.0000e+00 - tn: 320000.0000 - fn: 0.0000e+00 - accuracy: 1.0000 - precision: 1.0000 - recall: 1.0000 - auc: 1.0000 - val_loss: 0.2309 - val_tp: 20000.0000 - val_fp: 0.0000e+00 - val_tn: 80000.0000 - val_fn: 0.0000e+00 - val_accuracy: 1.0000 - val_precision: 1.0000 - val_recall: 1.0000 - val_auc: 1.0000
[INFO] saving weights to checkpoints/lstm-epoch-006-files-0-1-batch-0-100000
[INFO] processing batch 100000-200000/500000
[INFO] breaking into predictors and prediction...
[INFO] creating train/test split: 0.2
[INFO] using LSTM layers
[INFO] fitting model
Train on 8000 samples, validate on 2000 samples
Epoch 1/1
 - 5s - loss: 0.1954 - tp: 80000.0000 - fp: 0.0000e+00 - tn: 320000.0000 - fn: 0.0000e+00 - accuracy: 1.0000 - precision: 1.0000 - recall: 1.0000 - auc: 1.0000 - val_loss: 0.1656 - val_tp: 20000.0000 - val_fp: 0.0000e+00 - val_tn: 80000.0000 - val_fn: 0.0000e+00 - val_accuracy: 1.0000 - val_precision: 1.0000 - val_recall: 1.0000 - val_auc: 1.0000
[INFO] saving weights to checkpoints/lstm-epoch-006-files-0-1-batch-100000-200000
[INFO] processing batch 200000-300000/500000
[INFO] breaking into predictors and prediction...
[INFO] creating train/test split: 0.2
[INFO] using LSTM layers
[INFO] fitting model
Train on 8000 samples, validate on 2000 samples
Epoch 1/1
 - 5s - loss: 0.1503 - tp: 79766.0000 - fp: 234.0000 - tn: 319766.0000 - fn: 234.0000 - accuracy: 0.9988 - precision: 0.9971 - recall: 0.9971 - auc: 0.9992 - val_loss: 1.1142 - val_tp: 10606.0000 - val_fp: 9394.0000 - val_tn: 70606.0000 - val_fn: 9394.0000 - val_accuracy: 0.8121 - val_precision: 0.5303 - val_recall: 0.5303 - val_auc: 0.8826
[INFO] saving weights to checkpoints/lstm-epoch-006-files-0-1-batch-200000-300000
[INFO] processing batch 300000-400000/500000
[INFO] breaking into predictors and prediction...
[INFO] creating train/test split: 0.2
[INFO] using LSTM layers
[INFO] fitting model
Train on 8000 samples, validate on 2000 samples
Epoch 1/1
 - 5s - loss: 0.9996 - tp: 42447.0000 - fp: 37553.0000 - tn: 282447.0000 - fn: 37553.0000 - accuracy: 0.8122 - precision: 0.5306 - recall: 0.5306 - auc: 0.8827 - val_loss: 0.8961 - val_tp: 10626.0000 - val_fp: 9374.0000 - val_tn: 70626.0000 - val_fn: 9374.0000 - val_accuracy: 0.8125 - val_precision: 0.5313 - val_recall: 0.5313 - val_auc: 0.8828
[INFO] saving weights to checkpoints/lstm-epoch-006-files-0-1-batch-300000-400000
[INFO] processing batch 400000-500000/500000
[INFO] breaking into predictors and prediction...
[INFO] creating train/test split: 0.2
[INFO] using LSTM layers
[INFO] fitting model
Train on 8000 samples, validate on 2000 samples
Epoch 1/1
 - 5s - loss: 0.8333 - tp: 42438.0000 - fp: 37562.0000 - tn: 282438.0000 - fn: 37562.0000 - accuracy: 0.8122 - precision: 0.5305 - recall: 0.5305 - auc: 0.8826 - val_loss: 0.7833 - val_tp: 10603.0000 - val_fp: 9397.0000 - val_tn: 70603.0000 - val_fn: 9397.0000 - val_accuracy: 0.8121 - val_precision: 0.5301 - val_recall: 0.5301 - val_auc: 0.8825
[INFO] saving weights to checkpoints/lstm-epoch-006-files-0-1-batch-400000-500000
[33m[LOSS] 0.7833276438713074[0m
[CHECKING EARLY STOP]: currentLoss < min_delta ? => 0.7833276438713074  <  0.001
[33m[INFO] epoch 7/10[0m
[33m[INFO] loading file 1-1/1 on epoch 7/10[0m
[INFO] reading file data/SWaT2015-Attack-Files-v0.4-minmax/train/2015-12-28_113021_98.log.part12_sorted-labeled.csv
[INFO] concatenate the files
[INFO] process dataset, shape: (500000, 18)
[INFO] sampling 1.0
[33mdropping column: modbus_value[0m
[INFO] columns: Index(['unixtime', 'orig', 'type', 'i/f_name', 'i/f_dir', 'src', 'dst',
       'proto', 'appi_name', 'proxy_src_ip', 'modbus_function_code',
       'modbus_function_description', 'modbus_transaction_id', 'scada_tag',
       'service', 's_port', 'classification'],
      dtype='object')
[INFO] processing batch 0-100000/500000
[INFO] breaking into predictors and prediction...
[INFO] creating train/test split: 0.2
[INFO] using LSTM layers
[INFO] fitting model
Train on 8000 samples, validate on 2000 samples
Epoch 1/1
 - 5s - loss: 0.2830 - tp: 80000.0000 - fp: 0.0000e+00 - tn: 320000.0000 - fn: 0.0000e+00 - accuracy: 1.0000 - precision: 1.0000 - recall: 1.0000 - auc: 1.0000 - val_loss: 0.2277 - val_tp: 20000.0000 - val_fp: 0.0000e+00 - val_tn: 80000.0000 - val_fn: 0.0000e+00 - val_accuracy: 1.0000 - val_precision: 1.0000 - val_recall: 1.0000 - val_auc: 1.0000
[INFO] saving weights to checkpoints/lstm-epoch-007-files-0-1-batch-0-100000
[INFO] processing batch 100000-200000/500000
[INFO] breaking into predictors and prediction...
[INFO] creating train/test split: 0.2
[INFO] using LSTM layers
[INFO] fitting model
Train on 8000 samples, validate on 2000 samples
Epoch 1/1
 - 5s - loss: 0.1922 - tp: 80000.0000 - fp: 0.0000e+00 - tn: 320000.0000 - fn: 0.0000e+00 - accuracy: 1.0000 - precision: 1.0000 - recall: 1.0000 - auc: 1.0000 - val_loss: 0.1624 - val_tp: 20000.0000 - val_fp: 0.0000e+00 - val_tn: 80000.0000 - val_fn: 0.0000e+00 - val_accuracy: 1.0000 - val_precision: 1.0000 - val_recall: 1.0000 - val_auc: 1.0000
[INFO] saving weights to checkpoints/lstm-epoch-007-files-0-1-batch-100000-200000
[INFO] processing batch 200000-300000/500000
[INFO] breaking into predictors and prediction...
[INFO] creating train/test split: 0.2
[INFO] using LSTM layers
[INFO] fitting model
Train on 8000 samples, validate on 2000 samples
Epoch 1/1
 - 5s - loss: 0.1473 - tp: 79766.0000 - fp: 234.0000 - tn: 319766.0000 - fn: 234.0000 - accuracy: 0.9988 - precision: 0.9971 - recall: 0.9971 - auc: 0.9992 - val_loss: 1.1039 - val_tp: 10606.0000 - val_fp: 9394.0000 - val_tn: 70606.0000 - val_fn: 9394.0000 - val_accuracy: 0.8121 - val_precision: 0.5303 - val_recall: 0.5303 - val_auc: 0.8826
[INFO] saving weights to checkpoints/lstm-epoch-007-files-0-1-batch-200000-300000
[INFO] processing batch 300000-400000/500000
[INFO] breaking into predictors and prediction...
[INFO] creating train/test split: 0.2
[INFO] using LSTM layers
[INFO] fitting model
Train on 8000 samples, validate on 2000 samples
Epoch 1/1
 - 5s - loss: 0.9895 - tp: 42447.0000 - fp: 37553.0000 - tn: 282447.0000 - fn: 37553.0000 - accuracy: 0.8122 - precision: 0.5306 - recall: 0.5306 - auc: 0.8825 - val_loss: 0.8865 - val_tp: 10626.0000 - val_fp: 9374.0000 - val_tn: 70626.0000 - val_fn: 9374.0000 - val_accuracy: 0.8125 - val_precision: 0.5313 - val_recall: 0.5313 - val_auc: 0.8828
[INFO] saving weights to checkpoints/lstm-epoch-007-files-0-1-batch-300000-400000
[INFO] processing batch 400000-500000/500000
[INFO] breaking into predictors and prediction...
[INFO] creating train/test split: 0.2
[INFO] using LSTM layers
[INFO] fitting model
Train on 8000 samples, validate on 2000 samples
Epoch 1/1
 - 5s - loss: 0.8245 - tp: 42438.0000 - fp: 37562.0000 - tn: 282438.0000 - fn: 37562.0000 - accuracy: 0.8122 - precision: 0.5305 - recall: 0.5305 - auc: 0.8827 - val_loss: 0.7753 - val_tp: 10603.0000 - val_fp: 9397.0000 - val_tn: 70603.0000 - val_fn: 9397.0000 - val_accuracy: 0.8121 - val_precision: 0.5301 - val_recall: 0.5301 - val_auc: 0.8825
[INFO] saving weights to checkpoints/lstm-epoch-007-files-0-1-batch-400000-500000
[33m[LOSS] 0.7753355617523193[0m
[CHECKING EARLY STOP]: currentLoss < min_delta ? => 0.7753355617523193  <  0.001
[33m[INFO] epoch 8/10[0m
[33m[INFO] loading file 1-1/1 on epoch 8/10[0m
[INFO] reading file data/SWaT2015-Attack-Files-v0.4-minmax/train/2015-12-28_113021_98.log.part12_sorted-labeled.csv
[INFO] concatenate the files
[INFO] process dataset, shape: (500000, 18)
[INFO] sampling 1.0
[33mdropping column: modbus_value[0m
[INFO] columns: Index(['unixtime', 'orig', 'type', 'i/f_name', 'i/f_dir', 'src', 'dst',
       'proto', 'appi_name', 'proxy_src_ip', 'modbus_function_code',
       'modbus_function_description', 'modbus_transaction_id', 'scada_tag',
       'service', 's_port', 'classification'],
      dtype='object')
[INFO] processing batch 0-100000/500000
[INFO] breaking into predictors and prediction...
[INFO] creating train/test split: 0.2
[INFO] using LSTM layers
[INFO] fitting model
Train on 8000 samples, validate on 2000 samples
Epoch 1/1
 - 5s - loss: 0.2815 - tp: 80000.0000 - fp: 0.0000e+00 - tn: 320000.0000 - fn: 0.0000e+00 - accuracy: 1.0000 - precision: 1.0000 - recall: 1.0000 - auc: 1.0000 - val_loss: 0.2259 - val_tp: 20000.0000 - val_fp: 0.0000e+00 - val_tn: 80000.0000 - val_fn: 0.0000e+00 - val_accuracy: 1.0000 - val_precision: 1.0000 - val_recall: 1.0000 - val_auc: 1.0000
[INFO] saving weights to checkpoints/lstm-epoch-008-files-0-1-batch-0-100000
[INFO] processing batch 100000-200000/500000
[INFO] breaking into predictors and prediction...
[INFO] creating train/test split: 0.2
[INFO] using LSTM layers
[INFO] fitting model
Train on 8000 samples, validate on 2000 samples
Epoch 1/1
 - 5s - loss: 0.1903 - tp: 80000.0000 - fp: 0.0000e+00 - tn: 320000.0000 - fn: 0.0000e+00 - accuracy: 1.0000 - precision: 1.0000 - recall: 1.0000 - auc: 1.0000 - val_loss: 0.1606 - val_tp: 20000.0000 - val_fp: 0.0000e+00 - val_tn: 80000.0000 - val_fn: 0.0000e+00 - val_accuracy: 1.0000 - val_precision: 1.0000 - val_recall: 1.0000 - val_auc: 1.0000
[INFO] saving weights to checkpoints/lstm-epoch-008-files-0-1-batch-100000-200000
[INFO] processing batch 200000-300000/500000
[INFO] breaking into predictors and prediction...
[INFO] creating train/test split: 0.2
[INFO] using LSTM layers
[INFO] fitting model
Train on 8000 samples, validate on 2000 samples
Epoch 1/1
 - 5s - loss: 0.1456 - tp: 79766.0000 - fp: 234.0000 - tn: 319766.0000 - fn: 234.0000 - accuracy: 0.9988 - precision: 0.9971 - recall: 0.9971 - auc: 0.9994 - val_loss: 1.0979 - val_tp: 10606.0000 - val_fp: 9394.0000 - val_tn: 70606.0000 - val_fn: 9394.0000 - val_accuracy: 0.8121 - val_precision: 0.5303 - val_recall: 0.5303 - val_auc: 0.8826
[INFO] saving weights to checkpoints/lstm-epoch-008-files-0-1-batch-200000-300000
[INFO] processing batch 300000-400000/500000
[INFO] breaking into predictors and prediction...
[INFO] creating train/test split: 0.2
[INFO] using LSTM layers
[INFO] fitting model
Train on 8000 samples, validate on 2000 samples
Epoch 1/1
 - 5s - loss: 0.9835 - tp: 42447.0000 - fp: 37553.0000 - tn: 282447.0000 - fn: 37553.0000 - accuracy: 0.8122 - precision: 0.5306 - recall: 0.5306 - auc: 0.8825 - val_loss: 0.8808 - val_tp: 10626.0000 - val_fp: 9374.0000 - val_tn: 70626.0000 - val_fn: 9374.0000 - val_accuracy: 0.8125 - val_precision: 0.5313 - val_recall: 0.5313 - val_auc: 0.8828
[INFO] saving weights to checkpoints/lstm-epoch-008-files-0-1-batch-300000-400000
[INFO] processing batch 400000-500000/500000
[INFO] breaking into predictors and prediction...
[INFO] creating train/test split: 0.2
[INFO] using LSTM layers
[INFO] fitting model
Train on 8000 samples, validate on 2000 samples
Epoch 1/1
 - 5s - loss: 0.8193 - tp: 42438.0000 - fp: 37562.0000 - tn: 282438.0000 - fn: 37562.0000 - accuracy: 0.8122 - precision: 0.5305 - recall: 0.5305 - auc: 0.8826 - val_loss: 0.7707 - val_tp: 10603.0000 - val_fp: 9397.0000 - val_tn: 70603.0000 - val_fn: 9397.0000 - val_accuracy: 0.8121 - val_precision: 0.5301 - val_recall: 0.5301 - val_auc: 0.8825
[INFO] saving weights to checkpoints/lstm-epoch-008-files-0-1-batch-400000-500000
[33m[LOSS] 0.7707451820373535[0m
[CHECKING EARLY STOP]: currentLoss < min_delta ? => 0.7707451820373535  <  0.001
[33m[INFO] epoch 9/10[0m
[33m[INFO] loading file 1-1/1 on epoch 9/10[0m
[INFO] reading file data/SWaT2015-Attack-Files-v0.4-minmax/train/2015-12-28_113021_98.log.part12_sorted-labeled.csv
[INFO] concatenate the files
[INFO] process dataset, shape: (500000, 18)
[INFO] sampling 1.0
[33mdropping column: modbus_value[0m
[INFO] columns: Index(['unixtime', 'orig', 'type', 'i/f_name', 'i/f_dir', 'src', 'dst',
       'proto', 'appi_name', 'proxy_src_ip', 'modbus_function_code',
       'modbus_function_description', 'modbus_transaction_id', 'scada_tag',
       'service', 's_port', 'classification'],
      dtype='object')
[INFO] processing batch 0-100000/500000
[INFO] breaking into predictors and prediction...
[INFO] creating train/test split: 0.2
[INFO] using LSTM layers
[INFO] fitting model
Train on 8000 samples, validate on 2000 samples
Epoch 1/1
 - 5s - loss: 0.2804 - tp: 80000.0000 - fp: 0.0000e+00 - tn: 320000.0000 - fn: 0.0000e+00 - accuracy: 1.0000 - precision: 1.0000 - recall: 1.0000 - auc: 1.0000 - val_loss: 0.2247 - val_tp: 20000.0000 - val_fp: 0.0000e+00 - val_tn: 80000.0000 - val_fn: 0.0000e+00 - val_accuracy: 1.0000 - val_precision: 1.0000 - val_recall: 1.0000 - val_auc: 1.0000
[INFO] saving weights to checkpoints/lstm-epoch-009-files-0-1-batch-0-100000
[INFO] processing batch 100000-200000/500000
[INFO] breaking into predictors and prediction...
[INFO] creating train/test split: 0.2
[INFO] using LSTM layers
[INFO] fitting model
Train on 8000 samples, validate on 2000 samples
Epoch 1/1
 - 5s - loss: 0.1892 - tp: 80000.0000 - fp: 0.0000e+00 - tn: 320000.0000 - fn: 0.0000e+00 - accuracy: 1.0000 - precision: 1.0000 - recall: 1.0000 - auc: 1.0000 - val_loss: 0.1595 - val_tp: 20000.0000 - val_fp: 0.0000e+00 - val_tn: 80000.0000 - val_fn: 0.0000e+00 - val_accuracy: 1.0000 - val_precision: 1.0000 - val_recall: 1.0000 - val_auc: 1.0000
[INFO] saving weights to checkpoints/lstm-epoch-009-files-0-1-batch-100000-200000
[INFO] processing batch 200000-300000/500000
[INFO] breaking into predictors and prediction...
[INFO] creating train/test split: 0.2
[INFO] using LSTM layers
[INFO] fitting model
Train on 8000 samples, validate on 2000 samples
Epoch 1/1
 - 5s - loss: 0.1446 - tp: 79766.0000 - fp: 234.0000 - tn: 319766.0000 - fn: 234.0000 - accuracy: 0.9988 - precision: 0.9971 - recall: 0.9971 - auc: 0.9993 - val_loss: 1.0941 - val_tp: 10606.0000 - val_fp: 9394.0000 - val_tn: 70606.0000 - val_fn: 9394.0000 - val_accuracy: 0.8121 - val_precision: 0.5303 - val_recall: 0.5303 - val_auc: 0.8826
[INFO] saving weights to checkpoints/lstm-epoch-009-files-0-1-batch-200000-300000
[INFO] processing batch 300000-400000/500000
[INFO] breaking into predictors and prediction...
[INFO] creating train/test split: 0.2
[INFO] using LSTM layers
[INFO] fitting model
Train on 8000 samples, validate on 2000 samples
Epoch 1/1
 - 5s - loss: 0.9800 - tp: 42447.0000 - fp: 37553.0000 - tn: 282447.0000 - fn: 37553.0000 - accuracy: 0.8122 - precision: 0.5306 - recall: 0.5306 - auc: 0.8824 - val_loss: 0.8774 - val_tp: 10626.0000 - val_fp: 9374.0000 - val_tn: 70626.0000 - val_fn: 9374.0000 - val_accuracy: 0.8125 - val_precision: 0.5313 - val_recall: 0.5313 - val_auc: 0.8828
[INFO] saving weights to checkpoints/lstm-epoch-009-files-0-1-batch-300000-400000
[INFO] processing batch 400000-500000/500000
[INFO] breaking into predictors and prediction...
[INFO] creating train/test split: 0.2
[INFO] using LSTM layers
[INFO] fitting model
Train on 8000 samples, validate on 2000 samples
Epoch 1/1
 - 5s - loss: 0.8162 - tp: 42438.0000 - fp: 37562.0000 - tn: 282438.0000 - fn: 37562.0000 - accuracy: 0.8122 - precision: 0.5305 - recall: 0.5305 - auc: 0.8826 - val_loss: 0.7679 - val_tp: 10603.0000 - val_fp: 9397.0000 - val_tn: 70603.0000 - val_fn: 9397.0000 - val_accuracy: 0.8121 - val_precision: 0.5301 - val_recall: 0.5301 - val_auc: 0.8825
[INFO] saving weights to checkpoints/lstm-epoch-009-files-0-1-batch-400000-500000
[33m[LOSS] 0.7679160747528077[0m
[CHECKING EARLY STOP]: currentLoss < min_delta ? => 0.7679160747528077  <  0.001
[33m[INFO] epoch 10/10[0m
[33m[INFO] loading file 1-1/1 on epoch 10/10[0m
[INFO] reading file data/SWaT2015-Attack-Files-v0.4-minmax/train/2015-12-28_113021_98.log.part12_sorted-labeled.csv
[INFO] concatenate the files
[INFO] process dataset, shape: (500000, 18)
[INFO] sampling 1.0
[33mdropping column: modbus_value[0m
[INFO] columns: Index(['unixtime', 'orig', 'type', 'i/f_name', 'i/f_dir', 'src', 'dst',
       'proto', 'appi_name', 'proxy_src_ip', 'modbus_function_code',
       'modbus_function_description', 'modbus_transaction_id', 'scada_tag',
       'service', 's_port', 'classification'],
      dtype='object')
[INFO] processing batch 0-100000/500000
[INFO] breaking into predictors and prediction...
[INFO] creating train/test split: 0.2
[INFO] using LSTM layers
[INFO] fitting model
Train on 8000 samples, validate on 2000 samples
Epoch 1/1
 - 5s - loss: 0.2798 - tp: 80000.0000 - fp: 0.0000e+00 - tn: 320000.0000 - fn: 0.0000e+00 - accuracy: 1.0000 - precision: 1.0000 - recall: 1.0000 - auc: 1.0000 - val_loss: 0.2240 - val_tp: 20000.0000 - val_fp: 0.0000e+00 - val_tn: 80000.0000 - val_fn: 0.0000e+00 - val_accuracy: 1.0000 - val_precision: 1.0000 - val_recall: 1.0000 - val_auc: 1.0000
[INFO] saving weights to checkpoints/lstm-epoch-010-files-0-1-batch-0-100000
[INFO] processing batch 100000-200000/500000
[INFO] breaking into predictors and prediction...
[INFO] creating train/test split: 0.2
[INFO] using LSTM layers
[INFO] fitting model
Train on 8000 samples, validate on 2000 samples
Epoch 1/1
 - 5s - loss: 0.1885 - tp: 80000.0000 - fp: 0.0000e+00 - tn: 320000.0000 - fn: 0.0000e+00 - accuracy: 1.0000 - precision: 1.0000 - recall: 1.0000 - auc: 1.0000 - val_loss: 0.1589 - val_tp: 20000.0000 - val_fp: 0.0000e+00 - val_tn: 80000.0000 - val_fn: 0.0000e+00 - val_accuracy: 1.0000 - val_precision: 1.0000 - val_recall: 1.0000 - val_auc: 1.0000
[INFO] saving weights to checkpoints/lstm-epoch-010-files-0-1-batch-100000-200000
[INFO] processing batch 200000-300000/500000
[INFO] breaking into predictors and prediction...
[INFO] creating train/test split: 0.2
[INFO] using LSTM layers
[INFO] fitting model
Train on 8000 samples, validate on 2000 samples
Epoch 1/1
 - 5s - loss: 0.1439 - tp: 79766.0000 - fp: 234.0000 - tn: 319766.0000 - fn: 234.0000 - accuracy: 0.9988 - precision: 0.9971 - recall: 0.9971 - auc: 0.9993 - val_loss: 1.0919 - val_tp: 10606.0000 - val_fp: 9394.0000 - val_tn: 70606.0000 - val_fn: 9394.0000 - val_accuracy: 0.8121 - val_precision: 0.5303 - val_recall: 0.5303 - val_auc: 0.8826
[INFO] saving weights to checkpoints/lstm-epoch-010-files-0-1-batch-200000-300000
[INFO] processing batch 300000-400000/500000
[INFO] breaking into predictors and prediction...
[INFO] creating train/test split: 0.2
[INFO] using LSTM layers
[INFO] fitting model
Train on 8000 samples, validate on 2000 samples
Epoch 1/1
 - 5s - loss: 0.9777 - tp: 42447.0000 - fp: 37553.0000 - tn: 282447.0000 - fn: 37553.0000 - accuracy: 0.8122 - precision: 0.5306 - recall: 0.5306 - auc: 0.8826 - val_loss: 0.8753 - val_tp: 10626.0000 - val_fp: 9374.0000 - val_tn: 70626.0000 - val_fn: 9374.0000 - val_accuracy: 0.8125 - val_precision: 0.5313 - val_recall: 0.5313 - val_auc: 0.8828
[INFO] saving weights to checkpoints/lstm-epoch-010-files-0-1-batch-300000-400000
[INFO] processing batch 400000-500000/500000
[INFO] breaking into predictors and prediction...
[INFO] creating train/test split: 0.2
[INFO] using LSTM layers
[INFO] fitting model
Train on 8000 samples, validate on 2000 samples
Epoch 1/1
 - 5s - loss: 0.8143 - tp: 42438.0000 - fp: 37562.0000 - tn: 282438.0000 - fn: 37562.0000 - accuracy: 0.8122 - precision: 0.5305 - recall: 0.5305 - auc: 0.8826 - val_loss: 0.7663 - val_tp: 10603.0000 - val_fp: 9397.0000 - val_tn: 70603.0000 - val_fn: 9397.0000 - val_accuracy: 0.8121 - val_precision: 0.5301 - val_recall: 0.5301 - val_auc: 0.8825
[INFO] saving weights to checkpoints/lstm-epoch-010-files-0-1-batch-400000-500000
[33m[LOSS] 0.7662583088874817[0m
[CHECKING EARLY STOP]: currentLoss < min_delta ? => 0.7662583088874817  <  0.001
--- 259.6292898654938 seconds ---
2020-02-06 03:17:41.079461: I tensorflow/core/platform/cpu_feature_guard.cc:142] Your CPU supports instructions that this TensorFlow binary was not compiled to use: AVX2 FMA
2020-02-06 03:17:41.092099: I tensorflow/compiler/xla/service/service.cc:168] XLA service 0x7ff9cc2a9520 initialized for platform Host (this does not guarantee that XLA will be used). Devices:
2020-02-06 03:17:41.092132: I tensorflow/compiler/xla/service/service.cc:176]   StreamExecutor device (0): Host, Default Version
Using TensorFlow backend.
WARNING:tensorflow:Large dropout rate: 0.8 (>0.5). In TensorFlow 2.x, dropout() uses dropout rate instead of keep_prob. Please ensure that this is intended.
2020-02-06 03:17:45.159870: E tensorflow/core/grappler/optimizers/meta_optimizer.cc:561] remapper failed: Invalid argument: MutableGraphView::MutableGraphView error: node 'loss/dense_2_loss/categorical_crossentropy/weighted_loss/concat' has self cycle fanin 'loss/dense_2_loss/categorical_crossentropy/weighted_loss/concat'.
2020-02-06 03:17:45.166655: E tensorflow/core/grappler/optimizers/dependency_optimizer.cc:717] Iteration = 0, topological sort failed with message: The graph couldn't be sorted in topological order.
2020-02-06 03:17:45.169905: E tensorflow/core/grappler/optimizers/dependency_optimizer.cc:717] Iteration = 1, topological sort failed with message: The graph couldn't be sorted in topological order.
2020-02-06 03:17:45.197205: E tensorflow/core/grappler/optimizers/meta_optimizer.cc:561] arithmetic_optimizer failed: Invalid argument: The graph couldn't be sorted in topological order.
2020-02-06 03:17:45.199280: E tensorflow/core/grappler/optimizers/meta_optimizer.cc:561] remapper failed: Invalid argument: MutableGraphView::MutableGraphView error: node 'loss/dense_2_loss/categorical_crossentropy/weighted_loss/concat' has self cycle fanin 'loss/dense_2_loss/categorical_crossentropy/weighted_loss/concat'.
2020-02-06 03:17:45.201562: E tensorflow/core/grappler/optimizers/dependency_optimizer.cc:717] Iteration = 0, topological sort failed with message: The graph couldn't be sorted in topological order.
2020-02-06 03:17:45.203770: E tensorflow/core/grappler/optimizers/dependency_optimizer.cc:717] Iteration = 1, topological sort failed with message: The graph couldn't be sorted in topological order.
2020-02-06 03:17:45.213091: W tensorflow/core/common_runtime/process_function_library_runtime.cc:697] Ignoring multi-device function optimization failure: Invalid argument: The graph couldn't be sorted in topological order.
=============================
        SCORING v0.4
=============================
Date: 2020-02-06 03:17:41.074935
[INFO] input_shape (10, 16)
[INFO] LSTM first and last layer neurons: 2
[INFO] adding core layer 0
[INFO] created DNN
loading weights: checkpoints/*
loading file checkpoints/lstm-epoch-010-files-0-1-batch-400000-500000
[33m[INFO] model summary:[0m
Model: "sequential_1"
_________________________________________________________________
Layer (type)                 Output Shape              Param #   
=================================================================
lstm_1 (LSTM)                (None, 10, 2)             152       
_________________________________________________________________
dropout_1 (Dropout)          (None, 10, 2)             0         
_________________________________________________________________
lstm_2 (LSTM)                (None, 10, 4)             112       
_________________________________________________________________
dropout_2 (Dropout)          (None, 10, 4)             0         
_________________________________________________________________
lstm_3 (LSTM)                (None, 10, 2)             56        
_________________________________________________________________
dropout_3 (Dropout)          (None, 10, 2)             0         
_________________________________________________________________
dense_1 (Dense)              (None, 10, 1)             3         
_________________________________________________________________
dropout_4 (Dropout)          (None, 10, 1)             0         
_________________________________________________________________
dense_2 (Dense)              (None, 10, 5)             10        
=================================================================
Total params: 333
Trainable params: 333
Non-trainable params: 0
_________________________________________________________________
[INFO] reading file data/SWaT2015-Attack-Files-v0.4-minmax/train/2015-12-28_113021_98.log.part13_sorted-labeled.csv
[INFO] process dataset, shape: (500000, 18)
[33mdropping column: modbus_value[0m
[INFO] columns: Index(['unixtime', 'orig', 'type', 'i/f_name', 'i/f_dir', 'src', 'dst',
       'proto', 'appi_name', 'proxy_src_ip', 'modbus_function_code',
       'modbus_function_description', 'modbus_transaction_id', 'scada_tag',
       'service', 's_port', 'classification'],
      dtype='object')
[INFO] analyze dataset: (500000, 17)

[INFO] analyzing data
[INFO] 500000 rows
[INFO] ** unixtime:1359 (0.2718%)
[INFO] ** orig:[0.5:100.0%]
[INFO] ** type:[1.0:100.0%]
[INFO] ** i/f_name:[0.0:99.9996%,0.5:0.0004%]
[INFO] ** i/f_dir:[0.0:99.9996%,1.0:0.0004%]
[INFO] ** src:[0.0666666667:38.3832%,0.9333333333:25.9606%,0.6666666667:18.1352%,0.3333333333:17.52%,0.1333333333:0.0004%,1.0:0.0004%,0.5333333333:0.0002%]
[INFO] ** dst:[0.1764705882:43.3108%,0.9411764706:21.0326%,0.8823529412000001:18.135%,0.5294117647:17.5198%,0.0:0.0008%,0.2941176471:0.0004%,0.4117647059:0.0004%,0.23529411760000002:0.0002%]
[INFO] ** proto:[0.5:99.9996%,0.0:0.0004%]
[INFO] ** appi_name:[0.0:99.9992%,0.0384615385:0.0004%,0.5384615385:0.0002%,0.7307692308:0.0002%]
[INFO] ** proxy_src_ip:[0.6666666667:38.3832%,0.0:25.9606%,0.9333333333:18.1352%,0.4:17.52%,0.5333333333:0.0004%,0.7333333333:0.0004%,0.6:0.0002%]
[INFO] ** modbus_function_code:[0.9743589744:99.9992%,0.0:0.0008%]
[INFO] ** modbus_function_description:[0.2:50.0%,0.0:49.9992%,0.4:0.0008%]
[INFO] ** modbus_transaction_id:65536 (13.1072%)
[INFO] ** scada_tag:[1.0:25.9596%,0.6:21.0326%,0.8:18.1348%,0.0:17.5194%,0.4:17.3504%,0.2:0.0032%]
[INFO] ** service:[0.7025755984000001:99.9992%,0.0:0.0004%,0.0012540954:0.0002%,0.002116286:0.0002%]
[INFO] ** s_port:[0.834280824:25.96%,0.8139250565:21.0326%,0.8029830673999999:18.1348%,0.8149336757:17.5196%,0.8137722355:17.3506%,0.8343113882:0.0004%,0.0:0.0004%,0.8059172320999999:0.0002%,0.8030136315999999:0.0002%,0.8147502904:0.0002%,0.8030441959000001:0.0002%,0.814841983:0.0002%,0.9621003729000001:0.0002%,0.8345253376999999:0.0002%,0.7788831836:0.0002%]
[INFO] ** classification:[normal:72.7902%,Single Stage Single Point:27.2098%]
[INFO] columns with count within 2-10 {'i/f_name': 2, 'i/f_dir': 2, 'src': 7, 'dst': 8, 'proto': 2, 'appi_name': 4, 'proxy_src_ip': 7, 'modbus_function_code': 2, 'modbus_function_description': 3, 'scada_tag': 6, 'service': 4, 'classification': 2}
[INFO] processing batch 0-100000/500000
[33m[INFO] measuring accuracy...[0m
x_test.shape: (100000, 16)
y_eval [1 0 1 ... 0 1 0] (100000,)
[INFO] reshape for using LSTM layers
[33m[INFO] metrics:[0m
loss :  0.7661770181655884
tp :  53024.0
fp :  46976.0
tn :  353024.0
fn :  46976.0
accuracy :  0.8120962381362915
precision :  0.530239999294281
recall :  0.530239999294281
auc :  0.8825600147247314

y_eval {0: 53024, 1: 46976}
pred {0: 100000}
[INFO] confusion matrix for file 
[[53024     0     0     0     0]
 [46976     0     0     0     0]
 [    0     0     0     0     0]
 [    0     0     0     0     0]
 [    0     0     0     0     0]]
[INFO] confusion matrix after adding it to total:
[[53024     0     0     0     0]
 [46976     0     0     0     0]
 [    0     0     0     0     0]
 [    0     0     0     0     0]
 [    0     0     0     0     0]]
[INFO] processing batch 100000-200000/500000
[33m[INFO] measuring accuracy...[0m
x_test.shape: (100000, 16)
y_eval [0 1 0 ... 0 0 0] (100000,)
[INFO] reshape for using LSTM layers
[33m[INFO] metrics:[0m
loss :  0.4536867849826813
tp :  87619.0
fp :  12381.0
tn :  387619.0
fn :  12381.0
accuracy :  0.9504759907722473
precision :  0.8761900067329407
recall :  0.8761900067329407
auc :  0.969047486782074

y_eval {0: 87619, 1: 12381}
pred {0: 100000}
[INFO] confusion matrix for file 
[[87619     0     0     0     0]
 [12381     0     0     0     0]
 [    0     0     0     0     0]
 [    0     0     0     0     0]
 [    0     0     0     0     0]]
[INFO] confusion matrix after adding it to total:
[[140643      0      0      0      0]
 [ 59357      0      0      0      0]
 [     0      0      0      0      0]
 [     0      0      0      0      0]
 [     0      0      0      0      0]]
[INFO] processing batch 200000-300000/500000
[33m[INFO] measuring accuracy...[0m
x_test.shape: (100000, 16)
y_eval [0 0 0 ... 1 0 1] (100000,)
[INFO] reshape for using LSTM layers
[33m[INFO] metrics:[0m
loss :  0.4951835379600525
tp :  83025.0
fp :  16975.0
tn :  383025.0
fn :  16975.0
accuracy :  0.9320994019508362
precision :  0.8302500247955322
recall :  0.8302500247955322
auc :  0.9575625061988831

y_eval {0: 83025, 1: 16975}
pred {0: 100000}
[INFO] confusion matrix for file 
[[83025     0     0     0     0]
 [16975     0     0     0     0]
 [    0     0     0     0     0]
 [    0     0     0     0     0]
 [    0     0     0     0     0]]
[INFO] confusion matrix after adding it to total:
[[223668      0      0      0      0]
 [ 76332      0      0      0      0]
 [     0      0      0      0      0]
 [     0      0      0      0      0]
 [     0      0      0      0      0]]
[INFO] processing batch 300000-400000/500000
[33m[INFO] measuring accuracy...[0m
x_test.shape: (100000, 16)
y_eval [1 0 0 ... 1 1 0] (100000,)
[INFO] reshape for using LSTM layers
[33m[INFO] metrics:[0m
loss :  0.7670893327713013
tp :  52923.0
fp :  47077.0
tn :  352923.0
fn :  47077.0
accuracy :  0.8116917014122009
precision :  0.529229998588562
recall :  0.529229998588562
auc :  0.8823075294494629

y_eval {0: 52923, 1: 47077}
pred {0: 100000}
[INFO] confusion matrix for file 
[[52923     0     0     0     0]
 [47077     0     0     0     0]
 [    0     0     0     0     0]
 [    0     0     0     0     0]
 [    0     0     0     0     0]]
[INFO] confusion matrix after adding it to total:
[[276591      0      0      0      0]
 [123409      0      0      0      0]
 [     0      0      0      0      0]
 [     0      0      0      0      0]
 [     0      0      0      0      0]]
[INFO] processing batch 400000-500000/500000
[33m[INFO] measuring accuracy...[0m
x_test.shape: (100000, 16)
y_eval [0 0 1 ... 0 0 0] (100000,)
[INFO] reshape for using LSTM layers
[33m[INFO] metrics:[0m
loss :  0.4560262851238251
tp :  87360.0
fp :  12640.0
tn :  387360.0
fn :  12640.0
accuracy :  0.9494400024414062
precision :  0.8736000061035156
recall :  0.8736000061035156
auc :  0.9684000015258789

y_eval {0: 87360, 1: 12640}
pred {0: 100000}
[INFO] confusion matrix for file 
[[87360     0     0     0     0]
 [12640     0     0     0     0]
 [    0     0     0     0     0]
 [    0     0     0     0     0]
 [    0     0     0     0     0]]
[INFO] confusion matrix after adding it to total:
[[363951      0      0      0      0]
 [136049      0      0      0      0]
 [     0      0      0      0      0]
 [     0      0      0      0      0]
 [     0      0      0      0      0]]
--- 15.70972204208374 seconds ---
