Fatal Python error: init_sys_streams: can't initialize sys standard streams
Traceback (most recent call last):
  File "/usr/local/Cellar/python/3.7.6_1/Frameworks/Python.framework/Versions/3.7/lib/python3.7/encodings/latin_1.py", line 31, in <module>
    class StreamReader(Codec,codecs.StreamReader):
KeyboardInterrupt
./experiments/lstm-v6.sh: line 14: 60546 Abort trap: 6           python3 train.py -read "$1" -wrapLayerSize 16 -dropoutLayer false -relu true -coreLayerSize 64 -numCoreLayers 1 -optimizer adam -epoch 3  -features 16 -lstm true -drop modbus_value
Fatal Python error: initsite: Failed to import the site module
Traceback (most recent call last):
  File "/usr/local/Cellar/python/3.7.6_1/Frameworks/Python.framework/Versions/3.7/lib/python3.7/site.py", line 579, in <module>
    main()
  File "/usr/local/Cellar/python/3.7.6_1/Frameworks/Python.framework/Versions/3.7/lib/python3.7/site.py", line 566, in main
    known_paths = addsitepackages(known_paths)
  File "/usr/local/Cellar/python/3.7.6_1/Frameworks/Python.framework/Versions/3.7/lib/python3.7/site.py", line 349, in addsitepackages
    addsitedir(sitedir, known_paths)
  File "/usr/local/Cellar/python/3.7.6_1/Frameworks/Python.framework/Versions/3.7/lib/python3.7/site.py", line 207, in addsitedir
    addpackage(sitedir, name, known_paths)
  File "/usr/local/Cellar/python/3.7.6_1/Frameworks/Python.framework/Versions/3.7/lib/python3.7/site.py", line 168, in addpackage
    exec(line)
  File "<string>", line 1, in <module>
  File "/usr/local/Cellar/python/3.7.6_1/Frameworks/Python.framework/Versions/3.7/lib/python3.7/importlib/util.py", line 14, in <module>
    from contextlib import contextmanager
  File "/usr/local/Cellar/python/3.7.6_1/Frameworks/Python.framework/Versions/3.7/lib/python3.7/contextlib.py", line 5, in <module>
    from collections import deque
  File "/usr/local/Cellar/python/3.7.6_1/Frameworks/Python.framework/Versions/3.7/lib/python3.7/collections/__init__.py", line 27, in <module>
    from reprlib import recursive_repr as _recursive_repr
  File "/usr/local/Cellar/python/3.7.6_1/Frameworks/Python.framework/Versions/3.7/lib/python3.7/reprlib.py", line 7, in <module>
    from _thread import get_ident
KeyboardInterrupt
