Traceback (most recent call last):
  File "train.py", line 11, in <module>
    import pandas as pd
  File "/usr/local/lib/python3.6/dist-packages/pandas/__init__.py", line 11, in <module>
    __import__(dependency)
  File "/usr/local/lib/python3.6/dist-packages/numpy/__init__.py", line 142, in <module>
    from . import core
  File "/usr/local/lib/python3.6/dist-packages/numpy/core/__init__.py", line 82, in <module>
    from . import defchararray as char
  File "/usr/local/lib/python3.6/dist-packages/numpy/core/defchararray.py", line 214, in <module>
    @array_function_dispatch(_binary_op_dispatcher)
  File "/usr/local/lib/python3.6/dist-packages/numpy/core/overrides.py", line 168, in decorator
    verify_matching_signatures(implementation, dispatcher)
  File "/usr/local/lib/python3.6/dist-packages/numpy/core/overrides.py", line 75, in verify_matching_signatures
    dispatcher_spec = ArgSpec(*getargspec(dispatcher))
  File "/usr/local/lib/python3.6/dist-packages/numpy/compat/_inspect.py", line 112, in getargspec
    args, varargs, varkw = getargs(func.__code__)
  File "/usr/local/lib/python3.6/dist-packages/numpy/compat/_inspect.py", line 87, in getargs
    if args[i][:1] in ['', '.']:
KeyboardInterrupt
Traceback (most recent call last):
  File "score.py", line 10, in <module>
    import argparse
  File "/usr/lib/python3.6/argparse.py", line 94, in <module>
    from gettext import gettext as _, ngettext
  File "/usr/lib/python3.6/gettext.py", line 49, in <module>
    import locale, copy, io, os, re, struct, sys
  File "<frozen importlib._bootstrap>", line 971, in _find_and_load
  File "<frozen importlib._bootstrap>", line 955, in _find_and_load_unlocked
  File "<frozen importlib._bootstrap>", line 665, in _load_unlocked
  File "<frozen importlib._bootstrap_external>", line 674, in exec_module
  File "<frozen importlib._bootstrap_external>", line 779, in get_code
  File "<frozen importlib._bootstrap_external>", line 487, in _compile_bytecode
KeyboardInterrupt
