Traceback (most recent call last):
  File "train.py", line 11, in <module>
    import pandas as pd
  File "/usr/local/lib/python3.6/dist-packages/pandas/__init__.py", line 11, in <module>
    __import__(dependency)
  File "/usr/local/lib/python3.6/dist-packages/numpy/__init__.py", line 142, in <module>
    from . import core
  File "/usr/local/lib/python3.6/dist-packages/numpy/core/__init__.py", line 24, in <module>
    from . import multiarray
  File "/usr/local/lib/python3.6/dist-packages/numpy/core/multiarray.py", line 14, in <module>
    from . import overrides
  File "/usr/local/lib/python3.6/dist-packages/numpy/core/overrides.py", line 69, in <module>
    ArgSpec = collections.namedtuple('ArgSpec', 'args varargs keywords defaults')
  File "/usr/lib/python3.6/collections/__init__.py", line 429, in namedtuple
    exec(class_definition, namespace)
  File "<string>", line 5, in <module>
KeyboardInterrupt
Traceback (most recent call last):
  File "score.py", line 11, in <module>
    import pandas as pd
  File "/usr/local/lib/python3.6/dist-packages/pandas/__init__.py", line 11, in <module>
    __import__(dependency)
  File "/usr/local/lib/python3.6/dist-packages/numpy/__init__.py", line 142, in <module>
    from . import core
  File "/usr/local/lib/python3.6/dist-packages/numpy/core/__init__.py", line 24, in <module>
    from . import multiarray
  File "/usr/local/lib/python3.6/dist-packages/numpy/core/multiarray.py", line 14, in <module>
    from . import overrides
  File "/usr/local/lib/python3.6/dist-packages/numpy/core/overrides.py", line 69, in <module>
    ArgSpec = collections.namedtuple('ArgSpec', 'args varargs keywords defaults')
  File "/usr/lib/python3.6/collections/__init__.py", line 429, in namedtuple
    exec(class_definition, namespace)
  File "<string>", line 1, in <module>
KeyboardInterrupt
