Traceback (most recent call last):
  File "train.py", line 11, in <module>
    import pandas as pd
  File "/usr/local/lib/python3.6/dist-packages/pandas/__init__.py", line 11, in <module>
    __import__(dependency)
  File "/usr/local/lib/python3.6/dist-packages/numpy/__init__.py", line 142, in <module>
    from . import core
  File "/usr/local/lib/python3.6/dist-packages/numpy/core/__init__.py", line 24, in <module>
    from . import multiarray
  File "/usr/local/lib/python3.6/dist-packages/numpy/core/multiarray.py", line 14, in <module>
    from . import overrides
  File "/usr/local/lib/python3.6/dist-packages/numpy/core/overrides.py", line 9, in <module>
    from numpy.compat._inspect import getargspec
  File "/usr/local/lib/python3.6/dist-packages/numpy/compat/__init__.py", line 14, in <module>
    from . import py3k
  File "/usr/local/lib/python3.6/dist-packages/numpy/compat/py3k.py", line 22, in <module>
    from pathlib import Path, PurePath
  File "/usr/lib/python3.6/pathlib.py", line 14, in <module>
    from urllib.parse import quote_from_bytes as urlquote_from_bytes
  File "/usr/lib/python3.6/urllib/parse.py", line 237, in <module>
    _DefragResultBase = namedtuple('DefragResult', 'url fragment')
  File "/usr/lib/python3.6/collections/__init__.py", line 429, in namedtuple
    exec(class_definition, namespace)
  File "<string>", line 1, in <module>
KeyboardInterrupt
Traceback (most recent call last):
  File "score.py", line 11, in <module>
    import pandas as pd
  File "/usr/local/lib/python3.6/dist-packages/pandas/__init__.py", line 11, in <module>
    __import__(dependency)
  File "/usr/local/lib/python3.6/dist-packages/numpy/__init__.py", line 142, in <module>
    from . import core
  File "/usr/local/lib/python3.6/dist-packages/numpy/core/__init__.py", line 78, in <module>
    from . import numeric
  File "/usr/local/lib/python3.6/dist-packages/numpy/core/numeric.py", line 29, in <module>
    from . import shape_base
  File "/usr/local/lib/python3.6/dist-packages/numpy/core/shape_base.py", line 14, in <module>
    from . import fromnumeric as _from_nx
  File "/usr/local/lib/python3.6/dist-packages/numpy/core/fromnumeric.py", line 553, in <module>
    @array_function_dispatch(_swapaxes_dispatcher)
  File "/usr/local/lib/python3.6/dist-packages/numpy/core/overrides.py", line 181, in decorator
    source, filename='<__array_function__ internals>', mode='exec')
KeyboardInterrupt
