2020-02-09 10:10:29.545102: W tensorflow/stream_executor/platform/default/dso_loader.cc:55] Could not load dynamic library 'libnvinfer.so.6'; dlerror: libnvinfer.so.6: cannot open shared object file: No such file or directory
2020-02-09 10:10:29.545155: W tensorflow/stream_executor/platform/default/dso_loader.cc:55] Could not load dynamic library 'libnvinfer_plugin.so.6'; dlerror: libnvinfer_plugin.so.6: cannot open shared object file: No such file or directory
2020-02-09 10:10:29.545161: W tensorflow/compiler/tf2tensorrt/utils/py_utils.cc:30] Cannot dlopen some TensorRT libraries. If you would like to use Nvidia GPU with TensorRT, please make sure the missing libraries mentioned above are installed properly.
2020-02-09 10:10:30.036736: W tensorflow/stream_executor/platform/default/dso_loader.cc:55] Could not load dynamic library 'libcuda.so.1'; dlerror: libcuda.so.1: cannot open shared object file: No such file or directory
2020-02-09 10:10:30.036757: E tensorflow/stream_executor/cuda/cuda_driver.cc:351] failed call to cuInit: UNKNOWN ERROR (303)
2020-02-09 10:10:30.036771: I tensorflow/stream_executor/cuda/cuda_diagnostics.cc:156] kernel driver does not appear to be running on this host (brussels): /proc/driver/nvidia/version does not exist
2020-02-09 10:10:30.036876: I tensorflow/core/platform/cpu_feature_guard.cc:142] Your CPU supports instructions that this TensorFlow binary was not compiled to use: AVX2 FMA
2020-02-09 10:10:30.061788: I tensorflow/core/platform/profile_utils/cpu_utils.cc:94] CPU Frequency: 3312000000 Hz
2020-02-09 10:10:30.061980: I tensorflow/compiler/xla/service/service.cc:168] XLA service 0x507a7d0 initialized for platform Host (this does not guarantee that XLA will be used). Devices:
2020-02-09 10:10:30.061991: I tensorflow/compiler/xla/service/service.cc:176]   StreamExecutor device (0): Host, Default Version
Using TensorFlow backend.
WARNING:tensorflow:Large dropout rate: 0.8 (>0.5). In TensorFlow 2.x, dropout() uses dropout rate instead of keep_prob. Please ensure that this is intended.
2020-02-09 10:10:33.874838: E tensorflow/core/grappler/optimizers/meta_optimizer.cc:561] remapper failed: Invalid argument: MutableGraphView::MutableGraphView error: node 'loss/dense_2_loss/categorical_crossentropy/weighted_loss/concat' has self cycle fanin 'loss/dense_2_loss/categorical_crossentropy/weighted_loss/concat'.
2020-02-09 10:10:33.889451: E tensorflow/core/grappler/optimizers/dependency_optimizer.cc:717] Iteration = 0, topological sort failed with message: The graph couldn't be sorted in topological order.
2020-02-09 10:10:33.895783: E tensorflow/core/grappler/optimizers/dependency_optimizer.cc:717] Iteration = 1, topological sort failed with message: The graph couldn't be sorted in topological order.
2020-02-09 10:10:33.948256: E tensorflow/core/grappler/optimizers/meta_optimizer.cc:561] arithmetic_optimizer failed: Invalid argument: The graph couldn't be sorted in topological order.
2020-02-09 10:10:33.951371: E tensorflow/core/grappler/optimizers/meta_optimizer.cc:561] remapper failed: Invalid argument: MutableGraphView::MutableGraphView error: node 'loss/dense_2_loss/categorical_crossentropy/weighted_loss/concat' has self cycle fanin 'loss/dense_2_loss/categorical_crossentropy/weighted_loss/concat'.
2020-02-09 10:10:33.955945: E tensorflow/core/grappler/optimizers/dependency_optimizer.cc:717] Iteration = 0, topological sort failed with message: The graph couldn't be sorted in topological order.
2020-02-09 10:10:33.960443: E tensorflow/core/grappler/optimizers/dependency_optimizer.cc:717] Iteration = 1, topological sort failed with message: The graph couldn't be sorted in topological order.
2020-02-09 10:10:33.972739: W tensorflow/core/common_runtime/process_function_library_runtime.cc:697] Ignoring multi-device function optimization failure: Invalid argument: The graph couldn't be sorted in topological order.
2020-02-09 10:10:38.315343: E tensorflow/core/grappler/optimizers/meta_optimizer.cc:561] remapper failed: Invalid argument: MutableGraphView::MutableGraphView error: node 'loss/dense_2_loss/categorical_crossentropy/weighted_loss/concat' has self cycle fanin 'loss/dense_2_loss/categorical_crossentropy/weighted_loss/concat'.
2020-02-09 10:10:38.319000: E tensorflow/core/grappler/optimizers/dependency_optimizer.cc:717] Iteration = 0, topological sort failed with message: The graph couldn't be sorted in topological order.
2020-02-09 10:10:38.320717: E tensorflow/core/grappler/optimizers/dependency_optimizer.cc:717] Iteration = 1, topological sort failed with message: The graph couldn't be sorted in topological order.
2020-02-09 10:10:38.333309: E tensorflow/core/grappler/optimizers/meta_optimizer.cc:561] arithmetic_optimizer failed: Invalid argument: The graph couldn't be sorted in topological order.
2020-02-09 10:10:38.334138: E tensorflow/core/grappler/optimizers/meta_optimizer.cc:561] remapper failed: Invalid argument: MutableGraphView::MutableGraphView error: node 'loss/dense_2_loss/categorical_crossentropy/weighted_loss/concat' has self cycle fanin 'loss/dense_2_loss/categorical_crossentropy/weighted_loss/concat'.
2020-02-09 10:10:38.335365: E tensorflow/core/grappler/optimizers/dependency_optimizer.cc:717] Iteration = 0, topological sort failed with message: The graph couldn't be sorted in topological order.
2020-02-09 10:10:38.336605: E tensorflow/core/grappler/optimizers/dependency_optimizer.cc:717] Iteration = 1, topological sort failed with message: The graph couldn't be sorted in topological order.
2020-02-09 10:10:38.340843: W tensorflow/core/common_runtime/process_function_library_runtime.cc:697] Ignoring multi-device function optimization failure: Invalid argument: The graph couldn't be sorted in topological order.
=================================================
        TRAINING v0.4.4 (multi-class)
=================================================
Date: 2020-02-09 10:10:30.033356
MULTI-CLASS num classes: 5
------------DNN info-------------
wrapLayerSize 8
coreLayerSize 32
numCoreLayers 1
outputLayerActivation softmax
output_dim 5
loss categorical_crossentropy
optimizer adam
------------DNN info-------------
[INFO] input_shape (128, 107)
[INFO] LSTM first and last layer neurons: 8
[INFO] adding core layer 0
[INFO] created DNN
[33m[INFO] epoch 1/3[0m
[33m[INFO] loading file 1-50/1 on epoch 1/3[0m
[INFO] reading file data/SWaT2015-Attack-Files-v0.4.3-minmax-text/train/2015-12-28_113021_98.log.part12_sorted-labeled.csv
[INFO] concatenate the files
[INFO] process dataset, shape: (500000, 18)
[INFO] sampling 1.0
[33mdropping column: modbus_value[0m
[33mencode_text_dummy orig[0m
[33mencode_text_dummy type[0m
[33mencode_text_dummy i/f_name[0m
[33mencode_text_dummy i/f_dir[0m
[33mencode_text_dummy src[0m
[33mencode_text_dummy dst[0m
[33mencode_text_dummy proto[0m
[33mencode_text_dummy appi_name[0m
[33mencode_text_dummy proxy_src_ip[0m
[33mencode_text_dummy modbus_function_description[0m
[33mencode_text_dummy scada_tag[0m
adding missing-0
adding missing-1
adding missing-2
adding missing-3
adding missing-4
adding missing-5
adding missing-6
adding missing-7
adding missing-8
adding missing-9
adding missing-10
adding missing-11
adding missing-12
adding missing-13
adding missing-14
adding missing-15
adding missing-16
adding missing-17
adding missing-18
adding missing-19
adding missing-20
adding missing-21
adding missing-22
adding missing-23
adding missing-24
len(df.columns) 108
numFeatures 107
[INFO] columns: Index(['unixtime', 'modbus_function_code', 'modbus_transaction_id', 'service',
       's_port', 'classification', 'orig-192.168.1.48', 'type-alert',
       'type-log', 'i/f_name-0',
       ...
       'missing-15', 'missing-16', 'missing-17', 'missing-18', 'missing-19',
       'missing-20', 'missing-21', 'missing-22', 'missing-23', 'missing-24'],
      dtype='object', length=108)
[INFO] processing batch 0-256000/500000
[INFO] breaking into predictors and prediction...
[INFO] creating train/test split: 0.25
[INFO] using LSTM layers
[INFO] fitting model
Train on 1500 samples, validate on 500 samples
Epoch 1/1
 - 6s - loss: 1.3458 - tp: 23326.0000 - fp: 0.0000e+00 - tn: 768000.0000 - fn: 168674.0000 - accuracy: 0.8243 - precision: 1.0000 - recall: 0.1215 - auc: 0.9708 - val_loss: 0.8144 - val_tp: 29803.0000 - val_fp: 0.0000e+00 - val_tn: 256000.0000 - val_fn: 34197.0000 - val_accuracy: 0.8931 - val_precision: 1.0000 - val_recall: 0.4657 - val_auc: 1.0000
[INFO] saving weights to checkpoints/lstm-epoch-001-files-0-50-batch-0-256000
[INFO] processing batch 256000-512000/500000
[33m[LOSS] 0.8143649015426636[0m
[33m[INFO] epoch 2/3[0m
[33m[INFO] loading file 1-50/1 on epoch 2/3[0m
[INFO] reading file data/SWaT2015-Attack-Files-v0.4.3-minmax-text/train/2015-12-28_113021_98.log.part12_sorted-labeled.csv
[INFO] concatenate the files
[INFO] process dataset, shape: (500000, 18)
[INFO] sampling 1.0
[33mdropping column: modbus_value[0m
[33mencode_text_dummy orig[0m
[33mencode_text_dummy type[0m
[33mencode_text_dummy i/f_name[0m
[33mencode_text_dummy i/f_dir[0m
[33mencode_text_dummy src[0m
[33mencode_text_dummy dst[0m
[33mencode_text_dummy proto[0m
[33mencode_text_dummy appi_name[0m
[33mencode_text_dummy proxy_src_ip[0m
[33mencode_text_dummy modbus_function_description[0m
[33mencode_text_dummy scada_tag[0m
adding missing-0
adding missing-1
adding missing-2
adding missing-3
adding missing-4
adding missing-5
adding missing-6
adding missing-7
adding missing-8
adding missing-9
adding missing-10
adding missing-11
adding missing-12
adding missing-13
adding missing-14
adding missing-15
adding missing-16
adding missing-17
adding missing-18
adding missing-19
adding missing-20
adding missing-21
adding missing-22
adding missing-23
adding missing-24
len(df.columns) 108
numFeatures 107
[INFO] columns: Index(['unixtime', 'modbus_function_code', 'modbus_transaction_id', 'service',
       's_port', 'classification', 'orig-192.168.1.48', 'type-alert',
       'type-log', 'i/f_name-0',
       ...
       'missing-15', 'missing-16', 'missing-17', 'missing-18', 'missing-19',
       'missing-20', 'missing-21', 'missing-22', 'missing-23', 'missing-24'],
      dtype='object', length=108)
[INFO] processing batch 0-256000/500000
[INFO] breaking into predictors and prediction...
[INFO] creating train/test split: 0.25
[INFO] using LSTM layers
[INFO] fitting model
Train on 1500 samples, validate on 500 samples
Epoch 1/1
 - 5s - loss: 0.9831 - tp: 63650.0000 - fp: 0.0000e+00 - tn: 768000.0000 - fn: 128350.0000 - accuracy: 0.8663 - precision: 1.0000 - recall: 0.3315 - auc: 1.0000 - val_loss: 0.4557 - val_tp: 48721.0000 - val_fp: 0.0000e+00 - val_tn: 256000.0000 - val_fn: 15279.0000 - val_accuracy: 0.9523 - val_precision: 1.0000 - val_recall: 0.7613 - val_auc: 1.0000
[INFO] saving weights to checkpoints/lstm-epoch-002-files-0-50-batch-0-256000
[INFO] processing batch 256000-512000/500000
[33m[LOSS] 0.45566052007675173[0m
[33m[INFO] epoch 3/3[0m
[33m[INFO] loading file 1-50/1 on epoch 3/3[0m
[INFO] reading file data/SWaT2015-Attack-Files-v0.4.3-minmax-text/train/2015-12-28_113021_98.log.part12_sorted-labeled.csv
[INFO] concatenate the files
[INFO] process dataset, shape: (500000, 18)
[INFO] sampling 1.0
[33mdropping column: modbus_value[0m
[33mencode_text_dummy orig[0m
[33mencode_text_dummy type[0m
[33mencode_text_dummy i/f_name[0m
[33mencode_text_dummy i/f_dir[0m
[33mencode_text_dummy src[0m
[33mencode_text_dummy dst[0m
[33mencode_text_dummy proto[0m
[33mencode_text_dummy appi_name[0m
[33mencode_text_dummy proxy_src_ip[0m
[33mencode_text_dummy modbus_function_description[0m
[33mencode_text_dummy scada_tag[0m
adding missing-0
adding missing-1
adding missing-2
adding missing-3
adding missing-4
adding missing-5
adding missing-6
adding missing-7
adding missing-8
adding missing-9
adding missing-10
adding missing-11
adding missing-12
adding missing-13
adding missing-14
adding missing-15
adding missing-16
adding missing-17
adding missing-18
adding missing-19
adding missing-20
adding missing-21
adding missing-22
adding missing-23
adding missing-24
len(df.columns) 108
numFeatures 107
[INFO] columns: Index(['unixtime', 'modbus_function_code', 'modbus_transaction_id', 'service',
       's_port', 'classification', 'orig-192.168.1.48', 'type-alert',
       'type-log', 'i/f_name-0',
       ...
       'missing-15', 'missing-16', 'missing-17', 'missing-18', 'missing-19',
       'missing-20', 'missing-21', 'missing-22', 'missing-23', 'missing-24'],
      dtype='object', length=108)
[INFO] processing batch 0-256000/500000
[INFO] breaking into predictors and prediction...
[INFO] creating train/test split: 0.25
[INFO] using LSTM layers
[INFO] fitting model
Train on 1500 samples, validate on 500 samples
Epoch 1/1
 - 5s - loss: 0.8486 - tp: 79051.0000 - fp: 0.0000e+00 - tn: 768000.0000 - fn: 112949.0000 - accuracy: 0.8823 - precision: 1.0000 - recall: 0.4117 - auc: 1.0000 - val_loss: 0.1613 - val_tp: 57246.0000 - val_fp: 0.0000e+00 - val_tn: 256000.0000 - val_fn: 6754.0000 - val_accuracy: 0.9789 - val_precision: 1.0000 - val_recall: 0.8945 - val_auc: 1.0000
[INFO] saving weights to checkpoints/lstm-epoch-003-files-0-50-batch-0-256000
[INFO] processing batch 256000-512000/500000
[33m[LOSS] 0.16128590393066405[0m
[CHECKING EARLY STOP]: currentLoss < min_delta ? => 0.16128590393066405  <  0.001
--- 22.28193211555481 seconds ---
2020-02-09 10:10:53.210473: W tensorflow/stream_executor/platform/default/dso_loader.cc:55] Could not load dynamic library 'libnvinfer.so.6'; dlerror: libnvinfer.so.6: cannot open shared object file: No such file or directory
2020-02-09 10:10:53.210519: W tensorflow/stream_executor/platform/default/dso_loader.cc:55] Could not load dynamic library 'libnvinfer_plugin.so.6'; dlerror: libnvinfer_plugin.so.6: cannot open shared object file: No such file or directory
2020-02-09 10:10:53.210524: W tensorflow/compiler/tf2tensorrt/utils/py_utils.cc:30] Cannot dlopen some TensorRT libraries. If you would like to use Nvidia GPU with TensorRT, please make sure the missing libraries mentioned above are installed properly.
2020-02-09 10:10:53.701648: W tensorflow/stream_executor/platform/default/dso_loader.cc:55] Could not load dynamic library 'libcuda.so.1'; dlerror: libcuda.so.1: cannot open shared object file: No such file or directory
2020-02-09 10:10:53.701693: E tensorflow/stream_executor/cuda/cuda_driver.cc:351] failed call to cuInit: UNKNOWN ERROR (303)
2020-02-09 10:10:53.701707: I tensorflow/stream_executor/cuda/cuda_diagnostics.cc:156] kernel driver does not appear to be running on this host (brussels): /proc/driver/nvidia/version does not exist
2020-02-09 10:10:53.701810: I tensorflow/core/platform/cpu_feature_guard.cc:142] Your CPU supports instructions that this TensorFlow binary was not compiled to use: AVX2 FMA
2020-02-09 10:10:53.725927: I tensorflow/core/platform/profile_utils/cpu_utils.cc:94] CPU Frequency: 3312000000 Hz
2020-02-09 10:10:53.726322: I tensorflow/compiler/xla/service/service.cc:168] XLA service 0x432ae10 initialized for platform Host (this does not guarantee that XLA will be used). Devices:
2020-02-09 10:10:53.726359: I tensorflow/compiler/xla/service/service.cc:176]   StreamExecutor device (0): Host, Default Version
Using TensorFlow backend.
WARNING:tensorflow:Large dropout rate: 0.8 (>0.5). In TensorFlow 2.x, dropout() uses dropout rate instead of keep_prob. Please ensure that this is intended.
2020-02-09 10:10:57.976469: E tensorflow/core/grappler/optimizers/meta_optimizer.cc:561] remapper failed: Invalid argument: MutableGraphView::MutableGraphView error: node 'loss/dense_2_loss/categorical_crossentropy/weighted_loss/concat' has self cycle fanin 'loss/dense_2_loss/categorical_crossentropy/weighted_loss/concat'.
2020-02-09 10:10:57.979785: E tensorflow/core/grappler/optimizers/dependency_optimizer.cc:717] Iteration = 0, topological sort failed with message: The graph couldn't be sorted in topological order.
2020-02-09 10:10:57.981337: E tensorflow/core/grappler/optimizers/dependency_optimizer.cc:717] Iteration = 1, topological sort failed with message: The graph couldn't be sorted in topological order.
2020-02-09 10:10:57.992888: E tensorflow/core/grappler/optimizers/meta_optimizer.cc:561] arithmetic_optimizer failed: Invalid argument: The graph couldn't be sorted in topological order.
2020-02-09 10:10:57.993632: E tensorflow/core/grappler/optimizers/meta_optimizer.cc:561] remapper failed: Invalid argument: MutableGraphView::MutableGraphView error: node 'loss/dense_2_loss/categorical_crossentropy/weighted_loss/concat' has self cycle fanin 'loss/dense_2_loss/categorical_crossentropy/weighted_loss/concat'.
2020-02-09 10:10:57.994750: E tensorflow/core/grappler/optimizers/dependency_optimizer.cc:717] Iteration = 0, topological sort failed with message: The graph couldn't be sorted in topological order.
2020-02-09 10:10:57.995863: E tensorflow/core/grappler/optimizers/dependency_optimizer.cc:717] Iteration = 1, topological sort failed with message: The graph couldn't be sorted in topological order.
2020-02-09 10:10:57.998636: W tensorflow/core/common_runtime/process_function_library_runtime.cc:697] Ignoring multi-device function optimization failure: Invalid argument: The graph couldn't be sorted in topological order.
=================================================
        SCORING v0.4.4 (multi-class)
=================================================
Date: 2020-02-09 10:10:53.698342
MULTI-CLASS num classes: 5
------------DNN info-------------
wrapLayerSize 8
coreLayerSize 32
numCoreLayers 1
outputLayerActivation softmax
output_dim 5
loss categorical_crossentropy
optimizer adam
------------DNN info-------------
[INFO] input_shape (128, 107)
[INFO] LSTM first and last layer neurons: 8
[INFO] adding core layer 0
[INFO] created DNN
loading weights: checkpoints/*
loading file checkpoints/lstm-epoch-003-files-0-50-batch-0-256000
[33m[INFO] model summary:[0m
Model: "sequential_1"
_________________________________________________________________
Layer (type)                 Output Shape              Param #   
=================================================================
lstm_1 (LSTM)                (None, 128, 8)            3712      
_________________________________________________________________
dropout_1 (Dropout)          (None, 128, 8)            0         
_________________________________________________________________
lstm_2 (LSTM)                (None, 128, 32)           5248      
_________________________________________________________________
dropout_2 (Dropout)          (None, 128, 32)           0         
_________________________________________________________________
lstm_3 (LSTM)                (None, 128, 8)            1312      
_________________________________________________________________
dropout_3 (Dropout)          (None, 128, 8)            0         
_________________________________________________________________
dense_1 (Dense)              (None, 128, 1)            9         
_________________________________________________________________
dropout_4 (Dropout)          (None, 128, 1)            0         
_________________________________________________________________
dense_2 (Dense)              (None, 128, 5)            10        
=================================================================
Total params: 10,291
Trainable params: 10,291
Non-trainable params: 0
_________________________________________________________________
[INFO] reading file data/SWaT2015-Attack-Files-v0.4.3-minmax-text/train/2015-12-28_113021_98.log.part13_sorted-labeled.csv
[INFO] concatenate the files
[INFO] process dataset, shape: (500000, 18)
[33mdropping column: modbus_value[0m
[INFO] columns: Index(['unixtime', 'orig', 'type', 'i/f_name', 'i/f_dir', 'src', 'dst',
       'proto', 'appi_name', 'proxy_src_ip', 'modbus_function_code',
       'modbus_function_description', 'modbus_transaction_id', 'scada_tag',
       'service', 's_port', 'classification'],
      dtype='object')
[INFO] analyze dataset: (500000, 17)

[INFO] analyzing data
[INFO] 500000 rows
[INFO] ** unixtime:1359 (0.2718%)
[INFO] ** orig:[192.168.1.48:100.0%]
[INFO] ** type:[log:100.0%]
[INFO] ** i/f_name:[eth1:99.9996%,0:0.0004%]
[INFO] ** i/f_dir:[outbound:99.9996%,inbound:0.0004%]
[INFO] ** src:[192.168.1.60:38.3832%,192.168.1.10:25.9606%,192.168.1.30:18.1352%,192.168.1.20:17.52%,192.168.1.201:0.0004%,0:0.0004%,192.168.1.40:0.0002%]
[INFO] ** dst:[192.168.1.20:43.3108%,192.168.1.10:21.0326%,192.168.1.40:18.135%,192.168.1.30:17.5198%,192.168.1.50:0.0008%,192.168.1.88:0.0004%,0:0.0004%,192.168.1.60:0.0002%]
[INFO] ** proto:[tcp:99.9996%,0:0.0004%]
[INFO] ** appi_name:[CIP_read_tag_service:99.9992%,0:0.0004%,Web Browsing:0.0002%,DCE-RPC Protocol:0.0002%]
[INFO] ** proxy_src_ip:[192.168.1.60:38.3832%,192.168.1.10:25.9606%,192.168.1.30:18.1352%,192.168.1.20:17.52%,192.168.1.201:0.0004%,0:0.0004%,192.168.1.40:0.0002%]
[INFO] ** modbus_function_code:[0.9743589744:99.9992%,0.0:0.0008%]
[INFO] ** modbus_function_description:[Read Tag Service - Response:50.0%,Read Tag Service:49.9992%,0:0.0008%]
[INFO] ** modbus_transaction_id:65536 (13.1072%)
[INFO] ** scada_tag:[HMI_FIT201:25.9596%,HMI_LIT101:21.0326%,HMI_LIT401:18.1348%,HMI_LIT301:17.5194%,HMI_AIT202:17.3504%,0:0.0032%]
[INFO] ** service:[0.7025755984000001:99.9992%,0.0:0.0004%,0.0012540954:0.0002%,0.002116286:0.0002%]
[INFO] ** s_port:[0.834280824:25.96%,0.8139250565:21.0326%,0.8029830673999999:18.1348%,0.8149336757:17.5196%,0.8137722355:17.3506%,0.8343113882:0.0004%,0.0:0.0004%,0.8059172320999999:0.0002%,0.8030136315999999:0.0002%,0.8147502904:0.0002%,0.8030441959000001:0.0002%,0.814841983:0.0002%,0.9621003729000001:0.0002%,0.8345253376999999:0.0002%,0.7788831836:0.0002%]
[INFO] ** classification:[normal:72.7902%,Single Stage Single Point:27.2098%]
[INFO] columns with count within 2-10 {'i/f_name': 2, 'i/f_dir': 2, 'src': 7, 'dst': 8, 'proto': 2, 'appi_name': 4, 'proxy_src_ip': 7, 'modbus_function_code': 2, 'modbus_function_description': 3, 'scada_tag': 6, 'service': 4, 'classification': 2}
[33mencode_text_dummy orig[0m
[33mencode_text_dummy type[0m
[33mencode_text_dummy i/f_name[0m
[33mencode_text_dummy i/f_dir[0m
[33mencode_text_dummy src[0m
[33mencode_text_dummy dst[0m
[33mencode_text_dummy proto[0m
[33mencode_text_dummy appi_name[0m
[33mencode_text_dummy proxy_src_ip[0m
[33mencode_text_dummy modbus_function_description[0m
[33mencode_text_dummy scada_tag[0m
adding missing-0
adding missing-1
adding missing-2
adding missing-3
adding missing-4
adding missing-5
adding missing-6
adding missing-7
adding missing-8
adding missing-9
adding missing-10
adding missing-11
adding missing-12
adding missing-13
adding missing-14
adding missing-15
adding missing-16
adding missing-17
adding missing-18
adding missing-19
adding missing-20
adding missing-21
adding missing-22
adding missing-23
adding missing-24
adding missing-25
adding missing-26
adding missing-27
adding missing-28
adding missing-29
adding missing-30
adding missing-31
adding missing-32
adding missing-33
adding missing-34
adding missing-35
adding missing-36
adding missing-37
adding missing-38
adding missing-39
adding missing-40
adding missing-41
adding missing-42
adding missing-43
adding missing-44
adding missing-45
adding missing-46
adding missing-47
adding missing-48
adding missing-49
adding missing-50
adding missing-51
adding missing-52
adding missing-53
adding missing-54
adding missing-55
adding missing-56
adding missing-57
adding missing-58
len(df.columns) 108
numFeatures 107
[INFO] processing batch 0-256000/500000
[33m[INFO] measuring accuracy...[0m
x_test.shape: (256000, 107)
y_eval [1 0 1 ... 0 0 0] (256000,)
[INFO] reshape for using LSTM layers
[33m[INFO] metrics:[0m
loss :  3.1176933249235153
tp :  179283.0
fp :  54120.0
tn :  969880.0
fn :  76717.0
accuracy :  0.8977841138839722
precision :  0.768126368522644
recall :  0.7003242373466492
auc :  0.8577930927276611

y_eval {0: 196643, 1: 59357}
pred {0: 256000}
[INFO] confusion matrix for file 
[[196643      0      0      0      0]
 [ 59357      0      0      0      0]
 [     0      0      0      0      0]
 [     0      0      0      0      0]
 [     0      0      0      0      0]]
[INFO] confusion matrix after adding it to total:
[[196643      0      0      0      0]
 [ 59357      0      0      0      0]
 [     0      0      0      0      0]
 [     0      0      0      0      0]
 [     0      0      0      0      0]]
--- 6.754120111465454 seconds ---
