2020-02-09 12:25:30.657275: W tensorflow/stream_executor/platform/default/dso_loader.cc:55] Could not load dynamic library 'libnvinfer.so.6'; dlerror: libnvinfer.so.6: cannot open shared object file: No such file or directory
2020-02-09 12:25:30.657327: W tensorflow/stream_executor/platform/default/dso_loader.cc:55] Could not load dynamic library 'libnvinfer_plugin.so.6'; dlerror: libnvinfer_plugin.so.6: cannot open shared object file: No such file or directory
2020-02-09 12:25:30.657333: W tensorflow/compiler/tf2tensorrt/utils/py_utils.cc:30] Cannot dlopen some TensorRT libraries. If you would like to use Nvidia GPU with TensorRT, please make sure the missing libraries mentioned above are installed properly.
2020-02-09 12:25:31.145069: W tensorflow/stream_executor/platform/default/dso_loader.cc:55] Could not load dynamic library 'libcuda.so.1'; dlerror: libcuda.so.1: cannot open shared object file: No such file or directory
2020-02-09 12:25:31.145088: E tensorflow/stream_executor/cuda/cuda_driver.cc:351] failed call to cuInit: UNKNOWN ERROR (303)
2020-02-09 12:25:31.145103: I tensorflow/stream_executor/cuda/cuda_diagnostics.cc:156] kernel driver does not appear to be running on this host (brussels): /proc/driver/nvidia/version does not exist
2020-02-09 12:25:31.145206: I tensorflow/core/platform/cpu_feature_guard.cc:142] Your CPU supports instructions that this TensorFlow binary was not compiled to use: AVX2 FMA
2020-02-09 12:25:31.165799: I tensorflow/core/platform/profile_utils/cpu_utils.cc:94] CPU Frequency: 3312000000 Hz
2020-02-09 12:25:31.165977: I tensorflow/compiler/xla/service/service.cc:168] XLA service 0x511e460 initialized for platform Host (this does not guarantee that XLA will be used). Devices:
2020-02-09 12:25:31.166002: I tensorflow/compiler/xla/service/service.cc:176]   StreamExecutor device (0): Host, Default Version
Using TensorFlow backend.
WARNING:tensorflow:Large dropout rate: 0.8 (>0.5). In TensorFlow 2.x, dropout() uses dropout rate instead of keep_prob. Please ensure that this is intended.
=================================================
        TRAINING v0.4.5 (binary)
=================================================
Date: 2020-02-09 12:25:31.141992
------------DNN info-------------
dnnBatchSize 16
wrapLayerSize 16
coreLayerSize 64
numCoreLayers 3
outputLayerActivation sigmoid
output_dim 2
loss binary_crossentropy
optimizer sgd
------------DNN info-------------
[33m[INFO] using Sequential Dense layers[0m
[INFO] adding core layer 0
[INFO] adding core layer 1
[INFO] adding core layer 2
[INFO] created DNN
[33m[INFO] epoch 1/3[0m
[33m[INFO] loading file 1-50/1 on epoch 1/3[0m
[INFO] reading file data/SWaT2015-Attack-Files-v0.4.3-minmax-text/train/2015-12-28_113021_98.log.part12_sorted-labeled.csv
[INFO] concatenate the files
[INFO] process dataset, shape: (500000, 18)
[INFO] sampling 1.0
[33mdropping column: modbus_value[0m
dropping all time related columns...
[33mdropping column: unixtime[0m
[INFO] columns: Index(['orig', 'type', 'i/f_name', 'i/f_dir', 'src', 'dst', 'proto',
       'appi_name', 'proxy_src_ip', 'modbus_function_code',
       'modbus_function_description', 'modbus_transaction_id', 'scada_tag',
       'service', 's_port', 'classification'],
      dtype='object')
[INFO] Shape when encoding dataset: (500000, 16)
[33mencode_text_dummy orig[0m
[33mencode_text_dummy type[0m
[33mencode_text_dummy i/f_name[0m
[33mencode_text_dummy i/f_dir[0m
[33mencode_text_dummy src[0m
[33mencode_text_dummy dst[0m
[33mencode_text_dummy proto[0m
[33mencode_text_dummy appi_name[0m
[33mencode_text_dummy proxy_src_ip[0m
[33mencode_text_dummy modbus_function_description[0m
[33mencode_text_dummy scada_tag[0m
missing 23
adding missing-0
adding missing-1
adding missing-2
adding missing-3
adding missing-4
adding missing-5
adding missing-6
adding missing-7
adding missing-8
adding missing-9
adding missing-10
adding missing-11
adding missing-12
adding missing-13
adding missing-14
adding missing-15
adding missing-16
adding missing-17
adding missing-18
adding missing-19
adding missing-20
adding missing-21
adding missing-22
adding missing-23
len(df.columns) 106
numFeatures 105
[INFO] Shape AFTER encoding dataset: (500000, 106)
[INFO] processing batch 0-256000/500000
[INFO] breaking into predictors and prediction...
[INFO] creating train/test split: 0.25
[INFO] fitting model. xtrain.shape: (192000, 105) y_train.shape: (192000, 2)
Train on 192000 samples, validate on 64000 samples
Epoch 1/1
 - 7s - loss: 0.1246 - tp: 191968.0000 - fp: 3.0000 - tn: 191997.0000 - fn: 32.0000 - accuracy: 0.9999 - precision: 1.0000 - recall: 0.9998 - auc: 1.0000 - val_loss: 0.0355 - val_tp: 64000.0000 - val_fp: 0.0000e+00 - val_tn: 64000.0000 - val_fn: 0.0000e+00 - val_accuracy: 1.0000 - val_precision: 1.0000 - val_recall: 1.0000 - val_auc: 1.0000
[INFO] saving weights to checkpoints/dnn-epoch-001-files-0-50
[33m[LOSS] 0.03548252582550049[0m
[33m[INFO] epoch 2/3[0m
[33m[INFO] loading file 1-50/1 on epoch 2/3[0m
[INFO] reading file data/SWaT2015-Attack-Files-v0.4.3-minmax-text/train/2015-12-28_113021_98.log.part12_sorted-labeled.csv
[INFO] concatenate the files
[INFO] process dataset, shape: (500000, 18)
[INFO] sampling 1.0
[33mdropping column: modbus_value[0m
dropping all time related columns...
[33mdropping column: unixtime[0m
[INFO] columns: Index(['orig', 'type', 'i/f_name', 'i/f_dir', 'src', 'dst', 'proto',
       'appi_name', 'proxy_src_ip', 'modbus_function_code',
       'modbus_function_description', 'modbus_transaction_id', 'scada_tag',
       'service', 's_port', 'classification'],
      dtype='object')
[INFO] Shape when encoding dataset: (500000, 16)
[33mencode_text_dummy orig[0m
[33mencode_text_dummy type[0m
[33mencode_text_dummy i/f_name[0m
[33mencode_text_dummy i/f_dir[0m
[33mencode_text_dummy src[0m
[33mencode_text_dummy dst[0m
[33mencode_text_dummy proto[0m
[33mencode_text_dummy appi_name[0m
[33mencode_text_dummy proxy_src_ip[0m
[33mencode_text_dummy modbus_function_description[0m
[33mencode_text_dummy scada_tag[0m
missing 23
adding missing-0
adding missing-1
adding missing-2
adding missing-3
adding missing-4
adding missing-5
adding missing-6
adding missing-7
adding missing-8
adding missing-9
adding missing-10
adding missing-11
adding missing-12
adding missing-13
adding missing-14
adding missing-15
adding missing-16
adding missing-17
adding missing-18
adding missing-19
adding missing-20
adding missing-21
adding missing-22
adding missing-23
len(df.columns) 106
numFeatures 105
[INFO] Shape AFTER encoding dataset: (500000, 106)
[INFO] processing batch 0-256000/500000
[INFO] breaking into predictors and prediction...
[INFO] creating train/test split: 0.25
[INFO] fitting model. xtrain.shape: (192000, 105) y_train.shape: (192000, 2)
Train on 192000 samples, validate on 64000 samples
Epoch 1/1
 - 7s - loss: 0.0244 - tp: 192000.0000 - fp: 0.0000e+00 - tn: 192000.0000 - fn: 0.0000e+00 - accuracy: 1.0000 - precision: 1.0000 - recall: 1.0000 - auc: 1.0000 - val_loss: 0.0174 - val_tp: 64000.0000 - val_fp: 0.0000e+00 - val_tn: 64000.0000 - val_fn: 0.0000e+00 - val_accuracy: 1.0000 - val_precision: 1.0000 - val_recall: 1.0000 - val_auc: 1.0000
[INFO] saving weights to checkpoints/dnn-epoch-002-files-0-50
[33m[LOSS] 0.01740204356610775[0m
[33m[INFO] epoch 3/3[0m
[33m[INFO] loading file 1-50/1 on epoch 3/3[0m
[INFO] reading file data/SWaT2015-Attack-Files-v0.4.3-minmax-text/train/2015-12-28_113021_98.log.part12_sorted-labeled.csv
[INFO] concatenate the files
[INFO] process dataset, shape: (500000, 18)
[INFO] sampling 1.0
[33mdropping column: modbus_value[0m
dropping all time related columns...
[33mdropping column: unixtime[0m
[INFO] columns: Index(['orig', 'type', 'i/f_name', 'i/f_dir', 'src', 'dst', 'proto',
       'appi_name', 'proxy_src_ip', 'modbus_function_code',
       'modbus_function_description', 'modbus_transaction_id', 'scada_tag',
       'service', 's_port', 'classification'],
      dtype='object')
[INFO] Shape when encoding dataset: (500000, 16)
[33mencode_text_dummy orig[0m
[33mencode_text_dummy type[0m
[33mencode_text_dummy i/f_name[0m
[33mencode_text_dummy i/f_dir[0m
[33mencode_text_dummy src[0m
[33mencode_text_dummy dst[0m
[33mencode_text_dummy proto[0m
[33mencode_text_dummy appi_name[0m
[33mencode_text_dummy proxy_src_ip[0m
[33mencode_text_dummy modbus_function_description[0m
[33mencode_text_dummy scada_tag[0m
missing 23
adding missing-0
adding missing-1
adding missing-2
adding missing-3
adding missing-4
adding missing-5
adding missing-6
adding missing-7
adding missing-8
adding missing-9
adding missing-10
adding missing-11
adding missing-12
adding missing-13
adding missing-14
adding missing-15
adding missing-16
adding missing-17
adding missing-18
adding missing-19
adding missing-20
adding missing-21
adding missing-22
adding missing-23
len(df.columns) 106
numFeatures 105
[INFO] Shape AFTER encoding dataset: (500000, 106)
[INFO] processing batch 0-256000/500000
[INFO] breaking into predictors and prediction...
[INFO] creating train/test split: 0.25
[INFO] fitting model. xtrain.shape: (192000, 105) y_train.shape: (192000, 2)
Train on 192000 samples, validate on 64000 samples
Epoch 1/1
 - 7s - loss: 0.0140 - tp: 192000.0000 - fp: 0.0000e+00 - tn: 192000.0000 - fn: 0.0000e+00 - accuracy: 1.0000 - precision: 1.0000 - recall: 1.0000 - auc: 1.0000 - val_loss: 0.0115 - val_tp: 64000.0000 - val_fp: 0.0000e+00 - val_tn: 64000.0000 - val_fn: 0.0000e+00 - val_accuracy: 1.0000 - val_precision: 1.0000 - val_recall: 1.0000 - val_auc: 1.0000
[INFO] saving weights to checkpoints/dnn-epoch-003-files-0-50
[33m[LOSS] 0.011487961746752262[0m
[CHECKING EARLY STOP]: currentLoss < min_delta ? => 0.011487961746752262  <  0.001
--- 26.586673498153687 seconds ---
2020-02-09 12:25:58.612518: W tensorflow/stream_executor/platform/default/dso_loader.cc:55] Could not load dynamic library 'libnvinfer.so.6'; dlerror: libnvinfer.so.6: cannot open shared object file: No such file or directory
2020-02-09 12:25:58.612567: W tensorflow/stream_executor/platform/default/dso_loader.cc:55] Could not load dynamic library 'libnvinfer_plugin.so.6'; dlerror: libnvinfer_plugin.so.6: cannot open shared object file: No such file or directory
2020-02-09 12:25:58.612573: W tensorflow/compiler/tf2tensorrt/utils/py_utils.cc:30] Cannot dlopen some TensorRT libraries. If you would like to use Nvidia GPU with TensorRT, please make sure the missing libraries mentioned above are installed properly.
2020-02-09 12:25:59.100717: W tensorflow/stream_executor/platform/default/dso_loader.cc:55] Could not load dynamic library 'libcuda.so.1'; dlerror: libcuda.so.1: cannot open shared object file: No such file or directory
2020-02-09 12:25:59.100737: E tensorflow/stream_executor/cuda/cuda_driver.cc:351] failed call to cuInit: UNKNOWN ERROR (303)
2020-02-09 12:25:59.100751: I tensorflow/stream_executor/cuda/cuda_diagnostics.cc:156] kernel driver does not appear to be running on this host (brussels): /proc/driver/nvidia/version does not exist
2020-02-09 12:25:59.100858: I tensorflow/core/platform/cpu_feature_guard.cc:142] Your CPU supports instructions that this TensorFlow binary was not compiled to use: AVX2 FMA
2020-02-09 12:25:59.121836: I tensorflow/core/platform/profile_utils/cpu_utils.cc:94] CPU Frequency: 3312000000 Hz
2020-02-09 12:25:59.122037: I tensorflow/compiler/xla/service/service.cc:168] XLA service 0x5883250 initialized for platform Host (this does not guarantee that XLA will be used). Devices:
2020-02-09 12:25:59.122065: I tensorflow/compiler/xla/service/service.cc:176]   StreamExecutor device (0): Host, Default Version
Using TensorFlow backend.
WARNING:tensorflow:Large dropout rate: 0.8 (>0.5). In TensorFlow 2.x, dropout() uses dropout rate instead of keep_prob. Please ensure that this is intended.
=================================================
        SCORING v0.4.5 (binary)
=================================================
Date: 2020-02-09 12:25:59.097685
------------DNN info-------------
dnnBatchSize 16
wrapLayerSize 16
coreLayerSize 64
numCoreLayers 3
outputLayerActivation sigmoid
output_dim 2
loss binary_crossentropy
optimizer sgd
------------DNN info-------------
[33m[INFO] using Sequential Dense layers[0m
[INFO] adding core layer 0
[INFO] adding core layer 1
[INFO] adding core layer 2
[INFO] created DNN
loading weights: checkpoints/*
loading file checkpoints/dnn-epoch-003-files-0-50
[33m[INFO] model summary:[0m
Model: "sequential_1"
_________________________________________________________________
Layer (type)                 Output Shape              Param #   
=================================================================
dense_1 (Dense)              (None, 16)                1696      
_________________________________________________________________
dropout_1 (Dropout)          (None, 16)                0         
_________________________________________________________________
dense_2 (Dense)              (None, 64)                1088      
_________________________________________________________________
dropout_2 (Dropout)          (None, 64)                0         
_________________________________________________________________
dense_3 (Dense)              (None, 64)                4160      
_________________________________________________________________
dropout_3 (Dropout)          (None, 64)                0         
_________________________________________________________________
dense_4 (Dense)              (None, 64)                4160      
_________________________________________________________________
dropout_4 (Dropout)          (None, 64)                0         
_________________________________________________________________
dense_5 (Dense)              (None, 16)                1040      
_________________________________________________________________
dropout_5 (Dropout)          (None, 16)                0         
_________________________________________________________________
dense_6 (Dense)              (None, 1)                 17        
_________________________________________________________________
dropout_6 (Dropout)          (None, 1)                 0         
_________________________________________________________________
dense_7 (Dense)              (None, 2)                 4         
=================================================================
Total params: 12,165
Trainable params: 12,165
Non-trainable params: 0
_________________________________________________________________
[INFO] reading file data/SWaT2015-Attack-Files-v0.4.3-minmax-text/train/2015-12-28_113021_98.log.part13_sorted-labeled.csv
[INFO] concatenate the files
[INFO] process dataset, shape: (500000, 18)
[33mdropping column: modbus_value[0m
dropping all time related columns...
[33mdropping column: unixtime[0m
[INFO] columns: Index(['orig', 'type', 'i/f_name', 'i/f_dir', 'src', 'dst', 'proto',
       'appi_name', 'proxy_src_ip', 'modbus_function_code',
       'modbus_function_description', 'modbus_transaction_id', 'scada_tag',
       'service', 's_port', 'classification'],
      dtype='object')
[INFO] Shape when encoding dataset: (500000, 16)
[33mencode_text_dummy orig[0m
[33mencode_text_dummy type[0m
[33mencode_text_dummy i/f_name[0m
[33mencode_text_dummy i/f_dir[0m
[33mencode_text_dummy src[0m
[33mencode_text_dummy dst[0m
[33mencode_text_dummy proto[0m
[33mencode_text_dummy appi_name[0m
[33mencode_text_dummy proxy_src_ip[0m
[33mencode_text_dummy modbus_function_description[0m
[33mencode_text_dummy scada_tag[0m
missing 57
adding missing-0
adding missing-1
adding missing-2
adding missing-3
adding missing-4
adding missing-5
adding missing-6
adding missing-7
adding missing-8
adding missing-9
adding missing-10
adding missing-11
adding missing-12
adding missing-13
adding missing-14
adding missing-15
adding missing-16
adding missing-17
adding missing-18
adding missing-19
adding missing-20
adding missing-21
adding missing-22
adding missing-23
adding missing-24
adding missing-25
adding missing-26
adding missing-27
adding missing-28
adding missing-29
adding missing-30
adding missing-31
adding missing-32
adding missing-33
adding missing-34
adding missing-35
adding missing-36
adding missing-37
adding missing-38
adding missing-39
adding missing-40
adding missing-41
adding missing-42
adding missing-43
adding missing-44
adding missing-45
adding missing-46
adding missing-47
adding missing-48
adding missing-49
adding missing-50
adding missing-51
adding missing-52
adding missing-53
adding missing-54
adding missing-55
adding missing-56
adding missing-57
len(df.columns) 106
numFeatures 105
[INFO] Shape AFTER encoding dataset: (500000, 106)
[INFO] processing batch 0-256000/500000
[33m[INFO] measuring accuracy...[0m
x_test.shape: (256000, 105)
y_eval [1 0 1 ... 0 0 0] (256000,)
[INFO] Validation score: [33m0.76813671875[0m
[33m[INFO] metrics:[0m
loss :  1.0457618235780393
tp :  196643.0
fp :  59357.0
tn :  196643.0
fn :  59357.0
accuracy :  0.768136739730835
precision :  0.768136739730835
recall :  0.768136739730835
auc :  0.768136739730835

y_eval {0: 196643, 1: 59357}
pred {0: 256000}
[INFO] confusion matrix for file 
[[196643      0]
 [ 59357      0]]
[INFO] confusion matrix after adding it to total:
[[196643      0]
 [ 59357      0]]
--- 8.473642826080322 seconds ---
