2020-02-06 04:03:14.844385: I tensorflow/core/platform/cpu_feature_guard.cc:142] Your CPU supports instructions that this TensorFlow binary was not compiled to use: AVX2 FMA
2020-02-06 04:03:14.857331: I tensorflow/compiler/xla/service/service.cc:168] XLA service 0x7fbf8600e1a0 initialized for platform Host (this does not guarantee that XLA will be used). Devices:
2020-02-06 04:03:14.857395: I tensorflow/compiler/xla/service/service.cc:176]   StreamExecutor device (0): Host, Default Version
Using TensorFlow backend.
WARNING:tensorflow:Large dropout rate: 0.8 (>0.5). In TensorFlow 2.x, dropout() uses dropout rate instead of keep_prob. Please ensure that this is intended.
=============================
        TRAINING v0.4
=============================
Date: 2020-02-06 04:03:14.840610
[33m[INFO] using Sequential Dense layers[0m
[INFO] adding core layer 0
[INFO] adding core layer 1
[INFO] adding core layer 2
[INFO] created DNN
[33m[INFO] epoch 1/10[0m
[33m[INFO] loading file 1-1/1 on epoch 1/10[0m
[INFO] reading file data/SWaT2015-Attack-Files-v0.4-minmax/train/2015-12-28_113021_98.log.part12_sorted-labeled.csv
[INFO] concatenate the files
[INFO] process dataset, shape: (500000, 18)
[INFO] sampling 1.0
[33mdropping column: modbus_value[0m
dropping all time related columns...
[33mdropping column: unixtime[0m
[INFO] columns: Index(['orig', 'type', 'i/f_name', 'i/f_dir', 'src', 'dst', 'proto',
       'appi_name', 'proxy_src_ip', 'modbus_function_code',
       'modbus_function_description', 'modbus_transaction_id', 'scada_tag',
       'service', 's_port', 'classification'],
      dtype='object')
[INFO] processing batch 0-100000/500000
[INFO] breaking into predictors and prediction...
[INFO] creating train/test split: 0.2
[INFO] fitting model
Train on 80000 samples, validate on 20000 samples
Epoch 1/1
 - 6s - loss: 0.1646 - tp: 75432.0000 - fp: 0.0000e+00 - tn: 320000.0000 - fn: 4568.0000 - accuracy: 0.9886 - precision: 1.0000 - recall: 0.9429 - auc: 1.0000 - val_loss: 0.0109 - val_tp: 20000.0000 - val_fp: 0.0000e+00 - val_tn: 80000.0000 - val_fn: 0.0000e+00 - val_accuracy: 1.0000 - val_precision: 1.0000 - val_recall: 1.0000 - val_auc: 1.0000
[INFO] saving weights to checkpoints/dnn-epoch-001-files-0-1
[INFO] processing batch 100000-200000/500000
[INFO] breaking into predictors and prediction...
[INFO] creating train/test split: 0.2
[INFO] fitting model
Train on 80000 samples, validate on 20000 samples
Epoch 1/1
 - 5s - loss: 0.0249 - tp: 80000.0000 - fp: 0.0000e+00 - tn: 320000.0000 - fn: 0.0000e+00 - accuracy: 1.0000 - precision: 1.0000 - recall: 1.0000 - auc: 1.0000 - val_loss: 0.0046 - val_tp: 20000.0000 - val_fp: 0.0000e+00 - val_tn: 80000.0000 - val_fn: 0.0000e+00 - val_accuracy: 1.0000 - val_precision: 1.0000 - val_recall: 1.0000 - val_auc: 1.0000
[INFO] saving weights to checkpoints/dnn-epoch-001-files-0-1
[INFO] processing batch 200000-300000/500000
[INFO] breaking into predictors and prediction...
[INFO] creating train/test split: 0.2
[INFO] fitting model
Train on 80000 samples, validate on 20000 samples
Epoch 1/1
 - 5s - loss: 0.0354 - tp: 79766.0000 - fp: 234.0000 - tn: 319766.0000 - fn: 234.0000 - accuracy: 0.9988 - precision: 0.9971 - recall: 0.9971 - auc: 0.9981 - val_loss: 3.2785 - val_tp: 10606.0000 - val_fp: 9394.0000 - val_tn: 70606.0000 - val_fn: 9394.0000 - val_accuracy: 0.8121 - val_precision: 0.5303 - val_recall: 0.5303 - val_auc: 0.7064
[INFO] saving weights to checkpoints/dnn-epoch-001-files-0-1
[INFO] processing batch 300000-400000/500000
[INFO] breaking into predictors and prediction...
[INFO] creating train/test split: 0.2
[INFO] fitting model
Train on 80000 samples, validate on 20000 samples
Epoch 1/1
 - 5s - loss: 0.9295 - tp: 42447.0000 - fp: 37553.0000 - tn: 282447.0000 - fn: 37553.0000 - accuracy: 0.8122 - precision: 0.5306 - recall: 0.5306 - auc: 0.8649 - val_loss: 0.7285 - val_tp: 10626.0000 - val_fp: 9374.0000 - val_tn: 70626.0000 - val_fn: 9374.0000 - val_accuracy: 0.8125 - val_precision: 0.5313 - val_recall: 0.5313 - val_auc: 0.8828
[INFO] saving weights to checkpoints/dnn-epoch-001-files-0-1
[INFO] processing batch 400000-500000/500000
[INFO] breaking into predictors and prediction...
[INFO] creating train/test split: 0.2
[INFO] fitting model
Train on 80000 samples, validate on 20000 samples
Epoch 1/1
 - 5s - loss: 0.7191 - tp: 42438.0000 - fp: 37562.0000 - tn: 282438.0000 - fn: 37562.0000 - accuracy: 0.8122 - precision: 0.5305 - recall: 0.5305 - auc: 0.8827 - val_loss: 0.7126 - val_tp: 10603.0000 - val_fp: 9397.0000 - val_tn: 70603.0000 - val_fn: 9397.0000 - val_accuracy: 0.8121 - val_precision: 0.5301 - val_recall: 0.5301 - val_auc: 0.8825
[INFO] saving weights to checkpoints/dnn-epoch-001-files-0-1
[33m[LOSS] 0.7126060396194458[0m
[33m[INFO] epoch 2/10[0m
[33m[INFO] loading file 1-1/1 on epoch 2/10[0m
[INFO] reading file data/SWaT2015-Attack-Files-v0.4-minmax/train/2015-12-28_113021_98.log.part12_sorted-labeled.csv
[INFO] concatenate the files
[INFO] process dataset, shape: (500000, 18)
[INFO] sampling 1.0
[33mdropping column: modbus_value[0m
dropping all time related columns...
[33mdropping column: unixtime[0m
[INFO] columns: Index(['orig', 'type', 'i/f_name', 'i/f_dir', 'src', 'dst', 'proto',
       'appi_name', 'proxy_src_ip', 'modbus_function_code',
       'modbus_function_description', 'modbus_transaction_id', 'scada_tag',
       'service', 's_port', 'classification'],
      dtype='object')
[INFO] processing batch 0-100000/500000
[INFO] breaking into predictors and prediction...
[INFO] creating train/test split: 0.2
[INFO] fitting model
Train on 80000 samples, validate on 20000 samples
Epoch 1/1
 - 5s - loss: 0.0886 - tp: 80000.0000 - fp: 0.0000e+00 - tn: 320000.0000 - fn: 0.0000e+00 - accuracy: 1.0000 - precision: 1.0000 - recall: 1.0000 - auc: 1.0000 - val_loss: 0.0242 - val_tp: 20000.0000 - val_fp: 0.0000e+00 - val_tn: 80000.0000 - val_fn: 0.0000e+00 - val_accuracy: 1.0000 - val_precision: 1.0000 - val_recall: 1.0000 - val_auc: 1.0000
[INFO] saving weights to checkpoints/dnn-epoch-002-files-0-1
[INFO] processing batch 100000-200000/500000
[INFO] breaking into predictors and prediction...
[INFO] creating train/test split: 0.2
[INFO] fitting model
Train on 80000 samples, validate on 20000 samples
Epoch 1/1
 - 5s - loss: 0.0169 - tp: 80000.0000 - fp: 0.0000e+00 - tn: 320000.0000 - fn: 0.0000e+00 - accuracy: 1.0000 - precision: 1.0000 - recall: 1.0000 - auc: 1.0000 - val_loss: 0.0124 - val_tp: 20000.0000 - val_fp: 0.0000e+00 - val_tn: 80000.0000 - val_fn: 0.0000e+00 - val_accuracy: 1.0000 - val_precision: 1.0000 - val_recall: 1.0000 - val_auc: 1.0000
[INFO] saving weights to checkpoints/dnn-epoch-002-files-0-1
[INFO] processing batch 200000-300000/500000
[INFO] breaking into predictors and prediction...
[INFO] creating train/test split: 0.2
[INFO] fitting model
Train on 80000 samples, validate on 20000 samples
Epoch 1/1
 - 5s - loss: 0.0248 - tp: 79766.0000 - fp: 234.0000 - tn: 319766.0000 - fn: 234.0000 - accuracy: 0.9988 - precision: 0.9971 - recall: 0.9971 - auc: 0.9993 - val_loss: 2.3550 - val_tp: 10606.0000 - val_fp: 9394.0000 - val_tn: 70606.0000 - val_fn: 9394.0000 - val_accuracy: 0.8121 - val_precision: 0.5303 - val_recall: 0.5303 - val_auc: 0.8826
[INFO] saving weights to checkpoints/dnn-epoch-002-files-0-1
[INFO] processing batch 300000-400000/500000
[INFO] breaking into predictors and prediction...
[INFO] creating train/test split: 0.2
[INFO] fitting model
Train on 80000 samples, validate on 20000 samples
Epoch 1/1
 - 5s - loss: 0.8582 - tp: 42447.0000 - fp: 37553.0000 - tn: 282447.0000 - fn: 37553.0000 - accuracy: 0.8122 - precision: 0.5306 - recall: 0.5306 - auc: 0.8826 - val_loss: 0.7032 - val_tp: 10626.0000 - val_fp: 9374.0000 - val_tn: 70626.0000 - val_fn: 9374.0000 - val_accuracy: 0.8125 - val_precision: 0.5313 - val_recall: 0.5313 - val_auc: 0.8828
[INFO] saving weights to checkpoints/dnn-epoch-002-files-0-1
[INFO] processing batch 400000-500000/500000
[INFO] breaking into predictors and prediction...
[INFO] creating train/test split: 0.2
[INFO] fitting model
Train on 80000 samples, validate on 20000 samples
Epoch 1/1
 - 5s - loss: 0.7021 - tp: 42438.0000 - fp: 37562.0000 - tn: 282438.0000 - fn: 37562.0000 - accuracy: 0.8122 - precision: 0.5305 - recall: 0.5305 - auc: 0.8827 - val_loss: 0.7010 - val_tp: 10603.0000 - val_fp: 9397.0000 - val_tn: 70603.0000 - val_fn: 9397.0000 - val_accuracy: 0.8121 - val_precision: 0.5301 - val_recall: 0.5301 - val_auc: 0.8825
[INFO] saving weights to checkpoints/dnn-epoch-002-files-0-1
[33m[LOSS] 0.7009936043739319[0m
[33m[INFO] epoch 3/10[0m
[33m[INFO] loading file 1-1/1 on epoch 3/10[0m
[INFO] reading file data/SWaT2015-Attack-Files-v0.4-minmax/train/2015-12-28_113021_98.log.part12_sorted-labeled.csv
[INFO] concatenate the files
[INFO] process dataset, shape: (500000, 18)
[INFO] sampling 1.0
[33mdropping column: modbus_value[0m
dropping all time related columns...
[33mdropping column: unixtime[0m
[INFO] columns: Index(['orig', 'type', 'i/f_name', 'i/f_dir', 'src', 'dst', 'proto',
       'appi_name', 'proxy_src_ip', 'modbus_function_code',
       'modbus_function_description', 'modbus_transaction_id', 'scada_tag',
       'service', 's_port', 'classification'],
      dtype='object')
[INFO] processing batch 0-100000/500000
[INFO] breaking into predictors and prediction...
[INFO] creating train/test split: 0.2
[INFO] fitting model
Train on 80000 samples, validate on 20000 samples
Epoch 1/1
 - 5s - loss: 0.0853 - tp: 80000.0000 - fp: 0.0000e+00 - tn: 320000.0000 - fn: 0.0000e+00 - accuracy: 1.0000 - precision: 1.0000 - recall: 1.0000 - auc: 1.0000 - val_loss: 0.0226 - val_tp: 20000.0000 - val_fp: 0.0000e+00 - val_tn: 80000.0000 - val_fn: 0.0000e+00 - val_accuracy: 1.0000 - val_precision: 1.0000 - val_recall: 1.0000 - val_auc: 1.0000
[INFO] saving weights to checkpoints/dnn-epoch-003-files-0-1
[INFO] processing batch 100000-200000/500000
[INFO] breaking into predictors and prediction...
[INFO] creating train/test split: 0.2
[INFO] fitting model
Train on 80000 samples, validate on 20000 samples
Epoch 1/1
 - 5s - loss: 0.0157 - tp: 80000.0000 - fp: 0.0000e+00 - tn: 320000.0000 - fn: 0.0000e+00 - accuracy: 1.0000 - precision: 1.0000 - recall: 1.0000 - auc: 1.0000 - val_loss: 0.0114 - val_tp: 20000.0000 - val_fp: 0.0000e+00 - val_tn: 80000.0000 - val_fn: 0.0000e+00 - val_accuracy: 1.0000 - val_precision: 1.0000 - val_recall: 1.0000 - val_auc: 1.0000
[INFO] saving weights to checkpoints/dnn-epoch-003-files-0-1
[INFO] processing batch 200000-300000/500000
[INFO] breaking into predictors and prediction...
[INFO] creating train/test split: 0.2
[INFO] fitting model
Train on 80000 samples, validate on 20000 samples
Epoch 1/1
 - 5s - loss: 0.0238 - tp: 79766.0000 - fp: 234.0000 - tn: 319766.0000 - fn: 234.0000 - accuracy: 0.9988 - precision: 0.9971 - recall: 0.9971 - auc: 0.9993 - val_loss: 2.3251 - val_tp: 10606.0000 - val_fp: 9394.0000 - val_tn: 70606.0000 - val_fn: 9394.0000 - val_accuracy: 0.8121 - val_precision: 0.5303 - val_recall: 0.5303 - val_auc: 0.8826
[INFO] saving weights to checkpoints/dnn-epoch-003-files-0-1
[INFO] processing batch 300000-400000/500000
[INFO] breaking into predictors and prediction...
[INFO] creating train/test split: 0.2
[INFO] fitting model
Train on 80000 samples, validate on 20000 samples
Epoch 1/1
 - 5s - loss: 0.8488 - tp: 42447.0000 - fp: 37553.0000 - tn: 282447.0000 - fn: 37553.0000 - accuracy: 0.8122 - precision: 0.5306 - recall: 0.5306 - auc: 0.8825 - val_loss: 0.6983 - val_tp: 10626.0000 - val_fp: 9374.0000 - val_tn: 70626.0000 - val_fn: 9374.0000 - val_accuracy: 0.8125 - val_precision: 0.5313 - val_recall: 0.5313 - val_auc: 0.8828
[INFO] saving weights to checkpoints/dnn-epoch-003-files-0-1
[INFO] processing batch 400000-500000/500000
[INFO] breaking into predictors and prediction...
[INFO] creating train/test split: 0.2
[INFO] fitting model
Train on 80000 samples, validate on 20000 samples
Epoch 1/1
 - 5s - loss: 0.6980 - tp: 42438.0000 - fp: 37562.0000 - tn: 282438.0000 - fn: 37562.0000 - accuracy: 0.8122 - precision: 0.5305 - recall: 0.5305 - auc: 0.8826 - val_loss: 0.6975 - val_tp: 10603.0000 - val_fp: 9397.0000 - val_tn: 70603.0000 - val_fn: 9397.0000 - val_accuracy: 0.8121 - val_precision: 0.5301 - val_recall: 0.5301 - val_auc: 0.8825
[INFO] saving weights to checkpoints/dnn-epoch-003-files-0-1
[33m[LOSS] 0.6975439747810364[0m
[CHECKING EARLY STOP]: currentLoss < min_delta ? => 0.6975439747810364  <  0.001
[33m[INFO] epoch 4/10[0m
[33m[INFO] loading file 1-1/1 on epoch 4/10[0m
[INFO] reading file data/SWaT2015-Attack-Files-v0.4-minmax/train/2015-12-28_113021_98.log.part12_sorted-labeled.csv
[INFO] concatenate the files
[INFO] process dataset, shape: (500000, 18)
[INFO] sampling 1.0
[33mdropping column: modbus_value[0m
dropping all time related columns...
[33mdropping column: unixtime[0m
[INFO] columns: Index(['orig', 'type', 'i/f_name', 'i/f_dir', 'src', 'dst', 'proto',
       'appi_name', 'proxy_src_ip', 'modbus_function_code',
       'modbus_function_description', 'modbus_transaction_id', 'scada_tag',
       'service', 's_port', 'classification'],
      dtype='object')
[INFO] processing batch 0-100000/500000
[INFO] breaking into predictors and prediction...
[INFO] creating train/test split: 0.2
[INFO] fitting model
Train on 80000 samples, validate on 20000 samples
Epoch 1/1
 - 5s - loss: 0.0848 - tp: 80000.0000 - fp: 0.0000e+00 - tn: 320000.0000 - fn: 0.0000e+00 - accuracy: 1.0000 - precision: 1.0000 - recall: 1.0000 - auc: 1.0000 - val_loss: 0.0220 - val_tp: 20000.0000 - val_fp: 0.0000e+00 - val_tn: 80000.0000 - val_fn: 0.0000e+00 - val_accuracy: 1.0000 - val_precision: 1.0000 - val_recall: 1.0000 - val_auc: 1.0000
[INFO] saving weights to checkpoints/dnn-epoch-004-files-0-1
[INFO] processing batch 100000-200000/500000
[INFO] breaking into predictors and prediction...
[INFO] creating train/test split: 0.2
[INFO] fitting model
Train on 80000 samples, validate on 20000 samples
Epoch 1/1
 - 5s - loss: 0.0153 - tp: 80000.0000 - fp: 0.0000e+00 - tn: 320000.0000 - fn: 0.0000e+00 - accuracy: 1.0000 - precision: 1.0000 - recall: 1.0000 - auc: 1.0000 - val_loss: 0.0110 - val_tp: 20000.0000 - val_fp: 0.0000e+00 - val_tn: 80000.0000 - val_fn: 0.0000e+00 - val_accuracy: 1.0000 - val_precision: 1.0000 - val_recall: 1.0000 - val_auc: 1.0000
[INFO] saving weights to checkpoints/dnn-epoch-004-files-0-1
[INFO] processing batch 200000-300000/500000
[INFO] breaking into predictors and prediction...
[INFO] creating train/test split: 0.2
[INFO] fitting model
Train on 80000 samples, validate on 20000 samples
Epoch 1/1
 - 5s - loss: 0.0235 - tp: 79766.0000 - fp: 234.0000 - tn: 319766.0000 - fn: 234.0000 - accuracy: 0.9988 - precision: 0.9971 - recall: 0.9971 - auc: 0.9993 - val_loss: 2.3139 - val_tp: 10606.0000 - val_fp: 9394.0000 - val_tn: 70606.0000 - val_fn: 9394.0000 - val_accuracy: 0.8121 - val_precision: 0.5303 - val_recall: 0.5303 - val_auc: 0.8826
[INFO] saving weights to checkpoints/dnn-epoch-004-files-0-1
[INFO] processing batch 300000-400000/500000
[INFO] breaking into predictors and prediction...
[INFO] creating train/test split: 0.2
[INFO] fitting model
Train on 80000 samples, validate on 20000 samples
Epoch 1/1
 - 6s - loss: 0.8460 - tp: 42447.0000 - fp: 37553.0000 - tn: 282447.0000 - fn: 37553.0000 - accuracy: 0.8122 - precision: 0.5306 - recall: 0.5306 - auc: 0.8824 - val_loss: 0.6962 - val_tp: 10626.0000 - val_fp: 9374.0000 - val_tn: 70626.0000 - val_fn: 9374.0000 - val_accuracy: 0.8125 - val_precision: 0.5313 - val_recall: 0.5313 - val_auc: 0.8828
[INFO] saving weights to checkpoints/dnn-epoch-004-files-0-1
[INFO] processing batch 400000-500000/500000
[INFO] breaking into predictors and prediction...
[INFO] creating train/test split: 0.2
[INFO] fitting model
Train on 80000 samples, validate on 20000 samples
Epoch 1/1
 - 6s - loss: 0.6961 - tp: 42438.0000 - fp: 37562.0000 - tn: 282438.0000 - fn: 37562.0000 - accuracy: 0.8122 - precision: 0.5305 - recall: 0.5305 - auc: 0.8826 - val_loss: 0.6959 - val_tp: 10603.0000 - val_fp: 9397.0000 - val_tn: 70603.0000 - val_fn: 9397.0000 - val_accuracy: 0.8121 - val_precision: 0.5301 - val_recall: 0.5301 - val_auc: 0.8825
[INFO] saving weights to checkpoints/dnn-epoch-004-files-0-1
[33m[LOSS] 0.6959114033699035[0m
[CHECKING EARLY STOP]: currentLoss < min_delta ? => 0.6959114033699035  <  0.001
[33m[INFO] epoch 5/10[0m
[33m[INFO] loading file 1-1/1 on epoch 5/10[0m
[INFO] reading file data/SWaT2015-Attack-Files-v0.4-minmax/train/2015-12-28_113021_98.log.part12_sorted-labeled.csv
[INFO] concatenate the files
[INFO] process dataset, shape: (500000, 18)
[INFO] sampling 1.0
[33mdropping column: modbus_value[0m
dropping all time related columns...
[33mdropping column: unixtime[0m
[INFO] columns: Index(['orig', 'type', 'i/f_name', 'i/f_dir', 'src', 'dst', 'proto',
       'appi_name', 'proxy_src_ip', 'modbus_function_code',
       'modbus_function_description', 'modbus_transaction_id', 'scada_tag',
       'service', 's_port', 'classification'],
      dtype='object')
[INFO] processing batch 0-100000/500000
[INFO] breaking into predictors and prediction...
[INFO] creating train/test split: 0.2
[INFO] fitting model
Train on 80000 samples, validate on 20000 samples
Epoch 1/1
 - 6s - loss: 0.0842 - tp: 80000.0000 - fp: 0.0000e+00 - tn: 320000.0000 - fn: 0.0000e+00 - accuracy: 1.0000 - precision: 1.0000 - recall: 1.0000 - auc: 1.0000 - val_loss: 0.0217 - val_tp: 20000.0000 - val_fp: 0.0000e+00 - val_tn: 80000.0000 - val_fn: 0.0000e+00 - val_accuracy: 1.0000 - val_precision: 1.0000 - val_recall: 1.0000 - val_auc: 1.0000
[INFO] saving weights to checkpoints/dnn-epoch-005-files-0-1
[INFO] processing batch 100000-200000/500000
[INFO] breaking into predictors and prediction...
[INFO] creating train/test split: 0.2
[INFO] fitting model
Train on 80000 samples, validate on 20000 samples
Epoch 1/1
 - 5s - loss: 0.0151 - tp: 80000.0000 - fp: 0.0000e+00 - tn: 320000.0000 - fn: 0.0000e+00 - accuracy: 1.0000 - precision: 1.0000 - recall: 1.0000 - auc: 1.0000 - val_loss: 0.0109 - val_tp: 20000.0000 - val_fp: 0.0000e+00 - val_tn: 80000.0000 - val_fn: 0.0000e+00 - val_accuracy: 1.0000 - val_precision: 1.0000 - val_recall: 1.0000 - val_auc: 1.0000
[INFO] saving weights to checkpoints/dnn-epoch-005-files-0-1
[INFO] processing batch 200000-300000/500000
[INFO] breaking into predictors and prediction...
[INFO] creating train/test split: 0.2
[INFO] fitting model
Train on 80000 samples, validate on 20000 samples
Epoch 1/1
 - 5s - loss: 0.0233 - tp: 79766.0000 - fp: 234.0000 - tn: 319766.0000 - fn: 234.0000 - accuracy: 0.9988 - precision: 0.9971 - recall: 0.9971 - auc: 0.9993 - val_loss: 2.3092 - val_tp: 10606.0000 - val_fp: 9394.0000 - val_tn: 70606.0000 - val_fn: 9394.0000 - val_accuracy: 0.8121 - val_precision: 0.5303 - val_recall: 0.5303 - val_auc: 0.8826
[INFO] saving weights to checkpoints/dnn-epoch-005-files-0-1
[INFO] processing batch 300000-400000/500000
[INFO] breaking into predictors and prediction...
[INFO] creating train/test split: 0.2
[INFO] fitting model
Train on 80000 samples, validate on 20000 samples
Epoch 1/1
 - 5s - loss: 0.8425 - tp: 42447.0000 - fp: 37553.0000 - tn: 282447.0000 - fn: 37553.0000 - accuracy: 0.8122 - precision: 0.5306 - recall: 0.5306 - auc: 0.8831 - val_loss: 0.6954 - val_tp: 10626.0000 - val_fp: 9374.0000 - val_tn: 70626.0000 - val_fn: 9374.0000 - val_accuracy: 0.8125 - val_precision: 0.5313 - val_recall: 0.5313 - val_auc: 0.8828
[INFO] saving weights to checkpoints/dnn-epoch-005-files-0-1
[INFO] processing batch 400000-500000/500000
[INFO] breaking into predictors and prediction...
[INFO] creating train/test split: 0.2
[INFO] fitting model
Train on 80000 samples, validate on 20000 samples
Epoch 1/1
 - 5s - loss: 0.6951 - tp: 42438.0000 - fp: 37562.0000 - tn: 282438.0000 - fn: 37562.0000 - accuracy: 0.8122 - precision: 0.5305 - recall: 0.5305 - auc: 0.8825 - val_loss: 0.6949 - val_tp: 10603.0000 - val_fp: 9397.0000 - val_tn: 70603.0000 - val_fn: 9397.0000 - val_accuracy: 0.8121 - val_precision: 0.5301 - val_recall: 0.5301 - val_auc: 0.8825
[INFO] saving weights to checkpoints/dnn-epoch-005-files-0-1
[33m[LOSS] 0.6949495526313781[0m
[CHECKING EARLY STOP]: currentLoss < min_delta ? => 0.6949495526313781  <  0.001
[33m[INFO] epoch 6/10[0m
[33m[INFO] loading file 1-1/1 on epoch 6/10[0m
[INFO] reading file data/SWaT2015-Attack-Files-v0.4-minmax/train/2015-12-28_113021_98.log.part12_sorted-labeled.csv
[INFO] concatenate the files
[INFO] process dataset, shape: (500000, 18)
[INFO] sampling 1.0
[33mdropping column: modbus_value[0m
dropping all time related columns...
[33mdropping column: unixtime[0m
[INFO] columns: Index(['orig', 'type', 'i/f_name', 'i/f_dir', 'src', 'dst', 'proto',
       'appi_name', 'proxy_src_ip', 'modbus_function_code',
       'modbus_function_description', 'modbus_transaction_id', 'scada_tag',
       'service', 's_port', 'classification'],
      dtype='object')
[INFO] processing batch 0-100000/500000
[INFO] breaking into predictors and prediction...
[INFO] creating train/test split: 0.2
[INFO] fitting model
Train on 80000 samples, validate on 20000 samples
Epoch 1/1
 - 5s - loss: 0.0836 - tp: 80000.0000 - fp: 0.0000e+00 - tn: 320000.0000 - fn: 0.0000e+00 - accuracy: 1.0000 - precision: 1.0000 - recall: 1.0000 - auc: 1.0000 - val_loss: 0.0215 - val_tp: 20000.0000 - val_fp: 0.0000e+00 - val_tn: 80000.0000 - val_fn: 0.0000e+00 - val_accuracy: 1.0000 - val_precision: 1.0000 - val_recall: 1.0000 - val_auc: 1.0000
[INFO] saving weights to checkpoints/dnn-epoch-006-files-0-1
[INFO] processing batch 100000-200000/500000
[INFO] breaking into predictors and prediction...
[INFO] creating train/test split: 0.2
[INFO] fitting model
Train on 80000 samples, validate on 20000 samples
Epoch 1/1
 - 5s - loss: 0.0149 - tp: 80000.0000 - fp: 0.0000e+00 - tn: 320000.0000 - fn: 0.0000e+00 - accuracy: 1.0000 - precision: 1.0000 - recall: 1.0000 - auc: 1.0000 - val_loss: 0.0107 - val_tp: 20000.0000 - val_fp: 0.0000e+00 - val_tn: 80000.0000 - val_fn: 0.0000e+00 - val_accuracy: 1.0000 - val_precision: 1.0000 - val_recall: 1.0000 - val_auc: 1.0000
[INFO] saving weights to checkpoints/dnn-epoch-006-files-0-1
[INFO] processing batch 200000-300000/500000
[INFO] breaking into predictors and prediction...
[INFO] creating train/test split: 0.2
[INFO] fitting model
Train on 80000 samples, validate on 20000 samples
Epoch 1/1
 - 5s - loss: 0.0232 - tp: 79766.0000 - fp: 234.0000 - tn: 319766.0000 - fn: 234.0000 - accuracy: 0.9988 - precision: 0.9971 - recall: 0.9971 - auc: 0.9993 - val_loss: 2.3051 - val_tp: 10606.0000 - val_fp: 9394.0000 - val_tn: 70606.0000 - val_fn: 9394.0000 - val_accuracy: 0.8121 - val_precision: 0.5303 - val_recall: 0.5303 - val_auc: 0.8826
[INFO] saving weights to checkpoints/dnn-epoch-006-files-0-1
[INFO] processing batch 300000-400000/500000
[INFO] breaking into predictors and prediction...
[INFO] creating train/test split: 0.2
[INFO] fitting model
Train on 80000 samples, validate on 20000 samples
Epoch 1/1
 - 5s - loss: 0.8417 - tp: 42447.0000 - fp: 37553.0000 - tn: 282447.0000 - fn: 37553.0000 - accuracy: 0.8122 - precision: 0.5306 - recall: 0.5306 - auc: 0.8825 - val_loss: 0.6944 - val_tp: 10626.0000 - val_fp: 9374.0000 - val_tn: 70626.0000 - val_fn: 9374.0000 - val_accuracy: 0.8125 - val_precision: 0.5313 - val_recall: 0.5313 - val_auc: 0.8828
[INFO] saving weights to checkpoints/dnn-epoch-006-files-0-1
[INFO] processing batch 400000-500000/500000
[INFO] breaking into predictors and prediction...
[INFO] creating train/test split: 0.2
[INFO] fitting model
Train on 80000 samples, validate on 20000 samples
Epoch 1/1
 - 5s - loss: 0.6944 - tp: 42438.0000 - fp: 37562.0000 - tn: 282438.0000 - fn: 37562.0000 - accuracy: 0.8122 - precision: 0.5305 - recall: 0.5305 - auc: 0.8822 - val_loss: 0.6944 - val_tp: 10603.0000 - val_fp: 9397.0000 - val_tn: 70603.0000 - val_fn: 9397.0000 - val_accuracy: 0.8121 - val_precision: 0.5301 - val_recall: 0.5301 - val_auc: 0.8825
[INFO] saving weights to checkpoints/dnn-epoch-006-files-0-1
[33m[LOSS] 0.6943833639144897[0m
[CHECKING EARLY STOP]: currentLoss < min_delta ? => 0.6943833639144897  <  0.001
[33m[INFO] epoch 7/10[0m
[33m[INFO] loading file 1-1/1 on epoch 7/10[0m
[INFO] reading file data/SWaT2015-Attack-Files-v0.4-minmax/train/2015-12-28_113021_98.log.part12_sorted-labeled.csv
[INFO] concatenate the files
[INFO] process dataset, shape: (500000, 18)
[INFO] sampling 1.0
[33mdropping column: modbus_value[0m
dropping all time related columns...
[33mdropping column: unixtime[0m
[INFO] columns: Index(['orig', 'type', 'i/f_name', 'i/f_dir', 'src', 'dst', 'proto',
       'appi_name', 'proxy_src_ip', 'modbus_function_code',
       'modbus_function_description', 'modbus_transaction_id', 'scada_tag',
       'service', 's_port', 'classification'],
      dtype='object')
[INFO] processing batch 0-100000/500000
[INFO] breaking into predictors and prediction...
[INFO] creating train/test split: 0.2
[INFO] fitting model
Train on 80000 samples, validate on 20000 samples
Epoch 1/1
 - 5s - loss: 0.0840 - tp: 80000.0000 - fp: 0.0000e+00 - tn: 320000.0000 - fn: 0.0000e+00 - accuracy: 1.0000 - precision: 1.0000 - recall: 1.0000 - auc: 1.0000 - val_loss: 0.0215 - val_tp: 20000.0000 - val_fp: 0.0000e+00 - val_tn: 80000.0000 - val_fn: 0.0000e+00 - val_accuracy: 1.0000 - val_precision: 1.0000 - val_recall: 1.0000 - val_auc: 1.0000
[INFO] saving weights to checkpoints/dnn-epoch-007-files-0-1
[INFO] processing batch 100000-200000/500000
[INFO] breaking into predictors and prediction...
[INFO] creating train/test split: 0.2
[INFO] fitting model
Train on 80000 samples, validate on 20000 samples
Epoch 1/1
 - 5s - loss: 0.0148 - tp: 80000.0000 - fp: 0.0000e+00 - tn: 320000.0000 - fn: 0.0000e+00 - accuracy: 1.0000 - precision: 1.0000 - recall: 1.0000 - auc: 1.0000 - val_loss: 0.0107 - val_tp: 20000.0000 - val_fp: 0.0000e+00 - val_tn: 80000.0000 - val_fn: 0.0000e+00 - val_accuracy: 1.0000 - val_precision: 1.0000 - val_recall: 1.0000 - val_auc: 1.0000
[INFO] saving weights to checkpoints/dnn-epoch-007-files-0-1
[INFO] processing batch 200000-300000/500000
[INFO] breaking into predictors and prediction...
[INFO] creating train/test split: 0.2
[INFO] fitting model
Train on 80000 samples, validate on 20000 samples
Epoch 1/1
 - 5s - loss: 0.0231 - tp: 79766.0000 - fp: 234.0000 - tn: 319766.0000 - fn: 234.0000 - accuracy: 0.9988 - precision: 0.9971 - recall: 0.9971 - auc: 0.9993 - val_loss: 2.3036 - val_tp: 10606.0000 - val_fp: 9394.0000 - val_tn: 70606.0000 - val_fn: 9394.0000 - val_accuracy: 0.8121 - val_precision: 0.5303 - val_recall: 0.5303 - val_auc: 0.8826
[INFO] saving weights to checkpoints/dnn-epoch-007-files-0-1
[INFO] processing batch 300000-400000/500000
[INFO] breaking into predictors and prediction...
[INFO] creating train/test split: 0.2
[INFO] fitting model
Train on 80000 samples, validate on 20000 samples
Epoch 1/1
 - 5s - loss: 0.8421 - tp: 42447.0000 - fp: 37553.0000 - tn: 282447.0000 - fn: 37553.0000 - accuracy: 0.8122 - precision: 0.5306 - recall: 0.5306 - auc: 0.8822 - val_loss: 0.6939 - val_tp: 10626.0000 - val_fp: 9374.0000 - val_tn: 70626.0000 - val_fn: 9374.0000 - val_accuracy: 0.8125 - val_precision: 0.5313 - val_recall: 0.5313 - val_auc: 0.8828
[INFO] saving weights to checkpoints/dnn-epoch-007-files-0-1
[INFO] processing batch 400000-500000/500000
[INFO] breaking into predictors and prediction...
[INFO] creating train/test split: 0.2
[INFO] fitting model
Train on 80000 samples, validate on 20000 samples
Epoch 1/1
 - 5s - loss: 0.6940 - tp: 42438.0000 - fp: 37562.0000 - tn: 282438.0000 - fn: 37562.0000 - accuracy: 0.8122 - precision: 0.5305 - recall: 0.5305 - auc: 0.8825 - val_loss: 0.6939 - val_tp: 10603.0000 - val_fp: 9397.0000 - val_tn: 70603.0000 - val_fn: 9397.0000 - val_accuracy: 0.8121 - val_precision: 0.5301 - val_recall: 0.5301 - val_auc: 0.8825
[INFO] saving weights to checkpoints/dnn-epoch-007-files-0-1
[33m[LOSS] 0.6938821326255799[0m
[CHECKING EARLY STOP]: currentLoss < min_delta ? => 0.6938821326255799  <  0.001
[33m[INFO] epoch 8/10[0m
[33m[INFO] loading file 1-1/1 on epoch 8/10[0m
[INFO] reading file data/SWaT2015-Attack-Files-v0.4-minmax/train/2015-12-28_113021_98.log.part12_sorted-labeled.csv
[INFO] concatenate the files
[INFO] process dataset, shape: (500000, 18)
[INFO] sampling 1.0
[33mdropping column: modbus_value[0m
dropping all time related columns...
[33mdropping column: unixtime[0m
[INFO] columns: Index(['orig', 'type', 'i/f_name', 'i/f_dir', 'src', 'dst', 'proto',
       'appi_name', 'proxy_src_ip', 'modbus_function_code',
       'modbus_function_description', 'modbus_transaction_id', 'scada_tag',
       'service', 's_port', 'classification'],
      dtype='object')
[INFO] processing batch 0-100000/500000
[INFO] breaking into predictors and prediction...
[INFO] creating train/test split: 0.2
[INFO] fitting model
Train on 80000 samples, validate on 20000 samples
Epoch 1/1
 - 5s - loss: 0.0834 - tp: 80000.0000 - fp: 0.0000e+00 - tn: 320000.0000 - fn: 0.0000e+00 - accuracy: 1.0000 - precision: 1.0000 - recall: 1.0000 - auc: 1.0000 - val_loss: 0.0214 - val_tp: 20000.0000 - val_fp: 0.0000e+00 - val_tn: 80000.0000 - val_fn: 0.0000e+00 - val_accuracy: 1.0000 - val_precision: 1.0000 - val_recall: 1.0000 - val_auc: 1.0000
[INFO] saving weights to checkpoints/dnn-epoch-008-files-0-1
[INFO] processing batch 100000-200000/500000
[INFO] breaking into predictors and prediction...
[INFO] creating train/test split: 0.2
[INFO] fitting model
Train on 80000 samples, validate on 20000 samples
Epoch 1/1
 - 5s - loss: 0.0148 - tp: 80000.0000 - fp: 0.0000e+00 - tn: 320000.0000 - fn: 0.0000e+00 - accuracy: 1.0000 - precision: 1.0000 - recall: 1.0000 - auc: 1.0000 - val_loss: 0.0106 - val_tp: 20000.0000 - val_fp: 0.0000e+00 - val_tn: 80000.0000 - val_fn: 0.0000e+00 - val_accuracy: 1.0000 - val_precision: 1.0000 - val_recall: 1.0000 - val_auc: 1.0000
[INFO] saving weights to checkpoints/dnn-epoch-008-files-0-1
[INFO] processing batch 200000-300000/500000
[INFO] breaking into predictors and prediction...
[INFO] creating train/test split: 0.2
[INFO] fitting model
Train on 80000 samples, validate on 20000 samples
Epoch 1/1
 - 5s - loss: 0.0230 - tp: 79766.0000 - fp: 234.0000 - tn: 319766.0000 - fn: 234.0000 - accuracy: 0.9988 - precision: 0.9971 - recall: 0.9971 - auc: 0.9993 - val_loss: 2.3021 - val_tp: 10606.0000 - val_fp: 9394.0000 - val_tn: 70606.0000 - val_fn: 9394.0000 - val_accuracy: 0.8121 - val_precision: 0.5303 - val_recall: 0.5303 - val_auc: 0.8826
[INFO] saving weights to checkpoints/dnn-epoch-008-files-0-1
[INFO] processing batch 300000-400000/500000
[INFO] breaking into predictors and prediction...
[INFO] creating train/test split: 0.2
[INFO] fitting model
Train on 80000 samples, validate on 20000 samples
Epoch 1/1
 - 5s - loss: 0.8402 - tp: 42447.0000 - fp: 37553.0000 - tn: 282447.0000 - fn: 37553.0000 - accuracy: 0.8122 - precision: 0.5306 - recall: 0.5306 - auc: 0.8826 - val_loss: 0.6936 - val_tp: 10626.0000 - val_fp: 9374.0000 - val_tn: 70626.0000 - val_fn: 9374.0000 - val_accuracy: 0.8125 - val_precision: 0.5313 - val_recall: 0.5313 - val_auc: 0.8828
[INFO] saving weights to checkpoints/dnn-epoch-008-files-0-1
[INFO] processing batch 400000-500000/500000
[INFO] breaking into predictors and prediction...
[INFO] creating train/test split: 0.2
[INFO] fitting model
Train on 80000 samples, validate on 20000 samples
Epoch 1/1
 - 5s - loss: 0.6936 - tp: 42438.0000 - fp: 37562.0000 - tn: 282438.0000 - fn: 37562.0000 - accuracy: 0.8122 - precision: 0.5305 - recall: 0.5305 - auc: 0.8826 - val_loss: 0.6936 - val_tp: 10603.0000 - val_fp: 9397.0000 - val_tn: 70603.0000 - val_fn: 9397.0000 - val_accuracy: 0.8121 - val_precision: 0.5301 - val_recall: 0.5301 - val_auc: 0.8825
[INFO] saving weights to checkpoints/dnn-epoch-008-files-0-1
[33m[LOSS] 0.6935533679008484[0m
[CHECKING EARLY STOP]: currentLoss < min_delta ? => 0.6935533679008484  <  0.001
[33m[INFO] epoch 9/10[0m
[33m[INFO] loading file 1-1/1 on epoch 9/10[0m
[INFO] reading file data/SWaT2015-Attack-Files-v0.4-minmax/train/2015-12-28_113021_98.log.part12_sorted-labeled.csv
[INFO] concatenate the files
[INFO] process dataset, shape: (500000, 18)
[INFO] sampling 1.0
[33mdropping column: modbus_value[0m
dropping all time related columns...
[33mdropping column: unixtime[0m
[INFO] columns: Index(['orig', 'type', 'i/f_name', 'i/f_dir', 'src', 'dst', 'proto',
       'appi_name', 'proxy_src_ip', 'modbus_function_code',
       'modbus_function_description', 'modbus_transaction_id', 'scada_tag',
       'service', 's_port', 'classification'],
      dtype='object')
[INFO] processing batch 0-100000/500000
[INFO] breaking into predictors and prediction...
[INFO] creating train/test split: 0.2
[INFO] fitting model
Train on 80000 samples, validate on 20000 samples
Epoch 1/1
 - 5s - loss: 0.0831 - tp: 80000.0000 - fp: 0.0000e+00 - tn: 320000.0000 - fn: 0.0000e+00 - accuracy: 1.0000 - precision: 1.0000 - recall: 1.0000 - auc: 1.0000 - val_loss: 0.0213 - val_tp: 20000.0000 - val_fp: 0.0000e+00 - val_tn: 80000.0000 - val_fn: 0.0000e+00 - val_accuracy: 1.0000 - val_precision: 1.0000 - val_recall: 1.0000 - val_auc: 1.0000
[INFO] saving weights to checkpoints/dnn-epoch-009-files-0-1
[INFO] processing batch 100000-200000/500000
[INFO] breaking into predictors and prediction...
[INFO] creating train/test split: 0.2
[INFO] fitting model
Train on 80000 samples, validate on 20000 samples
Epoch 1/1
 - 5s - loss: 0.0147 - tp: 80000.0000 - fp: 0.0000e+00 - tn: 320000.0000 - fn: 0.0000e+00 - accuracy: 1.0000 - precision: 1.0000 - recall: 1.0000 - auc: 1.0000 - val_loss: 0.0106 - val_tp: 20000.0000 - val_fp: 0.0000e+00 - val_tn: 80000.0000 - val_fn: 0.0000e+00 - val_accuracy: 1.0000 - val_precision: 1.0000 - val_recall: 1.0000 - val_auc: 1.0000
[INFO] saving weights to checkpoints/dnn-epoch-009-files-0-1
[INFO] processing batch 200000-300000/500000
[INFO] breaking into predictors and prediction...
[INFO] creating train/test split: 0.2
[INFO] fitting model
Train on 80000 samples, validate on 20000 samples
Epoch 1/1
 - 5s - loss: 0.0230 - tp: 79766.0000 - fp: 234.0000 - tn: 319766.0000 - fn: 234.0000 - accuracy: 0.9988 - precision: 0.9971 - recall: 0.9971 - auc: 0.9993 - val_loss: 2.3015 - val_tp: 10606.0000 - val_fp: 9394.0000 - val_tn: 70606.0000 - val_fn: 9394.0000 - val_accuracy: 0.8121 - val_precision: 0.5303 - val_recall: 0.5303 - val_auc: 0.8826
[INFO] saving weights to checkpoints/dnn-epoch-009-files-0-1
[INFO] processing batch 300000-400000/500000
[INFO] breaking into predictors and prediction...
[INFO] creating train/test split: 0.2
[INFO] fitting model
Train on 80000 samples, validate on 20000 samples
Epoch 1/1
 - 5s - loss: 0.8403 - tp: 42447.0000 - fp: 37553.0000 - tn: 282447.0000 - fn: 37553.0000 - accuracy: 0.8122 - precision: 0.5306 - recall: 0.5306 - auc: 0.8826 - val_loss: 0.6933 - val_tp: 10626.0000 - val_fp: 9374.0000 - val_tn: 70626.0000 - val_fn: 9374.0000 - val_accuracy: 0.8125 - val_precision: 0.5313 - val_recall: 0.5313 - val_auc: 0.8828
[INFO] saving weights to checkpoints/dnn-epoch-009-files-0-1
[INFO] processing batch 400000-500000/500000
[INFO] breaking into predictors and prediction...
[INFO] creating train/test split: 0.2
[INFO] fitting model
Train on 80000 samples, validate on 20000 samples
Epoch 1/1
 - 5s - loss: 0.6933 - tp: 42438.0000 - fp: 37562.0000 - tn: 282438.0000 - fn: 37562.0000 - accuracy: 0.8122 - precision: 0.5305 - recall: 0.5305 - auc: 0.8826 - val_loss: 0.6934 - val_tp: 10603.0000 - val_fp: 9397.0000 - val_tn: 70603.0000 - val_fn: 9397.0000 - val_accuracy: 0.8121 - val_precision: 0.5301 - val_recall: 0.5301 - val_auc: 0.8825
[INFO] saving weights to checkpoints/dnn-epoch-009-files-0-1
[33m[LOSS] 0.6934195225715637[0m
[CHECKING EARLY STOP]: currentLoss < min_delta ? => 0.6934195225715637  <  0.001
[33m[INFO] epoch 10/10[0m
[33m[INFO] loading file 1-1/1 on epoch 10/10[0m
[INFO] reading file data/SWaT2015-Attack-Files-v0.4-minmax/train/2015-12-28_113021_98.log.part12_sorted-labeled.csv
[INFO] concatenate the files
[INFO] process dataset, shape: (500000, 18)
[INFO] sampling 1.0
[33mdropping column: modbus_value[0m
dropping all time related columns...
[33mdropping column: unixtime[0m
[INFO] columns: Index(['orig', 'type', 'i/f_name', 'i/f_dir', 'src', 'dst', 'proto',
       'appi_name', 'proxy_src_ip', 'modbus_function_code',
       'modbus_function_description', 'modbus_transaction_id', 'scada_tag',
       'service', 's_port', 'classification'],
      dtype='object')
[INFO] processing batch 0-100000/500000
[INFO] breaking into predictors and prediction...
[INFO] creating train/test split: 0.2
[INFO] fitting model
Train on 80000 samples, validate on 20000 samples
Epoch 1/1
 - 5s - loss: 0.0823 - tp: 80000.0000 - fp: 0.0000e+00 - tn: 320000.0000 - fn: 0.0000e+00 - accuracy: 1.0000 - precision: 1.0000 - recall: 1.0000 - auc: 1.0000 - val_loss: 0.0212 - val_tp: 20000.0000 - val_fp: 0.0000e+00 - val_tn: 80000.0000 - val_fn: 0.0000e+00 - val_accuracy: 1.0000 - val_precision: 1.0000 - val_recall: 1.0000 - val_auc: 1.0000
[INFO] saving weights to checkpoints/dnn-epoch-010-files-0-1
[INFO] processing batch 100000-200000/500000
[INFO] breaking into predictors and prediction...
[INFO] creating train/test split: 0.2
[INFO] fitting model
Train on 80000 samples, validate on 20000 samples
Epoch 1/1
 - 5s - loss: 0.0147 - tp: 80000.0000 - fp: 0.0000e+00 - tn: 320000.0000 - fn: 0.0000e+00 - accuracy: 1.0000 - precision: 1.0000 - recall: 1.0000 - auc: 1.0000 - val_loss: 0.0105 - val_tp: 20000.0000 - val_fp: 0.0000e+00 - val_tn: 80000.0000 - val_fn: 0.0000e+00 - val_accuracy: 1.0000 - val_precision: 1.0000 - val_recall: 1.0000 - val_auc: 1.0000
[INFO] saving weights to checkpoints/dnn-epoch-010-files-0-1
[INFO] processing batch 200000-300000/500000
[INFO] breaking into predictors and prediction...
[INFO] creating train/test split: 0.2
[INFO] fitting model
Train on 80000 samples, validate on 20000 samples
Epoch 1/1
 - 5s - loss: 0.0229 - tp: 79766.0000 - fp: 234.0000 - tn: 319766.0000 - fn: 234.0000 - accuracy: 0.9988 - precision: 0.9971 - recall: 0.9971 - auc: 0.9993 - val_loss: 2.3006 - val_tp: 10606.0000 - val_fp: 9394.0000 - val_tn: 70606.0000 - val_fn: 9394.0000 - val_accuracy: 0.8121 - val_precision: 0.5303 - val_recall: 0.5303 - val_auc: 0.8826
[INFO] saving weights to checkpoints/dnn-epoch-010-files-0-1
[INFO] processing batch 300000-400000/500000
[INFO] breaking into predictors and prediction...
[INFO] creating train/test split: 0.2
[INFO] fitting model
Train on 80000 samples, validate on 20000 samples
Epoch 1/1
 - 5s - loss: 0.8400 - tp: 42447.0000 - fp: 37553.0000 - tn: 282447.0000 - fn: 37553.0000 - accuracy: 0.8122 - precision: 0.5306 - recall: 0.5306 - auc: 0.8826 - val_loss: 0.6930 - val_tp: 10626.0000 - val_fp: 9374.0000 - val_tn: 70626.0000 - val_fn: 9374.0000 - val_accuracy: 0.8125 - val_precision: 0.5313 - val_recall: 0.5313 - val_auc: 0.8828
[INFO] saving weights to checkpoints/dnn-epoch-010-files-0-1
[INFO] processing batch 400000-500000/500000
[INFO] breaking into predictors and prediction...
[INFO] creating train/test split: 0.2
[INFO] fitting model
Train on 80000 samples, validate on 20000 samples
Epoch 1/1
 - 5s - loss: 0.6931 - tp: 42438.0000 - fp: 37562.0000 - tn: 282438.0000 - fn: 37562.0000 - accuracy: 0.8122 - precision: 0.5305 - recall: 0.5305 - auc: 0.8825 - val_loss: 0.6931 - val_tp: 10603.0000 - val_fp: 9397.0000 - val_tn: 70603.0000 - val_fn: 9397.0000 - val_accuracy: 0.8121 - val_precision: 0.5301 - val_recall: 0.5301 - val_auc: 0.8825
[INFO] saving weights to checkpoints/dnn-epoch-010-files-0-1
[33m[LOSS] 0.6930973626136779[0m
[CHECKING EARLY STOP]: currentLoss < min_delta ? => 0.6930973626136779  <  0.001
--- 280.42263889312744 seconds ---
2020-02-06 04:07:57.646369: I tensorflow/core/platform/cpu_feature_guard.cc:142] Your CPU supports instructions that this TensorFlow binary was not compiled to use: AVX2 FMA
2020-02-06 04:07:57.658621: I tensorflow/compiler/xla/service/service.cc:168] XLA service 0x7fcb65f32b30 initialized for platform Host (this does not guarantee that XLA will be used). Devices:
2020-02-06 04:07:57.658653: I tensorflow/compiler/xla/service/service.cc:176]   StreamExecutor device (0): Host, Default Version
Using TensorFlow backend.
WARNING:tensorflow:Large dropout rate: 0.8 (>0.5). In TensorFlow 2.x, dropout() uses dropout rate instead of keep_prob. Please ensure that this is intended.
=============================
        SCORING v0.4
=============================
Date: 2020-02-06 04:07:57.642839
[33m[INFO] using Sequential Dense layers[0m
[INFO] adding core layer 0
[INFO] adding core layer 1
[INFO] adding core layer 2
[INFO] created DNN
loading weights: checkpoints/*
loading file checkpoints/dnn-epoch-010-files-0-1
[33m[INFO] model summary:[0m
Model: "sequential_1"
_________________________________________________________________
Layer (type)                 Output Shape              Param #   
=================================================================
dense_1 (Dense)              (None, 16)                256       
_________________________________________________________________
dropout_1 (Dropout)          (None, 16)                0         
_________________________________________________________________
dense_2 (Dense)              (None, 64)                1088      
_________________________________________________________________
dropout_2 (Dropout)          (None, 64)                0         
_________________________________________________________________
dense_3 (Dense)              (None, 64)                4160      
_________________________________________________________________
dropout_3 (Dropout)          (None, 64)                0         
_________________________________________________________________
dense_4 (Dense)              (None, 64)                4160      
_________________________________________________________________
dropout_4 (Dropout)          (None, 64)                0         
_________________________________________________________________
dense_5 (Dense)              (None, 16)                1040      
_________________________________________________________________
dropout_5 (Dropout)          (None, 16)                0         
_________________________________________________________________
dense_6 (Dense)              (None, 1)                 17        
_________________________________________________________________
dropout_6 (Dropout)          (None, 1)                 0         
_________________________________________________________________
dense_7 (Dense)              (None, 5)                 10        
=================================================================
Total params: 10,731
Trainable params: 10,731
Non-trainable params: 0
_________________________________________________________________
[INFO] reading file data/SWaT2015-Attack-Files-v0.4-minmax/train/2015-12-28_113021_98.log.part13_sorted-labeled.csv
[INFO] process dataset, shape: (500000, 18)
[33mdropping column: modbus_value[0m
dropping all time related columns...
[33mdropping column: unixtime[0m
[INFO] columns: Index(['orig', 'type', 'i/f_name', 'i/f_dir', 'src', 'dst', 'proto',
       'appi_name', 'proxy_src_ip', 'modbus_function_code',
       'modbus_function_description', 'modbus_transaction_id', 'scada_tag',
       'service', 's_port', 'classification'],
      dtype='object')
[INFO] analyze dataset: (500000, 16)

[INFO] analyzing data
[INFO] 500000 rows
[INFO] ** orig:[0.5:100.0%]
[INFO] ** type:[1.0:100.0%]
[INFO] ** i/f_name:[0.0:99.9996%,0.5:0.0004%]
[INFO] ** i/f_dir:[0.0:99.9996%,1.0:0.0004%]
[INFO] ** src:[0.0666666667:38.3832%,0.9333333333:25.9606%,0.6666666667:18.1352%,0.3333333333:17.52%,0.1333333333:0.0004%,1.0:0.0004%,0.5333333333:0.0002%]
[INFO] ** dst:[0.1764705882:43.3108%,0.9411764706:21.0326%,0.8823529412000001:18.135%,0.5294117647:17.5198%,0.0:0.0008%,0.2941176471:0.0004%,0.4117647059:0.0004%,0.23529411760000002:0.0002%]
[INFO] ** proto:[0.5:99.9996%,0.0:0.0004%]
[INFO] ** appi_name:[0.0:99.9992%,0.0384615385:0.0004%,0.5384615385:0.0002%,0.7307692308:0.0002%]
[INFO] ** proxy_src_ip:[0.6666666667:38.3832%,0.0:25.9606%,0.9333333333:18.1352%,0.4:17.52%,0.5333333333:0.0004%,0.7333333333:0.0004%,0.6:0.0002%]
[INFO] ** modbus_function_code:[0.9743589744:99.9992%,0.0:0.0008%]
[INFO] ** modbus_function_description:[0.2:50.0%,0.0:49.9992%,0.4:0.0008%]
[INFO] ** modbus_transaction_id:65536 (13.1072%)
[INFO] ** scada_tag:[1.0:25.9596%,0.6:21.0326%,0.8:18.1348%,0.0:17.5194%,0.4:17.3504%,0.2:0.0032%]
[INFO] ** service:[0.7025755984000001:99.9992%,0.0:0.0004%,0.0012540954:0.0002%,0.002116286:0.0002%]
[INFO] ** s_port:[0.834280824:25.96%,0.8139250565:21.0326%,0.8029830673999999:18.1348%,0.8149336757:17.5196%,0.8137722355:17.3506%,0.8343113882:0.0004%,0.0:0.0004%,0.8059172320999999:0.0002%,0.8030136315999999:0.0002%,0.8147502904:0.0002%,0.8030441959000001:0.0002%,0.814841983:0.0002%,0.9621003729000001:0.0002%,0.8345253376999999:0.0002%,0.7788831836:0.0002%]
[INFO] ** classification:[normal:72.7902%,Single Stage Single Point:27.2098%]
[INFO] columns with count within 2-10 {'i/f_name': 2, 'i/f_dir': 2, 'src': 7, 'dst': 8, 'proto': 2, 'appi_name': 4, 'proxy_src_ip': 7, 'modbus_function_code': 2, 'modbus_function_description': 3, 'scada_tag': 6, 'service': 4, 'classification': 2}
[INFO] processing batch 0-100000/500000
[33m[INFO] measuring accuracy...[0m
x_test.shape: (100000, 15)
y_eval [1 0 1 ... 0 1 0] (100000,)
[INFO] Validation score: [33m0.53024[0m
[33m[INFO] metrics:[0m
loss :  0.693086543083191
tp :  53024.0
fp :  46976.0
tn :  353024.0
fn :  46976.0
accuracy :  0.8120954632759094
precision :  0.530239999294281
recall :  0.530239999294281
auc :  0.8825600147247314

y_eval {0: 53024, 1: 46976}
pred {0: 100000}
[INFO] confusion matrix for file 
[[53024     0     0     0     0]
 [46976     0     0     0     0]
 [    0     0     0     0     0]
 [    0     0     0     0     0]
 [    0     0     0     0     0]]
[INFO] confusion matrix after adding it to total:
[[53024     0     0     0     0]
 [46976     0     0     0     0]
 [    0     0     0     0     0]
 [    0     0     0     0     0]
 [    0     0     0     0     0]]
[INFO] processing batch 100000-200000/500000
[33m[INFO] measuring accuracy...[0m
x_test.shape: (100000, 15)
y_eval [0 1 0 ... 0 0 0] (100000,)
[INFO] Validation score: [33m0.87619[0m
[33m[INFO] metrics:[0m
loss :  0.6514946359825134
tp :  87619.0
fp :  12381.0
tn :  387619.0
fn :  12381.0
accuracy :  0.9504759907722473
precision :  0.8761900067329407
recall :  0.8761900067329407
auc :  0.969047486782074

y_eval {0: 87619, 1: 12381}
pred {0: 100000}
[INFO] confusion matrix for file 
[[87619     0     0     0     0]
 [12381     0     0     0     0]
 [    0     0     0     0     0]
 [    0     0     0     0     0]
 [    0     0     0     0     0]]
[INFO] confusion matrix after adding it to total:
[[140643      0      0      0      0]
 [ 59357      0      0      0      0]
 [     0      0      0      0      0]
 [     0      0      0      0      0]
 [     0      0      0      0      0]]
[INFO] processing batch 200000-300000/500000
[33m[INFO] measuring accuracy...[0m
x_test.shape: (100000, 15)
y_eval [0 0 0 ... 1 0 1] (100000,)
[INFO] Validation score: [33m0.83025[0m
[33m[INFO] metrics:[0m
loss :  0.6570177812194824
tp :  83025.0
fp :  16975.0
tn :  383025.0
fn :  16975.0
accuracy :  0.9321004152297974
precision :  0.8302500247955322
recall :  0.8302500247955322
auc :  0.9575625061988831

y_eval {0: 83025, 1: 16975}
pred {0: 100000}
[INFO] confusion matrix for file 
[[83025     0     0     0     0]
 [16975     0     0     0     0]
 [    0     0     0     0     0]
 [    0     0     0     0     0]
 [    0     0     0     0     0]]
[INFO] confusion matrix after adding it to total:
[[223668      0      0      0      0]
 [ 76332      0      0      0      0]
 [     0      0      0      0      0]
 [     0      0      0      0      0]
 [     0      0      0      0      0]]
[INFO] processing batch 300000-400000/500000
[33m[INFO] measuring accuracy...[0m
x_test.shape: (100000, 15)
y_eval [1 0 0 ... 1 1 0] (100000,)
[INFO] Validation score: [33m0.52923[0m
[33m[INFO] metrics:[0m
loss :  0.693207969493866
tp :  52923.0
fp :  47077.0
tn :  352923.0
fn :  47077.0
accuracy :  0.8116926550865173
precision :  0.529229998588562
recall :  0.529229998588562
auc :  0.8823075294494629

y_eval {0: 52923, 1: 47077}
pred {0: 100000}
[INFO] confusion matrix for file 
[[52923     0     0     0     0]
 [47077     0     0     0     0]
 [    0     0     0     0     0]
 [    0     0     0     0     0]
 [    0     0     0     0     0]]
[INFO] confusion matrix after adding it to total:
[[276591      0      0      0      0]
 [123409      0      0      0      0]
 [     0      0      0      0      0]
 [     0      0      0      0      0]
 [     0      0      0      0      0]]
[INFO] processing batch 400000-500000/500000
[33m[INFO] measuring accuracy...[0m
x_test.shape: (100000, 15)
y_eval [0 0 1 ... 0 0 0] (100000,)
[INFO] Validation score: [33m0.8736[0m
[33m[INFO] metrics:[0m
loss :  0.6518060190010071
tp :  87360.0
fp :  12640.0
tn :  387360.0
fn :  12640.0
accuracy :  0.949440062046051
precision :  0.8736000061035156
recall :  0.8736000061035156
auc :  0.9684000015258789

y_eval {0: 87360, 1: 12640}
pred {0: 100000}
[INFO] confusion matrix for file 
[[87360     0     0     0     0]
 [12640     0     0     0     0]
 [    0     0     0     0     0]
 [    0     0     0     0     0]
 [    0     0     0     0     0]]
[INFO] confusion matrix after adding it to total:
[[363951      0      0      0      0]
 [136049      0      0      0      0]
 [     0      0      0      0      0]
 [     0      0      0      0      0]
 [     0      0      0      0      0]]
--- 23.924793004989624 seconds ---
