2020-02-09 19:50:05.803838: W tensorflow/stream_executor/platform/default/dso_loader.cc:55] Could not load dynamic library 'libnvinfer.so.6'; dlerror: libnvinfer.so.6: cannot open shared object file: No such file or directory
2020-02-09 19:50:05.803993: W tensorflow/stream_executor/platform/default/dso_loader.cc:55] Could not load dynamic library 'libnvinfer_plugin.so.6'; dlerror: libnvinfer_plugin.so.6: cannot open shared object file: No such file or directory
2020-02-09 19:50:05.804007: W tensorflow/compiler/tf2tensorrt/utils/py_utils.cc:30] Cannot dlopen some TensorRT libraries. If you would like to use Nvidia GPU with TensorRT, please make sure the missing libraries mentioned above are installed properly.
2020-02-09 19:50:06.604442: W tensorflow/stream_executor/platform/default/dso_loader.cc:55] Could not load dynamic library 'libcuda.so.1'; dlerror: libcuda.so.1: cannot open shared object file: No such file or directory
2020-02-09 19:50:06.604472: E tensorflow/stream_executor/cuda/cuda_driver.cc:351] failed call to cuInit: UNKNOWN ERROR (303)
2020-02-09 19:50:06.604500: I tensorflow/stream_executor/cuda/cuda_diagnostics.cc:156] kernel driver does not appear to be running on this host (***REMOVED***): /proc/driver/nvidia/version does not exist
2020-02-09 19:50:06.604672: I tensorflow/core/platform/cpu_feature_guard.cc:142] Your CPU supports instructions that this TensorFlow binary was not compiled to use: AVX2 FMA
2020-02-09 19:50:06.613781: I tensorflow/core/platform/profile_utils/cpu_utils.cc:94] CPU Frequency: 2112050000 Hz
2020-02-09 19:50:06.615065: I tensorflow/compiler/xla/service/service.cc:168] XLA service 0x5bd31d0 initialized for platform Host (this does not guarantee that XLA will be used). Devices:
2020-02-09 19:50:06.615088: I tensorflow/compiler/xla/service/service.cc:176]   StreamExecutor device (0): Host, Default Version
Using TensorFlow backend.
WARNING:tensorflow:Large dropout rate: 0.8 (>0.5). In TensorFlow 2.x, dropout() uses dropout rate instead of keep_prob. Please ensure that this is intended.
2020-02-09 19:55:37.691268: E tensorflow/core/grappler/optimizers/meta_optimizer.cc:561] remapper failed: Invalid argument: MutableGraphView::MutableGraphView error: node 'loss/dense_2_loss/binary_crossentropy/weighted_loss/concat' has self cycle fanin 'loss/dense_2_loss/binary_crossentropy/weighted_loss/concat'.
2020-02-09 19:55:37.707950: E tensorflow/core/grappler/optimizers/dependency_optimizer.cc:717] Iteration = 0, topological sort failed with message: The graph couldn't be sorted in topological order.
2020-02-09 19:55:37.715510: E tensorflow/core/grappler/optimizers/dependency_optimizer.cc:717] Iteration = 1, topological sort failed with message: The graph couldn't be sorted in topological order.
2020-02-09 19:55:37.775966: E tensorflow/core/grappler/optimizers/meta_optimizer.cc:561] arithmetic_optimizer failed: Invalid argument: The graph couldn't be sorted in topological order.
2020-02-09 19:55:37.779578: E tensorflow/core/grappler/optimizers/meta_optimizer.cc:561] remapper failed: Invalid argument: MutableGraphView::MutableGraphView error: node 'loss/dense_2_loss/binary_crossentropy/weighted_loss/concat' has self cycle fanin 'loss/dense_2_loss/binary_crossentropy/weighted_loss/concat'.
2020-02-09 19:55:37.784879: E tensorflow/core/grappler/optimizers/dependency_optimizer.cc:717] Iteration = 0, topological sort failed with message: The graph couldn't be sorted in topological order.
2020-02-09 19:55:37.790218: E tensorflow/core/grappler/optimizers/dependency_optimizer.cc:717] Iteration = 1, topological sort failed with message: The graph couldn't be sorted in topological order.
2020-02-09 19:55:37.803958: W tensorflow/core/common_runtime/process_function_library_runtime.cc:697] Ignoring multi-device function optimization failure: Invalid argument: The graph couldn't be sorted in topological order.
2020-02-09 19:55:44.331736: E tensorflow/core/grappler/optimizers/meta_optimizer.cc:561] remapper failed: Invalid argument: MutableGraphView::MutableGraphView error: node 'loss/dense_2_loss/binary_crossentropy/weighted_loss/concat' has self cycle fanin 'loss/dense_2_loss/binary_crossentropy/weighted_loss/concat'.
2020-02-09 19:55:44.336322: E tensorflow/core/grappler/optimizers/dependency_optimizer.cc:717] Iteration = 0, topological sort failed with message: The graph couldn't be sorted in topological order.
2020-02-09 19:55:44.338516: E tensorflow/core/grappler/optimizers/dependency_optimizer.cc:717] Iteration = 1, topological sort failed with message: The graph couldn't be sorted in topological order.
2020-02-09 19:55:44.354357: E tensorflow/core/grappler/optimizers/meta_optimizer.cc:561] arithmetic_optimizer failed: Invalid argument: The graph couldn't be sorted in topological order.
2020-02-09 19:55:44.355417: E tensorflow/core/grappler/optimizers/meta_optimizer.cc:561] remapper failed: Invalid argument: MutableGraphView::MutableGraphView error: node 'loss/dense_2_loss/binary_crossentropy/weighted_loss/concat' has self cycle fanin 'loss/dense_2_loss/binary_crossentropy/weighted_loss/concat'.
2020-02-09 19:55:44.356950: E tensorflow/core/grappler/optimizers/dependency_optimizer.cc:717] Iteration = 0, topological sort failed with message: The graph couldn't be sorted in topological order.
2020-02-09 19:55:44.358510: E tensorflow/core/grappler/optimizers/dependency_optimizer.cc:717] Iteration = 1, topological sort failed with message: The graph couldn't be sorted in topological order.
2020-02-09 19:55:44.363542: W tensorflow/core/common_runtime/process_function_library_runtime.cc:697] Ignoring multi-device function optimization failure: Invalid argument: The graph couldn't be sorted in topological order.
=================================================
        TRAINING v0.4.5 (binary)
=================================================
Date: 2020-02-09 19:50:06.597756
------------DNN info-------------
dnnBatchSize 16
wrapLayerSize 2
coreLayerSize 4
numCoreLayers 1
outputLayerActivation sigmoid
output_dim 2
loss binary_crossentropy
optimizer sgd
------------DNN info-------------
[INFO] input_shape (16, 107)
[INFO] LSTM first and last layer neurons: 2
[INFO] adding core layer 0
[INFO] created DNN
[33m[INFO] epoch 1/3[0m
[33m[INFO] loading file 1-50/50 on epoch 1/3[0m
[INFO] reading file data/SWaT2015-Attack-Files-v0.4.3-minmax-text/train/2015-12-28_113021_98.log.part12_sorted-labeled.csv
[INFO] reading file data/SWaT2015-Attack-Files-v0.4.3-minmax-text/train/2015-12-28_113021_98.log.part13_sorted-labeled.csv
[INFO] reading file data/SWaT2015-Attack-Files-v0.4.3-minmax-text/train/2015-12-28_164554_99.log.part01_sorted-labeled.csv
[INFO] reading file data/SWaT2015-Attack-Files-v0.4.3-minmax-text/train/2015-12-28_164554_99.log.part02_sorted-labeled.csv
[INFO] reading file data/SWaT2015-Attack-Files-v0.4.3-minmax-text/train/2015-12-28_164554_99.log.part03_sorted-labeled.csv
[INFO] reading file data/SWaT2015-Attack-Files-v0.4.3-minmax-text/train/2015-12-28_164554_99.log.part05_sorted-labeled.csv
[INFO] reading file data/SWaT2015-Attack-Files-v0.4.3-minmax-text/train/2015-12-28_164554_99.log.part06_sorted-labeled.csv
[INFO] reading file data/SWaT2015-Attack-Files-v0.4.3-minmax-text/train/2015-12-28_164554_99.log.part08_sorted-labeled.csv
[INFO] reading file data/SWaT2015-Attack-Files-v0.4.3-minmax-text/train/2015-12-28_164554_99.log.part09_sorted-labeled.csv
[INFO] reading file data/SWaT2015-Attack-Files-v0.4.3-minmax-text/train/2015-12-29_134830_103.log.part08_sorted-labeled.csv
[INFO] reading file data/SWaT2015-Attack-Files-v0.4.3-minmax-text/train/2015-12-29_134830_103.log.part09_sorted-labeled.csv
[INFO] reading file data/SWaT2015-Attack-Files-v0.4.3-minmax-text/train/2015-12-29_134830_103.log.part10_sorted-labeled.csv
[INFO] reading file data/SWaT2015-Attack-Files-v0.4.3-minmax-text/train/2015-12-29_190411_104.log.part03_sorted-labeled.csv
[INFO] reading file data/SWaT2015-Attack-Files-v0.4.3-minmax-text/train/2015-12-29_190411_104.log.part04_sorted-labeled.csv
[INFO] reading file data/SWaT2015-Attack-Files-v0.4.3-minmax-text/train/2015-12-29_190411_104.log.part13_sorted-labeled.csv
[INFO] reading file data/SWaT2015-Attack-Files-v0.4.3-minmax-text/train/2015-12-29_190411_104.log.part14_sorted-labeled.csv
[INFO] reading file data/SWaT2015-Attack-Files-v0.4.3-minmax-text/train/2015-12-30_001940_105.log.part11_sorted-labeled.csv
[INFO] reading file data/SWaT2015-Attack-Files-v0.4.3-minmax-text/train/2015-12-30_053515_106.log.part05_sorted-labeled.csv
[INFO] reading file data/SWaT2015-Attack-Files-v0.4.3-minmax-text/train/2015-12-30_105053_107.log.part12_sorted-labeled.csv
[INFO] reading file data/SWaT2015-Attack-Files-v0.4.3-minmax-text/train/2015-12-30_105053_107.log.part13_sorted-labeled.csv
[INFO] reading file data/SWaT2015-Attack-Files-v0.4.3-minmax-text/train/2015-12-30_212042_109.log.part03_sorted-labeled.csv
[INFO] reading file data/SWaT2015-Attack-Files-v0.4.3-minmax-text/train/2015-12-30_212042_109.log.part04_sorted-labeled.csv
[INFO] reading file data/SWaT2015-Attack-Files-v0.4.3-minmax-text/train/2015-12-30_212042_109.log.part05_sorted-labeled.csv
[INFO] reading file data/SWaT2015-Attack-Files-v0.4.3-minmax-text/train/2015-12-31_023431_110.log.part11_sorted-labeled.csv
[INFO] reading file data/SWaT2015-Attack-Files-v0.4.3-minmax-text/train/2015-12-31_023431_110.log.part12_sorted-labeled.csv
[INFO] reading file data/SWaT2015-Attack-Files-v0.4.3-minmax-text/train/2015-12-31_023431_110.log.part13_sorted-labeled.csv
[INFO] reading file data/SWaT2015-Attack-Files-v0.4.3-minmax-text/train/2015-12-31_023431_110.log.part14_sorted-labeled.csv
[INFO] reading file data/SWaT2015-Attack-Files-v0.4.3-minmax-text/train/2015-12-31_074818_111.log.part01_sorted-labeled.csv
[INFO] reading file data/SWaT2015-Attack-Files-v0.4.3-minmax-text/train/2015-12-31_074818_111.log.part02_sorted-labeled.csv
[INFO] reading file data/SWaT2015-Attack-Files-v0.4.3-minmax-text/train/2015-12-31_074818_111.log.part03_sorted-labeled.csv
[INFO] reading file data/SWaT2015-Attack-Files-v0.4.3-minmax-text/train/2015-12-31_074818_111.log.part04_sorted-labeled.csv
[INFO] reading file data/SWaT2015-Attack-Files-v0.4.3-minmax-text/train/2015-12-31_074818_111.log.part05_sorted-labeled.csv
[INFO] reading file data/SWaT2015-Attack-Files-v0.4.3-minmax-text/train/2015-12-31_074818_111.log.part06_sorted-labeled.csv
[INFO] reading file data/SWaT2015-Attack-Files-v0.4.3-minmax-text/train/2015-12-31_074818_111.log.part07_sorted-labeled.csv
[INFO] reading file data/SWaT2015-Attack-Files-v0.4.3-minmax-text/train/2015-12-31_074818_111.log.part08_sorted-labeled.csv
[INFO] reading file data/SWaT2015-Attack-Files-v0.4.3-minmax-text/train/2015-12-31_074818_111.log.part09_sorted-labeled.csv
[INFO] reading file data/SWaT2015-Attack-Files-v0.4.3-minmax-text/train/2015-12-31_074818_111.log.part10_sorted-labeled.csv
[INFO] reading file data/SWaT2015-Attack-Files-v0.4.3-minmax-text/train/2015-12-31_074818_111.log.part11_sorted-labeled.csv
[INFO] reading file data/SWaT2015-Attack-Files-v0.4.3-minmax-text/train/2015-12-31_074818_111.log.part12_sorted-labeled.csv
[INFO] reading file data/SWaT2015-Attack-Files-v0.4.3-minmax-text/train/2015-12-31_074818_111.log.part13_sorted-labeled.csv
[INFO] reading file data/SWaT2015-Attack-Files-v0.4.3-minmax-text/train/2015-12-31_074818_111.log.part14_sorted-labeled.csv
[INFO] reading file data/SWaT2015-Attack-Files-v0.4.3-minmax-text/train/2015-12-31_130240_112.log.part01_sorted-labeled.csv
[INFO] reading file data/SWaT2015-Attack-Files-v0.4.3-minmax-text/train/2015-12-31_130240_112.log.part02_sorted-labeled.csv
[INFO] reading file data/SWaT2015-Attack-Files-v0.4.3-minmax-text/train/2015-12-31_130240_112.log.part03_sorted-labeled.csv
[INFO] reading file data/SWaT2015-Attack-Files-v0.4.3-minmax-text/train/2015-12-31_130240_112.log.part04_sorted-labeled.csv
[INFO] reading file data/SWaT2015-Attack-Files-v0.4.3-minmax-text/train/2015-12-31_130240_112.log.part05_sorted-labeled.csv
[INFO] reading file data/SWaT2015-Attack-Files-v0.4.3-minmax-text/train/2015-12-31_130240_112.log.part06_sorted-labeled.csv
[INFO] reading file data/SWaT2015-Attack-Files-v0.4.3-minmax-text/train/2015-12-31_130240_112.log.part07_sorted-labeled.csv
[INFO] reading file data/SWaT2015-Attack-Files-v0.4.3-minmax-text/train/2015-12-31_130240_112.log.part08_sorted-labeled.csv
[INFO] reading file data/SWaT2015-Attack-Files-v0.4.3-minmax-text/train/2015-12-31_130240_112.log.part09_sorted-labeled.csv
[INFO] concatenate the files
[INFO] process dataset, shape: (24819975, 18)
[INFO] sampling 1.0
[33mdropping column: modbus_value[0m
[INFO] columns: Index(['unixtime', 'orig', 'type', 'i/f_name', 'i/f_dir', 'src', 'dst',
       'proto', 'appi_name', 'proxy_src_ip', 'modbus_function_code',
       'modbus_function_description', 'modbus_transaction_id', 'scada_tag',
       'service', 's_port', 'classification'],
      dtype='object')
[INFO] Shape when encoding dataset: (24819975, 17)
[33mencode_text_dummy orig[0m
[33mencode_text_dummy type[0m
[33mencode_text_dummy i/f_name[0m
[33mencode_text_dummy i/f_dir[0m
[33mencode_text_dummy src[0m
[33mencode_text_dummy dst[0m
[33mencode_text_dummy proto[0m
[33mencode_text_dummy appi_name[0m
[33mencode_text_dummy proxy_src_ip[0m
[33mencode_text_dummy modbus_function_description[0m
[33mencode_text_dummy scada_tag[0m
missing -1
len(df.columns) 108
numFeatures 107
[INFO] Shape AFTER encoding dataset: (24819975, 108)
[INFO] processing batch 0-256000/24819975
[INFO] breaking into predictors and prediction...
[INFO] creating train/test split: 0.25
[INFO] using LSTM layers
[INFO] fitting model. xtrain.shape: (12000, 16, 107) y_train.shape: (12000, 16, 2)
Train on 12000 samples, validate on 4000 samples
Epoch 1/1
 - 8s - loss: 0.4742 - tp: 191566.0000 - fp: 78.0000 - tn: 191922.0000 - fn: 434.0000 - accuracy: 0.9987 - precision: 0.9996 - recall: 0.9977 - auc: 0.9999 - val_loss: 0.3099 - val_tp: 64000.0000 - val_fp: 0.0000e+00 - val_tn: 64000.0000 - val_fn: 0.0000e+00 - val_accuracy: 1.0000 - val_precision: 1.0000 - val_recall: 1.0000 - val_auc: 1.0000
[INFO] saving weights to checkpoints/lstm-epoch-001-files-0-50-batch-0-256000
[INFO] processing batch 256000-512000/24819975
[INFO] breaking into predictors and prediction...
[INFO] creating train/test split: 0.25
[INFO] using LSTM layers
[INFO] fitting model. xtrain.shape: (12000, 16, 107) y_train.shape: (12000, 16, 2)
Train on 12000 samples, validate on 4000 samples
Epoch 1/1
 - 7s - loss: 0.7060 - tp: 112918.0000 - fp: 79082.0000 - tn: 112918.0000 - fn: 79082.0000 - accuracy: 0.5881 - precision: 0.5881 - recall: 0.5881 - auc: 0.5883 - val_loss: 0.7173 - val_tp: 33927.0000 - val_fp: 30073.0000 - val_tn: 33927.0000 - val_fn: 30073.0000 - val_accuracy: 0.5301 - val_precision: 0.5301 - val_recall: 0.5301 - val_auc: 0.5301
[INFO] saving weights to checkpoints/lstm-epoch-001-files-0-50-batch-256000-512000
[INFO] processing batch 512000-768000/24819975
[INFO] breaking into predictors and prediction...
[INFO] creating train/test split: 0.25
[INFO] using LSTM layers
[INFO] fitting model. xtrain.shape: (12000, 16, 107) y_train.shape: (12000, 16, 2)
Train on 12000 samples, validate on 4000 samples
Epoch 1/1
 - 7s - loss: 0.6025 - tp: 138284.0000 - fp: 53716.0000 - tn: 138284.0000 - fn: 53716.0000 - accuracy: 0.7202 - precision: 0.7202 - recall: 0.7202 - auc: 0.7213 - val_loss: 0.4148 - val_tp: 62058.0000 - val_fp: 1942.0000 - val_tn: 62058.0000 - val_fn: 1942.0000 - val_accuracy: 0.9697 - val_precision: 0.9697 - val_recall: 0.9697 - val_auc: 0.9697
[INFO] saving weights to checkpoints/lstm-epoch-001-files-0-50-batch-512000-768000
[INFO] processing batch 768000-1024000/24819975
[INFO] breaking into predictors and prediction...
[INFO] creating train/test split: 0.25
[INFO] using LSTM layers
[INFO] fitting model. xtrain.shape: (12000, 16, 107) y_train.shape: (12000, 16, 2)
Train on 12000 samples, validate on 4000 samples
Epoch 1/1
 - 8s - loss: 0.6734 - tp: 117250.0000 - fp: 74750.0000 - tn: 117250.0000 - fn: 74750.0000 - accuracy: 0.6107 - precision: 0.6107 - recall: 0.6107 - auc: 0.6106 - val_loss: 0.5235 - val_tp: 55591.0000 - val_fp: 8409.0000 - val_tn: 55591.0000 - val_fn: 8409.0000 - val_accuracy: 0.8686 - val_precision: 0.8686 - val_recall: 0.8686 - val_auc: 0.8686
[INFO] saving weights to checkpoints/lstm-epoch-001-files-0-50-batch-768000-1024000
[INFO] processing batch 1024000-1280000/24819975
[INFO] breaking into predictors and prediction...
[INFO] creating train/test split: 0.25
[INFO] using LSTM layers
[INFO] fitting model. xtrain.shape: (12000, 16, 107) y_train.shape: (12000, 16, 2)
Train on 12000 samples, validate on 4000 samples
Epoch 1/1
 - 7s - loss: 0.6174 - tp: 133967.0000 - fp: 58033.0000 - tn: 133967.0000 - fn: 58033.0000 - accuracy: 0.6977 - precision: 0.6977 - recall: 0.6977 - auc: 0.6973 - val_loss: 0.4051 - val_tp: 64000.0000 - val_fp: 0.0000e+00 - val_tn: 64000.0000 - val_fn: 0.0000e+00 - val_accuracy: 1.0000 - val_precision: 1.0000 - val_recall: 1.0000 - val_auc: 1.0000
[INFO] saving weights to checkpoints/lstm-epoch-001-files-0-50-batch-1024000-1280000
[INFO] processing batch 1280000-1536000/24819975
[INFO] breaking into predictors and prediction...
[INFO] creating train/test split: 0.25
[INFO] using LSTM layers
[INFO] fitting model. xtrain.shape: (12000, 16, 107) y_train.shape: (12000, 16, 2)
Train on 12000 samples, validate on 4000 samples
Epoch 1/1
 - 7s - loss: 0.2956 - tp: 192000.0000 - fp: 0.0000e+00 - tn: 192000.0000 - fn: 0.0000e+00 - accuracy: 1.0000 - precision: 1.0000 - recall: 1.0000 - auc: 1.0000 - val_loss: 0.2056 - val_tp: 64000.0000 - val_fp: 0.0000e+00 - val_tn: 64000.0000 - val_fn: 0.0000e+00 - val_accuracy: 1.0000 - val_precision: 1.0000 - val_recall: 1.0000 - val_auc: 1.0000
[INFO] saving weights to checkpoints/lstm-epoch-001-files-0-50-batch-1280000-1536000
[INFO] processing batch 1536000-1792000/24819975
[INFO] breaking into predictors and prediction...
[INFO] creating train/test split: 0.25
[INFO] using LSTM layers
[INFO] fitting model. xtrain.shape: (12000, 16, 107) y_train.shape: (12000, 16, 2)
Train on 12000 samples, validate on 4000 samples
Epoch 1/1
 - 7s - loss: 0.1818 - tp: 191999.0000 - fp: 1.0000 - tn: 191999.0000 - fn: 1.0000 - accuracy: 1.0000 - precision: 1.0000 - recall: 1.0000 - auc: 1.0000 - val_loss: 0.1259 - val_tp: 64000.0000 - val_fp: 0.0000e+00 - val_tn: 64000.0000 - val_fn: 0.0000e+00 - val_accuracy: 1.0000 - val_precision: 1.0000 - val_recall: 1.0000 - val_auc: 1.0000
[INFO] saving weights to checkpoints/lstm-epoch-001-files-0-50-batch-1536000-1792000
[INFO] processing batch 1792000-2048000/24819975
[INFO] breaking into predictors and prediction...
[INFO] creating train/test split: 0.25
[INFO] using LSTM layers
[INFO] fitting model. xtrain.shape: (12000, 16, 107) y_train.shape: (12000, 16, 2)
Train on 12000 samples, validate on 4000 samples
Epoch 1/1
 - 7s - loss: 0.5737 - tp: 148221.0000 - fp: 43779.0000 - tn: 148221.0000 - fn: 43779.0000 - accuracy: 0.7720 - precision: 0.7720 - recall: 0.7720 - auc: 0.7722 - val_loss: 0.3423 - val_tp: 57941.0000 - val_fp: 6059.0000 - val_tn: 57941.0000 - val_fn: 6059.0000 - val_accuracy: 0.9053 - val_precision: 0.9053 - val_recall: 0.9053 - val_auc: 0.9053
[INFO] saving weights to checkpoints/lstm-epoch-001-files-0-50-batch-1792000-2048000
[INFO] processing batch 2048000-2304000/24819975
[INFO] breaking into predictors and prediction...
[INFO] creating train/test split: 0.25
[INFO] using LSTM layers
[INFO] fitting model. xtrain.shape: (12000, 16, 107) y_train.shape: (12000, 16, 2)
Train on 12000 samples, validate on 4000 samples
Epoch 1/1
 - 7s - loss: 0.5868 - tp: 141714.0000 - fp: 50286.0000 - tn: 141714.0000 - fn: 50286.0000 - accuracy: 0.7381 - precision: 0.7381 - recall: 0.7381 - auc: 0.7380 - val_loss: 0.2555 - val_tp: 64000.0000 - val_fp: 0.0000e+00 - val_tn: 64000.0000 - val_fn: 0.0000e+00 - val_accuracy: 1.0000 - val_precision: 1.0000 - val_recall: 1.0000 - val_auc: 1.0000
[INFO] saving weights to checkpoints/lstm-epoch-001-files-0-50-batch-2048000-2304000
[INFO] processing batch 2304000-2560000/24819975
[INFO] breaking into predictors and prediction...
[INFO] creating train/test split: 0.25
[INFO] using LSTM layers
[INFO] fitting model. xtrain.shape: (12000, 16, 107) y_train.shape: (12000, 16, 2)
Train on 12000 samples, validate on 4000 samples
Epoch 1/1
 - 7s - loss: 0.1928 - tp: 192000.0000 - fp: 0.0000e+00 - tn: 192000.0000 - fn: 0.0000e+00 - accuracy: 1.0000 - precision: 1.0000 - recall: 1.0000 - auc: 1.0000 - val_loss: 0.1413 - val_tp: 64000.0000 - val_fp: 0.0000e+00 - val_tn: 64000.0000 - val_fn: 0.0000e+00 - val_accuracy: 1.0000 - val_precision: 1.0000 - val_recall: 1.0000 - val_auc: 1.0000
[INFO] saving weights to checkpoints/lstm-epoch-001-files-0-50-batch-2304000-2560000
[INFO] processing batch 2560000-2816000/24819975
[INFO] breaking into predictors and prediction...
[INFO] creating train/test split: 0.25
[INFO] using LSTM layers
[INFO] fitting model. xtrain.shape: (12000, 16, 107) y_train.shape: (12000, 16, 2)
Train on 12000 samples, validate on 4000 samples
Epoch 1/1
 - 7s - loss: 0.1291 - tp: 192000.0000 - fp: 0.0000e+00 - tn: 192000.0000 - fn: 0.0000e+00 - accuracy: 1.0000 - precision: 1.0000 - recall: 1.0000 - auc: 1.0000 - val_loss: 0.0950 - val_tp: 64000.0000 - val_fp: 0.0000e+00 - val_tn: 64000.0000 - val_fn: 0.0000e+00 - val_accuracy: 1.0000 - val_precision: 1.0000 - val_recall: 1.0000 - val_auc: 1.0000
