$ python3 ../train.py -read "SWaT_Dataset_Attack_v0-fixed-train-test.csv" -dimensionality 45 -optimizer sgd
Using TensorFlow backend.
[INFO] using Sequential Dense layers
2020-01-31 20:24:33.625557: I tensorflow/core/platform/cpu_feature_guard.cc:142] Your CPU supports instructions that this TensorFlow binary was not compiled to use: AVX2 FMA
2020-01-31 20:24:33.663020: I tensorflow/compiler/xla/service/service.cc:168] XLA service 0x7fa48973e0a0 initialized for platform Host (this does not guarantee that XLA will be used). Devices:
2020-01-31 20:24:33.663051: I tensorflow/compiler/xla/service/service.cc:176]   StreamExecutor device (0): Host, Default Version
[INFO] adding core layer 0
[INFO] created DNN
[INFO] epoch 1/1
[INFO] loading file 1-1/1 on epoch 1/1
[INFO] reading file SWaT_Dataset_Attack_v0-fixed-train-test.csv
[INFO] concatenate the files
[INFO] process dataset, shape: (349937, 53)
[INFO] sampling 1.0
dropping all time related columns...
[INFO] columns: Index([' Timestamp', 'FIT101', 'LIT101', ' MV101', 'P101', 'P102', ' AIT201',
       'AIT202', 'AIT203', 'FIT201', ' MV201', ' P201', ' P202', 'P203',
       ' P204', 'P205', 'P206', 'DPIT301', 'FIT301', 'LIT301', 'MV301',
       'MV302', ' MV303', 'MV304', 'P301', 'P302', 'AIT401', 'AIT402',
       'FIT401', 'LIT401', 'P401', 'P402', 'P403', 'P404', 'UV401', 'AIT501',
       'AIT502', 'AIT503', 'AIT504', 'FIT501', 'FIT502', 'FIT503', 'FIT504',
       'P501', 'P502', 'PIT501', 'PIT502', 'PIT503', 'FIT601', 'P601', 'P602',
       'P603', 'Normal/Attack'],
      dtype='object')
[INFO] analyze dataset: (349937, 53)

[INFO] analyzing data
[INFO] 349937 rows
[INFO] **  Timestamp:349937 (100.0%)
[INFO] ** FIT101:2292 (0.65498%)
[INFO] ** LIT101:9094 (2.59875%)
[INFO] **  MV101:[2:65.34148%,1:34.18015%,0:0.47837%]
[INFO] ** P101:[2:67.64875%,1:32.35125%]
[INFO] ** P102:[1:99.13527%,2:0.86473%]
[INFO] **  AIT201:1964 (0.56124%)
[INFO] ** AIT202:889 (0.25405%)
[INFO] ** AIT203:2408 (0.68812%)
[INFO] ** FIT201:2524 (0.72127%)
[INFO] **  MV201:[2:67.73676%,1:31.88402%,0:0.37921%]
[INFO] **  P201:[1:90.94837%,2:9.05163%]
[INFO] **  P202:[1:100.0%]
[INFO] ** P203:[2:67.36841%,1:32.63159%]
[INFO] **  P204:[1:99.984%,2:0.016%]
[INFO] ** P205:[2:67.42528%,1:32.57472%]
[INFO] ** P206:[1:99.98428%,2:0.01572%]
[INFO] ** DPIT301:4071 (1.16335%)
[INFO] ** FIT301:4800 (1.37168%)
[INFO] ** LIT301:5536 (1.582%)
[INFO] ** MV301:[1:98.56003%,2:1.07705%,0:0.36292%]
[INFO] ** MV302:[2:73.87958%,1:25.48173%,0:0.63869%]
[INFO] **  MV303:[1:96.88601%,2:2.64505%,0:0.46894%]
[INFO] ** MV304:[1:86.55787%,2:12.76858%,0:0.67355%]
[INFO] ** P301:[1:100.0%]
[INFO] ** P302:[2:75.41529%,1:24.58471%]
[INFO] ** AIT401:[148.808:61.95172%,148.8032:30.24402%,148.7936:3.6438%,148.8128:3.24773%,148.8176:0.36635%,148.7888:0.27405%,148.8272:0.08887%,148.784:0.08201%,148.7792:0.03715%,148.832:0.03629%,148.7695:0.01257%,148.8368:0.00514%,148.8416:0.00429%,148.8561:0.00229%,148.7599:0.002%,148.8513:0.00114%,148.7647:0.00057%]
[INFO] ** AIT402:2943 (0.84101%)
[INFO] ** FIT401:480 (0.13717%)
[INFO] ** LIT401:12771 (3.64951%)
[INFO] ** P401:[1:100.0%]
[INFO] ** P402:[2:90.84464%,1:9.15536%]
[INFO] ** P403:[1:99.98285%,2:0.01715%]
[INFO] ** P404:[1:100.0%]
[INFO] ** UV401:[2:90.55058%,1:9.44942%]
[INFO] ** AIT501:1431 (0.40893%)
[INFO] ** AIT502:2512 (0.71784%)
[INFO] ** AIT503:1088 (0.31091%)
[INFO] ** AIT504:296 (0.08459%)
[INFO] ** FIT501:531 (0.15174%)
[INFO] ** FIT502:1119 (0.31977%)
[INFO] ** FIT503:241 (0.06887%)
[INFO] ** FIT504:180 (0.05144%)
[INFO] ** P501:[2:90.5523%,1:9.4477%]
[INFO] ** P502:[1:100.0%]
[INFO] ** PIT501:831 (0.23747%)
[INFO] ** PIT502:[0.0:9.44913%,0.8009483000000001:6.25055%,0.9771569:5.43298%,1.5858780000000001:5.01433%,0.7849293:4.98747%,0.9611379999999999:4.50795%,0.8169672:4.1156%,1.009195:3.79897%,1.5698590000000001:3.60951%,1.601897:3.50292%,1.0252139999999998:2.87566%,0.945119:2.63333%,0.8490052:2.37471%,0.9291:2.24412%,1.409669:2.2424%,0.7689104:2.23869%,0.8970621:2.19868%,1.5378209999999999:2.13381%,0.8810431000000001:2.0438%,0.8650241:1.94778%,1.4256879999999998:1.78889%,1.441707:1.6743%,1.505783:1.63229%,1.521802:1.58371%,1.4897639999999999:1.48741%,1.457726:1.41826%,1.041233:1.21079%,1.617916:1.11334%,1.377631:1.03619%,0.7368724:1.01961%,1.730048:0.87702%,1.7460669999999998:0.81615%,1.6499529999999998:0.75071%,1.057252:0.72842%,1.201422:0.68641%,1.6980099999999998:0.60525%,0.7208535:0.56096%,1.665972:0.56039%,1.681991:0.51666%,1.0892899999999999:0.48037%,1.361612:0.47294%,1.185403:0.46723%,1.762086:0.45951%,1.105309:0.38007%,1.345593:0.35492%,1.121328:0.35063%,0.7048345:0.33606%,1.281517:0.29777%,1.169384:0.29177%,1.1373469999999999:0.29062%,1.217441:0.28919%,1.249479:0.28177%,1.7781049999999998:0.27262%,1.265498:0.2429%,1.297536:0.23347%,0.6888155:0.23233%,1.329574:0.21632%,0.6567776:0.09745%,1.810143:0.09687%,0.6407586:0.0763%,1.8261619999999998:0.04029%,0.6247397:0.02458%,1.842181:0.01486%,0.6087206999999999:0.01286%,1.8582:0.00629%,0.5766828:0.00514%,0.5446448:0.00114%,1.9703330000000001:0.00086%,0.5606638:0.00086%,0.1441707:0.00057%,1.9062569999999999:0.00057%,0.48056899999999997:0.00029%,0.44853109999999996:0.00029%,0.25630349999999996:0.00029%,0.41649309999999995:0.00029%,0.08009483:0.00029%,1.890238:0.00029%]
[INFO] ** PIT503:742 (0.21204%)
[INFO] ** FIT601:2875 (0.82158%)
[INFO] ** P601:[1:100.0%]
[INFO] ** P602:[1:99.15528%,2:0.84472%]
[INFO] ** P603:[1:100.0%]
[INFO] ** Normal/Attack:[Normal:85.73543%,Attack:14.26457%]
[INFO] breaking into predictors and prediction...
CHUNK ANALYZE

[INFO] analyzing data
[INFO] 349937 rows
[INFO] **  Timestamp:349937 (100.0%)
[INFO] ** FIT101:2292 (0.65498%)
[INFO] ** LIT101:9094 (2.59875%)
[INFO] **  MV101:[2:65.34148%,1:34.18015%,0:0.47837%]
[INFO] ** P101:[2:67.64875%,1:32.35125%]
[INFO] ** P102:[1:99.13527%,2:0.86473%]
[INFO] **  AIT201:1964 (0.56124%)
[INFO] ** AIT202:889 (0.25405%)
[INFO] ** AIT203:2408 (0.68812%)
[INFO] ** FIT201:2524 (0.72127%)
[INFO] **  MV201:[2:67.73676%,1:31.88402%,0:0.37921%]
[INFO] **  P201:[1:90.94837%,2:9.05163%]
[INFO] **  P202:[1:100.0%]
[INFO] ** P203:[2:67.36841%,1:32.63159%]
[INFO] **  P204:[1:99.984%,2:0.016%]
[INFO] ** P205:[2:67.42528%,1:32.57472%]
[INFO] ** P206:[1:99.98428%,2:0.01572%]
[INFO] ** DPIT301:4071 (1.16335%)
[INFO] ** FIT301:4800 (1.37168%)
[INFO] ** LIT301:5536 (1.582%)
[INFO] ** MV301:[1:98.56003%,2:1.07705%,0:0.36292%]
[INFO] ** MV302:[2:73.87958%,1:25.48173%,0:0.63869%]
[INFO] **  MV303:[1:96.88601%,2:2.64505%,0:0.46894%]
[INFO] ** MV304:[1:86.55787%,2:12.76858%,0:0.67355%]
[INFO] ** P301:[1:100.0%]
[INFO] ** P302:[2:75.41529%,1:24.58471%]
[INFO] ** AIT401:[148.808:61.95172%,148.8032:30.24402%,148.7936:3.6438%,148.8128:3.24773%,148.8176:0.36635%,148.7888:0.27405%,148.8272:0.08887%,148.784:0.08201%,148.7792:0.03715%,148.832:0.03629%,148.7695:0.01257%,148.8368:0.00514%,148.8416:0.00429%,148.8561:0.00229%,148.7599:0.002%,148.8513:0.00114%,148.7647:0.00057%]
[INFO] ** AIT402:2943 (0.84101%)
[INFO] ** FIT401:480 (0.13717%)
[INFO] ** LIT401:12771 (3.64951%)
[INFO] ** P401:[1:100.0%]
[INFO] ** P402:[2:90.84464%,1:9.15536%]
[INFO] ** P403:[1:99.98285%,2:0.01715%]
[INFO] ** P404:[1:100.0%]
[INFO] ** UV401:[2:90.55058%,1:9.44942%]
[INFO] ** AIT501:1431 (0.40893%)
[INFO] ** AIT502:2512 (0.71784%)
[INFO] ** AIT503:1088 (0.31091%)
[INFO] ** AIT504:296 (0.08459%)
[INFO] ** FIT501:531 (0.15174%)
[INFO] ** FIT502:1119 (0.31977%)
[INFO] ** FIT503:241 (0.06887%)
[INFO] ** FIT504:180 (0.05144%)
[INFO] ** P501:[2:90.5523%,1:9.4477%]
[INFO] ** P502:[1:100.0%]
[INFO] ** PIT501:831 (0.23747%)
[INFO] ** PIT502:[0.0:9.44913%,0.8009483000000001:6.25055%,0.9771569:5.43298%,1.5858780000000001:5.01433%,0.7849293:4.98747%,0.9611379999999999:4.50795%,0.8169672:4.1156%,1.009195:3.79897%,1.5698590000000001:3.60951%,1.601897:3.50292%,1.0252139999999998:2.87566%,0.945119:2.63333%,0.8490052:2.37471%,0.9291:2.24412%,1.409669:2.2424%,0.7689104:2.23869%,0.8970621:2.19868%,1.5378209999999999:2.13381%,0.8810431000000001:2.0438%,0.8650241:1.94778%,1.4256879999999998:1.78889%,1.441707:1.6743%,1.505783:1.63229%,1.521802:1.58371%,1.4897639999999999:1.48741%,1.457726:1.41826%,1.041233:1.21079%,1.617916:1.11334%,1.377631:1.03619%,0.7368724:1.01961%,1.730048:0.87702%,1.7460669999999998:0.81615%,1.6499529999999998:0.75071%,1.057252:0.72842%,1.201422:0.68641%,1.6980099999999998:0.60525%,0.7208535:0.56096%,1.665972:0.56039%,1.681991:0.51666%,1.0892899999999999:0.48037%,1.361612:0.47294%,1.185403:0.46723%,1.762086:0.45951%,1.105309:0.38007%,1.345593:0.35492%,1.121328:0.35063%,0.7048345:0.33606%,1.281517:0.29777%,1.169384:0.29177%,1.1373469999999999:0.29062%,1.217441:0.28919%,1.249479:0.28177%,1.7781049999999998:0.27262%,1.265498:0.2429%,1.297536:0.23347%,0.6888155:0.23233%,1.329574:0.21632%,0.6567776:0.09745%,1.810143:0.09687%,0.6407586:0.0763%,1.8261619999999998:0.04029%,0.6247397:0.02458%,1.842181:0.01486%,0.6087206999999999:0.01286%,1.8582:0.00629%,0.5766828:0.00514%,0.5446448:0.00114%,1.9703330000000001:0.00086%,0.5606638:0.00086%,0.1441707:0.00057%,1.9062569999999999:0.00057%,0.48056899999999997:0.00029%,0.44853109999999996:0.00029%,0.25630349999999996:0.00029%,0.41649309999999995:0.00029%,0.08009483:0.00029%,1.890238:0.00029%]
[INFO] ** PIT503:742 (0.21204%)
[INFO] ** FIT601:2875 (0.82158%)
[INFO] ** P601:[1:100.0%]
[INFO] ** P602:[1:99.15528%,2:0.84472%]
[INFO] ** P603:[1:100.0%]
[INFO] ** Normal/Attack:[Normal:85.73543%,Attack:14.26457%]
[INFO] to_xy labeltype: Normal
[INFO] to_xy labeltype: Attack
[INFO] creating train/test split: 0.25
[INFO] fitting model
[EXCEPTION] (<class 'ValueError'>, ValueError('Error when checking input: expected dense_1_input to have shape (45,) but got array with shape (52,)'), <traceback object at 0x13ee42cd0>)
  File "../train.py", line 271, in <module>
    run()
  File "../train.py", line 214, in run
    train_dnn(df, i, epoch+1)
  File "../train.py", line 95, in train_dnn
    batch_size=32
  File "/usr/local/lib/python3.7/site-packages/keras/engine/training.py", line 1154, in fit
    batch_size=batch_size)
  File "/usr/local/lib/python3.7/site-packages/keras/engine/training.py", line 579, in _standardize_user_data
    exception_prefix='input')
  File "/usr/local/lib/python3.7/site-packages/keras/engine/training_utils.py", line 145, in standardize_input_data
    str(data_shape))
dreadbook:data alien$ python3 ../train.py -read "SWaT_Dataset_Attack_v0-fixed-train-test.csv" -dimensionality 52 -optimizer sgd
Using TensorFlow backend.
[INFO] using Sequential Dense layers
2020-01-31 20:25:05.358876: I tensorflow/core/platform/cpu_feature_guard.cc:142] Your CPU supports instructions that this TensorFlow binary was not compiled to use: AVX2 FMA
2020-01-31 20:25:05.400591: I tensorflow/compiler/xla/service/service.cc:168] XLA service 0x7fbc2eda89f0 initialized for platform Host (this does not guarantee that XLA will be used). Devices:
2020-01-31 20:25:05.400635: I tensorflow/compiler/xla/service/service.cc:176]   StreamExecutor device (0): Host, Default Version
[INFO] adding core layer 0
[INFO] created DNN
[INFO] epoch 1/1
[INFO] loading file 1-1/1 on epoch 1/1
[INFO] reading file SWaT_Dataset_Attack_v0-fixed-train-test.csv
[INFO] concatenate the files
[INFO] process dataset, shape: (349937, 53)
[INFO] sampling 1.0
dropping all time related columns...
[INFO] columns: Index([' Timestamp', 'FIT101', 'LIT101', ' MV101', 'P101', 'P102', ' AIT201',
       'AIT202', 'AIT203', 'FIT201', ' MV201', ' P201', ' P202', 'P203',
       ' P204', 'P205', 'P206', 'DPIT301', 'FIT301', 'LIT301', 'MV301',
       'MV302', ' MV303', 'MV304', 'P301', 'P302', 'AIT401', 'AIT402',
       'FIT401', 'LIT401', 'P401', 'P402', 'P403', 'P404', 'UV401', 'AIT501',
       'AIT502', 'AIT503', 'AIT504', 'FIT501', 'FIT502', 'FIT503', 'FIT504',
       'P501', 'P502', 'PIT501', 'PIT502', 'PIT503', 'FIT601', 'P601', 'P602',
       'P603', 'Normal/Attack'],
      dtype='object')
[INFO] analyze dataset: (349937, 53)

[INFO] analyzing data
[INFO] 349937 rows
[INFO] **  Timestamp:349937 (100.0%)
[INFO] ** FIT101:2292 (0.65498%)
[INFO] ** LIT101:9094 (2.59875%)
[INFO] **  MV101:[2:65.34148%,1:34.18015%,0:0.47837%]
[INFO] ** P101:[2:67.64875%,1:32.35125%]
[INFO] ** P102:[1:99.13527%,2:0.86473%]
[INFO] **  AIT201:1964 (0.56124%)
[INFO] ** AIT202:889 (0.25405%)
[INFO] ** AIT203:2408 (0.68812%)
[INFO] ** FIT201:2524 (0.72127%)
[INFO] **  MV201:[2:67.73676%,1:31.88402%,0:0.37921%]
[INFO] **  P201:[1:90.94837%,2:9.05163%]
[INFO] **  P202:[1:100.0%]
[INFO] ** P203:[2:67.36841%,1:32.63159%]
[INFO] **  P204:[1:99.984%,2:0.016%]
[INFO] ** P205:[2:67.42528%,1:32.57472%]
[INFO] ** P206:[1:99.98428%,2:0.01572%]
[INFO] ** DPIT301:4071 (1.16335%)
[INFO] ** FIT301:4800 (1.37168%)
[INFO] ** LIT301:5536 (1.582%)
[INFO] ** MV301:[1:98.56003%,2:1.07705%,0:0.36292%]
[INFO] ** MV302:[2:73.87958%,1:25.48173%,0:0.63869%]
[INFO] **  MV303:[1:96.88601%,2:2.64505%,0:0.46894%]
[INFO] ** MV304:[1:86.55787%,2:12.76858%,0:0.67355%]
[INFO] ** P301:[1:100.0%]
[INFO] ** P302:[2:75.41529%,1:24.58471%]
[INFO] ** AIT401:[148.808:61.95172%,148.8032:30.24402%,148.7936:3.6438%,148.8128:3.24773%,148.8176:0.36635%,148.7888:0.27405%,148.8272:0.08887%,148.784:0.08201%,148.7792:0.03715%,148.832:0.03629%,148.7695:0.01257%,148.8368:0.00514%,148.8416:0.00429%,148.8561:0.00229%,148.7599:0.002%,148.8513:0.00114%,148.7647:0.00057%]
[INFO] ** AIT402:2943 (0.84101%)
[INFO] ** FIT401:480 (0.13717%)
[INFO] ** LIT401:12771 (3.64951%)
[INFO] ** P401:[1:100.0%]
[INFO] ** P402:[2:90.84464%,1:9.15536%]
[INFO] ** P403:[1:99.98285%,2:0.01715%]
[INFO] ** P404:[1:100.0%]
[INFO] ** UV401:[2:90.55058%,1:9.44942%]
[INFO] ** AIT501:1431 (0.40893%)
[INFO] ** AIT502:2512 (0.71784%)
[INFO] ** AIT503:1088 (0.31091%)
[INFO] ** AIT504:296 (0.08459%)
[INFO] ** FIT501:531 (0.15174%)
[INFO] ** FIT502:1119 (0.31977%)
[INFO] ** FIT503:241 (0.06887%)
[INFO] ** FIT504:180 (0.05144%)
[INFO] ** P501:[2:90.5523%,1:9.4477%]
[INFO] ** P502:[1:100.0%]
[INFO] ** PIT501:831 (0.23747%)
[INFO] ** PIT502:[0.0:9.44913%,0.8009483000000001:6.25055%,0.9771569:5.43298%,1.5858780000000001:5.01433%,0.7849293:4.98747%,0.9611379999999999:4.50795%,0.8169672:4.1156%,1.009195:3.79897%,1.5698590000000001:3.60951%,1.601897:3.50292%,1.0252139999999998:2.87566%,0.945119:2.63333%,0.8490052:2.37471%,0.9291:2.24412%,1.409669:2.2424%,0.7689104:2.23869%,0.8970621:2.19868%,1.5378209999999999:2.13381%,0.8810431000000001:2.0438%,0.8650241:1.94778%,1.4256879999999998:1.78889%,1.441707:1.6743%,1.505783:1.63229%,1.521802:1.58371%,1.4897639999999999:1.48741%,1.457726:1.41826%,1.041233:1.21079%,1.617916:1.11334%,1.377631:1.03619%,0.7368724:1.01961%,1.730048:0.87702%,1.7460669999999998:0.81615%,1.6499529999999998:0.75071%,1.057252:0.72842%,1.201422:0.68641%,1.6980099999999998:0.60525%,0.7208535:0.56096%,1.665972:0.56039%,1.681991:0.51666%,1.0892899999999999:0.48037%,1.361612:0.47294%,1.185403:0.46723%,1.762086:0.45951%,1.105309:0.38007%,1.345593:0.35492%,1.121328:0.35063%,0.7048345:0.33606%,1.281517:0.29777%,1.169384:0.29177%,1.1373469999999999:0.29062%,1.217441:0.28919%,1.249479:0.28177%,1.7781049999999998:0.27262%,1.265498:0.2429%,1.297536:0.23347%,0.6888155:0.23233%,1.329574:0.21632%,0.6567776:0.09745%,1.810143:0.09687%,0.6407586:0.0763%,1.8261619999999998:0.04029%,0.6247397:0.02458%,1.842181:0.01486%,0.6087206999999999:0.01286%,1.8582:0.00629%,0.5766828:0.00514%,0.5446448:0.00114%,1.9703330000000001:0.00086%,0.5606638:0.00086%,0.1441707:0.00057%,1.9062569999999999:0.00057%,0.48056899999999997:0.00029%,0.44853109999999996:0.00029%,0.25630349999999996:0.00029%,0.41649309999999995:0.00029%,0.08009483:0.00029%,1.890238:0.00029%]
[INFO] ** PIT503:742 (0.21204%)
[INFO] ** FIT601:2875 (0.82158%)
[INFO] ** P601:[1:100.0%]
[INFO] ** P602:[1:99.15528%,2:0.84472%]
[INFO] ** P603:[1:100.0%]
[INFO] ** Normal/Attack:[Normal:85.73543%,Attack:14.26457%]
[INFO] breaking into predictors and prediction...
CHUNK ANALYZE

[INFO] analyzing data
[INFO] 349937 rows
[INFO] **  Timestamp:349937 (100.0%)
[INFO] ** FIT101:2292 (0.65498%)
[INFO] ** LIT101:9094 (2.59875%)
[INFO] **  MV101:[2:65.34148%,1:34.18015%,0:0.47837%]
[INFO] ** P101:[2:67.64875%,1:32.35125%]
[INFO] ** P102:[1:99.13527%,2:0.86473%]
[INFO] **  AIT201:1964 (0.56124%)
[INFO] ** AIT202:889 (0.25405%)
[INFO] ** AIT203:2408 (0.68812%)
[INFO] ** FIT201:2524 (0.72127%)
[INFO] **  MV201:[2:67.73676%,1:31.88402%,0:0.37921%]
[INFO] **  P201:[1:90.94837%,2:9.05163%]
[INFO] **  P202:[1:100.0%]
[INFO] ** P203:[2:67.36841%,1:32.63159%]
[INFO] **  P204:[1:99.984%,2:0.016%]
[INFO] ** P205:[2:67.42528%,1:32.57472%]
[INFO] ** P206:[1:99.98428%,2:0.01572%]
[INFO] ** DPIT301:4071 (1.16335%)
[INFO] ** FIT301:4800 (1.37168%)
[INFO] ** LIT301:5536 (1.582%)
[INFO] ** MV301:[1:98.56003%,2:1.07705%,0:0.36292%]
[INFO] ** MV302:[2:73.87958%,1:25.48173%,0:0.63869%]
[INFO] **  MV303:[1:96.88601%,2:2.64505%,0:0.46894%]
[INFO] ** MV304:[1:86.55787%,2:12.76858%,0:0.67355%]
[INFO] ** P301:[1:100.0%]
[INFO] ** P302:[2:75.41529%,1:24.58471%]
[INFO] ** AIT401:[148.808:61.95172%,148.8032:30.24402%,148.7936:3.6438%,148.8128:3.24773%,148.8176:0.36635%,148.7888:0.27405%,148.8272:0.08887%,148.784:0.08201%,148.7792:0.03715%,148.832:0.03629%,148.7695:0.01257%,148.8368:0.00514%,148.8416:0.00429%,148.8561:0.00229%,148.7599:0.002%,148.8513:0.00114%,148.7647:0.00057%]
[INFO] ** AIT402:2943 (0.84101%)
[INFO] ** FIT401:480 (0.13717%)
[INFO] ** LIT401:12771 (3.64951%)
[INFO] ** P401:[1:100.0%]
[INFO] ** P402:[2:90.84464%,1:9.15536%]
[INFO] ** P403:[1:99.98285%,2:0.01715%]
[INFO] ** P404:[1:100.0%]
[INFO] ** UV401:[2:90.55058%,1:9.44942%]
[INFO] ** AIT501:1431 (0.40893%)
[INFO] ** AIT502:2512 (0.71784%)
[INFO] ** AIT503:1088 (0.31091%)
[INFO] ** AIT504:296 (0.08459%)
[INFO] ** FIT501:531 (0.15174%)
[INFO] ** FIT502:1119 (0.31977%)
[INFO] ** FIT503:241 (0.06887%)
[INFO] ** FIT504:180 (0.05144%)
[INFO] ** P501:[2:90.5523%,1:9.4477%]
[INFO] ** P502:[1:100.0%]
[INFO] ** PIT501:831 (0.23747%)
[INFO] ** PIT502:[0.0:9.44913%,0.8009483000000001:6.25055%,0.9771569:5.43298%,1.5858780000000001:5.01433%,0.7849293:4.98747%,0.9611379999999999:4.50795%,0.8169672:4.1156%,1.009195:3.79897%,1.5698590000000001:3.60951%,1.601897:3.50292%,1.0252139999999998:2.87566%,0.945119:2.63333%,0.8490052:2.37471%,0.9291:2.24412%,1.409669:2.2424%,0.7689104:2.23869%,0.8970621:2.19868%,1.5378209999999999:2.13381%,0.8810431000000001:2.0438%,0.8650241:1.94778%,1.4256879999999998:1.78889%,1.441707:1.6743%,1.505783:1.63229%,1.521802:1.58371%,1.4897639999999999:1.48741%,1.457726:1.41826%,1.041233:1.21079%,1.617916:1.11334%,1.377631:1.03619%,0.7368724:1.01961%,1.730048:0.87702%,1.7460669999999998:0.81615%,1.6499529999999998:0.75071%,1.057252:0.72842%,1.201422:0.68641%,1.6980099999999998:0.60525%,0.7208535:0.56096%,1.665972:0.56039%,1.681991:0.51666%,1.0892899999999999:0.48037%,1.361612:0.47294%,1.185403:0.46723%,1.762086:0.45951%,1.105309:0.38007%,1.345593:0.35492%,1.121328:0.35063%,0.7048345:0.33606%,1.281517:0.29777%,1.169384:0.29177%,1.1373469999999999:0.29062%,1.217441:0.28919%,1.249479:0.28177%,1.7781049999999998:0.27262%,1.265498:0.2429%,1.297536:0.23347%,0.6888155:0.23233%,1.329574:0.21632%,0.6567776:0.09745%,1.810143:0.09687%,0.6407586:0.0763%,1.8261619999999998:0.04029%,0.6247397:0.02458%,1.842181:0.01486%,0.6087206999999999:0.01286%,1.8582:0.00629%,0.5766828:0.00514%,0.5446448:0.00114%,1.9703330000000001:0.00086%,0.5606638:0.00086%,0.1441707:0.00057%,1.9062569999999999:0.00057%,0.48056899999999997:0.00029%,0.44853109999999996:0.00029%,0.25630349999999996:0.00029%,0.41649309999999995:0.00029%,0.08009483:0.00029%,1.890238:0.00029%]
[INFO] ** PIT503:742 (0.21204%)
[INFO] ** FIT601:2875 (0.82158%)
[INFO] ** P601:[1:100.0%]
[INFO] ** P602:[1:99.15528%,2:0.84472%]
[INFO] ** P603:[1:100.0%]
[INFO] ** Normal/Attack:[Normal:85.73543%,Attack:14.26457%]
[INFO] to_xy labeltype: Normal
[INFO] to_xy labeltype: Attack
[INFO] creating train/test split: 0.25
[INFO] fitting model
Train on 262452 samples, validate on 87485 samples
Epoch 1/1
 - 24s - loss: 0.4697 - tp: 216046.0000 - fp: 46374.0000 - tn: 216078.0000 - fn: 46406.0000 - accuracy: 0.8232 - precision: 0.8233 - recall: 0.8232 - auc: 0.8230 - val_loss: 0.2583 - val_tp: 83949.0000 - val_fp: 3536.0000 - val_tn: 83949.0000 - val_fn: 3536.0000 - val_accuracy: 0.9596 - val_precision: 0.9596 - val_recall: 0.9596 - val_auc: 0.9596
[INFO] saving weights to checkpoints/dnn-epoch-1-files-0-1