2020-02-06 03:35:39.703866: I tensorflow/core/platform/cpu_feature_guard.cc:142] Your CPU supports instructions that this TensorFlow binary was not compiled to use: AVX2 FMA
2020-02-06 03:35:39.714142: I tensorflow/compiler/xla/service/service.cc:168] XLA service 0x7fc1eb42d6a0 initialized for platform Host (this does not guarantee that XLA will be used). Devices:
2020-02-06 03:35:39.714166: I tensorflow/compiler/xla/service/service.cc:176]   StreamExecutor device (0): Host, Default Version
Using TensorFlow backend.
WARNING:tensorflow:Large dropout rate: 0.8 (>0.5). In TensorFlow 2.x, dropout() uses dropout rate instead of keep_prob. Please ensure that this is intended.
2020-02-06 03:35:44.250401: E tensorflow/core/grappler/optimizers/meta_optimizer.cc:561] remapper failed: Invalid argument: MutableGraphView::MutableGraphView error: node 'loss/dense_2_loss/categorical_crossentropy/weighted_loss/concat' has self cycle fanin 'loss/dense_2_loss/categorical_crossentropy/weighted_loss/concat'.
2020-02-06 03:35:44.284149: E tensorflow/core/grappler/optimizers/dependency_optimizer.cc:717] Iteration = 0, topological sort failed with message: The graph couldn't be sorted in topological order.
2020-02-06 03:35:44.299432: E tensorflow/core/grappler/optimizers/dependency_optimizer.cc:717] Iteration = 1, topological sort failed with message: The graph couldn't be sorted in topological order.
2020-02-06 03:35:44.447004: E tensorflow/core/grappler/optimizers/meta_optimizer.cc:561] arithmetic_optimizer failed: Invalid argument: The graph couldn't be sorted in topological order.
2020-02-06 03:35:44.458365: E tensorflow/core/grappler/optimizers/meta_optimizer.cc:561] remapper failed: Invalid argument: MutableGraphView::MutableGraphView error: node 'loss/dense_2_loss/categorical_crossentropy/weighted_loss/concat' has self cycle fanin 'loss/dense_2_loss/categorical_crossentropy/weighted_loss/concat'.
2020-02-06 03:35:44.471051: E tensorflow/core/grappler/optimizers/dependency_optimizer.cc:717] Iteration = 0, topological sort failed with message: The graph couldn't be sorted in topological order.
2020-02-06 03:35:44.483075: E tensorflow/core/grappler/optimizers/dependency_optimizer.cc:717] Iteration = 1, topological sort failed with message: The graph couldn't be sorted in topological order.
2020-02-06 03:35:44.537246: W tensorflow/core/common_runtime/process_function_library_runtime.cc:697] Ignoring multi-device function optimization failure: Invalid argument: The graph couldn't be sorted in topological order.
2020-02-06 03:35:51.147901: E tensorflow/core/grappler/optimizers/meta_optimizer.cc:561] remapper failed: Invalid argument: MutableGraphView::MutableGraphView error: node 'loss/dense_2_loss/categorical_crossentropy/weighted_loss/concat' has self cycle fanin 'loss/dense_2_loss/categorical_crossentropy/weighted_loss/concat'.
2020-02-06 03:35:51.157551: E tensorflow/core/grappler/optimizers/dependency_optimizer.cc:717] Iteration = 0, topological sort failed with message: The graph couldn't be sorted in topological order.
2020-02-06 03:35:51.162007: E tensorflow/core/grappler/optimizers/dependency_optimizer.cc:717] Iteration = 1, topological sort failed with message: The graph couldn't be sorted in topological order.
2020-02-06 03:35:51.200099: E tensorflow/core/grappler/optimizers/meta_optimizer.cc:561] arithmetic_optimizer failed: Invalid argument: The graph couldn't be sorted in topological order.
2020-02-06 03:35:51.202800: E tensorflow/core/grappler/optimizers/meta_optimizer.cc:561] remapper failed: Invalid argument: MutableGraphView::MutableGraphView error: node 'loss/dense_2_loss/categorical_crossentropy/weighted_loss/concat' has self cycle fanin 'loss/dense_2_loss/categorical_crossentropy/weighted_loss/concat'.
2020-02-06 03:35:51.206036: E tensorflow/core/grappler/optimizers/dependency_optimizer.cc:717] Iteration = 0, topological sort failed with message: The graph couldn't be sorted in topological order.
2020-02-06 03:35:51.208987: E tensorflow/core/grappler/optimizers/dependency_optimizer.cc:717] Iteration = 1, topological sort failed with message: The graph couldn't be sorted in topological order.
2020-02-06 03:35:51.226363: W tensorflow/core/common_runtime/process_function_library_runtime.cc:697] Ignoring multi-device function optimization failure: Invalid argument: The graph couldn't be sorted in topological order.
=============================
        TRAINING v0.4
=============================
Date: 2020-02-06 03:35:39.700717
[INFO] input_shape (10, 16)
[INFO] LSTM first and last layer neurons: 16
[INFO] adding core layer 0
[INFO] adding core layer 1
[INFO] adding core layer 2
[INFO] created DNN
[33m[INFO] epoch 1/10[0m
[33m[INFO] loading file 1-1/1 on epoch 1/10[0m
[INFO] reading file data/SWaT2015-Attack-Files-v0.4-minmax/train/2015-12-28_113021_98.log.part12_sorted-labeled.csv
[INFO] concatenate the files
[INFO] process dataset, shape: (500000, 18)
[INFO] sampling 1.0
[33mdropping column: modbus_value[0m
[INFO] columns: Index(['unixtime', 'orig', 'type', 'i/f_name', 'i/f_dir', 'src', 'dst',
       'proto', 'appi_name', 'proxy_src_ip', 'modbus_function_code',
       'modbus_function_description', 'modbus_transaction_id', 'scada_tag',
       'service', 's_port', 'classification'],
      dtype='object')
[INFO] processing batch 0-100000/500000
[INFO] breaking into predictors and prediction...
[INFO] creating train/test split: 0.2
[INFO] using LSTM layers
[INFO] fitting model
Train on 8000 samples, validate on 2000 samples
Epoch 1/1
 - 9s - loss: 0.9262 - tp: 25280.0000 - fp: 0.0000e+00 - tn: 320000.0000 - fn: 54720.0000 - accuracy: 0.8632 - precision: 1.0000 - recall: 0.3160 - auc: 0.9999 - val_loss: 0.4971 - val_tp: 20000.0000 - val_fp: 0.0000e+00 - val_tn: 80000.0000 - val_fn: 0.0000e+00 - val_accuracy: 1.0000 - val_precision: 1.0000 - val_recall: 1.0000 - val_auc: 1.0000
[INFO] saving weights to checkpoints/lstm-epoch-001-files-0-1-batch-0-100000
[INFO] processing batch 100000-200000/500000
[INFO] breaking into predictors and prediction...
[INFO] creating train/test split: 0.2
[INFO] using LSTM layers
[INFO] fitting model
Train on 8000 samples, validate on 2000 samples
Epoch 1/1
 - 7s - loss: 0.3389 - tp: 80000.0000 - fp: 0.0000e+00 - tn: 320000.0000 - fn: 0.0000e+00 - accuracy: 1.0000 - precision: 1.0000 - recall: 1.0000 - auc: 1.0000 - val_loss: 0.2342 - val_tp: 20000.0000 - val_fp: 0.0000e+00 - val_tn: 80000.0000 - val_fn: 0.0000e+00 - val_accuracy: 1.0000 - val_precision: 1.0000 - val_recall: 1.0000 - val_auc: 1.0000
[INFO] saving weights to checkpoints/lstm-epoch-001-files-0-1-batch-100000-200000
[INFO] processing batch 200000-300000/500000
[INFO] breaking into predictors and prediction...
[INFO] creating train/test split: 0.2
[INFO] using LSTM layers
[INFO] fitting model
Train on 8000 samples, validate on 2000 samples
Epoch 1/1
 - 7s - loss: 0.1929 - tp: 79766.0000 - fp: 234.0000 - tn: 319766.0000 - fn: 234.0000 - accuracy: 0.9988 - precision: 0.9971 - recall: 0.9971 - auc: 0.9980 - val_loss: 1.6629 - val_tp: 10606.0000 - val_fp: 9394.0000 - val_tn: 70606.0000 - val_fn: 9394.0000 - val_accuracy: 0.8121 - val_precision: 0.5303 - val_recall: 0.5303 - val_auc: 0.7064
[INFO] saving weights to checkpoints/lstm-epoch-001-files-0-1-batch-200000-300000
[INFO] processing batch 300000-400000/500000
[INFO] breaking into predictors and prediction...
[INFO] creating train/test split: 0.2
[INFO] using LSTM layers
[INFO] fitting model
Train on 8000 samples, validate on 2000 samples
Epoch 1/1
 - 7s - loss: 1.3451 - tp: 42447.0000 - fp: 37553.0000 - tn: 282447.0000 - fn: 37553.0000 - accuracy: 0.8122 - precision: 0.5306 - recall: 0.5306 - auc: 0.8389 - val_loss: 1.0916 - val_tp: 10626.0000 - val_fp: 9374.0000 - val_tn: 70626.0000 - val_fn: 9374.0000 - val_accuracy: 0.8125 - val_precision: 0.5313 - val_recall: 0.5313 - val_auc: 0.8828
[INFO] saving weights to checkpoints/lstm-epoch-001-files-0-1-batch-300000-400000
[INFO] processing batch 400000-500000/500000
[INFO] breaking into predictors and prediction...
[INFO] creating train/test split: 0.2
[INFO] using LSTM layers
[INFO] fitting model
Train on 8000 samples, validate on 2000 samples
Epoch 1/1
 - 7s - loss: 0.9648 - tp: 42438.0000 - fp: 37562.0000 - tn: 282438.0000 - fn: 37562.0000 - accuracy: 0.8122 - precision: 0.5305 - recall: 0.5305 - auc: 0.8827 - val_loss: 0.8794 - val_tp: 10603.0000 - val_fp: 9397.0000 - val_tn: 70603.0000 - val_fn: 9397.0000 - val_accuracy: 0.8121 - val_precision: 0.5301 - val_recall: 0.5301 - val_auc: 0.8825
[INFO] saving weights to checkpoints/lstm-epoch-001-files-0-1-batch-400000-500000
[33m[LOSS] 0.8794486618041992[0m
[33m[INFO] epoch 2/10[0m
[33m[INFO] loading file 1-1/1 on epoch 2/10[0m
[INFO] reading file data/SWaT2015-Attack-Files-v0.4-minmax/train/2015-12-28_113021_98.log.part12_sorted-labeled.csv
[INFO] concatenate the files
[INFO] process dataset, shape: (500000, 18)
[INFO] sampling 1.0
[33mdropping column: modbus_value[0m
[INFO] columns: Index(['unixtime', 'orig', 'type', 'i/f_name', 'i/f_dir', 'src', 'dst',
       'proto', 'appi_name', 'proxy_src_ip', 'modbus_function_code',
       'modbus_function_description', 'modbus_transaction_id', 'scada_tag',
       'service', 's_port', 'classification'],
      dtype='object')
[INFO] processing batch 0-100000/500000
[INFO] breaking into predictors and prediction...
[INFO] creating train/test split: 0.2
[INFO] using LSTM layers
[INFO] fitting model
Train on 8000 samples, validate on 2000 samples
Epoch 1/1
 - 6s - loss: 0.3489 - tp: 80000.0000 - fp: 0.0000e+00 - tn: 320000.0000 - fn: 0.0000e+00 - accuracy: 1.0000 - precision: 1.0000 - recall: 1.0000 - auc: 1.0000 - val_loss: 0.2274 - val_tp: 20000.0000 - val_fp: 0.0000e+00 - val_tn: 80000.0000 - val_fn: 0.0000e+00 - val_accuracy: 1.0000 - val_precision: 1.0000 - val_recall: 1.0000 - val_auc: 1.0000
[INFO] saving weights to checkpoints/lstm-epoch-002-files-0-1-batch-0-100000
[INFO] processing batch 100000-200000/500000
[INFO] breaking into predictors and prediction...
[INFO] creating train/test split: 0.2
[INFO] using LSTM layers
[INFO] fitting model
Train on 8000 samples, validate on 2000 samples
Epoch 1/1
 - 7s - loss: 0.1751 - tp: 80000.0000 - fp: 0.0000e+00 - tn: 320000.0000 - fn: 0.0000e+00 - accuracy: 1.0000 - precision: 1.0000 - recall: 1.0000 - auc: 1.0000 - val_loss: 0.1367 - val_tp: 20000.0000 - val_fp: 0.0000e+00 - val_tn: 80000.0000 - val_fn: 0.0000e+00 - val_accuracy: 1.0000 - val_precision: 1.0000 - val_recall: 1.0000 - val_auc: 1.0000
[INFO] saving weights to checkpoints/lstm-epoch-002-files-0-1-batch-100000-200000
[INFO] processing batch 200000-300000/500000
[INFO] breaking into predictors and prediction...
[INFO] creating train/test split: 0.2
[INFO] using LSTM layers
[INFO] fitting model
Train on 8000 samples, validate on 2000 samples
Epoch 1/1
 - 7s - loss: 0.1230 - tp: 79766.0000 - fp: 234.0000 - tn: 319766.0000 - fn: 234.0000 - accuracy: 0.9988 - precision: 0.9971 - recall: 0.9971 - auc: 0.9994 - val_loss: 1.4709 - val_tp: 10606.0000 - val_fp: 9394.0000 - val_tn: 70606.0000 - val_fn: 9394.0000 - val_accuracy: 0.8121 - val_precision: 0.5303 - val_recall: 0.5303 - val_auc: 0.8826
[INFO] saving weights to checkpoints/lstm-epoch-002-files-0-1-batch-200000-300000
[INFO] processing batch 300000-400000/500000
[INFO] breaking into predictors and prediction...
[INFO] creating train/test split: 0.2
[INFO] using LSTM layers
[INFO] fitting model
Train on 8000 samples, validate on 2000 samples
Epoch 1/1
 - 7s - loss: 1.1547 - tp: 42447.0000 - fp: 37553.0000 - tn: 282447.0000 - fn: 37553.0000 - accuracy: 0.8122 - precision: 0.5306 - recall: 0.5306 - auc: 0.8824 - val_loss: 0.9244 - val_tp: 10626.0000 - val_fp: 9374.0000 - val_tn: 70626.0000 - val_fn: 9374.0000 - val_accuracy: 0.8125 - val_precision: 0.5313 - val_recall: 0.5313 - val_auc: 0.8828
[INFO] saving weights to checkpoints/lstm-epoch-002-files-0-1-batch-300000-400000
[INFO] processing batch 400000-500000/500000
[INFO] breaking into predictors and prediction...
[INFO] creating train/test split: 0.2
[INFO] using LSTM layers
[INFO] fitting model
Train on 8000 samples, validate on 2000 samples
Epoch 1/1
 - 7s - loss: 0.8366 - tp: 42438.0000 - fp: 37562.0000 - tn: 282438.0000 - fn: 37562.0000 - accuracy: 0.8122 - precision: 0.5305 - recall: 0.5305 - auc: 0.8826 - val_loss: 0.7860 - val_tp: 10603.0000 - val_fp: 9397.0000 - val_tn: 70603.0000 - val_fn: 9397.0000 - val_accuracy: 0.8121 - val_precision: 0.5301 - val_recall: 0.5301 - val_auc: 0.8825
[INFO] saving weights to checkpoints/lstm-epoch-002-files-0-1-batch-400000-500000
[33m[LOSS] 0.7859934844970703[0m
[33m[INFO] epoch 3/10[0m
[33m[INFO] loading file 1-1/1 on epoch 3/10[0m
[INFO] reading file data/SWaT2015-Attack-Files-v0.4-minmax/train/2015-12-28_113021_98.log.part12_sorted-labeled.csv
[INFO] concatenate the files
[INFO] process dataset, shape: (500000, 18)
[INFO] sampling 1.0
[33mdropping column: modbus_value[0m
[INFO] columns: Index(['unixtime', 'orig', 'type', 'i/f_name', 'i/f_dir', 'src', 'dst',
       'proto', 'appi_name', 'proxy_src_ip', 'modbus_function_code',
       'modbus_function_description', 'modbus_transaction_id', 'scada_tag',
       'service', 's_port', 'classification'],
      dtype='object')
[INFO] processing batch 0-100000/500000
[INFO] breaking into predictors and prediction...
[INFO] creating train/test split: 0.2
[INFO] using LSTM layers
[INFO] fitting model
Train on 8000 samples, validate on 2000 samples
Epoch 1/1
 - 7s - loss: 0.3277 - tp: 80000.0000 - fp: 0.0000e+00 - tn: 320000.0000 - fn: 0.0000e+00 - accuracy: 1.0000 - precision: 1.0000 - recall: 1.0000 - auc: 1.0000 - val_loss: 0.2068 - val_tp: 20000.0000 - val_fp: 0.0000e+00 - val_tn: 80000.0000 - val_fn: 0.0000e+00 - val_accuracy: 1.0000 - val_precision: 1.0000 - val_recall: 1.0000 - val_auc: 1.0000
[INFO] saving weights to checkpoints/lstm-epoch-003-files-0-1-batch-0-100000
[INFO] processing batch 100000-200000/500000
[INFO] breaking into predictors and prediction...
[INFO] creating train/test split: 0.2
[INFO] using LSTM layers
[INFO] fitting model
Train on 8000 samples, validate on 2000 samples
Epoch 1/1
 - 7s - loss: 0.1580 - tp: 80000.0000 - fp: 0.0000e+00 - tn: 320000.0000 - fn: 0.0000e+00 - accuracy: 1.0000 - precision: 1.0000 - recall: 1.0000 - auc: 1.0000 - val_loss: 0.1228 - val_tp: 20000.0000 - val_fp: 0.0000e+00 - val_tn: 80000.0000 - val_fn: 0.0000e+00 - val_accuracy: 1.0000 - val_precision: 1.0000 - val_recall: 1.0000 - val_auc: 1.0000
[INFO] saving weights to checkpoints/lstm-epoch-003-files-0-1-batch-100000-200000
[INFO] processing batch 200000-300000/500000
[INFO] breaking into predictors and prediction...
[INFO] creating train/test split: 0.2
[INFO] using LSTM layers
[INFO] fitting model
Train on 8000 samples, validate on 2000 samples
Epoch 1/1
 - 7s - loss: 0.1109 - tp: 79766.0000 - fp: 234.0000 - tn: 319766.0000 - fn: 234.0000 - accuracy: 0.9988 - precision: 0.9971 - recall: 0.9971 - auc: 0.9993 - val_loss: 1.3986 - val_tp: 10606.0000 - val_fp: 9394.0000 - val_tn: 70606.0000 - val_fn: 9394.0000 - val_accuracy: 0.8121 - val_precision: 0.5303 - val_recall: 0.5303 - val_auc: 0.8826
[INFO] saving weights to checkpoints/lstm-epoch-003-files-0-1-batch-200000-300000
[INFO] processing batch 300000-400000/500000
[INFO] breaking into predictors and prediction...
[INFO] creating train/test split: 0.2
[INFO] using LSTM layers
[INFO] fitting model
Train on 8000 samples, validate on 2000 samples
Epoch 1/1
 - 7s - loss: 1.0888 - tp: 42447.0000 - fp: 37553.0000 - tn: 282447.0000 - fn: 37553.0000 - accuracy: 0.8122 - precision: 0.5306 - recall: 0.5306 - auc: 0.8825 - val_loss: 0.8708 - val_tp: 10626.0000 - val_fp: 9374.0000 - val_tn: 70626.0000 - val_fn: 9374.0000 - val_accuracy: 0.8125 - val_precision: 0.5313 - val_recall: 0.5313 - val_auc: 0.8828
[INFO] saving weights to checkpoints/lstm-epoch-003-files-0-1-batch-300000-400000
[INFO] processing batch 400000-500000/500000
[INFO] breaking into predictors and prediction...
[INFO] creating train/test split: 0.2
[INFO] using LSTM layers
[INFO] fitting model
Train on 8000 samples, validate on 2000 samples
Epoch 1/1
 - 7s - loss: 0.7958 - tp: 42438.0000 - fp: 37562.0000 - tn: 282438.0000 - fn: 37562.0000 - accuracy: 0.8122 - precision: 0.5305 - recall: 0.5305 - auc: 0.8827 - val_loss: 0.7551 - val_tp: 10603.0000 - val_fp: 9397.0000 - val_tn: 70603.0000 - val_fn: 9397.0000 - val_accuracy: 0.8121 - val_precision: 0.5301 - val_recall: 0.5301 - val_auc: 0.8825
[INFO] saving weights to checkpoints/lstm-epoch-003-files-0-1-batch-400000-500000
[33m[LOSS] 0.7550713872909546[0m
[CHECKING EARLY STOP]: currentLoss < min_delta ? => 0.7550713872909546  <  0.001
[33m[INFO] epoch 4/10[0m
[33m[INFO] loading file 1-1/1 on epoch 4/10[0m
[INFO] reading file data/SWaT2015-Attack-Files-v0.4-minmax/train/2015-12-28_113021_98.log.part12_sorted-labeled.csv
[INFO] concatenate the files
[INFO] process dataset, shape: (500000, 18)
[INFO] sampling 1.0
[33mdropping column: modbus_value[0m
[INFO] columns: Index(['unixtime', 'orig', 'type', 'i/f_name', 'i/f_dir', 'src', 'dst',
       'proto', 'appi_name', 'proxy_src_ip', 'modbus_function_code',
       'modbus_function_description', 'modbus_transaction_id', 'scada_tag',
       'service', 's_port', 'classification'],
      dtype='object')
[INFO] processing batch 0-100000/500000
[INFO] breaking into predictors and prediction...
[INFO] creating train/test split: 0.2
[INFO] using LSTM layers
[INFO] fitting model
Train on 8000 samples, validate on 2000 samples
Epoch 1/1
 - 7s - loss: 0.3183 - tp: 80000.0000 - fp: 0.0000e+00 - tn: 320000.0000 - fn: 0.0000e+00 - accuracy: 1.0000 - precision: 1.0000 - recall: 1.0000 - auc: 1.0000 - val_loss: 0.1974 - val_tp: 20000.0000 - val_fp: 0.0000e+00 - val_tn: 80000.0000 - val_fn: 0.0000e+00 - val_accuracy: 1.0000 - val_precision: 1.0000 - val_recall: 1.0000 - val_auc: 1.0000
[INFO] saving weights to checkpoints/lstm-epoch-004-files-0-1-batch-0-100000
[INFO] processing batch 100000-200000/500000
[INFO] breaking into predictors and prediction...
[INFO] creating train/test split: 0.2
[INFO] using LSTM layers
[INFO] fitting model
Train on 8000 samples, validate on 2000 samples
Epoch 1/1
 - 7s - loss: 0.1500 - tp: 80000.0000 - fp: 0.0000e+00 - tn: 320000.0000 - fn: 0.0000e+00 - accuracy: 1.0000 - precision: 1.0000 - recall: 1.0000 - auc: 1.0000 - val_loss: 0.1160 - val_tp: 20000.0000 - val_fp: 0.0000e+00 - val_tn: 80000.0000 - val_fn: 0.0000e+00 - val_accuracy: 1.0000 - val_precision: 1.0000 - val_recall: 1.0000 - val_auc: 1.0000
[INFO] saving weights to checkpoints/lstm-epoch-004-files-0-1-batch-100000-200000
[INFO] processing batch 200000-300000/500000
[INFO] breaking into predictors and prediction...
[INFO] creating train/test split: 0.2
[INFO] using LSTM layers
[INFO] fitting model
Train on 8000 samples, validate on 2000 samples
Epoch 1/1
 - 7s - loss: 0.1048 - tp: 79766.0000 - fp: 234.0000 - tn: 319766.0000 - fn: 234.0000 - accuracy: 0.9988 - precision: 0.9971 - recall: 0.9971 - auc: 0.9993 - val_loss: 1.3704 - val_tp: 10606.0000 - val_fp: 9394.0000 - val_tn: 70606.0000 - val_fn: 9394.0000 - val_accuracy: 0.8121 - val_precision: 0.5303 - val_recall: 0.5303 - val_auc: 0.8826
[INFO] saving weights to checkpoints/lstm-epoch-004-files-0-1-batch-200000-300000
[INFO] processing batch 300000-400000/500000
[INFO] breaking into predictors and prediction...
[INFO] creating train/test split: 0.2
[INFO] using LSTM layers
[INFO] fitting model
Train on 8000 samples, validate on 2000 samples
Epoch 1/1
 - 7s - loss: 1.0622 - tp: 42447.0000 - fp: 37553.0000 - tn: 282447.0000 - fn: 37553.0000 - accuracy: 0.8122 - precision: 0.5306 - recall: 0.5306 - auc: 0.8827 - val_loss: 0.8482 - val_tp: 10626.0000 - val_fp: 9374.0000 - val_tn: 70626.0000 - val_fn: 9374.0000 - val_accuracy: 0.8125 - val_precision: 0.5313 - val_recall: 0.5313 - val_auc: 0.8828
[INFO] saving weights to checkpoints/lstm-epoch-004-files-0-1-batch-300000-400000
[INFO] processing batch 400000-500000/500000
[INFO] breaking into predictors and prediction...
[INFO] creating train/test split: 0.2
[INFO] using LSTM layers
[INFO] fitting model
Train on 8000 samples, validate on 2000 samples
Epoch 1/1
 - 7s - loss: 0.7778 - tp: 42438.0000 - fp: 37562.0000 - tn: 282438.0000 - fn: 37562.0000 - accuracy: 0.8122 - precision: 0.5305 - recall: 0.5305 - auc: 0.8826 - val_loss: 0.7406 - val_tp: 10603.0000 - val_fp: 9397.0000 - val_tn: 70603.0000 - val_fn: 9397.0000 - val_accuracy: 0.8121 - val_precision: 0.5301 - val_recall: 0.5301 - val_auc: 0.8825
[INFO] saving weights to checkpoints/lstm-epoch-004-files-0-1-batch-400000-500000
[33m[LOSS] 0.7406102256774902[0m
[CHECKING EARLY STOP]: currentLoss < min_delta ? => 0.7406102256774902  <  0.001
[33m[INFO] epoch 5/10[0m
[33m[INFO] loading file 1-1/1 on epoch 5/10[0m
[INFO] reading file data/SWaT2015-Attack-Files-v0.4-minmax/train/2015-12-28_113021_98.log.part12_sorted-labeled.csv
[INFO] concatenate the files
[INFO] process dataset, shape: (500000, 18)
[INFO] sampling 1.0
[33mdropping column: modbus_value[0m
[INFO] columns: Index(['unixtime', 'orig', 'type', 'i/f_name', 'i/f_dir', 'src', 'dst',
       'proto', 'appi_name', 'proxy_src_ip', 'modbus_function_code',
       'modbus_function_description', 'modbus_transaction_id', 'scada_tag',
       'service', 's_port', 'classification'],
      dtype='object')
[INFO] processing batch 0-100000/500000
[INFO] breaking into predictors and prediction...
[INFO] creating train/test split: 0.2
[INFO] using LSTM layers
[INFO] fitting model
Train on 8000 samples, validate on 2000 samples
Epoch 1/1
 - 7s - loss: 0.3122 - tp: 80000.0000 - fp: 0.0000e+00 - tn: 320000.0000 - fn: 0.0000e+00 - accuracy: 1.0000 - precision: 1.0000 - recall: 1.0000 - auc: 1.0000 - val_loss: 0.1919 - val_tp: 20000.0000 - val_fp: 0.0000e+00 - val_tn: 80000.0000 - val_fn: 0.0000e+00 - val_accuracy: 1.0000 - val_precision: 1.0000 - val_recall: 1.0000 - val_auc: 1.0000
[INFO] saving weights to checkpoints/lstm-epoch-005-files-0-1-batch-0-100000
[INFO] processing batch 100000-200000/500000
[INFO] breaking into predictors and prediction...
[INFO] creating train/test split: 0.2
[INFO] using LSTM layers
[INFO] fitting model
Train on 8000 samples, validate on 2000 samples
Epoch 1/1
 - 7s - loss: 0.1453 - tp: 80000.0000 - fp: 0.0000e+00 - tn: 320000.0000 - fn: 0.0000e+00 - accuracy: 1.0000 - precision: 1.0000 - recall: 1.0000 - auc: 1.0000 - val_loss: 0.1120 - val_tp: 20000.0000 - val_fp: 0.0000e+00 - val_tn: 80000.0000 - val_fn: 0.0000e+00 - val_accuracy: 1.0000 - val_precision: 1.0000 - val_recall: 1.0000 - val_auc: 1.0000
[INFO] saving weights to checkpoints/lstm-epoch-005-files-0-1-batch-100000-200000
[INFO] processing batch 200000-300000/500000
[INFO] breaking into predictors and prediction...
[INFO] creating train/test split: 0.2
[INFO] using LSTM layers
[INFO] fitting model
Train on 8000 samples, validate on 2000 samples
Epoch 1/1
 - 7s - loss: 0.1013 - tp: 79766.0000 - fp: 234.0000 - tn: 319766.0000 - fn: 234.0000 - accuracy: 0.9988 - precision: 0.9971 - recall: 0.9971 - auc: 0.9993 - val_loss: 1.3560 - val_tp: 10606.0000 - val_fp: 9394.0000 - val_tn: 70606.0000 - val_fn: 9394.0000 - val_accuracy: 0.8121 - val_precision: 0.5303 - val_recall: 0.5303 - val_auc: 0.8826
[INFO] saving weights to checkpoints/lstm-epoch-005-files-0-1-batch-200000-300000
[INFO] processing batch 300000-400000/500000
[INFO] breaking into predictors and prediction...
[INFO] creating train/test split: 0.2
[INFO] using LSTM layers
[INFO] fitting model
Train on 8000 samples, validate on 2000 samples
Epoch 1/1
 - 7s - loss: 1.0484 - tp: 42447.0000 - fp: 37553.0000 - tn: 282447.0000 - fn: 37553.0000 - accuracy: 0.8122 - precision: 0.5306 - recall: 0.5306 - auc: 0.8825 - val_loss: 0.8362 - val_tp: 10626.0000 - val_fp: 9374.0000 - val_tn: 70626.0000 - val_fn: 9374.0000 - val_accuracy: 0.8125 - val_precision: 0.5313 - val_recall: 0.5313 - val_auc: 0.8828
[INFO] saving weights to checkpoints/lstm-epoch-005-files-0-1-batch-300000-400000
[INFO] processing batch 400000-500000/500000
[INFO] breaking into predictors and prediction...
[INFO] creating train/test split: 0.2
[INFO] using LSTM layers
[INFO] fitting model
Train on 8000 samples, validate on 2000 samples
Epoch 1/1
 - 7s - loss: 0.7679 - tp: 42438.0000 - fp: 37562.0000 - tn: 282438.0000 - fn: 37562.0000 - accuracy: 0.8122 - precision: 0.5305 - recall: 0.5305 - auc: 0.8824 - val_loss: 0.7323 - val_tp: 10603.0000 - val_fp: 9397.0000 - val_tn: 70603.0000 - val_fn: 9397.0000 - val_accuracy: 0.8121 - val_precision: 0.5301 - val_recall: 0.5301 - val_auc: 0.8825
[INFO] saving weights to checkpoints/lstm-epoch-005-files-0-1-batch-400000-500000
[33m[LOSS] 0.7322836980819702[0m
[CHECKING EARLY STOP]: currentLoss < min_delta ? => 0.7322836980819702  <  0.001
[33m[INFO] epoch 6/10[0m
[33m[INFO] loading file 1-1/1 on epoch 6/10[0m
[INFO] reading file data/SWaT2015-Attack-Files-v0.4-minmax/train/2015-12-28_113021_98.log.part12_sorted-labeled.csv
[INFO] concatenate the files
[INFO] process dataset, shape: (500000, 18)
[INFO] sampling 1.0
[33mdropping column: modbus_value[0m
[INFO] columns: Index(['unixtime', 'orig', 'type', 'i/f_name', 'i/f_dir', 'src', 'dst',
       'proto', 'appi_name', 'proxy_src_ip', 'modbus_function_code',
       'modbus_function_description', 'modbus_transaction_id', 'scada_tag',
       'service', 's_port', 'classification'],
      dtype='object')
[INFO] processing batch 0-100000/500000
[INFO] breaking into predictors and prediction...
[INFO] creating train/test split: 0.2
[INFO] using LSTM layers
[INFO] fitting model
Train on 8000 samples, validate on 2000 samples
Epoch 1/1
 - 7s - loss: 0.3082 - tp: 80000.0000 - fp: 0.0000e+00 - tn: 320000.0000 - fn: 0.0000e+00 - accuracy: 1.0000 - precision: 1.0000 - recall: 1.0000 - auc: 1.0000 - val_loss: 0.1884 - val_tp: 20000.0000 - val_fp: 0.0000e+00 - val_tn: 80000.0000 - val_fn: 0.0000e+00 - val_accuracy: 1.0000 - val_precision: 1.0000 - val_recall: 1.0000 - val_auc: 1.0000
[INFO] saving weights to checkpoints/lstm-epoch-006-files-0-1-batch-0-100000
[INFO] processing batch 100000-200000/500000
[INFO] breaking into predictors and prediction...
[INFO] creating train/test split: 0.2
[INFO] using LSTM layers
[INFO] fitting model
Train on 8000 samples, validate on 2000 samples
Epoch 1/1
 - 7s - loss: 0.1423 - tp: 80000.0000 - fp: 0.0000e+00 - tn: 320000.0000 - fn: 0.0000e+00 - accuracy: 1.0000 - precision: 1.0000 - recall: 1.0000 - auc: 1.0000 - val_loss: 0.1094 - val_tp: 20000.0000 - val_fp: 0.0000e+00 - val_tn: 80000.0000 - val_fn: 0.0000e+00 - val_accuracy: 1.0000 - val_precision: 1.0000 - val_recall: 1.0000 - val_auc: 1.0000
[INFO] saving weights to checkpoints/lstm-epoch-006-files-0-1-batch-100000-200000
[INFO] processing batch 200000-300000/500000
[INFO] breaking into predictors and prediction...
[INFO] creating train/test split: 0.2
[INFO] using LSTM layers
[INFO] fitting model
Train on 8000 samples, validate on 2000 samples
Epoch 1/1
 - 7s - loss: 0.0990 - tp: 79766.0000 - fp: 234.0000 - tn: 319766.0000 - fn: 234.0000 - accuracy: 0.9988 - precision: 0.9971 - recall: 0.9971 - auc: 0.9992 - val_loss: 1.3472 - val_tp: 10606.0000 - val_fp: 9394.0000 - val_tn: 70606.0000 - val_fn: 9394.0000 - val_accuracy: 0.8121 - val_precision: 0.5303 - val_recall: 0.5303 - val_auc: 0.8826
[INFO] saving weights to checkpoints/lstm-epoch-006-files-0-1-batch-200000-300000
[INFO] processing batch 300000-400000/500000
[INFO] breaking into predictors and prediction...
[INFO] creating train/test split: 0.2
[INFO] using LSTM layers
[INFO] fitting model
Train on 8000 samples, validate on 2000 samples
Epoch 1/1
 - 7s - loss: 1.0397 - tp: 42447.0000 - fp: 37553.0000 - tn: 282447.0000 - fn: 37553.0000 - accuracy: 0.8122 - precision: 0.5306 - recall: 0.5306 - auc: 0.8827 - val_loss: 0.8284 - val_tp: 10626.0000 - val_fp: 9374.0000 - val_tn: 70626.0000 - val_fn: 9374.0000 - val_accuracy: 0.8125 - val_precision: 0.5313 - val_recall: 0.5313 - val_auc: 0.8828
[INFO] saving weights to checkpoints/lstm-epoch-006-files-0-1-batch-300000-400000
[INFO] processing batch 400000-500000/500000
[INFO] breaking into predictors and prediction...
[INFO] creating train/test split: 0.2
[INFO] using LSTM layers
[INFO] fitting model
Train on 8000 samples, validate on 2000 samples
Epoch 1/1
 - 8s - loss: 0.7613 - tp: 42438.0000 - fp: 37562.0000 - tn: 282438.0000 - fn: 37562.0000 - accuracy: 0.8122 - precision: 0.5305 - recall: 0.5305 - auc: 0.8827 - val_loss: 0.7267 - val_tp: 10603.0000 - val_fp: 9397.0000 - val_tn: 70603.0000 - val_fn: 9397.0000 - val_accuracy: 0.8121 - val_precision: 0.5301 - val_recall: 0.5301 - val_auc: 0.8825
[INFO] saving weights to checkpoints/lstm-epoch-006-files-0-1-batch-400000-500000
[33m[LOSS] 0.7266576385498047[0m
[CHECKING EARLY STOP]: currentLoss < min_delta ? => 0.7266576385498047  <  0.001
[33m[INFO] epoch 7/10[0m
[33m[INFO] loading file 1-1/1 on epoch 7/10[0m
[INFO] reading file data/SWaT2015-Attack-Files-v0.4-minmax/train/2015-12-28_113021_98.log.part12_sorted-labeled.csv
[INFO] concatenate the files
[INFO] process dataset, shape: (500000, 18)
[INFO] sampling 1.0
[33mdropping column: modbus_value[0m
[INFO] columns: Index(['unixtime', 'orig', 'type', 'i/f_name', 'i/f_dir', 'src', 'dst',
       'proto', 'appi_name', 'proxy_src_ip', 'modbus_function_code',
       'modbus_function_description', 'modbus_transaction_id', 'scada_tag',
       'service', 's_port', 'classification'],
      dtype='object')
[INFO] processing batch 0-100000/500000
[INFO] breaking into predictors and prediction...
[INFO] creating train/test split: 0.2
[INFO] using LSTM layers
[INFO] fitting model
Train on 8000 samples, validate on 2000 samples
Epoch 1/1
 - 7s - loss: 0.3060 - tp: 80000.0000 - fp: 0.0000e+00 - tn: 320000.0000 - fn: 0.0000e+00 - accuracy: 1.0000 - precision: 1.0000 - recall: 1.0000 - auc: 1.0000 - val_loss: 0.1862 - val_tp: 20000.0000 - val_fp: 0.0000e+00 - val_tn: 80000.0000 - val_fn: 0.0000e+00 - val_accuracy: 1.0000 - val_precision: 1.0000 - val_recall: 1.0000 - val_auc: 1.0000
[INFO] saving weights to checkpoints/lstm-epoch-007-files-0-1-batch-0-100000
[INFO] processing batch 100000-200000/500000
[INFO] breaking into predictors and prediction...
[INFO] creating train/test split: 0.2
[INFO] using LSTM layers
[INFO] fitting model
Train on 8000 samples, validate on 2000 samples
Epoch 1/1
 - 7s - loss: 0.1403 - tp: 80000.0000 - fp: 0.0000e+00 - tn: 320000.0000 - fn: 0.0000e+00 - accuracy: 1.0000 - precision: 1.0000 - recall: 1.0000 - auc: 1.0000 - val_loss: 0.1077 - val_tp: 20000.0000 - val_fp: 0.0000e+00 - val_tn: 80000.0000 - val_fn: 0.0000e+00 - val_accuracy: 1.0000 - val_precision: 1.0000 - val_recall: 1.0000 - val_auc: 1.0000
[INFO] saving weights to checkpoints/lstm-epoch-007-files-0-1-batch-100000-200000
[INFO] processing batch 200000-300000/500000
[INFO] breaking into predictors and prediction...
[INFO] creating train/test split: 0.2
[INFO] using LSTM layers
[INFO] fitting model
Train on 8000 samples, validate on 2000 samples
Epoch 1/1
 - 7s - loss: 0.0975 - tp: 79766.0000 - fp: 234.0000 - tn: 319766.0000 - fn: 234.0000 - accuracy: 0.9988 - precision: 0.9971 - recall: 0.9971 - auc: 0.9993 - val_loss: 1.3412 - val_tp: 10606.0000 - val_fp: 9394.0000 - val_tn: 70606.0000 - val_fn: 9394.0000 - val_accuracy: 0.8121 - val_precision: 0.5303 - val_recall: 0.5303 - val_auc: 0.8826
[INFO] saving weights to checkpoints/lstm-epoch-007-files-0-1-batch-200000-300000
[INFO] processing batch 300000-400000/500000
[INFO] breaking into predictors and prediction...
[INFO] creating train/test split: 0.2
[INFO] using LSTM layers
[INFO] fitting model
Train on 8000 samples, validate on 2000 samples
Epoch 1/1
 - 7s - loss: 1.0337 - tp: 42447.0000 - fp: 37553.0000 - tn: 282447.0000 - fn: 37553.0000 - accuracy: 0.8122 - precision: 0.5306 - recall: 0.5306 - auc: 0.8828 - val_loss: 0.8230 - val_tp: 10626.0000 - val_fp: 9374.0000 - val_tn: 70626.0000 - val_fn: 9374.0000 - val_accuracy: 0.8125 - val_precision: 0.5313 - val_recall: 0.5313 - val_auc: 0.8828
[INFO] saving weights to checkpoints/lstm-epoch-007-files-0-1-batch-300000-400000
[INFO] processing batch 400000-500000/500000
[INFO] breaking into predictors and prediction...
[INFO] creating train/test split: 0.2
[INFO] using LSTM layers
[INFO] fitting model
Train on 8000 samples, validate on 2000 samples
Epoch 1/1
 - 7s - loss: 0.7568 - tp: 42438.0000 - fp: 37562.0000 - tn: 282438.0000 - fn: 37562.0000 - accuracy: 0.8122 - precision: 0.5305 - recall: 0.5305 - auc: 0.8827 - val_loss: 0.7228 - val_tp: 10603.0000 - val_fp: 9397.0000 - val_tn: 70603.0000 - val_fn: 9397.0000 - val_accuracy: 0.8121 - val_precision: 0.5301 - val_recall: 0.5301 - val_auc: 0.8825
[INFO] saving weights to checkpoints/lstm-epoch-007-files-0-1-batch-400000-500000
[33m[LOSS] 0.7228334231376647[0m
[CHECKING EARLY STOP]: currentLoss < min_delta ? => 0.7228334231376647  <  0.001
[33m[INFO] epoch 8/10[0m
[33m[INFO] loading file 1-1/1 on epoch 8/10[0m
[INFO] reading file data/SWaT2015-Attack-Files-v0.4-minmax/train/2015-12-28_113021_98.log.part12_sorted-labeled.csv
[INFO] concatenate the files
[INFO] process dataset, shape: (500000, 18)
[INFO] sampling 1.0
[33mdropping column: modbus_value[0m
[INFO] columns: Index(['unixtime', 'orig', 'type', 'i/f_name', 'i/f_dir', 'src', 'dst',
       'proto', 'appi_name', 'proxy_src_ip', 'modbus_function_code',
       'modbus_function_description', 'modbus_transaction_id', 'scada_tag',
       'service', 's_port', 'classification'],
      dtype='object')
[INFO] processing batch 0-100000/500000
[INFO] breaking into predictors and prediction...
[INFO] creating train/test split: 0.2
[INFO] using LSTM layers
[INFO] fitting model
Train on 8000 samples, validate on 2000 samples
Epoch 1/1
 - 7s - loss: 0.3041 - tp: 80000.0000 - fp: 0.0000e+00 - tn: 320000.0000 - fn: 0.0000e+00 - accuracy: 1.0000 - precision: 1.0000 - recall: 1.0000 - auc: 1.0000 - val_loss: 0.1845 - val_tp: 20000.0000 - val_fp: 0.0000e+00 - val_tn: 80000.0000 - val_fn: 0.0000e+00 - val_accuracy: 1.0000 - val_precision: 1.0000 - val_recall: 1.0000 - val_auc: 1.0000
[INFO] saving weights to checkpoints/lstm-epoch-008-files-0-1-batch-0-100000
[INFO] processing batch 100000-200000/500000
[INFO] breaking into predictors and prediction...
[INFO] creating train/test split: 0.2
[INFO] using LSTM layers
[INFO] fitting model
Train on 8000 samples, validate on 2000 samples
Epoch 1/1
 - 7s - loss: 0.1389 - tp: 80000.0000 - fp: 0.0000e+00 - tn: 320000.0000 - fn: 0.0000e+00 - accuracy: 1.0000 - precision: 1.0000 - recall: 1.0000 - auc: 1.0000 - val_loss: 0.1065 - val_tp: 20000.0000 - val_fp: 0.0000e+00 - val_tn: 80000.0000 - val_fn: 0.0000e+00 - val_accuracy: 1.0000 - val_precision: 1.0000 - val_recall: 1.0000 - val_auc: 1.0000
[INFO] saving weights to checkpoints/lstm-epoch-008-files-0-1-batch-100000-200000
[INFO] processing batch 200000-300000/500000
[INFO] breaking into predictors and prediction...
[INFO] creating train/test split: 0.2
[INFO] using LSTM layers
[INFO] fitting model
Train on 8000 samples, validate on 2000 samples
Epoch 1/1
 - 7s - loss: 0.0963 - tp: 79766.0000 - fp: 234.0000 - tn: 319766.0000 - fn: 234.0000 - accuracy: 0.9988 - precision: 0.9971 - recall: 0.9971 - auc: 0.9993 - val_loss: 1.3368 - val_tp: 10606.0000 - val_fp: 9394.0000 - val_tn: 70606.0000 - val_fn: 9394.0000 - val_accuracy: 0.8121 - val_precision: 0.5303 - val_recall: 0.5303 - val_auc: 0.8826
[INFO] saving weights to checkpoints/lstm-epoch-008-files-0-1-batch-200000-300000
[INFO] processing batch 300000-400000/500000
[INFO] breaking into predictors and prediction...
[INFO] creating train/test split: 0.2
[INFO] using LSTM layers
[INFO] fitting model
Train on 8000 samples, validate on 2000 samples
Epoch 1/1
 - 7s - loss: 1.0296 - tp: 42447.0000 - fp: 37553.0000 - tn: 282447.0000 - fn: 37553.0000 - accuracy: 0.8122 - precision: 0.5306 - recall: 0.5306 - auc: 0.8825 - val_loss: 0.8195 - val_tp: 10626.0000 - val_fp: 9374.0000 - val_tn: 70626.0000 - val_fn: 9374.0000 - val_accuracy: 0.8125 - val_precision: 0.5313 - val_recall: 0.5313 - val_auc: 0.8828
[INFO] saving weights to checkpoints/lstm-epoch-008-files-0-1-batch-300000-400000
[INFO] processing batch 400000-500000/500000
[INFO] breaking into predictors and prediction...
[INFO] creating train/test split: 0.2
[INFO] using LSTM layers
[INFO] fitting model
Train on 8000 samples, validate on 2000 samples
Epoch 1/1
 - 7s - loss: 0.7537 - tp: 42438.0000 - fp: 37562.0000 - tn: 282438.0000 - fn: 37562.0000 - accuracy: 0.8122 - precision: 0.5305 - recall: 0.5305 - auc: 0.8827 - val_loss: 0.7200 - val_tp: 10603.0000 - val_fp: 9397.0000 - val_tn: 70603.0000 - val_fn: 9397.0000 - val_accuracy: 0.8121 - val_precision: 0.5301 - val_recall: 0.5301 - val_auc: 0.8825
[INFO] saving weights to checkpoints/lstm-epoch-008-files-0-1-batch-400000-500000
[33m[LOSS] 0.7200422797203064[0m
[CHECKING EARLY STOP]: currentLoss < min_delta ? => 0.7200422797203064  <  0.001
[33m[INFO] epoch 9/10[0m
[33m[INFO] loading file 1-1/1 on epoch 9/10[0m
[INFO] reading file data/SWaT2015-Attack-Files-v0.4-minmax/train/2015-12-28_113021_98.log.part12_sorted-labeled.csv
[INFO] concatenate the files
[INFO] process dataset, shape: (500000, 18)
[INFO] sampling 1.0
[33mdropping column: modbus_value[0m
[INFO] columns: Index(['unixtime', 'orig', 'type', 'i/f_name', 'i/f_dir', 'src', 'dst',
       'proto', 'appi_name', 'proxy_src_ip', 'modbus_function_code',
       'modbus_function_description', 'modbus_transaction_id', 'scada_tag',
       'service', 's_port', 'classification'],
      dtype='object')
[INFO] processing batch 0-100000/500000
[INFO] breaking into predictors and prediction...
[INFO] creating train/test split: 0.2
[INFO] using LSTM layers
[INFO] fitting model
Train on 8000 samples, validate on 2000 samples
Epoch 1/1
 - 7s - loss: 0.3026 - tp: 80000.0000 - fp: 0.0000e+00 - tn: 320000.0000 - fn: 0.0000e+00 - accuracy: 1.0000 - precision: 1.0000 - recall: 1.0000 - auc: 1.0000 - val_loss: 0.1831 - val_tp: 20000.0000 - val_fp: 0.0000e+00 - val_tn: 80000.0000 - val_fn: 0.0000e+00 - val_accuracy: 1.0000 - val_precision: 1.0000 - val_recall: 1.0000 - val_auc: 1.0000
[INFO] saving weights to checkpoints/lstm-epoch-009-files-0-1-batch-0-100000
[INFO] processing batch 100000-200000/500000
[INFO] breaking into predictors and prediction...
[INFO] creating train/test split: 0.2
[INFO] using LSTM layers
[INFO] fitting model
Train on 8000 samples, validate on 2000 samples
Epoch 1/1
 - 7s - loss: 0.1377 - tp: 80000.0000 - fp: 0.0000e+00 - tn: 320000.0000 - fn: 0.0000e+00 - accuracy: 1.0000 - precision: 1.0000 - recall: 1.0000 - auc: 1.0000 - val_loss: 0.1055 - val_tp: 20000.0000 - val_fp: 0.0000e+00 - val_tn: 80000.0000 - val_fn: 0.0000e+00 - val_accuracy: 1.0000 - val_precision: 1.0000 - val_recall: 1.0000 - val_auc: 1.0000
[INFO] saving weights to checkpoints/lstm-epoch-009-files-0-1-batch-100000-200000
[INFO] processing batch 200000-300000/500000
[INFO] breaking into predictors and prediction...
[INFO] creating train/test split: 0.2
[INFO] using LSTM layers
[INFO] fitting model
Train on 8000 samples, validate on 2000 samples
Epoch 1/1
 - 7s - loss: 0.0954 - tp: 79766.0000 - fp: 234.0000 - tn: 319766.0000 - fn: 234.0000 - accuracy: 0.9988 - precision: 0.9971 - recall: 0.9971 - auc: 0.9992 - val_loss: 1.3337 - val_tp: 10606.0000 - val_fp: 9394.0000 - val_tn: 70606.0000 - val_fn: 9394.0000 - val_accuracy: 0.8121 - val_precision: 0.5303 - val_recall: 0.5303 - val_auc: 0.8826
[INFO] saving weights to checkpoints/lstm-epoch-009-files-0-1-batch-200000-300000
[INFO] processing batch 300000-400000/500000
[INFO] breaking into predictors and prediction...
[INFO] creating train/test split: 0.2
[INFO] using LSTM layers
[INFO] fitting model
Train on 8000 samples, validate on 2000 samples
Epoch 1/1
 - 7s - loss: 1.0264 - tp: 42447.0000 - fp: 37553.0000 - tn: 282447.0000 - fn: 37553.0000 - accuracy: 0.8122 - precision: 0.5306 - recall: 0.5306 - auc: 0.8826 - val_loss: 0.8166 - val_tp: 10626.0000 - val_fp: 9374.0000 - val_tn: 70626.0000 - val_fn: 9374.0000 - val_accuracy: 0.8125 - val_precision: 0.5313 - val_recall: 0.5313 - val_auc: 0.8828
[INFO] saving weights to checkpoints/lstm-epoch-009-files-0-1-batch-300000-400000
[INFO] processing batch 400000-500000/500000
[INFO] breaking into predictors and prediction...
[INFO] creating train/test split: 0.2
[INFO] using LSTM layers
[INFO] fitting model
Train on 8000 samples, validate on 2000 samples
Epoch 1/1
 - 7s - loss: 0.7513 - tp: 42438.0000 - fp: 37562.0000 - tn: 282438.0000 - fn: 37562.0000 - accuracy: 0.8122 - precision: 0.5305 - recall: 0.5305 - auc: 0.8824 - val_loss: 0.7180 - val_tp: 10603.0000 - val_fp: 9397.0000 - val_tn: 70603.0000 - val_fn: 9397.0000 - val_accuracy: 0.8121 - val_precision: 0.5301 - val_recall: 0.5301 - val_auc: 0.8825
[INFO] saving weights to checkpoints/lstm-epoch-009-files-0-1-batch-400000-500000
[33m[LOSS] 0.7179904832839966[0m
[CHECKING EARLY STOP]: currentLoss < min_delta ? => 0.7179904832839966  <  0.001
[33m[INFO] epoch 10/10[0m
[33m[INFO] loading file 1-1/1 on epoch 10/10[0m
[INFO] reading file data/SWaT2015-Attack-Files-v0.4-minmax/train/2015-12-28_113021_98.log.part12_sorted-labeled.csv
[INFO] concatenate the files
[INFO] process dataset, shape: (500000, 18)
[INFO] sampling 1.0
[33mdropping column: modbus_value[0m
[INFO] columns: Index(['unixtime', 'orig', 'type', 'i/f_name', 'i/f_dir', 'src', 'dst',
       'proto', 'appi_name', 'proxy_src_ip', 'modbus_function_code',
       'modbus_function_description', 'modbus_transaction_id', 'scada_tag',
       'service', 's_port', 'classification'],
      dtype='object')
[INFO] processing batch 0-100000/500000
[INFO] breaking into predictors and prediction...
[INFO] creating train/test split: 0.2
[INFO] using LSTM layers
[INFO] fitting model
Train on 8000 samples, validate on 2000 samples
Epoch 1/1
 - 7s - loss: 0.3012 - tp: 80000.0000 - fp: 0.0000e+00 - tn: 320000.0000 - fn: 0.0000e+00 - accuracy: 1.0000 - precision: 1.0000 - recall: 1.0000 - auc: 1.0000 - val_loss: 0.1820 - val_tp: 20000.0000 - val_fp: 0.0000e+00 - val_tn: 80000.0000 - val_fn: 0.0000e+00 - val_accuracy: 1.0000 - val_precision: 1.0000 - val_recall: 1.0000 - val_auc: 1.0000
[INFO] saving weights to checkpoints/lstm-epoch-010-files-0-1-batch-0-100000
[INFO] processing batch 100000-200000/500000
[INFO] breaking into predictors and prediction...
[INFO] creating train/test split: 0.2
[INFO] using LSTM layers
[INFO] fitting model
Train on 8000 samples, validate on 2000 samples
Epoch 1/1
 - 7s - loss: 0.1368 - tp: 80000.0000 - fp: 0.0000e+00 - tn: 320000.0000 - fn: 0.0000e+00 - accuracy: 1.0000 - precision: 1.0000 - recall: 1.0000 - auc: 1.0000 - val_loss: 0.1047 - val_tp: 20000.0000 - val_fp: 0.0000e+00 - val_tn: 80000.0000 - val_fn: 0.0000e+00 - val_accuracy: 1.0000 - val_precision: 1.0000 - val_recall: 1.0000 - val_auc: 1.0000
[INFO] saving weights to checkpoints/lstm-epoch-010-files-0-1-batch-100000-200000
[INFO] processing batch 200000-300000/500000
[INFO] breaking into predictors and prediction...
[INFO] creating train/test split: 0.2
[INFO] using LSTM layers
[INFO] fitting model
Train on 8000 samples, validate on 2000 samples
Epoch 1/1
 - 7s - loss: 0.0947 - tp: 79766.0000 - fp: 234.0000 - tn: 319766.0000 - fn: 234.0000 - accuracy: 0.9988 - precision: 0.9971 - recall: 0.9971 - auc: 0.9993 - val_loss: 1.3313 - val_tp: 10606.0000 - val_fp: 9394.0000 - val_tn: 70606.0000 - val_fn: 9394.0000 - val_accuracy: 0.8121 - val_precision: 0.5303 - val_recall: 0.5303 - val_auc: 0.8826
[INFO] saving weights to checkpoints/lstm-epoch-010-files-0-1-batch-200000-300000
[INFO] processing batch 300000-400000/500000
[INFO] breaking into predictors and prediction...
[INFO] creating train/test split: 0.2
[INFO] using LSTM layers
[INFO] fitting model
Train on 8000 samples, validate on 2000 samples
Epoch 1/1
 - 7s - loss: 1.0240 - tp: 42447.0000 - fp: 37553.0000 - tn: 282447.0000 - fn: 37553.0000 - accuracy: 0.8122 - precision: 0.5306 - recall: 0.5306 - auc: 0.8825 - val_loss: 0.8144 - val_tp: 10626.0000 - val_fp: 9374.0000 - val_tn: 70626.0000 - val_fn: 9374.0000 - val_accuracy: 0.8125 - val_precision: 0.5313 - val_recall: 0.5313 - val_auc: 0.8828
[INFO] saving weights to checkpoints/lstm-epoch-010-files-0-1-batch-300000-400000
[INFO] processing batch 400000-500000/500000
[INFO] breaking into predictors and prediction...
[INFO] creating train/test split: 0.2
[INFO] using LSTM layers
[INFO] fitting model
Train on 8000 samples, validate on 2000 samples
Epoch 1/1
 - 7s - loss: 0.7493 - tp: 42438.0000 - fp: 37562.0000 - tn: 282438.0000 - fn: 37562.0000 - accuracy: 0.8122 - precision: 0.5305 - recall: 0.5305 - auc: 0.8828 - val_loss: 0.7161 - val_tp: 10603.0000 - val_fp: 9397.0000 - val_tn: 70603.0000 - val_fn: 9397.0000 - val_accuracy: 0.8121 - val_precision: 0.5301 - val_recall: 0.5301 - val_auc: 0.8825
[INFO] saving weights to checkpoints/lstm-epoch-010-files-0-1-batch-400000-500000
[33m[LOSS] 0.7161362204551697[0m
[CHECKING EARLY STOP]: currentLoss < min_delta ? => 0.7161362204551697  <  0.001
--- 368.62578320503235 seconds ---
2020-02-06 03:41:50.913181: I tensorflow/core/platform/cpu_feature_guard.cc:142] Your CPU supports instructions that this TensorFlow binary was not compiled to use: AVX2 FMA
2020-02-06 03:41:50.923254: I tensorflow/compiler/xla/service/service.cc:168] XLA service 0x7fe638105ae0 initialized for platform Host (this does not guarantee that XLA will be used). Devices:
2020-02-06 03:41:50.923274: I tensorflow/compiler/xla/service/service.cc:176]   StreamExecutor device (0): Host, Default Version
Using TensorFlow backend.
WARNING:tensorflow:Large dropout rate: 0.8 (>0.5). In TensorFlow 2.x, dropout() uses dropout rate instead of keep_prob. Please ensure that this is intended.
2020-02-06 03:41:55.252271: E tensorflow/core/grappler/optimizers/meta_optimizer.cc:561] remapper failed: Invalid argument: MutableGraphView::MutableGraphView error: node 'loss/dense_2_loss/categorical_crossentropy/weighted_loss/concat' has self cycle fanin 'loss/dense_2_loss/categorical_crossentropy/weighted_loss/concat'.
2020-02-06 03:41:55.260652: E tensorflow/core/grappler/optimizers/dependency_optimizer.cc:717] Iteration = 0, topological sort failed with message: The graph couldn't be sorted in topological order.
2020-02-06 03:41:55.264448: E tensorflow/core/grappler/optimizers/dependency_optimizer.cc:717] Iteration = 1, topological sort failed with message: The graph couldn't be sorted in topological order.
2020-02-06 03:41:55.297628: E tensorflow/core/grappler/optimizers/meta_optimizer.cc:561] arithmetic_optimizer failed: Invalid argument: The graph couldn't be sorted in topological order.
2020-02-06 03:41:55.300192: E tensorflow/core/grappler/optimizers/meta_optimizer.cc:561] remapper failed: Invalid argument: MutableGraphView::MutableGraphView error: node 'loss/dense_2_loss/categorical_crossentropy/weighted_loss/concat' has self cycle fanin 'loss/dense_2_loss/categorical_crossentropy/weighted_loss/concat'.
2020-02-06 03:41:55.302877: E tensorflow/core/grappler/optimizers/dependency_optimizer.cc:717] Iteration = 0, topological sort failed with message: The graph couldn't be sorted in topological order.
2020-02-06 03:41:55.305596: E tensorflow/core/grappler/optimizers/dependency_optimizer.cc:717] Iteration = 1, topological sort failed with message: The graph couldn't be sorted in topological order.
2020-02-06 03:41:55.318079: W tensorflow/core/common_runtime/process_function_library_runtime.cc:697] Ignoring multi-device function optimization failure: Invalid argument: The graph couldn't be sorted in topological order.
=============================
        SCORING v0.4
=============================
Date: 2020-02-06 03:41:50.909686
[INFO] input_shape (10, 16)
[INFO] LSTM first and last layer neurons: 16
[INFO] adding core layer 0
[INFO] adding core layer 1
[INFO] adding core layer 2
[INFO] created DNN
loading weights: checkpoints/*
loading file checkpoints/lstm-epoch-010-files-0-1-batch-400000-500000
[33m[INFO] model summary:[0m
Model: "sequential_1"
_________________________________________________________________
Layer (type)                 Output Shape              Param #   
=================================================================
lstm_1 (LSTM)                (None, 10, 16)            2112      
_________________________________________________________________
dropout_1 (Dropout)          (None, 10, 16)            0         
_________________________________________________________________
lstm_2 (LSTM)                (None, 10, 64)            20736     
_________________________________________________________________
dropout_2 (Dropout)          (None, 10, 64)            0         
_________________________________________________________________
lstm_3 (LSTM)                (None, 10, 64)            33024     
_________________________________________________________________
dropout_3 (Dropout)          (None, 10, 64)            0         
_________________________________________________________________
lstm_4 (LSTM)                (None, 10, 64)            33024     
_________________________________________________________________
dropout_4 (Dropout)          (None, 10, 64)            0         
_________________________________________________________________
lstm_5 (LSTM)                (None, 10, 16)            5184      
_________________________________________________________________
dropout_5 (Dropout)          (None, 10, 16)            0         
_________________________________________________________________
dense_1 (Dense)              (None, 10, 1)             17        
_________________________________________________________________
dropout_6 (Dropout)          (None, 10, 1)             0         
_________________________________________________________________
dense_2 (Dense)              (None, 10, 5)             10        
=================================================================
Total params: 94,107
Trainable params: 94,107
Non-trainable params: 0
_________________________________________________________________
[INFO] reading file data/SWaT2015-Attack-Files-v0.4-minmax/train/2015-12-28_113021_98.log.part13_sorted-labeled.csv
[INFO] process dataset, shape: (500000, 18)
[33mdropping column: modbus_value[0m
[INFO] columns: Index(['unixtime', 'orig', 'type', 'i/f_name', 'i/f_dir', 'src', 'dst',
       'proto', 'appi_name', 'proxy_src_ip', 'modbus_function_code',
       'modbus_function_description', 'modbus_transaction_id', 'scada_tag',
       'service', 's_port', 'classification'],
      dtype='object')
[INFO] analyze dataset: (500000, 17)

[INFO] analyzing data
[INFO] 500000 rows
[INFO] ** unixtime:1359 (0.2718%)
[INFO] ** orig:[0.5:100.0%]
[INFO] ** type:[1.0:100.0%]
[INFO] ** i/f_name:[0.0:99.9996%,0.5:0.0004%]
[INFO] ** i/f_dir:[0.0:99.9996%,1.0:0.0004%]
[INFO] ** src:[0.0666666667:38.3832%,0.9333333333:25.9606%,0.6666666667:18.1352%,0.3333333333:17.52%,0.1333333333:0.0004%,1.0:0.0004%,0.5333333333:0.0002%]
[INFO] ** dst:[0.1764705882:43.3108%,0.9411764706:21.0326%,0.8823529412000001:18.135%,0.5294117647:17.5198%,0.0:0.0008%,0.2941176471:0.0004%,0.4117647059:0.0004%,0.23529411760000002:0.0002%]
[INFO] ** proto:[0.5:99.9996%,0.0:0.0004%]
[INFO] ** appi_name:[0.0:99.9992%,0.0384615385:0.0004%,0.5384615385:0.0002%,0.7307692308:0.0002%]
[INFO] ** proxy_src_ip:[0.6666666667:38.3832%,0.0:25.9606%,0.9333333333:18.1352%,0.4:17.52%,0.5333333333:0.0004%,0.7333333333:0.0004%,0.6:0.0002%]
[INFO] ** modbus_function_code:[0.9743589744:99.9992%,0.0:0.0008%]
[INFO] ** modbus_function_description:[0.2:50.0%,0.0:49.9992%,0.4:0.0008%]
[INFO] ** modbus_transaction_id:65536 (13.1072%)
[INFO] ** scada_tag:[1.0:25.9596%,0.6:21.0326%,0.8:18.1348%,0.0:17.5194%,0.4:17.3504%,0.2:0.0032%]
[INFO] ** service:[0.7025755984000001:99.9992%,0.0:0.0004%,0.0012540954:0.0002%,0.002116286:0.0002%]
[INFO] ** s_port:[0.834280824:25.96%,0.8139250565:21.0326%,0.8029830673999999:18.1348%,0.8149336757:17.5196%,0.8137722355:17.3506%,0.8343113882:0.0004%,0.0:0.0004%,0.8059172320999999:0.0002%,0.8030136315999999:0.0002%,0.8147502904:0.0002%,0.8030441959000001:0.0002%,0.814841983:0.0002%,0.9621003729000001:0.0002%,0.8345253376999999:0.0002%,0.7788831836:0.0002%]
[INFO] ** classification:[normal:72.7902%,Single Stage Single Point:27.2098%]
[INFO] columns with count within 2-10 {'i/f_name': 2, 'i/f_dir': 2, 'src': 7, 'dst': 8, 'proto': 2, 'appi_name': 4, 'proxy_src_ip': 7, 'modbus_function_code': 2, 'modbus_function_description': 3, 'scada_tag': 6, 'service': 4, 'classification': 2}
[INFO] processing batch 0-100000/500000
[33m[INFO] measuring accuracy...[0m
x_test.shape: (100000, 16)
y_eval [1 0 1 ... 0 1 0] (100000,)
[INFO] reshape for using LSTM layers
[33m[INFO] metrics:[0m
loss :  0.7160981491088867
tp :  53024.0
fp :  46976.0
tn :  353024.0
fn :  46976.0
accuracy :  0.8120962381362915
precision :  0.530239999294281
recall :  0.530239999294281
auc :  0.8825600147247314

y_eval {0: 53024, 1: 46976}
pred {0: 100000}
[INFO] confusion matrix for file 
[[53024     0     0     0     0]
 [46976     0     0     0     0]
 [    0     0     0     0     0]
 [    0     0     0     0     0]
 [    0     0     0     0     0]]
[INFO] confusion matrix after adding it to total:
[[53024     0     0     0     0]
 [46976     0     0     0     0]
 [    0     0     0     0     0]
 [    0     0     0     0     0]
 [    0     0     0     0     0]]
[INFO] processing batch 100000-200000/500000
[33m[INFO] measuring accuracy...[0m
x_test.shape: (100000, 16)
y_eval [0 1 0 ... 0 0 0] (100000,)
[INFO] reshape for using LSTM layers
[33m[INFO] metrics:[0m
loss :  0.569779813861847
tp :  87619.0
fp :  12381.0
tn :  387619.0
fn :  12381.0
accuracy :  0.9504759907722473
precision :  0.8761900067329407
recall :  0.8761900067329407
auc :  0.969047486782074

y_eval {0: 87619, 1: 12381}
pred {0: 100000}
[INFO] confusion matrix for file 
[[87619     0     0     0     0]
 [12381     0     0     0     0]
 [    0     0     0     0     0]
 [    0     0     0     0     0]
 [    0     0     0     0     0]]
[INFO] confusion matrix after adding it to total:
[[140643      0      0      0      0]
 [ 59357      0      0      0      0]
 [     0      0      0      0      0]
 [     0      0      0      0      0]
 [     0      0      0      0      0]]
[INFO] processing batch 200000-300000/500000
[33m[INFO] measuring accuracy...[0m
x_test.shape: (100000, 16)
y_eval [0 0 0 ... 1 0 1] (100000,)
[INFO] reshape for using LSTM layers
[33m[INFO] metrics:[0m
loss :  0.5892099737167359
tp :  83025.0
fp :  16975.0
tn :  383025.0
fn :  16975.0
accuracy :  0.9320994019508362
precision :  0.8302500247955322
recall :  0.8302500247955322
auc :  0.9575625061988831

y_eval {0: 83025, 1: 16975}
pred {0: 100000}
[INFO] confusion matrix for file 
[[83025     0     0     0     0]
 [16975     0     0     0     0]
 [    0     0     0     0     0]
 [    0     0     0     0     0]
 [    0     0     0     0     0]]
[INFO] confusion matrix after adding it to total:
[[223668      0      0      0      0]
 [ 76332      0      0      0      0]
 [     0      0      0      0      0]
 [     0      0      0      0      0]
 [     0      0      0      0      0]]
[INFO] processing batch 300000-400000/500000
[33m[INFO] measuring accuracy...[0m
x_test.shape: (100000, 16)
y_eval [1 0 0 ... 1 1 0] (100000,)
[INFO] reshape for using LSTM layers
[33m[INFO] metrics:[0m
loss :  0.7165253233909606
tp :  52923.0
fp :  47077.0
tn :  352923.0
fn :  47077.0
accuracy :  0.8116917014122009
precision :  0.529229998588562
recall :  0.529229998588562
auc :  0.8823074698448181

y_eval {0: 52923, 1: 47077}
pred {0: 100000}
[INFO] confusion matrix for file 
[[52923     0     0     0     0]
 [47077     0     0     0     0]
 [    0     0     0     0     0]
 [    0     0     0     0     0]
 [    0     0     0     0     0]]
[INFO] confusion matrix after adding it to total:
[[276591      0      0      0      0]
 [123409      0      0      0      0]
 [     0      0      0      0      0]
 [     0      0      0      0      0]
 [     0      0      0      0      0]]
[INFO] processing batch 400000-500000/500000
[33m[INFO] measuring accuracy...[0m
x_test.shape: (100000, 16)
y_eval [0 0 1 ... 0 0 0] (100000,)
[INFO] reshape for using LSTM layers
[33m[INFO] metrics:[0m
loss :  0.5708752429008483
tp :  87360.0
fp :  12640.0
tn :  387360.0
fn :  12640.0
accuracy :  0.9494400024414062
precision :  0.8736000061035156
recall :  0.8736000061035156
auc :  0.9684000015258789

y_eval {0: 87360, 1: 12640}
pred {0: 100000}
[INFO] confusion matrix for file 
[[87360     0     0     0     0]
 [12640     0     0     0     0]
 [    0     0     0     0     0]
 [    0     0     0     0     0]
 [    0     0     0     0     0]]
[INFO] confusion matrix after adding it to total:
[[363951      0      0      0      0]
 [136049      0      0      0      0]
 [     0      0      0      0      0]
 [     0      0      0      0      0]
 [     0      0      0      0      0]]
--- 22.608797788619995 seconds ---
