Using TensorFlow backend.
Traceback (most recent call last):
  File "train.py", line 17, in <module>
    from tfUtils import * 
  File "/Users/alien/go/src/github.com/dreadl0ck/ics-research/tfUtils.py", line 1, in <module>
    from keras.models import Sequential
  File "/usr/local/lib/python3.7/site-packages/keras/__init__.py", line 3, in <module>
    from . import utils
  File "/usr/local/lib/python3.7/site-packages/keras/utils/__init__.py", line 6, in <module>
    from . import conv_utils
  File "/usr/local/lib/python3.7/site-packages/keras/utils/conv_utils.py", line 9, in <module>
    from .. import backend as K
  File "/usr/local/lib/python3.7/site-packages/keras/backend/__init__.py", line 1, in <module>
    from .load_backend import epsilon
  File "/usr/local/lib/python3.7/site-packages/keras/backend/load_backend.py", line 90, in <module>
    from .tensorflow_backend import *
  File "/usr/local/lib/python3.7/site-packages/keras/backend/tensorflow_backend.py", line 5, in <module>
    import tensorflow as tf
  File "/usr/local/lib/python3.7/site-packages/tensorflow/__init__.py", line 101, in <module>
    from tensorflow_core import *
  File "/usr/local/lib/python3.7/site-packages/tensorflow_core/__init__.py", line 40, in <module>
    from tensorflow.python.tools import module_util as _module_util
  File "<frozen importlib._bootstrap>", line 983, in _find_and_load
  File "<frozen importlib._bootstrap>", line 959, in _find_and_load_unlocked
  File "/usr/local/lib/python3.7/site-packages/tensorflow/__init__.py", line 50, in __getattr__
    module = self._load()
  File "/usr/local/lib/python3.7/site-packages/tensorflow/__init__.py", line 44, in _load
    module = _importlib.import_module(self.__name__)
  File "/usr/local/Cellar/python/3.7.6_1/Frameworks/Python.framework/Versions/3.7/lib/python3.7/importlib/__init__.py", line 127, in import_module
    return _bootstrap._gcd_import(name[level:], package, level)
  File "/usr/local/lib/python3.7/site-packages/tensorflow_core/python/__init__.py", line 59, in <module>
    from tensorflow.python import _pywrap_transform_graph
KeyboardInterrupt
