2020-02-08 11:06:14.424053: W tensorflow/stream_executor/platform/default/dso_loader.cc:55] Could not load dynamic library 'libnvinfer.so.6'; dlerror: libnvinfer.so.6: cannot open shared object file: No such file or directory
2020-02-08 11:06:14.424104: W tensorflow/stream_executor/platform/default/dso_loader.cc:55] Could not load dynamic library 'libnvinfer_plugin.so.6'; dlerror: libnvinfer_plugin.so.6: cannot open shared object file: No such file or directory
2020-02-08 11:06:14.424111: W tensorflow/compiler/tf2tensorrt/utils/py_utils.cc:30] Cannot dlopen some TensorRT libraries. If you would like to use Nvidia GPU with TensorRT, please make sure the missing libraries mentioned above are installed properly.
2020-02-08 11:06:14.911780: W tensorflow/stream_executor/platform/default/dso_loader.cc:55] Could not load dynamic library 'libcuda.so.1'; dlerror: libcuda.so.1: cannot open shared object file: No such file or directory
2020-02-08 11:06:14.911801: E tensorflow/stream_executor/cuda/cuda_driver.cc:351] failed call to cuInit: UNKNOWN ERROR (303)
2020-02-08 11:06:14.911815: I tensorflow/stream_executor/cuda/cuda_diagnostics.cc:156] kernel driver does not appear to be running on this host (brussels): /proc/driver/nvidia/version does not exist
2020-02-08 11:06:14.911913: I tensorflow/core/platform/cpu_feature_guard.cc:142] Your CPU supports instructions that this TensorFlow binary was not compiled to use: AVX2 FMA
2020-02-08 11:06:14.933835: I tensorflow/core/platform/profile_utils/cpu_utils.cc:94] CPU Frequency: 3312000000 Hz
2020-02-08 11:06:14.934013: I tensorflow/compiler/xla/service/service.cc:168] XLA service 0x42944d0 initialized for platform Host (this does not guarantee that XLA will be used). Devices:
2020-02-08 11:06:14.934039: I tensorflow/compiler/xla/service/service.cc:176]   StreamExecutor device (0): Host, Default Version
Using TensorFlow backend.
WARNING:tensorflow:Large dropout rate: 0.8 (>0.5). In TensorFlow 2.x, dropout() uses dropout rate instead of keep_prob. Please ensure that this is intended.
=================================================
        TRAINING v0.4.2 (binaryClasses)
=================================================
Date: 2020-02-08 11:06:14.908679
[33m[INFO] using Sequential Dense layers[0m
[INFO] adding core layer 0
[INFO] adding core layer 1
[INFO] adding core layer 2
wrapLayerSize 16
coreLayerSize 64
numCoreLayers 3
outputLayerActivation sigmoid
output_dim 2
loss binary_crossentropy
optimizer adam
[INFO] created DNN
[33m[INFO] epoch 1/6[0m
[33m[INFO] loading file 1-2/1 on epoch 1/6[0m
[INFO] reading file data/SWaT2015-Attack-Files-v0.4-zscore/train/2015-12-28_113021_98.log.part12_sorted-labeled.csv
[INFO] concatenate the files
[INFO] process dataset, shape: (500000, 18)
[INFO] sampling 1.0
[33mdropping column: modbus_value[0m
dropping all time related columns...
[33mdropping column: unixtime[0m
[INFO] columns: Index(['orig', 'type', 'i/f_name', 'i/f_dir', 'src', 'dst', 'proto',
       'appi_name', 'proxy_src_ip', 'modbus_function_code',
       'modbus_function_description', 'modbus_transaction_id', 'scada_tag',
       'service', 's_port', 'classification'],
      dtype='object')
[INFO] processing batch 0-100000/500000
[INFO] breaking into predictors and prediction...
[INFO] creating train/test split: 0.2
[INFO] fitting model
Train on 80000 samples, validate on 20000 samples
Epoch 1/1
 - 3s - loss: 0.3332 - tp: 79968.0000 - fp: 5.0000 - tn: 79995.0000 - fn: 32.0000 - accuracy: 0.9998 - precision: 0.9999 - recall: 0.9996 - auc: 1.0000 - val_loss: 0.1405 - val_tp: 20000.0000 - val_fp: 0.0000e+00 - val_tn: 20000.0000 - val_fn: 0.0000e+00 - val_accuracy: 1.0000 - val_precision: 1.0000 - val_recall: 1.0000 - val_auc: 1.0000
[INFO] saving weights to checkpoints/dnn-epoch-001-files-0-2
[INFO] processing batch 100000-200000/500000
[INFO] breaking into predictors and prediction...
[INFO] creating train/test split: 0.2
[INFO] fitting model
Train on 80000 samples, validate on 20000 samples
Epoch 1/1
 - 3s - loss: 0.0794 - tp: 80000.0000 - fp: 0.0000e+00 - tn: 80000.0000 - fn: 0.0000e+00 - accuracy: 1.0000 - precision: 1.0000 - recall: 1.0000 - auc: 1.0000 - val_loss: 0.0411 - val_tp: 20000.0000 - val_fp: 0.0000e+00 - val_tn: 20000.0000 - val_fn: 0.0000e+00 - val_accuracy: 1.0000 - val_precision: 1.0000 - val_recall: 1.0000 - val_auc: 1.0000
[INFO] saving weights to checkpoints/dnn-epoch-001-files-0-2
[INFO] processing batch 200000-300000/500000
[INFO] breaking into predictors and prediction...
[INFO] creating train/test split: 0.2
[INFO] fitting model
Train on 80000 samples, validate on 20000 samples
Epoch 1/1
 - 3s - loss: 0.0365 - tp: 79766.0000 - fp: 234.0000 - tn: 79766.0000 - fn: 234.0000 - accuracy: 0.9971 - precision: 0.9971 - recall: 0.9971 - auc: 0.9972 - val_loss: 1.9826 - val_tp: 10606.0000 - val_fp: 9394.0000 - val_tn: 10606.0000 - val_fn: 9394.0000 - val_accuracy: 0.5303 - val_precision: 0.5303 - val_recall: 0.5303 - val_auc: 0.5303
[INFO] saving weights to checkpoints/dnn-epoch-001-files-0-2
[INFO] processing batch 300000-400000/500000
[INFO] breaking into predictors and prediction...
[INFO] creating train/test split: 0.2
[INFO] fitting model
Train on 80000 samples, validate on 20000 samples
Epoch 1/1
 - 3s - loss: 1.1641 - tp: 42447.0000 - fp: 37553.0000 - tn: 42447.0000 - fn: 37553.0000 - accuracy: 0.5306 - precision: 0.5306 - recall: 0.5306 - auc: 0.5307 - val_loss: 0.7841 - val_tp: 10626.0000 - val_fp: 9374.0000 - val_tn: 10626.0000 - val_fn: 9374.0000 - val_accuracy: 0.5313 - val_precision: 0.5313 - val_recall: 0.5313 - val_auc: 0.5313
[INFO] saving weights to checkpoints/dnn-epoch-001-files-0-2
[INFO] processing batch 400000-500000/500000
[INFO] breaking into predictors and prediction...
[INFO] creating train/test split: 0.2
[INFO] fitting model
Train on 80000 samples, validate on 20000 samples
Epoch 1/1
 - 3s - loss: 0.7126 - tp: 42438.0000 - fp: 37562.0000 - tn: 42438.0000 - fn: 37562.0000 - accuracy: 0.5305 - precision: 0.5305 - recall: 0.5305 - auc: 0.5294 - val_loss: 0.6916 - val_tp: 10603.0000 - val_fp: 9397.0000 - val_tn: 10603.0000 - val_fn: 9397.0000 - val_accuracy: 0.5301 - val_precision: 0.5301 - val_recall: 0.5301 - val_auc: 0.5301
[INFO] saving weights to checkpoints/dnn-epoch-001-files-0-2
[33m[LOSS] 0.691644285774231[0m
[33m[INFO] epoch 2/6[0m
[33m[INFO] loading file 1-2/1 on epoch 2/6[0m
[INFO] reading file data/SWaT2015-Attack-Files-v0.4-zscore/train/2015-12-28_113021_98.log.part12_sorted-labeled.csv
[INFO] concatenate the files
[INFO] process dataset, shape: (500000, 18)
[INFO] sampling 1.0
[33mdropping column: modbus_value[0m
dropping all time related columns...
[33mdropping column: unixtime[0m
[INFO] columns: Index(['orig', 'type', 'i/f_name', 'i/f_dir', 'src', 'dst', 'proto',
       'appi_name', 'proxy_src_ip', 'modbus_function_code',
       'modbus_function_description', 'modbus_transaction_id', 'scada_tag',
       'service', 's_port', 'classification'],
      dtype='object')
[INFO] processing batch 0-100000/500000
[INFO] breaking into predictors and prediction...
[INFO] creating train/test split: 0.2
[INFO] fitting model
Train on 80000 samples, validate on 20000 samples
Epoch 1/1
 - 3s - loss: 0.2151 - tp: 80000.0000 - fp: 0.0000e+00 - tn: 80000.0000 - fn: 0.0000e+00 - accuracy: 1.0000 - precision: 1.0000 - recall: 1.0000 - auc: 1.0000 - val_loss: 0.0837 - val_tp: 20000.0000 - val_fp: 0.0000e+00 - val_tn: 20000.0000 - val_fn: 0.0000e+00 - val_accuracy: 1.0000 - val_precision: 1.0000 - val_recall: 1.0000 - val_auc: 1.0000
[INFO] saving weights to checkpoints/dnn-epoch-002-files-0-2
[INFO] processing batch 100000-200000/500000
[INFO] breaking into predictors and prediction...
[INFO] creating train/test split: 0.2
[INFO] fitting model
Train on 80000 samples, validate on 20000 samples
Epoch 1/1
 - 3s - loss: 0.0484 - tp: 80000.0000 - fp: 0.0000e+00 - tn: 80000.0000 - fn: 0.0000e+00 - accuracy: 1.0000 - precision: 1.0000 - recall: 1.0000 - auc: 1.0000 - val_loss: 0.0257 - val_tp: 20000.0000 - val_fp: 0.0000e+00 - val_tn: 20000.0000 - val_fn: 0.0000e+00 - val_accuracy: 1.0000 - val_precision: 1.0000 - val_recall: 1.0000 - val_auc: 1.0000
[INFO] saving weights to checkpoints/dnn-epoch-002-files-0-2
[INFO] processing batch 200000-300000/500000
[INFO] breaking into predictors and prediction...
[INFO] creating train/test split: 0.2
[INFO] fitting model
Train on 80000 samples, validate on 20000 samples
Epoch 1/1
 - 3s - loss: 0.0287 - tp: 79766.0000 - fp: 234.0000 - tn: 79766.0000 - fn: 234.0000 - accuracy: 0.9971 - precision: 0.9971 - recall: 0.9971 - auc: 0.9970 - val_loss: 2.1570 - val_tp: 10606.0000 - val_fp: 9394.0000 - val_tn: 10606.0000 - val_fn: 9394.0000 - val_accuracy: 0.5303 - val_precision: 0.5303 - val_recall: 0.5303 - val_auc: 0.5303
[INFO] saving weights to checkpoints/dnn-epoch-002-files-0-2
[INFO] processing batch 300000-400000/500000
[INFO] breaking into predictors and prediction...
[INFO] creating train/test split: 0.2
[INFO] fitting model
Train on 80000 samples, validate on 20000 samples
Epoch 1/1
 - 3s - loss: 1.2852 - tp: 42447.0000 - fp: 37553.0000 - tn: 42447.0000 - fn: 37553.0000 - accuracy: 0.5306 - precision: 0.5306 - recall: 0.5306 - auc: 0.5297 - val_loss: 0.8444 - val_tp: 10626.0000 - val_fp: 9374.0000 - val_tn: 10626.0000 - val_fn: 9374.0000 - val_accuracy: 0.5313 - val_precision: 0.5313 - val_recall: 0.5313 - val_auc: 0.5313
[INFO] saving weights to checkpoints/dnn-epoch-002-files-0-2
[INFO] processing batch 400000-500000/500000
[INFO] breaking into predictors and prediction...
[INFO] creating train/test split: 0.2
[INFO] fitting model
Train on 80000 samples, validate on 20000 samples
Epoch 1/1
 - 3s - loss: 0.7309 - tp: 42438.0000 - fp: 37562.0000 - tn: 42438.0000 - fn: 37562.0000 - accuracy: 0.5305 - precision: 0.5305 - recall: 0.5305 - auc: 0.5306 - val_loss: 0.6921 - val_tp: 10603.0000 - val_fp: 9397.0000 - val_tn: 10603.0000 - val_fn: 9397.0000 - val_accuracy: 0.5301 - val_precision: 0.5301 - val_recall: 0.5301 - val_auc: 0.5301
[INFO] saving weights to checkpoints/dnn-epoch-002-files-0-2
[33m[LOSS] 0.6921108306884766[0m
[33m[INFO] epoch 3/6[0m
[33m[INFO] loading file 1-2/1 on epoch 3/6[0m
[INFO] reading file data/SWaT2015-Attack-Files-v0.4-zscore/train/2015-12-28_113021_98.log.part12_sorted-labeled.csv
[INFO] concatenate the files
[INFO] process dataset, shape: (500000, 18)
[INFO] sampling 1.0
[33mdropping column: modbus_value[0m
dropping all time related columns...
[33mdropping column: unixtime[0m
[INFO] columns: Index(['orig', 'type', 'i/f_name', 'i/f_dir', 'src', 'dst', 'proto',
       'appi_name', 'proxy_src_ip', 'modbus_function_code',
       'modbus_function_description', 'modbus_transaction_id', 'scada_tag',
       'service', 's_port', 'classification'],
      dtype='object')
[INFO] processing batch 0-100000/500000
[INFO] breaking into predictors and prediction...
[INFO] creating train/test split: 0.2
[INFO] fitting model
Train on 80000 samples, validate on 20000 samples
Epoch 1/1
 - 3s - loss: 0.2177 - tp: 80000.0000 - fp: 0.0000e+00 - tn: 80000.0000 - fn: 0.0000e+00 - accuracy: 1.0000 - precision: 1.0000 - recall: 1.0000 - auc: 1.0000 - val_loss: 0.0856 - val_tp: 20000.0000 - val_fp: 0.0000e+00 - val_tn: 20000.0000 - val_fn: 0.0000e+00 - val_accuracy: 1.0000 - val_precision: 1.0000 - val_recall: 1.0000 - val_auc: 1.0000
[INFO] saving weights to checkpoints/dnn-epoch-003-files-0-2
[INFO] processing batch 100000-200000/500000
[INFO] breaking into predictors and prediction...
[INFO] creating train/test split: 0.2
[INFO] fitting model
Train on 80000 samples, validate on 20000 samples
Epoch 1/1
 - 3s - loss: 0.0495 - tp: 80000.0000 - fp: 0.0000e+00 - tn: 80000.0000 - fn: 0.0000e+00 - accuracy: 1.0000 - precision: 1.0000 - recall: 1.0000 - auc: 1.0000 - val_loss: 0.0263 - val_tp: 20000.0000 - val_fp: 0.0000e+00 - val_tn: 20000.0000 - val_fn: 0.0000e+00 - val_accuracy: 1.0000 - val_precision: 1.0000 - val_recall: 1.0000 - val_auc: 1.0000
[INFO] saving weights to checkpoints/dnn-epoch-003-files-0-2
[INFO] processing batch 200000-300000/500000
[INFO] breaking into predictors and prediction...
[INFO] creating train/test split: 0.2
[INFO] fitting model
Train on 80000 samples, validate on 20000 samples
Epoch 1/1
 - 3s - loss: 0.0289 - tp: 79766.0000 - fp: 234.0000 - tn: 79766.0000 - fn: 234.0000 - accuracy: 0.9971 - precision: 0.9971 - recall: 0.9971 - auc: 0.9973 - val_loss: 2.1567 - val_tp: 10606.0000 - val_fp: 9394.0000 - val_tn: 10606.0000 - val_fn: 9394.0000 - val_accuracy: 0.5303 - val_precision: 0.5303 - val_recall: 0.5303 - val_auc: 0.5303
[INFO] saving weights to checkpoints/dnn-epoch-003-files-0-2
[INFO] processing batch 300000-400000/500000
[INFO] breaking into predictors and prediction...
[INFO] creating train/test split: 0.2
[INFO] fitting model
Train on 80000 samples, validate on 20000 samples
Epoch 1/1
 - 3s - loss: 1.2818 - tp: 42447.0000 - fp: 37553.0000 - tn: 42447.0000 - fn: 37553.0000 - accuracy: 0.5306 - precision: 0.5306 - recall: 0.5306 - auc: 0.5300 - val_loss: 0.8430 - val_tp: 10626.0000 - val_fp: 9374.0000 - val_tn: 10626.0000 - val_fn: 9374.0000 - val_accuracy: 0.5313 - val_precision: 0.5313 - val_recall: 0.5313 - val_auc: 0.5313
[INFO] saving weights to checkpoints/dnn-epoch-003-files-0-2
[INFO] processing batch 400000-500000/500000
[INFO] breaking into predictors and prediction...
[INFO] creating train/test split: 0.2
[INFO] fitting model
Train on 80000 samples, validate on 20000 samples
Epoch 1/1
 - 3s - loss: 0.7303 - tp: 42438.0000 - fp: 37562.0000 - tn: 42438.0000 - fn: 37562.0000 - accuracy: 0.5305 - precision: 0.5305 - recall: 0.5305 - auc: 0.5312 - val_loss: 0.6920 - val_tp: 10603.0000 - val_fp: 9397.0000 - val_tn: 10603.0000 - val_fn: 9397.0000 - val_accuracy: 0.5301 - val_precision: 0.5301 - val_recall: 0.5301 - val_auc: 0.5301
[INFO] saving weights to checkpoints/dnn-epoch-003-files-0-2
[33m[LOSS] 0.6920286191940308[0m
[CHECKING EARLY STOP]: currentLoss < min_delta ? => 0.6920286191940308  <  0.001
[33m[INFO] epoch 4/6[0m
[33m[INFO] loading file 1-2/1 on epoch 4/6[0m
[INFO] reading file data/SWaT2015-Attack-Files-v0.4-zscore/train/2015-12-28_113021_98.log.part12_sorted-labeled.csv
[INFO] concatenate the files
[INFO] process dataset, shape: (500000, 18)
[INFO] sampling 1.0
[33mdropping column: modbus_value[0m
dropping all time related columns...
[33mdropping column: unixtime[0m
[INFO] columns: Index(['orig', 'type', 'i/f_name', 'i/f_dir', 'src', 'dst', 'proto',
       'appi_name', 'proxy_src_ip', 'modbus_function_code',
       'modbus_function_description', 'modbus_transaction_id', 'scada_tag',
       'service', 's_port', 'classification'],
      dtype='object')
[INFO] processing batch 0-100000/500000
[INFO] breaking into predictors and prediction...
[INFO] creating train/test split: 0.2
[INFO] fitting model
Train on 80000 samples, validate on 20000 samples
Epoch 1/1
 - 3s - loss: 0.2182 - tp: 80000.0000 - fp: 0.0000e+00 - tn: 80000.0000 - fn: 0.0000e+00 - accuracy: 1.0000 - precision: 1.0000 - recall: 1.0000 - auc: 1.0000 - val_loss: 0.0858 - val_tp: 20000.0000 - val_fp: 0.0000e+00 - val_tn: 20000.0000 - val_fn: 0.0000e+00 - val_accuracy: 1.0000 - val_precision: 1.0000 - val_recall: 1.0000 - val_auc: 1.0000
[INFO] saving weights to checkpoints/dnn-epoch-004-files-0-2
[INFO] processing batch 100000-200000/500000
[INFO] breaking into predictors and prediction...
[INFO] creating train/test split: 0.2
[INFO] fitting model
Train on 80000 samples, validate on 20000 samples
Epoch 1/1
 - 3s - loss: 0.0496 - tp: 80000.0000 - fp: 0.0000e+00 - tn: 80000.0000 - fn: 0.0000e+00 - accuracy: 1.0000 - precision: 1.0000 - recall: 1.0000 - auc: 1.0000 - val_loss: 0.0264 - val_tp: 20000.0000 - val_fp: 0.0000e+00 - val_tn: 20000.0000 - val_fn: 0.0000e+00 - val_accuracy: 1.0000 - val_precision: 1.0000 - val_recall: 1.0000 - val_auc: 1.0000
[INFO] saving weights to checkpoints/dnn-epoch-004-files-0-2
[INFO] processing batch 200000-300000/500000
[INFO] breaking into predictors and prediction...
[INFO] creating train/test split: 0.2
[INFO] fitting model
Train on 80000 samples, validate on 20000 samples
Epoch 1/1
 - 3s - loss: 0.0290 - tp: 79766.0000 - fp: 234.0000 - tn: 79766.0000 - fn: 234.0000 - accuracy: 0.9971 - precision: 0.9971 - recall: 0.9971 - auc: 0.9971 - val_loss: 2.1490 - val_tp: 10606.0000 - val_fp: 9394.0000 - val_tn: 10606.0000 - val_fn: 9394.0000 - val_accuracy: 0.5303 - val_precision: 0.5303 - val_recall: 0.5303 - val_auc: 0.5303
[INFO] saving weights to checkpoints/dnn-epoch-004-files-0-2
[INFO] processing batch 300000-400000/500000
[INFO] breaking into predictors and prediction...
[INFO] creating train/test split: 0.2
[INFO] fitting model
Train on 80000 samples, validate on 20000 samples
Epoch 1/1
 - 3s - loss: 1.2762 - tp: 42447.0000 - fp: 37553.0000 - tn: 42447.0000 - fn: 37553.0000 - accuracy: 0.5306 - precision: 0.5306 - recall: 0.5306 - auc: 0.5311 - val_loss: 0.8387 - val_tp: 10626.0000 - val_fp: 9374.0000 - val_tn: 10626.0000 - val_fn: 9374.0000 - val_accuracy: 0.5313 - val_precision: 0.5313 - val_recall: 0.5313 - val_auc: 0.5313
[INFO] saving weights to checkpoints/dnn-epoch-004-files-0-2
[INFO] processing batch 400000-500000/500000
[INFO] breaking into predictors and prediction...
[INFO] creating train/test split: 0.2
[INFO] fitting model
Train on 80000 samples, validate on 20000 samples
Epoch 1/1
 - 3s - loss: 0.7295 - tp: 42438.0000 - fp: 37562.0000 - tn: 42438.0000 - fn: 37562.0000 - accuracy: 0.5305 - precision: 0.5305 - recall: 0.5305 - auc: 0.5297 - val_loss: 0.6921 - val_tp: 10603.0000 - val_fp: 9397.0000 - val_tn: 10603.0000 - val_fn: 9397.0000 - val_accuracy: 0.5301 - val_precision: 0.5301 - val_recall: 0.5301 - val_auc: 0.5301
[INFO] saving weights to checkpoints/dnn-epoch-004-files-0-2
[33m[LOSS] 0.6920935360908508[0m
[CHECKING EARLY STOP]: currentLoss < min_delta ? => 0.6920935360908508  <  0.001
[33m[INFO] epoch 5/6[0m
[33m[INFO] loading file 1-2/1 on epoch 5/6[0m
[INFO] reading file data/SWaT2015-Attack-Files-v0.4-zscore/train/2015-12-28_113021_98.log.part12_sorted-labeled.csv
[INFO] concatenate the files
[INFO] process dataset, shape: (500000, 18)
[INFO] sampling 1.0
[33mdropping column: modbus_value[0m
dropping all time related columns...
[33mdropping column: unixtime[0m
[INFO] columns: Index(['orig', 'type', 'i/f_name', 'i/f_dir', 'src', 'dst', 'proto',
       'appi_name', 'proxy_src_ip', 'modbus_function_code',
       'modbus_function_description', 'modbus_transaction_id', 'scada_tag',
       'service', 's_port', 'classification'],
      dtype='object')
[INFO] processing batch 0-100000/500000
[INFO] breaking into predictors and prediction...
[INFO] creating train/test split: 0.2
[INFO] fitting model
Train on 80000 samples, validate on 20000 samples
Epoch 1/1
 - 3s - loss: 0.2165 - tp: 80000.0000 - fp: 0.0000e+00 - tn: 80000.0000 - fn: 0.0000e+00 - accuracy: 1.0000 - precision: 1.0000 - recall: 1.0000 - auc: 1.0000 - val_loss: 0.0850 - val_tp: 20000.0000 - val_fp: 0.0000e+00 - val_tn: 20000.0000 - val_fn: 0.0000e+00 - val_accuracy: 1.0000 - val_precision: 1.0000 - val_recall: 1.0000 - val_auc: 1.0000
[INFO] saving weights to checkpoints/dnn-epoch-005-files-0-2
[INFO] processing batch 100000-200000/500000
[INFO] breaking into predictors and prediction...
[INFO] creating train/test split: 0.2
[INFO] fitting model
Train on 80000 samples, validate on 20000 samples
Epoch 1/1
 - 3s - loss: 0.0492 - tp: 80000.0000 - fp: 0.0000e+00 - tn: 80000.0000 - fn: 0.0000e+00 - accuracy: 1.0000 - precision: 1.0000 - recall: 1.0000 - auc: 1.0000 - val_loss: 0.0262 - val_tp: 20000.0000 - val_fp: 0.0000e+00 - val_tn: 20000.0000 - val_fn: 0.0000e+00 - val_accuracy: 1.0000 - val_precision: 1.0000 - val_recall: 1.0000 - val_auc: 1.0000
[INFO] saving weights to checkpoints/dnn-epoch-005-files-0-2
[INFO] processing batch 200000-300000/500000
[INFO] breaking into predictors and prediction...
[INFO] creating train/test split: 0.2
[INFO] fitting model
Train on 80000 samples, validate on 20000 samples
Epoch 1/1
 - 3s - loss: 0.0289 - tp: 79766.0000 - fp: 234.0000 - tn: 79766.0000 - fn: 234.0000 - accuracy: 0.9971 - precision: 0.9971 - recall: 0.9971 - auc: 0.9972 - val_loss: 2.1571 - val_tp: 10606.0000 - val_fp: 9394.0000 - val_tn: 10606.0000 - val_fn: 9394.0000 - val_accuracy: 0.5303 - val_precision: 0.5303 - val_recall: 0.5303 - val_auc: 0.5303
[INFO] saving weights to checkpoints/dnn-epoch-005-files-0-2
[INFO] processing batch 300000-400000/500000
[INFO] breaking into predictors and prediction...
[INFO] creating train/test split: 0.2
[INFO] fitting model
Train on 80000 samples, validate on 20000 samples
Epoch 1/1
 - 3s - loss: 1.2826 - tp: 42447.0000 - fp: 37553.0000 - tn: 42447.0000 - fn: 37553.0000 - accuracy: 0.5306 - precision: 0.5306 - recall: 0.5306 - auc: 0.5311 - val_loss: 0.8428 - val_tp: 10626.0000 - val_fp: 9374.0000 - val_tn: 10626.0000 - val_fn: 9374.0000 - val_accuracy: 0.5313 - val_precision: 0.5313 - val_recall: 0.5313 - val_auc: 0.5313
[INFO] saving weights to checkpoints/dnn-epoch-005-files-0-2
[INFO] processing batch 400000-500000/500000
[INFO] breaking into predictors and prediction...
[INFO] creating train/test split: 0.2
[INFO] fitting model
Train on 80000 samples, validate on 20000 samples
Epoch 1/1
 - 3s - loss: 0.7301 - tp: 42438.0000 - fp: 37562.0000 - tn: 42438.0000 - fn: 37562.0000 - accuracy: 0.5305 - precision: 0.5305 - recall: 0.5305 - auc: 0.5314 - val_loss: 0.6920 - val_tp: 10603.0000 - val_fp: 9397.0000 - val_tn: 10603.0000 - val_fn: 9397.0000 - val_accuracy: 0.5301 - val_precision: 0.5301 - val_recall: 0.5301 - val_auc: 0.5301
[INFO] saving weights to checkpoints/dnn-epoch-005-files-0-2
[33m[LOSS] 0.6919527956008911[0m
[CHECKING EARLY STOP]: currentLoss < min_delta ? => 0.6919527956008911  <  0.001
[33m[INFO] epoch 6/6[0m
[33m[INFO] loading file 1-2/1 on epoch 6/6[0m
[INFO] reading file data/SWaT2015-Attack-Files-v0.4-zscore/train/2015-12-28_113021_98.log.part12_sorted-labeled.csv
[INFO] concatenate the files
[INFO] process dataset, shape: (500000, 18)
[INFO] sampling 1.0
[33mdropping column: modbus_value[0m
dropping all time related columns...
[33mdropping column: unixtime[0m
[INFO] columns: Index(['orig', 'type', 'i/f_name', 'i/f_dir', 'src', 'dst', 'proto',
       'appi_name', 'proxy_src_ip', 'modbus_function_code',
       'modbus_function_description', 'modbus_transaction_id', 'scada_tag',
       'service', 's_port', 'classification'],
      dtype='object')
[INFO] processing batch 0-100000/500000
[INFO] breaking into predictors and prediction...
[INFO] creating train/test split: 0.2
[INFO] fitting model
Train on 80000 samples, validate on 20000 samples
Epoch 1/1
 - 3s - loss: 0.2184 - tp: 80000.0000 - fp: 0.0000e+00 - tn: 80000.0000 - fn: 0.0000e+00 - accuracy: 1.0000 - precision: 1.0000 - recall: 1.0000 - auc: 1.0000 - val_loss: 0.0858 - val_tp: 20000.0000 - val_fp: 0.0000e+00 - val_tn: 20000.0000 - val_fn: 0.0000e+00 - val_accuracy: 1.0000 - val_precision: 1.0000 - val_recall: 1.0000 - val_auc: 1.0000
[INFO] saving weights to checkpoints/dnn-epoch-006-files-0-2
[INFO] processing batch 100000-200000/500000
[INFO] breaking into predictors and prediction...
[INFO] creating train/test split: 0.2
[INFO] fitting model
Train on 80000 samples, validate on 20000 samples
Epoch 1/1
 - 3s - loss: 0.0497 - tp: 80000.0000 - fp: 0.0000e+00 - tn: 80000.0000 - fn: 0.0000e+00 - accuracy: 1.0000 - precision: 1.0000 - recall: 1.0000 - auc: 1.0000 - val_loss: 0.0264 - val_tp: 20000.0000 - val_fp: 0.0000e+00 - val_tn: 20000.0000 - val_fn: 0.0000e+00 - val_accuracy: 1.0000 - val_precision: 1.0000 - val_recall: 1.0000 - val_auc: 1.0000
[INFO] saving weights to checkpoints/dnn-epoch-006-files-0-2
[INFO] processing batch 200000-300000/500000
[INFO] breaking into predictors and prediction...
[INFO] creating train/test split: 0.2
[INFO] fitting model
Train on 80000 samples, validate on 20000 samples
Epoch 1/1
 - 3s - loss: 0.0290 - tp: 79766.0000 - fp: 234.0000 - tn: 79766.0000 - fn: 234.0000 - accuracy: 0.9971 - precision: 0.9971 - recall: 0.9971 - auc: 0.9969 - val_loss: 2.1490 - val_tp: 10606.0000 - val_fp: 9394.0000 - val_tn: 10606.0000 - val_fn: 9394.0000 - val_accuracy: 0.5303 - val_precision: 0.5303 - val_recall: 0.5303 - val_auc: 0.5303
[INFO] saving weights to checkpoints/dnn-epoch-006-files-0-2
[INFO] processing batch 300000-400000/500000
[INFO] breaking into predictors and prediction...
[INFO] creating train/test split: 0.2
[INFO] fitting model
Train on 80000 samples, validate on 20000 samples
Epoch 1/1
 - 3s - loss: 1.2705 - tp: 42447.0000 - fp: 37553.0000 - tn: 42447.0000 - fn: 37553.0000 - accuracy: 0.5306 - precision: 0.5306 - recall: 0.5306 - auc: 0.5328 - val_loss: 0.8357 - val_tp: 10626.0000 - val_fp: 9374.0000 - val_tn: 10626.0000 - val_fn: 9374.0000 - val_accuracy: 0.5313 - val_precision: 0.5313 - val_recall: 0.5313 - val_auc: 0.5313
[INFO] saving weights to checkpoints/dnn-epoch-006-files-0-2
[INFO] processing batch 400000-500000/500000
[INFO] breaking into predictors and prediction...
[INFO] creating train/test split: 0.2
[INFO] fitting model
Train on 80000 samples, validate on 20000 samples
Epoch 1/1
 - 3s - loss: 0.7274 - tp: 42438.0000 - fp: 37562.0000 - tn: 42438.0000 - fn: 37562.0000 - accuracy: 0.5305 - precision: 0.5305 - recall: 0.5305 - auc: 0.5323 - val_loss: 0.6920 - val_tp: 10603.0000 - val_fp: 9397.0000 - val_tn: 10603.0000 - val_fn: 9397.0000 - val_accuracy: 0.5301 - val_precision: 0.5301 - val_recall: 0.5301 - val_auc: 0.5301
[INFO] saving weights to checkpoints/dnn-epoch-006-files-0-2
[33m[LOSS] 0.6919961287498474[0m
[CHECKING EARLY STOP]: currentLoss < min_delta ? => 0.6919961287498474  <  0.001
--- 91.92788410186768 seconds ---
2020-02-08 11:07:47.710414: W tensorflow/stream_executor/platform/default/dso_loader.cc:55] Could not load dynamic library 'libnvinfer.so.6'; dlerror: libnvinfer.so.6: cannot open shared object file: No such file or directory
2020-02-08 11:07:47.710457: W tensorflow/stream_executor/platform/default/dso_loader.cc:55] Could not load dynamic library 'libnvinfer_plugin.so.6'; dlerror: libnvinfer_plugin.so.6: cannot open shared object file: No such file or directory
2020-02-08 11:07:47.710463: W tensorflow/compiler/tf2tensorrt/utils/py_utils.cc:30] Cannot dlopen some TensorRT libraries. If you would like to use Nvidia GPU with TensorRT, please make sure the missing libraries mentioned above are installed properly.
2020-02-08 11:07:48.203180: W tensorflow/stream_executor/platform/default/dso_loader.cc:55] Could not load dynamic library 'libcuda.so.1'; dlerror: libcuda.so.1: cannot open shared object file: No such file or directory
2020-02-08 11:07:48.203200: E tensorflow/stream_executor/cuda/cuda_driver.cc:351] failed call to cuInit: UNKNOWN ERROR (303)
2020-02-08 11:07:48.203215: I tensorflow/stream_executor/cuda/cuda_diagnostics.cc:156] kernel driver does not appear to be running on this host (brussels): /proc/driver/nvidia/version does not exist
2020-02-08 11:07:48.203319: I tensorflow/core/platform/cpu_feature_guard.cc:142] Your CPU supports instructions that this TensorFlow binary was not compiled to use: AVX2 FMA
2020-02-08 11:07:48.225831: I tensorflow/core/platform/profile_utils/cpu_utils.cc:94] CPU Frequency: 3312000000 Hz
2020-02-08 11:07:48.226017: I tensorflow/compiler/xla/service/service.cc:168] XLA service 0x533e870 initialized for platform Host (this does not guarantee that XLA will be used). Devices:
2020-02-08 11:07:48.226045: I tensorflow/compiler/xla/service/service.cc:176]   StreamExecutor device (0): Host, Default Version
Using TensorFlow backend.
WARNING:tensorflow:Large dropout rate: 0.8 (>0.5). In TensorFlow 2.x, dropout() uses dropout rate instead of keep_prob. Please ensure that this is intended.
=================================================
        SCORING v0.4.2 (binaryClasses)
=================================================
Date: 2020-02-08 11:07:48.200124
[33m[INFO] using Sequential Dense layers[0m
[INFO] adding core layer 0
[INFO] adding core layer 1
[INFO] adding core layer 2
wrapLayerSize 16
coreLayerSize 64
numCoreLayers 3
outputLayerActivation sigmoid
output_dim 2
loss binary_crossentropy
optimizer adam
[INFO] created DNN
loading weights: checkpoints/*
loading file checkpoints/dnn-epoch-006-files-0-2
[33m[INFO] model summary:[0m
Model: "sequential_1"
_________________________________________________________________
Layer (type)                 Output Shape              Param #   
=================================================================
dense_1 (Dense)              (None, 16)                256       
_________________________________________________________________
dropout_1 (Dropout)          (None, 16)                0         
_________________________________________________________________
dense_2 (Dense)              (None, 64)                1088      
_________________________________________________________________
dropout_2 (Dropout)          (None, 64)                0         
_________________________________________________________________
dense_3 (Dense)              (None, 64)                4160      
_________________________________________________________________
dropout_3 (Dropout)          (None, 64)                0         
_________________________________________________________________
dense_4 (Dense)              (None, 64)                4160      
_________________________________________________________________
dropout_4 (Dropout)          (None, 64)                0         
_________________________________________________________________
dense_5 (Dense)              (None, 16)                1040      
_________________________________________________________________
dropout_5 (Dropout)          (None, 16)                0         
_________________________________________________________________
dense_6 (Dense)              (None, 1)                 17        
_________________________________________________________________
dropout_6 (Dropout)          (None, 1)                 0         
_________________________________________________________________
dense_7 (Dense)              (None, 2)                 4         
=================================================================
Total params: 10,725
Trainable params: 10,725
Non-trainable params: 0
_________________________________________________________________
[INFO] reading file data/SWaT2015-Attack-Files-v0.4-zscore/train/2015-12-28_113021_98.log.part13_sorted-labeled.csv
[INFO] process dataset, shape: (500000, 18)
[33mdropping column: modbus_value[0m
dropping all time related columns...
[33mdropping column: unixtime[0m
[INFO] columns: Index(['orig', 'type', 'i/f_name', 'i/f_dir', 'src', 'dst', 'proto',
       'appi_name', 'proxy_src_ip', 'modbus_function_code',
       'modbus_function_description', 'modbus_transaction_id', 'scada_tag',
       'service', 's_port', 'classification'],
      dtype='object')
[INFO] analyze dataset: (500000, 16)

[INFO] analyzing data
[INFO] 500000 rows
[INFO] ** orig:[0.0:100.0%]
[INFO] ** type:[1.0:100.0%]
[INFO] ** i/f_name:[-1.0:99.9996%,0.0:0.0004%]
[INFO] ** i/f_dir:[-0.7071067812:99.9996%,0.7071067812:0.0004%]
[INFO] ** src:[-1.3652730819:38.3832%,1.3652730819:25.9606%,0.5251050315:18.1352%,-0.5251050315:17.52%,-1.1552310693:0.0004%,1.5753150944999998:0.0004%,0.10502100630000001:0.0002%]
[INFO] ** dst:[-1.0302443927:43.3108%,1.4048787174000001:21.0326%,1.2175615551:18.135%,0.0936585812:17.5198%,-1.5921958797:0.0008%,-0.6556100681:0.0004%,-0.28097574350000004:0.0004%,-0.8429272304000001:0.0002%]
[INFO] ** proto:[0.0:99.9996%,-1.0:0.0004%]
[INFO] ** appi_name:[-1.6378460497:99.9992%,-1.5118578919999999:0.0004%,0.1259881577:0.0002%,0.7559289459999999:0.0002%]
[INFO] ** proxy_src_ip:[0.5251050315:38.3832%,-1.5753150944999998:25.9606%,1.3652730819:18.1352%,-0.3150630189:17.52%,0.10502100630000001:0.0004%,0.7351470441:0.0004%,0.3150630189:0.0002%]
[INFO] ** modbus_function_code:[0.005653795200000001:99.9992%,-176.7993450566:0.0008%]
[INFO] ** modbus_function_description:[-0.8017837256999999:50.0%,-1.3363062096:49.9992%,-0.2672612419:0.0008%]
[INFO] ** modbus_transaction_id:65536 (13.1072%)
[INFO] ** scada_tag:[1.3363062096:25.9596%,0.2672612419:21.0326%,0.8017837256999999:18.1348%,-1.3363062096:17.5194%,-0.2672612419:17.3504%,-0.8017837256999999:0.0032%]
[INFO] ** service:[0.0054950911:99.9992%,-185.27759935790002:0.0004%,-184.94686957169998:0.0002%,-184.71949284369998:0.0002%]
[INFO] ** s_port:[1.4631574735:25.96%,-0.2976951931:21.0326%,-1.2442195994:18.1348%,-0.2104457366:17.5196%,-0.3109148077:17.3506%,-70.70536262659999:0.0004%,1.4658013963999998:0.0004%,-0.9904029989:0.0002%,12.520043136500002:0.0002%,-1.2415756765000001:0.0002%,-0.2183775054:0.0002%,-1.2389317536:0.0002%,-0.22630927420000002:0.0002%,-3.3289528241000004:0.0002%,1.4843088569:0.0002%]
[INFO] ** classification:[normal:72.7902%,Single Stage Single Point:27.2098%]
[INFO] columns with count within 2-10 {'i/f_name': 2, 'i/f_dir': 2, 'src': 7, 'dst': 8, 'proto': 2, 'appi_name': 4, 'proxy_src_ip': 7, 'modbus_function_code': 2, 'modbus_function_description': 3, 'scada_tag': 6, 'service': 4, 'classification': 2}
[INFO] processing batch 0-100000/500000
[33m[INFO] measuring accuracy...[0m
x_test.shape: (100000, 15)
y_eval [1 0 1 ... 0 1 0] (100000,)
[INFO] Validation score: [33m0.53024[0m
[33m[INFO] metrics:[0m
loss :  0.6919786631202698
tp :  53024.0
fp :  46976.0
tn :  53024.0
fn :  46976.0
accuracy :  0.530239999294281
precision :  0.530239999294281
recall :  0.530239999294281
auc :  0.5302400588989258

y_eval {0: 53024, 1: 46976}
pred {0: 100000}
[INFO] confusion matrix for file 
[[53024     0]
 [46976     0]]
[INFO] confusion matrix after adding it to total:
[[53024     0]
 [46976     0]]
[INFO] processing batch 100000-200000/500000
[33m[INFO] measuring accuracy...[0m
x_test.shape: (100000, 15)
y_eval [0 1 0 ... 0 0 0] (100000,)
[INFO] Validation score: [33m0.87619[0m
[33m[INFO] metrics:[0m
loss :  0.6248465818405151
tp :  87619.0
fp :  12381.0
tn :  87619.0
fn :  12381.0
accuracy :  0.8761900067329407
precision :  0.8761900067329407
recall :  0.8761900067329407
auc :  0.8761899471282959

y_eval {0: 87619, 1: 12381}
pred {0: 100000}
[INFO] confusion matrix for file 
[[87619     0]
 [12381     0]]
[INFO] confusion matrix after adding it to total:
[[140643      0]
 [ 59357      0]]
[INFO] processing batch 200000-300000/500000
[33m[INFO] measuring accuracy...[0m
x_test.shape: (100000, 15)
y_eval [0 0 0 ... 1 0 1] (100000,)
[INFO] Validation score: [33m0.83025[0m
[33m[INFO] metrics:[0m
loss :  0.6337613034820556
tp :  83025.0
fp :  16975.0
tn :  83025.0
fn :  16975.0
accuracy :  0.8302500247955322
precision :  0.8302500247955322
recall :  0.8302500247955322
auc :  0.8302500247955322

y_eval {0: 83025, 1: 16975}
pred {0: 100000}
[INFO] confusion matrix for file 
[[83025     0]
 [16975     0]]
[INFO] confusion matrix after adding it to total:
[[223668      0]
 [ 76332      0]]
[INFO] processing batch 300000-400000/500000
[33m[INFO] measuring accuracy...[0m
x_test.shape: (100000, 15)
y_eval [1 0 0 ... 1 1 0] (100000,)
[INFO] Validation score: [33m0.52923[0m
[33m[INFO] metrics:[0m
loss :  0.6921746552658081
tp :  52923.0
fp :  47077.0
tn :  52923.0
fn :  47077.0
accuracy :  0.529229998588562
precision :  0.529229998588562
recall :  0.529229998588562
auc :  0.529229998588562

y_eval {0: 52923, 1: 47077}
pred {0: 100000}
[INFO] confusion matrix for file 
[[52923     0]
 [47077     0]]
[INFO] confusion matrix after adding it to total:
[[276591      0]
 [123409      0]]
[INFO] processing batch 400000-500000/500000
[33m[INFO] measuring accuracy...[0m
x_test.shape: (100000, 15)
y_eval [0 0 1 ... 0 0 0] (100000,)
[INFO] Validation score: [33m0.8736[0m
[33m[INFO] metrics:[0m
loss :  0.6253491743659974
tp :  87360.0
fp :  12640.0
tn :  87360.0
fn :  12640.0
accuracy :  0.8736000061035156
precision :  0.8736000061035156
recall :  0.8736000061035156
auc :  0.8736000061035156

y_eval {0: 87360, 1: 12640}
pred {0: 100000}
[INFO] confusion matrix for file 
[[87360     0]
 [12640     0]]
[INFO] confusion matrix after adding it to total:
[[363951      0]
 [136049      0]]
--- 12.944426536560059 seconds ---
