2020-02-08 11:17:36.973224: W tensorflow/stream_executor/platform/default/dso_loader.cc:55] Could not load dynamic library 'libnvinfer.so.6'; dlerror: libnvinfer.so.6: cannot open shared object file: No such file or directory
2020-02-08 11:17:36.973276: W tensorflow/stream_executor/platform/default/dso_loader.cc:55] Could not load dynamic library 'libnvinfer_plugin.so.6'; dlerror: libnvinfer_plugin.so.6: cannot open shared object file: No such file or directory
2020-02-08 11:17:36.973282: W tensorflow/compiler/tf2tensorrt/utils/py_utils.cc:30] Cannot dlopen some TensorRT libraries. If you would like to use Nvidia GPU with TensorRT, please make sure the missing libraries mentioned above are installed properly.
2020-02-08 11:17:37.465017: W tensorflow/stream_executor/platform/default/dso_loader.cc:55] Could not load dynamic library 'libcuda.so.1'; dlerror: libcuda.so.1: cannot open shared object file: No such file or directory
2020-02-08 11:17:37.465036: E tensorflow/stream_executor/cuda/cuda_driver.cc:351] failed call to cuInit: UNKNOWN ERROR (303)
2020-02-08 11:17:37.465050: I tensorflow/stream_executor/cuda/cuda_diagnostics.cc:156] kernel driver does not appear to be running on this host (brussels): /proc/driver/nvidia/version does not exist
2020-02-08 11:17:37.465158: I tensorflow/core/platform/cpu_feature_guard.cc:142] Your CPU supports instructions that this TensorFlow binary was not compiled to use: AVX2 FMA
2020-02-08 11:17:37.485815: I tensorflow/core/platform/profile_utils/cpu_utils.cc:94] CPU Frequency: 3312000000 Hz
2020-02-08 11:17:37.486004: I tensorflow/compiler/xla/service/service.cc:168] XLA service 0x5bef910 initialized for platform Host (this does not guarantee that XLA will be used). Devices:
2020-02-08 11:17:37.486015: I tensorflow/compiler/xla/service/service.cc:176]   StreamExecutor device (0): Host, Default Version
Using TensorFlow backend.
WARNING:tensorflow:Large dropout rate: 0.8 (>0.5). In TensorFlow 2.x, dropout() uses dropout rate instead of keep_prob. Please ensure that this is intended.
2020-02-08 11:17:40.640359: E tensorflow/core/grappler/optimizers/meta_optimizer.cc:561] remapper failed: Invalid argument: MutableGraphView::MutableGraphView error: node 'loss/dense_2_loss/binary_crossentropy/weighted_loss/concat' has self cycle fanin 'loss/dense_2_loss/binary_crossentropy/weighted_loss/concat'.
2020-02-08 11:17:40.662483: E tensorflow/core/grappler/optimizers/dependency_optimizer.cc:717] Iteration = 0, topological sort failed with message: The graph couldn't be sorted in topological order.
2020-02-08 11:17:40.671420: E tensorflow/core/grappler/optimizers/dependency_optimizer.cc:717] Iteration = 1, topological sort failed with message: The graph couldn't be sorted in topological order.
2020-02-08 11:17:40.748140: E tensorflow/core/grappler/optimizers/meta_optimizer.cc:561] arithmetic_optimizer failed: Invalid argument: The graph couldn't be sorted in topological order.
2020-02-08 11:17:40.752636: E tensorflow/core/grappler/optimizers/meta_optimizer.cc:561] remapper failed: Invalid argument: MutableGraphView::MutableGraphView error: node 'loss/dense_2_loss/binary_crossentropy/weighted_loss/concat' has self cycle fanin 'loss/dense_2_loss/binary_crossentropy/weighted_loss/concat'.
2020-02-08 11:17:40.759099: E tensorflow/core/grappler/optimizers/dependency_optimizer.cc:717] Iteration = 0, topological sort failed with message: The graph couldn't be sorted in topological order.
2020-02-08 11:17:40.765045: E tensorflow/core/grappler/optimizers/dependency_optimizer.cc:717] Iteration = 1, topological sort failed with message: The graph couldn't be sorted in topological order.
2020-02-08 11:17:40.783177: W tensorflow/core/common_runtime/process_function_library_runtime.cc:697] Ignoring multi-device function optimization failure: Invalid argument: The graph couldn't be sorted in topological order.
2020-02-08 11:17:44.186011: E tensorflow/core/grappler/optimizers/meta_optimizer.cc:561] remapper failed: Invalid argument: MutableGraphView::MutableGraphView error: node 'loss/dense_2_loss/binary_crossentropy/weighted_loss/concat' has self cycle fanin 'loss/dense_2_loss/binary_crossentropy/weighted_loss/concat'.
2020-02-08 11:17:44.190871: E tensorflow/core/grappler/optimizers/dependency_optimizer.cc:717] Iteration = 0, topological sort failed with message: The graph couldn't be sorted in topological order.
2020-02-08 11:17:44.193193: E tensorflow/core/grappler/optimizers/dependency_optimizer.cc:717] Iteration = 1, topological sort failed with message: The graph couldn't be sorted in topological order.
2020-02-08 11:17:44.209613: E tensorflow/core/grappler/optimizers/meta_optimizer.cc:561] arithmetic_optimizer failed: Invalid argument: The graph couldn't be sorted in topological order.
2020-02-08 11:17:44.210655: E tensorflow/core/grappler/optimizers/meta_optimizer.cc:561] remapper failed: Invalid argument: MutableGraphView::MutableGraphView error: node 'loss/dense_2_loss/binary_crossentropy/weighted_loss/concat' has self cycle fanin 'loss/dense_2_loss/binary_crossentropy/weighted_loss/concat'.
2020-02-08 11:17:44.212137: E tensorflow/core/grappler/optimizers/dependency_optimizer.cc:717] Iteration = 0, topological sort failed with message: The graph couldn't be sorted in topological order.
2020-02-08 11:17:44.213668: E tensorflow/core/grappler/optimizers/dependency_optimizer.cc:717] Iteration = 1, topological sort failed with message: The graph couldn't be sorted in topological order.
2020-02-08 11:17:44.220364: W tensorflow/core/common_runtime/process_function_library_runtime.cc:697] Ignoring multi-device function optimization failure: Invalid argument: The graph couldn't be sorted in topological order.
=================================================
        TRAINING v0.4.2 (binaryClasses)
=================================================
Date: 2020-02-08 11:17:37.461689
[INFO] input_shape (32, 16)
[INFO] LSTM first and last layer neurons: 16
[INFO] adding core layer 0
[INFO] adding core layer 1
[INFO] adding core layer 2
wrapLayerSize 16
coreLayerSize 64
numCoreLayers 3
outputLayerActivation sigmoid
output_dim 2
loss binary_crossentropy
optimizer sgd
[INFO] created DNN
[33m[INFO] epoch 1/3[0m
[33m[INFO] loading file 1-2/1 on epoch 1/3[0m
[INFO] reading file data/SWaT2015-Attack-Files-v0.4-zscore/train/2015-12-28_113021_98.log.part12_sorted-labeled.csv
[INFO] concatenate the files
[INFO] process dataset, shape: (500000, 18)
[INFO] sampling 1.0
[33mdropping column: modbus_value[0m
[INFO] columns: Index(['unixtime', 'orig', 'type', 'i/f_name', 'i/f_dir', 'src', 'dst',
       'proto', 'appi_name', 'proxy_src_ip', 'modbus_function_code',
       'modbus_function_description', 'modbus_transaction_id', 'scada_tag',
       'service', 's_port', 'classification'],
      dtype='object')
[INFO] processing batch 0-100000/500000
[INFO] breaking into predictors and prediction...
[INFO] creating train/test split: 0.2
[INFO] using LSTM layers
[INFO] fitting model
Train on 2500 samples, validate on 625 samples
Epoch 1/1
 - 5s - loss: nan - tp: 57796.0000 - fp: 1066.0000 - tn: 78934.0000 - fn: 22204.0000 - accuracy: 0.7258 - precision: 0.9819 - recall: 0.7225 - auc: 0.5426 - val_loss: nan - val_tp: 0.0000e+00 - val_fp: 0.0000e+00 - val_tn: 20000.0000 - val_fn: 20000.0000 - val_accuracy: 0.0000e+00 - val_precision: 0.0000e+00 - val_recall: 0.0000e+00 - val_auc: 0.0000e+00
[INFO] saving weights to checkpoints/lstm-epoch-001-files-0-2-batch-0-100000
[INFO] processing batch 100000-200000/500000
[INFO] breaking into predictors and prediction...
[INFO] creating train/test split: 0.2
[INFO] using LSTM layers
[INFO] fitting model
Train on 2500 samples, validate on 625 samples
Epoch 1/1
 - 3s - loss: nan - tp: 0.0000e+00 - fp: 0.0000e+00 - tn: 80000.0000 - fn: 80000.0000 - accuracy: 0.0000e+00 - precision: 0.0000e+00 - recall: 0.0000e+00 - auc: 0.0000e+00 - val_loss: nan - val_tp: 0.0000e+00 - val_fp: 0.0000e+00 - val_tn: 20000.0000 - val_fn: 20000.0000 - val_accuracy: 0.0000e+00 - val_precision: 0.0000e+00 - val_recall: 0.0000e+00 - val_auc: 0.0000e+00
[INFO] saving weights to checkpoints/lstm-epoch-001-files-0-2-batch-100000-200000
[INFO] processing batch 200000-300000/500000
[INFO] breaking into predictors and prediction...
[INFO] creating train/test split: 0.2
[INFO] using LSTM layers
[INFO] fitting model
Train on 2500 samples, validate on 625 samples
Epoch 1/1
 - 3s - loss: nan - tp: 0.0000e+00 - fp: 0.0000e+00 - tn: 80000.0000 - fn: 80000.0000 - accuracy: 0.0000e+00 - precision: 0.0000e+00 - recall: 0.0000e+00 - auc: 0.0000e+00 - val_loss: nan - val_tp: 0.0000e+00 - val_fp: 0.0000e+00 - val_tn: 20000.0000 - val_fn: 20000.0000 - val_accuracy: 0.0000e+00 - val_precision: 0.0000e+00 - val_recall: 0.0000e+00 - val_auc: 0.0000e+00
[INFO] saving weights to checkpoints/lstm-epoch-001-files-0-2-batch-200000-300000
[INFO] processing batch 300000-400000/500000
[INFO] breaking into predictors and prediction...
[INFO] creating train/test split: 0.2
[INFO] using LSTM layers
[INFO] fitting model
Train on 2500 samples, validate on 625 samples
Epoch 1/1
 - 3s - loss: nan - tp: 0.0000e+00 - fp: 0.0000e+00 - tn: 80000.0000 - fn: 80000.0000 - accuracy: 0.0000e+00 - precision: 0.0000e+00 - recall: 0.0000e+00 - auc: 0.0000e+00 - val_loss: nan - val_tp: 0.0000e+00 - val_fp: 0.0000e+00 - val_tn: 20000.0000 - val_fn: 20000.0000 - val_accuracy: 0.0000e+00 - val_precision: 0.0000e+00 - val_recall: 0.0000e+00 - val_auc: 0.0000e+00
[INFO] saving weights to checkpoints/lstm-epoch-001-files-0-2-batch-300000-400000
[INFO] processing batch 400000-500000/500000
[INFO] breaking into predictors and prediction...
[INFO] creating train/test split: 0.2
[INFO] using LSTM layers
[INFO] fitting model
Train on 2500 samples, validate on 625 samples
Epoch 1/1
 - 3s - loss: nan - tp: 0.0000e+00 - fp: 0.0000e+00 - tn: 80000.0000 - fn: 80000.0000 - accuracy: 0.0000e+00 - precision: 0.0000e+00 - recall: 0.0000e+00 - auc: 0.0000e+00 - val_loss: nan - val_tp: 0.0000e+00 - val_fp: 0.0000e+00 - val_tn: 20000.0000 - val_fn: 20000.0000 - val_accuracy: 0.0000e+00 - val_precision: 0.0000e+00 - val_recall: 0.0000e+00 - val_auc: 0.0000e+00
[INFO] saving weights to checkpoints/lstm-epoch-001-files-0-2-batch-400000-500000
[33m[LOSS] nan[0m
[33m[INFO] epoch 2/3[0m
[33m[INFO] loading file 1-2/1 on epoch 2/3[0m
[INFO] reading file data/SWaT2015-Attack-Files-v0.4-zscore/train/2015-12-28_113021_98.log.part12_sorted-labeled.csv
[INFO] concatenate the files
[INFO] process dataset, shape: (500000, 18)
[INFO] sampling 1.0
[33mdropping column: modbus_value[0m
[INFO] columns: Index(['unixtime', 'orig', 'type', 'i/f_name', 'i/f_dir', 'src', 'dst',
       'proto', 'appi_name', 'proxy_src_ip', 'modbus_function_code',
       'modbus_function_description', 'modbus_transaction_id', 'scada_tag',
       'service', 's_port', 'classification'],
      dtype='object')
[INFO] processing batch 0-100000/500000
[INFO] breaking into predictors and prediction...
[INFO] creating train/test split: 0.2
[INFO] using LSTM layers
[INFO] fitting model
Train on 2500 samples, validate on 625 samples
Epoch 1/1
 - 3s - loss: nan - tp: 0.0000e+00 - fp: 0.0000e+00 - tn: 80000.0000 - fn: 80000.0000 - accuracy: 0.0000e+00 - precision: 0.0000e+00 - recall: 0.0000e+00 - auc: 0.0000e+00 - val_loss: nan - val_tp: 0.0000e+00 - val_fp: 0.0000e+00 - val_tn: 20000.0000 - val_fn: 20000.0000 - val_accuracy: 0.0000e+00 - val_precision: 0.0000e+00 - val_recall: 0.0000e+00 - val_auc: 0.0000e+00
[INFO] saving weights to checkpoints/lstm-epoch-002-files-0-2-batch-0-100000
[INFO] processing batch 100000-200000/500000
[INFO] breaking into predictors and prediction...
[INFO] creating train/test split: 0.2
[INFO] using LSTM layers
[INFO] fitting model
Train on 2500 samples, validate on 625 samples
Epoch 1/1
 - 3s - loss: nan - tp: 0.0000e+00 - fp: 0.0000e+00 - tn: 80000.0000 - fn: 80000.0000 - accuracy: 0.0000e+00 - precision: 0.0000e+00 - recall: 0.0000e+00 - auc: 0.0000e+00 - val_loss: nan - val_tp: 0.0000e+00 - val_fp: 0.0000e+00 - val_tn: 20000.0000 - val_fn: 20000.0000 - val_accuracy: 0.0000e+00 - val_precision: 0.0000e+00 - val_recall: 0.0000e+00 - val_auc: 0.0000e+00
[INFO] saving weights to checkpoints/lstm-epoch-002-files-0-2-batch-100000-200000
[INFO] processing batch 200000-300000/500000
[INFO] breaking into predictors and prediction...
[INFO] creating train/test split: 0.2
[INFO] using LSTM layers
[INFO] fitting model
Train on 2500 samples, validate on 625 samples
Epoch 1/1
 - 3s - loss: nan - tp: 0.0000e+00 - fp: 0.0000e+00 - tn: 80000.0000 - fn: 80000.0000 - accuracy: 0.0000e+00 - precision: 0.0000e+00 - recall: 0.0000e+00 - auc: 0.0000e+00 - val_loss: nan - val_tp: 0.0000e+00 - val_fp: 0.0000e+00 - val_tn: 20000.0000 - val_fn: 20000.0000 - val_accuracy: 0.0000e+00 - val_precision: 0.0000e+00 - val_recall: 0.0000e+00 - val_auc: 0.0000e+00
[INFO] saving weights to checkpoints/lstm-epoch-002-files-0-2-batch-200000-300000
[INFO] processing batch 300000-400000/500000
[INFO] breaking into predictors and prediction...
[INFO] creating train/test split: 0.2
[INFO] using LSTM layers
[INFO] fitting model
Train on 2500 samples, validate on 625 samples
Epoch 1/1
 - 3s - loss: nan - tp: 0.0000e+00 - fp: 0.0000e+00 - tn: 80000.0000 - fn: 80000.0000 - accuracy: 0.0000e+00 - precision: 0.0000e+00 - recall: 0.0000e+00 - auc: 0.0000e+00 - val_loss: nan - val_tp: 0.0000e+00 - val_fp: 0.0000e+00 - val_tn: 20000.0000 - val_fn: 20000.0000 - val_accuracy: 0.0000e+00 - val_precision: 0.0000e+00 - val_recall: 0.0000e+00 - val_auc: 0.0000e+00
[INFO] saving weights to checkpoints/lstm-epoch-002-files-0-2-batch-300000-400000
[INFO] processing batch 400000-500000/500000
[INFO] breaking into predictors and prediction...
[INFO] creating train/test split: 0.2
[INFO] using LSTM layers
[INFO] fitting model
Train on 2500 samples, validate on 625 samples
Epoch 1/1
 - 3s - loss: nan - tp: 0.0000e+00 - fp: 0.0000e+00 - tn: 80000.0000 - fn: 80000.0000 - accuracy: 0.0000e+00 - precision: 0.0000e+00 - recall: 0.0000e+00 - auc: 0.0000e+00 - val_loss: nan - val_tp: 0.0000e+00 - val_fp: 0.0000e+00 - val_tn: 20000.0000 - val_fn: 20000.0000 - val_accuracy: 0.0000e+00 - val_precision: 0.0000e+00 - val_recall: 0.0000e+00 - val_auc: 0.0000e+00
[INFO] saving weights to checkpoints/lstm-epoch-002-files-0-2-batch-400000-500000
[33m[LOSS] nan[0m
[33m[INFO] epoch 3/3[0m
[33m[INFO] loading file 1-2/1 on epoch 3/3[0m
[INFO] reading file data/SWaT2015-Attack-Files-v0.4-zscore/train/2015-12-28_113021_98.log.part12_sorted-labeled.csv
[INFO] concatenate the files
[INFO] process dataset, shape: (500000, 18)
[INFO] sampling 1.0
[33mdropping column: modbus_value[0m
[INFO] columns: Index(['unixtime', 'orig', 'type', 'i/f_name', 'i/f_dir', 'src', 'dst',
       'proto', 'appi_name', 'proxy_src_ip', 'modbus_function_code',
       'modbus_function_description', 'modbus_transaction_id', 'scada_tag',
       'service', 's_port', 'classification'],
      dtype='object')
[INFO] processing batch 0-100000/500000
[INFO] breaking into predictors and prediction...
[INFO] creating train/test split: 0.2
[INFO] using LSTM layers
[INFO] fitting model
Train on 2500 samples, validate on 625 samples
Epoch 1/1
 - 3s - loss: nan - tp: 0.0000e+00 - fp: 0.0000e+00 - tn: 80000.0000 - fn: 80000.0000 - accuracy: 0.0000e+00 - precision: 0.0000e+00 - recall: 0.0000e+00 - auc: 0.0000e+00 - val_loss: nan - val_tp: 0.0000e+00 - val_fp: 0.0000e+00 - val_tn: 20000.0000 - val_fn: 20000.0000 - val_accuracy: 0.0000e+00 - val_precision: 0.0000e+00 - val_recall: 0.0000e+00 - val_auc: 0.0000e+00
[INFO] saving weights to checkpoints/lstm-epoch-003-files-0-2-batch-0-100000
[INFO] processing batch 100000-200000/500000
[INFO] breaking into predictors and prediction...
[INFO] creating train/test split: 0.2
[INFO] using LSTM layers
[INFO] fitting model
Train on 2500 samples, validate on 625 samples
Epoch 1/1
 - 3s - loss: nan - tp: 0.0000e+00 - fp: 0.0000e+00 - tn: 80000.0000 - fn: 80000.0000 - accuracy: 0.0000e+00 - precision: 0.0000e+00 - recall: 0.0000e+00 - auc: 0.0000e+00 - val_loss: nan - val_tp: 0.0000e+00 - val_fp: 0.0000e+00 - val_tn: 20000.0000 - val_fn: 20000.0000 - val_accuracy: 0.0000e+00 - val_precision: 0.0000e+00 - val_recall: 0.0000e+00 - val_auc: 0.0000e+00
[INFO] saving weights to checkpoints/lstm-epoch-003-files-0-2-batch-100000-200000
[INFO] processing batch 200000-300000/500000
[INFO] breaking into predictors and prediction...
[INFO] creating train/test split: 0.2
[INFO] using LSTM layers
[INFO] fitting model
Train on 2500 samples, validate on 625 samples
Epoch 1/1
 - 3s - loss: nan - tp: 0.0000e+00 - fp: 0.0000e+00 - tn: 80000.0000 - fn: 80000.0000 - accuracy: 0.0000e+00 - precision: 0.0000e+00 - recall: 0.0000e+00 - auc: 0.0000e+00 - val_loss: nan - val_tp: 0.0000e+00 - val_fp: 0.0000e+00 - val_tn: 20000.0000 - val_fn: 20000.0000 - val_accuracy: 0.0000e+00 - val_precision: 0.0000e+00 - val_recall: 0.0000e+00 - val_auc: 0.0000e+00
[INFO] saving weights to checkpoints/lstm-epoch-003-files-0-2-batch-200000-300000
[INFO] processing batch 300000-400000/500000
[INFO] breaking into predictors and prediction...
[INFO] creating train/test split: 0.2
[INFO] using LSTM layers
[INFO] fitting model
Train on 2500 samples, validate on 625 samples
Epoch 1/1
 - 3s - loss: nan - tp: 0.0000e+00 - fp: 0.0000e+00 - tn: 80000.0000 - fn: 80000.0000 - accuracy: 0.0000e+00 - precision: 0.0000e+00 - recall: 0.0000e+00 - auc: 0.0000e+00 - val_loss: nan - val_tp: 0.0000e+00 - val_fp: 0.0000e+00 - val_tn: 20000.0000 - val_fn: 20000.0000 - val_accuracy: 0.0000e+00 - val_precision: 0.0000e+00 - val_recall: 0.0000e+00 - val_auc: 0.0000e+00
[INFO] saving weights to checkpoints/lstm-epoch-003-files-0-2-batch-300000-400000
[INFO] processing batch 400000-500000/500000
[INFO] breaking into predictors and prediction...
[INFO] creating train/test split: 0.2
[INFO] using LSTM layers
[INFO] fitting model
Train on 2500 samples, validate on 625 samples
Epoch 1/1
 - 3s - loss: nan - tp: 0.0000e+00 - fp: 0.0000e+00 - tn: 80000.0000 - fn: 80000.0000 - accuracy: 0.0000e+00 - precision: 0.0000e+00 - recall: 0.0000e+00 - auc: 0.0000e+00 - val_loss: nan - val_tp: 0.0000e+00 - val_fp: 0.0000e+00 - val_tn: 20000.0000 - val_fn: 20000.0000 - val_accuracy: 0.0000e+00 - val_precision: 0.0000e+00 - val_recall: 0.0000e+00 - val_auc: 0.0000e+00
[INFO] saving weights to checkpoints/lstm-epoch-003-files-0-2-batch-400000-500000
[33m[LOSS] nan[0m
[CHECKING EARLY STOP]: currentLoss < min_delta ? => nan  <  0.001
--- 51.42570662498474 seconds ---
2020-02-08 11:18:29.780309: W tensorflow/stream_executor/platform/default/dso_loader.cc:55] Could not load dynamic library 'libnvinfer.so.6'; dlerror: libnvinfer.so.6: cannot open shared object file: No such file or directory
2020-02-08 11:18:29.780355: W tensorflow/stream_executor/platform/default/dso_loader.cc:55] Could not load dynamic library 'libnvinfer_plugin.so.6'; dlerror: libnvinfer_plugin.so.6: cannot open shared object file: No such file or directory
2020-02-08 11:18:29.780362: W tensorflow/compiler/tf2tensorrt/utils/py_utils.cc:30] Cannot dlopen some TensorRT libraries. If you would like to use Nvidia GPU with TensorRT, please make sure the missing libraries mentioned above are installed properly.
2020-02-08 11:18:30.268990: W tensorflow/stream_executor/platform/default/dso_loader.cc:55] Could not load dynamic library 'libcuda.so.1'; dlerror: libcuda.so.1: cannot open shared object file: No such file or directory
2020-02-08 11:18:30.269010: E tensorflow/stream_executor/cuda/cuda_driver.cc:351] failed call to cuInit: UNKNOWN ERROR (303)
2020-02-08 11:18:30.269025: I tensorflow/stream_executor/cuda/cuda_diagnostics.cc:156] kernel driver does not appear to be running on this host (brussels): /proc/driver/nvidia/version does not exist
2020-02-08 11:18:30.269129: I tensorflow/core/platform/cpu_feature_guard.cc:142] Your CPU supports instructions that this TensorFlow binary was not compiled to use: AVX2 FMA
2020-02-08 11:18:30.289727: I tensorflow/core/platform/profile_utils/cpu_utils.cc:94] CPU Frequency: 3312000000 Hz
2020-02-08 11:18:30.289897: I tensorflow/compiler/xla/service/service.cc:168] XLA service 0x467d920 initialized for platform Host (this does not guarantee that XLA will be used). Devices:
2020-02-08 11:18:30.289909: I tensorflow/compiler/xla/service/service.cc:176]   StreamExecutor device (0): Host, Default Version
Using TensorFlow backend.
WARNING:tensorflow:Large dropout rate: 0.8 (>0.5). In TensorFlow 2.x, dropout() uses dropout rate instead of keep_prob. Please ensure that this is intended.
2020-02-08 11:18:32.971102: E tensorflow/core/grappler/optimizers/meta_optimizer.cc:561] remapper failed: Invalid argument: MutableGraphView::MutableGraphView error: node 'loss/dense_2_loss/binary_crossentropy/weighted_loss/concat' has self cycle fanin 'loss/dense_2_loss/binary_crossentropy/weighted_loss/concat'.
2020-02-08 11:18:32.975545: E tensorflow/core/grappler/optimizers/dependency_optimizer.cc:717] Iteration = 0, topological sort failed with message: The graph couldn't be sorted in topological order.
2020-02-08 11:18:32.977652: E tensorflow/core/grappler/optimizers/dependency_optimizer.cc:717] Iteration = 1, topological sort failed with message: The graph couldn't be sorted in topological order.
2020-02-08 11:18:32.992740: E tensorflow/core/grappler/optimizers/meta_optimizer.cc:561] arithmetic_optimizer failed: Invalid argument: The graph couldn't be sorted in topological order.
2020-02-08 11:18:32.993754: E tensorflow/core/grappler/optimizers/meta_optimizer.cc:561] remapper failed: Invalid argument: MutableGraphView::MutableGraphView error: node 'loss/dense_2_loss/binary_crossentropy/weighted_loss/concat' has self cycle fanin 'loss/dense_2_loss/binary_crossentropy/weighted_loss/concat'.
2020-02-08 11:18:32.995205: E tensorflow/core/grappler/optimizers/dependency_optimizer.cc:717] Iteration = 0, topological sort failed with message: The graph couldn't be sorted in topological order.
2020-02-08 11:18:32.996621: E tensorflow/core/grappler/optimizers/dependency_optimizer.cc:717] Iteration = 1, topological sort failed with message: The graph couldn't be sorted in topological order.
2020-02-08 11:18:33.000491: W tensorflow/core/common_runtime/process_function_library_runtime.cc:697] Ignoring multi-device function optimization failure: Invalid argument: The graph couldn't be sorted in topological order.
=================================================
        SCORING v0.4.2 (binaryClasses)
=================================================
Date: 2020-02-08 11:18:30.265738
[INFO] input_shape (32, 16)
[INFO] LSTM first and last layer neurons: 16
[INFO] adding core layer 0
[INFO] adding core layer 1
[INFO] adding core layer 2
wrapLayerSize 16
coreLayerSize 64
numCoreLayers 3
outputLayerActivation sigmoid
output_dim 2
loss binary_crossentropy
optimizer sgd
[INFO] created DNN
loading weights: checkpoints/*
loading file checkpoints/lstm-epoch-003-files-0-2-batch-400000-500000
[33m[INFO] model summary:[0m
Model: "sequential_1"
_________________________________________________________________
Layer (type)                 Output Shape              Param #   
=================================================================
lstm_1 (LSTM)                (None, 32, 16)            2112      
_________________________________________________________________
dropout_1 (Dropout)          (None, 32, 16)            0         
_________________________________________________________________
lstm_2 (LSTM)                (None, 32, 64)            20736     
_________________________________________________________________
dropout_2 (Dropout)          (None, 32, 64)            0         
_________________________________________________________________
lstm_3 (LSTM)                (None, 32, 64)            33024     
_________________________________________________________________
dropout_3 (Dropout)          (None, 32, 64)            0         
_________________________________________________________________
lstm_4 (LSTM)                (None, 32, 64)            33024     
_________________________________________________________________
dropout_4 (Dropout)          (None, 32, 64)            0         
_________________________________________________________________
lstm_5 (LSTM)                (None, 32, 16)            5184      
_________________________________________________________________
dropout_5 (Dropout)          (None, 32, 16)            0         
_________________________________________________________________
dense_1 (Dense)              (None, 32, 1)             17        
_________________________________________________________________
dropout_6 (Dropout)          (None, 32, 1)             0         
_________________________________________________________________
dense_2 (Dense)              (None, 32, 2)             4         
=================================================================
Total params: 94,101
Trainable params: 94,101
Non-trainable params: 0
_________________________________________________________________
[INFO] reading file data/SWaT2015-Attack-Files-v0.4-zscore/train/2015-12-28_113021_98.log.part13_sorted-labeled.csv
[INFO] process dataset, shape: (500000, 18)
[33mdropping column: modbus_value[0m
[INFO] columns: Index(['unixtime', 'orig', 'type', 'i/f_name', 'i/f_dir', 'src', 'dst',
       'proto', 'appi_name', 'proxy_src_ip', 'modbus_function_code',
       'modbus_function_description', 'modbus_transaction_id', 'scada_tag',
       'service', 's_port', 'classification'],
      dtype='object')
[INFO] analyze dataset: (500000, 17)

[INFO] analyzing data
[INFO] 500000 rows
[INFO] ** unixtime:1359 (0.2718%)
[INFO] ** orig:[0.0:100.0%]
[INFO] ** type:[1.0:100.0%]
[INFO] ** i/f_name:[-1.0:99.9996%,0.0:0.0004%]
[INFO] ** i/f_dir:[-0.7071067812:99.9996%,0.7071067812:0.0004%]
[INFO] ** src:[-1.3652730819:38.3832%,1.3652730819:25.9606%,0.5251050315:18.1352%,-0.5251050315:17.52%,-1.1552310693:0.0004%,1.5753150944999998:0.0004%,0.10502100630000001:0.0002%]
[INFO] ** dst:[-1.0302443927:43.3108%,1.4048787174000001:21.0326%,1.2175615551:18.135%,0.0936585812:17.5198%,-1.5921958797:0.0008%,-0.6556100681:0.0004%,-0.28097574350000004:0.0004%,-0.8429272304000001:0.0002%]
[INFO] ** proto:[0.0:99.9996%,-1.0:0.0004%]
[INFO] ** appi_name:[-1.6378460497:99.9992%,-1.5118578919999999:0.0004%,0.1259881577:0.0002%,0.7559289459999999:0.0002%]
[INFO] ** proxy_src_ip:[0.5251050315:38.3832%,-1.5753150944999998:25.9606%,1.3652730819:18.1352%,-0.3150630189:17.52%,0.10502100630000001:0.0004%,0.7351470441:0.0004%,0.3150630189:0.0002%]
[INFO] ** modbus_function_code:[0.005653795200000001:99.9992%,-176.7993450566:0.0008%]
[INFO] ** modbus_function_description:[-0.8017837256999999:50.0%,-1.3363062096:49.9992%,-0.2672612419:0.0008%]
[INFO] ** modbus_transaction_id:65536 (13.1072%)
[INFO] ** scada_tag:[1.3363062096:25.9596%,0.2672612419:21.0326%,0.8017837256999999:18.1348%,-1.3363062096:17.5194%,-0.2672612419:17.3504%,-0.8017837256999999:0.0032%]
[INFO] ** service:[0.0054950911:99.9992%,-185.27759935790002:0.0004%,-184.94686957169998:0.0002%,-184.71949284369998:0.0002%]
[INFO] ** s_port:[1.4631574735:25.96%,-0.2976951931:21.0326%,-1.2442195994:18.1348%,-0.2104457366:17.5196%,-0.3109148077:17.3506%,-70.70536262659999:0.0004%,1.4658013963999998:0.0004%,-0.9904029989:0.0002%,12.520043136500002:0.0002%,-1.2415756765000001:0.0002%,-0.2183775054:0.0002%,-1.2389317536:0.0002%,-0.22630927420000002:0.0002%,-3.3289528241000004:0.0002%,1.4843088569:0.0002%]
[INFO] ** classification:[normal:72.7902%,Single Stage Single Point:27.2098%]
[INFO] columns with count within 2-10 {'i/f_name': 2, 'i/f_dir': 2, 'src': 7, 'dst': 8, 'proto': 2, 'appi_name': 4, 'proxy_src_ip': 7, 'modbus_function_code': 2, 'modbus_function_description': 3, 'scada_tag': 6, 'service': 4, 'classification': 2}
[INFO] processing batch 0-100000/500000
[33m[INFO] measuring accuracy...[0m
x_test.shape: (100000, 16)
y_eval [1 0 1 ... 0 1 0] (100000,)
[INFO] reshape for using LSTM layers
[33m[INFO] metrics:[0m
loss :  nan
tp :  0.0
fp :  0.0
tn :  100000.0
fn :  100000.0
accuracy :  0.0
precision :  0.0
recall :  0.0
auc :  0.0

y_eval {0: 53024, 1: 46976}
pred {0: 100000}
[INFO] confusion matrix for file 
[[53024     0]
 [46976     0]]
[INFO] confusion matrix after adding it to total:
[[53024     0]
 [46976     0]]
[INFO] processing batch 100000-200000/500000
[33m[INFO] measuring accuracy...[0m
x_test.shape: (100000, 16)
y_eval [0 1 0 ... 0 0 0] (100000,)
[INFO] reshape for using LSTM layers
[33m[INFO] metrics:[0m
loss :  nan
tp :  0.0
fp :  0.0
tn :  100000.0
fn :  100000.0
accuracy :  0.0
precision :  0.0
recall :  0.0
auc :  0.0

y_eval {0: 87619, 1: 12381}
pred {0: 100000}
[INFO] confusion matrix for file 
[[87619     0]
 [12381     0]]
[INFO] confusion matrix after adding it to total:
[[140643      0]
 [ 59357      0]]
[INFO] processing batch 200000-300000/500000
[33m[INFO] measuring accuracy...[0m
x_test.shape: (100000, 16)
y_eval [0 0 0 ... 1 0 1] (100000,)
[INFO] reshape for using LSTM layers
[33m[INFO] metrics:[0m
loss :  nan
tp :  0.0
fp :  0.0
tn :  100000.0
fn :  100000.0
accuracy :  0.0
precision :  0.0
recall :  0.0
auc :  0.0

y_eval {0: 83025, 1: 16975}
pred {0: 100000}
[INFO] confusion matrix for file 
[[83025     0]
 [16975     0]]
[INFO] confusion matrix after adding it to total:
[[223668      0]
 [ 76332      0]]
[INFO] processing batch 300000-400000/500000
[33m[INFO] measuring accuracy...[0m
x_test.shape: (100000, 16)
y_eval [1 0 0 ... 1 1 0] (100000,)
[INFO] reshape for using LSTM layers
[33m[INFO] metrics:[0m
loss :  nan
tp :  0.0
fp :  0.0
tn :  100000.0
fn :  100000.0
accuracy :  0.0
precision :  0.0
recall :  0.0
auc :  0.0

y_eval {0: 52923, 1: 47077}
pred {0: 100000}
[INFO] confusion matrix for file 
[[52923     0]
 [47077     0]]
[INFO] confusion matrix after adding it to total:
[[276591      0]
 [123409      0]]
[INFO] processing batch 400000-500000/500000
[33m[INFO] measuring accuracy...[0m
x_test.shape: (100000, 16)
y_eval [0 0 1 ... 0 0 0] (100000,)
[INFO] reshape for using LSTM layers
[33m[INFO] metrics:[0m
loss :  nan
tp :  0.0
fp :  0.0
tn :  100000.0
fn :  100000.0
accuracy :  0.0
precision :  0.0
recall :  0.0
auc :  0.0

y_eval {0: 87360, 1: 12640}
pred {0: 100000}
[INFO] confusion matrix for file 
[[87360     0]
 [12640     0]]
[INFO] confusion matrix after adding it to total:
[[363951      0]
 [136049      0]]
--- 10.747496604919434 seconds ---
