searching for logs in experiment-logs/
experiment-logs/dnn-v2.log experiment-logs/multi-lstm-v10-minmax.log experiment-logs/multi-dnn-v1-minmax.log experiment-logs/dnn-v0-physical.log experiment-logs/brussels-v0.4.2-single-minxmax-binary/single-dnn-v9-minmax.log experiment-logs/brussels-v0.4.2-single-minxmax-binary/single-lstm-v1-minmax.log experiment-logs/brussels-v0.4.2-single-minxmax-binary/single-dnn-v4-minmax.log experiment-logs/brussels-v0.4.2-single-minxmax-binary/single-dnn-v1-minmax.log experiment-logs/brussels-v0.4.2-single-minxmax-binary/single-lstm-v9-minmax.log experiment-logs/brussels-v0.4.2-single-minxmax-binary/single-lstm-v4-minmax.log experiment-logs/brussels-v0.4.2-single-minxmax-binary/single-dnn-v0-physical-minmax.log experiment-logs/brussels-v0.4.2-single-minxmax-binary/single-lstm-v3-minmax.log experiment-logs/brussels-v0.4.2-single-minxmax-binary/single-dnn-v6-minmax.log experiment-logs/brussels-v0.4.2-single-minxmax-binary/single-dnn-v3-minmax.log experiment-logs/brussels-v0.4.2-single-minxmax-binary/single-lstm-v6-minmax.log experiment-logs/brussels-v0.4.2-single-minxmax-binary/single-dnn-v0-minmax.log experiment-logs/brussels-v0.4.2-single-minxmax-binary/single-lstm-v8-minmax.log experiment-logs/brussels-v0.4.2-single-minxmax-binary/single-lstm-v5-minmax.log experiment-logs/brussels-v0.4.2-single-minxmax-binary/single-dnn-v8-minmax.log experiment-logs/brussels-v0.4.2-single-minxmax-binary/single-lstm-v0-minmax.log experiment-logs/brussels-v0.4.2-single-minxmax-binary/single-lstm-v10-minmax.log experiment-logs/brussels-v0.4.2-single-minxmax-binary/single-dnn-v5-minmax.log experiment-logs/brussels-v0.4.2-single-minxmax-binary/single-dnn-v2-minmax.log experiment-logs/brussels-v0.4.2-single-minxmax-binary/single-lstm-v7-minmax.log experiment-logs/brussels-v0.4.2-single-minxmax-binary/single-lstm-v2-minmax.log experiment-logs/brussels-v0.4.2-single-minxmax-binary/single-dnn-v10-minmax.log experiment-logs/brussels-v0.4.2-single-minxmax-binary/single-dnn-v7-minmax.log experiment-logs/multi-lstm-v2-minmax.log experiment-logs/dnn-v3.log experiment-logs/dnn-v1.log experiment-logs/v0.4.3-multi-dnn-v2-minmax-text.log experiment-logs/multi-lstm-v7-zscore.log experiment-logs/v0.4.3-multi-dnn-v0-physical-minmax-text.log experiment-logs/multi-dnn-v10-minmax.log experiment-logs/dnn-v0.log experiment-logs/dnn-v4.log experiment-logs/multi-lstm-v2-zscore.log experiment-logs/single-dnn-v0-physical-v0.2-score.log experiment-logs/multi-dnn-v9-minmax.log experiment-logs/v0.4.3-multi-dnn-v5-minmax-text.log experiment-logs/multi-lstm-v10-zscore.log experiment-logs/dnn-v5.log experiment-logs/dnn-v7.log experiment-logs/multi-dnn-v4-minmax.log experiment-logs/lstm-v10.log experiment-logs/multi-lstm-v7-minmax.log experiment-logs/dnn-v6.log experiment-logs/multi-lstm-v0-minmax.log experiment-logs/mac2/v0.4/dnn-v2.log experiment-logs/mac2/v0.4/dnn-v3.log experiment-logs/mac2/v0.4/dnn-v1.log experiment-logs/mac2/v0.4/dnn-v0.log experiment-logs/mac2/v0.4/dnn-v4.log experiment-logs/mac2/v0.4/dnn-v5.log experiment-logs/mac2/v0.4/dnn-v7.log experiment-logs/mac2/v0.4/lstm-v10.log experiment-logs/mac2/v0.4/dnn-v6.log experiment-logs/mac2/v0.4/lstm-v4.log experiment-logs/mac2/v0.4/lstm-v5.log experiment-logs/mac2/v0.4/lstm-v7.log experiment-logs/mac2/v0.4/lstm-v6.log experiment-logs/mac2/v0.4/lstm-v2.log experiment-logs/mac2/v0.4/lstm-v3.log experiment-logs/mac2/v0.4/dnn-v10.log experiment-logs/mac2/v0.4/lstm-v1.log experiment-logs/mac2/v0.4/lstm-v0.log experiment-logs/mac2/v0.4/lstm-v8.log experiment-logs/mac2/v0.4/lstm-v9.log experiment-logs/mac2/v0.4/dnn-v8.log experiment-logs/mac2/v0.4/dnn-v9.log experiment-logs/mac2/lstm-v5.log experiment-logs/mac2/lstm-v7.log experiment-logs/mac2/lstm-v6.log experiment-logs/mac2/lstm-v8.log experiment-logs/mac2/multi-lstm-v0.4.2-minmax-binary/multi-lstm-v10-minmax.log experiment-logs/mac2/multi-lstm-v0.4.2-minmax-binary/multi-lstm-v2-minmax.log experiment-logs/mac2/multi-lstm-v0.4.2-minmax-binary/multi-lstm-v7-minmax.log experiment-logs/mac2/multi-lstm-v0.4.2-minmax-binary/multi-lstm-v0-minmax.log experiment-logs/mac2/multi-lstm-v0.4.2-minmax-binary/multi-lstm-v8-minmax.log experiment-logs/mac2/multi-lstm-v0.4.2-minmax-binary/multi-lstm-v5-minmax.log experiment-logs/mac2/multi-lstm-v0.4.2-minmax-binary/multi-lstm-v6-minmax.log experiment-logs/mac2/multi-lstm-v0.4.2-minmax-binary/multi-lstm-v3-minmax.log experiment-logs/mac2/multi-lstm-v0.4.2-minmax-binary/multi-lstm-v9-minmax.log experiment-logs/mac2/multi-lstm-v0.4.2-minmax-binary/multi-lstm-v4-minmax.log experiment-logs/mac2/multi-lstm-v0.4.2-minmax-binary/multi-lstm-v1-minmax.log experiment-logs/mac2/lstm-v9.log experiment-logs/mac2/v0.4.3/v0.4.3-multi-lstm-v0-minmax-text.log experiment-logs/mac2/v0.4.3/v0.4.3-multi-lstm-v10-minmax-text.log experiment-logs/mac2/v0.4.3/v0.4.3-multi-lstm-v1-minmax-text.log experiment-logs/mac2/v0.4.3/v0.4.3-multi-lstm-v3-minmax-text.log experiment-logs/mac2/v0.4.3/v0.4.3-multi-lstm-v2-minmax-text.log experiment-logs/lstm-v4.log experiment-logs/lstm-v5.log experiment-logs/multi-lstm-v8-zscore.log experiment-logs/multi-dnn-v3-minmax.log experiment-logs/v0.4.3-multi-dnn-v4-minmax-text.log experiment-logs/lstm-v7.log experiment-logs/lstm-v6.log experiment-logs/multi-lstm-v5-zscore.log experiment-logs/lstm-v2.log experiment-logs/multi-lstm-v8-minmax.log experiment-logs/multi-lstm-v0-zscore.log experiment-logs/lstm-v3.log experiment-logs/multi-lstm-v5-minmax.log experiment-logs/v0.4.3-multi-dnn-v3-minmax-text.log experiment-logs/dnn-v10.log experiment-logs/lstm-v1.log experiment-logs/lstm-v0.log experiment-logs/multi-dnn-v6-minmax.log experiment-logs/multi-dnn-v8-minmax.log experiment-logs/multi-lstm-v3-zscore.log experiment-logs/single-dnn-v1-v0.2-score.log experiment-logs/multi-dnn-v0-zscore.log experiment-logs/multi-dnn-v5-minmax.log experiment-logs/multi-dnn-v0-physical-minmax.log experiment-logs/multi-lstm-v6-minmax.log experiment-logs/multi-dnn-v0-minmax.log experiment-logs/brussels-v0.4.2-single-zscore-binary/single-lstm-v9-zscore.log experiment-logs/brussels-v0.4.2-single-zscore-binary/single-dnn-v1-zscore.log experiment-logs/brussels-v0.4.2-single-zscore-binary/single-lstm-v4-zscore.log experiment-logs/brussels-v0.4.2-single-zscore-binary/single-lstm-v1-zscore.log experiment-logs/brussels-v0.4.2-single-zscore-binary/single-dnn-v9-zscore.log experiment-logs/brussels-v0.4.2-single-zscore-binary/single-dnn-v4-zscore.log experiment-logs/brussels-v0.4.2-single-zscore-binary/single-dnn-v3-zscore.log experiment-logs/brussels-v0.4.2-single-zscore-binary/single-lstm-v6-zscore.log experiment-logs/brussels-v0.4.2-single-zscore-binary/single-lstm-v3-zscore.log experiment-logs/brussels-v0.4.2-single-zscore-binary/single-dnn-v0-physical-zscore.log experiment-logs/brussels-v0.4.2-single-zscore-binary/single-dnn-v6-zscore.log experiment-logs/brussels-v0.4.2-single-zscore-binary/single-lstm-v0-zscore.log experiment-logs/brussels-v0.4.2-single-zscore-binary/single-dnn-v8-zscore.log experiment-logs/brussels-v0.4.2-single-zscore-binary/single-lstm-v10-zscore.log experiment-logs/brussels-v0.4.2-single-zscore-binary/single-dnn-v5-zscore.log experiment-logs/brussels-v0.4.2-single-zscore-binary/single-lstm-v8-zscore.log experiment-logs/brussels-v0.4.2-single-zscore-binary/single-dnn-v0-zscore.log experiment-logs/brussels-v0.4.2-single-zscore-binary/single-lstm-v5-zscore.log experiment-logs/brussels-v0.4.2-single-zscore-binary/single-lstm-v2-zscore.log experiment-logs/brussels-v0.4.2-single-zscore-binary/single-dnn-v7-zscore.log experiment-logs/brussels-v0.4.2-single-zscore-binary/single-dnn-v10-zscore.log experiment-logs/brussels-v0.4.2-single-zscore-binary/single-dnn-v2-zscore.log experiment-logs/brussels-v0.4.2-single-zscore-binary/single-lstm-v7-zscore.log experiment-logs/multi-lstm-v3-minmax.log experiment-logs/multi-lstm-v6-zscore.log experiment-logs/single-dnn-v0-v0.2-score.log experiment-logs/multi-dnn-v0-physical-zscore.log experiment-logs/lstm-v8.log experiment-logs/v0.4.3-multi-dnn-v10-minmax-text.log experiment-logs/lstm-v9.log experiment-logs/v0.4.3-multi-dnn-v1-minmax-text.log experiment-logs/multi-lstm-v1-zscore.log experiment-logs/dnn-v8.log experiment-logs/multi-lstm-v4-minmax.log experiment-logs/v0.4.3-multi-dnn-v0-minmax-text.log experiment-logs/multi-dnn-v7-minmax.log experiment-logs/dnn-v9.log experiment-logs/multi-lstm-v1-minmax.log experiment-logs/multi-dnn-v2-minmax.log experiment-logs/multi-lstm-v9-zscore.log experiment-logs/multi-lstm-v4-zscore.log experiment-logs/bastia/dnn-v2.log experiment-logs/bastia/dnn-v3.log experiment-logs/bastia/dnn-v1.log experiment-logs/bastia/dnn-v0.log experiment-logs/bastia/dnn-v4.log experiment-logs/bastia/dnn-v5.log experiment-logs/bastia/lstm-v10.log experiment-logs/bastia/lstm-v4.log experiment-logs/bastia/lstm-v5.log experiment-logs/bastia/lstm-v7.log experiment-logs/bastia/lstm-v6.log experiment-logs/bastia/lstm-v2.log experiment-logs/bastia/lstm-v3.log experiment-logs/bastia/lstm-v1.log experiment-logs/bastia/lstm-v0.log experiment-logs/bastia/lstm-v8.log experiment-logs/bastia/lstm-v9.log experiment-logs/brussels/v0.4.3-single-dnn-v9-minmax-text.log experiment-logs/brussels/dnn-v2.log experiment-logs/brussels/single-lstm-v9-zscore.log experiment-logs/brussels/multi-lstm-v10-minmax.log experiment-logs/brussels/multi-dnn-v1-minmax.log experiment-logs/brussels/dnn-v0-physical.log experiment-logs/brussels/single-dnn-v1-zscore.log experiment-logs/brussels/multi-lstm-v2-minmax.log experiment-logs/brussels/dnn-v3.log experiment-logs/brussels/dnn-v1.log experiment-logs/brussels/single-lstm-v4-zscore.log experiment-logs/brussels/multi-lstm-v7-zscore.log experiment-logs/brussels/multi-dnn-v10-minmax.log experiment-logs/brussels/v0.4.3-single-lstm-v5-minmax-text.log experiment-logs/brussels/v0.4.3-single-dnn-v6-minmax-text.log experiment-logs/brussels/dnn-v0.log experiment-logs/brussels/dnn-v4.log experiment-logs/brussels/multi-lstm-v2-zscore.log experiment-logs/brussels/single-dnn-v0-physical-v0.2-score.log experiment-logs/brussels/single-lstm-v1-zscore.log experiment-logs/brussels/v0.4.3-single-dnn-v1-minmax-text.log experiment-logs/brussels/v0.4.3-single-lstm-v2-minmax-text.log experiment-logs/brussels/multi-dnn-v9-minmax.log experiment-logs/brussels/single-dnn-v9-zscore.log experiment-logs/brussels/multi-lstm-v10-zscore.log experiment-logs/brussels/dnn-v5.log experiment-logs/brussels/dnn-v7.log experiment-logs/brussels/multi-dnn-v4-minmax.log experiment-logs/brussels/lstm-v10.log experiment-logs/brussels/multi-lstm-v7-minmax.log experiment-logs/brussels/single-dnn-v4-zscore.log experiment-logs/brussels/dnn-v6.log experiment-logs/brussels/v0.4.3-single-dnn-v0-minmax-text.log experiment-logs/brussels/single-dnn-v3-zscore.log experiment-logs/brussels/v0.4.3-single-lstm-v3-minmax-text.log experiment-logs/brussels/multi-lstm-v0-minmax.log experiment-logs/brussels/lstm-v4.log experiment-logs/brussels/lstm-v5.log experiment-logs/brussels/multi-lstm-v8-zscore.log experiment-logs/brussels/multi-dnn-v3-minmax.log experiment-logs/brussels/lstm-v7.log experiment-logs/brussels/lstm-v6.log experiment-logs/brussels/multi-lstm-v5-zscore.log experiment-logs/brussels/single-lstm-v6-zscore.log experiment-logs/brussels/v0.4.3-single-dnn-v8-minmax-text.log experiment-logs/brussels/lstm-v2.log experiment-logs/brussels/multi-lstm-v8-minmax.log experiment-logs/brussels/single-lstm-v3-zscore.log experiment-logs/brussels/multi-lstm-v0-zscore.log experiment-logs/brussels/lstm-v3.log experiment-logs/brussels/single-dnn-v0-physical-zscore.log experiment-logs/brussels/v0.4.3-single-dnn-v10-minmax-text.log experiment-logs/brussels/multi-lstm-v5-minmax.log experiment-logs/brussels/dnn-v10.log experiment-logs/brussels/single-dnn-v6-zscore.log experiment-logs/brussels/lstm-v1.log experiment-logs/brussels/lstm-v0.log experiment-logs/brussels/multi-dnn-v6-minmax.log experiment-logs/brussels/v0.4.3-single-lstm-v4-minmax-text.log experiment-logs/brussels/v0.4.3-single-dnn-v7-minmax-text.log experiment-logs/brussels/multi-dnn-v8-minmax.log experiment-logs/brussels/multi-lstm-v3-zscore.log experiment-logs/brussels/single-lstm-v0-zscore.log experiment-logs/brussels/v0.4.3-single-dnn-v2-minmax-text.log experiment-logs/brussels/single-dnn-v1-v0.2-score.log experiment-logs/brussels/v0.4.3-single-lstm-v1-minmax-text.log experiment-logs/brussels/v0.4.3-single-lstm-v10-minmax-text.log experiment-logs/brussels/multi-dnn-v0-zscore.log experiment-logs/brussels/single-dnn-v8-zscore.log experiment-logs/brussels/multi-dnn-v5-minmax.log experiment-logs/brussels/single-lstm-v10-zscore.log experiment-logs/brussels/single-dnn-v5-zscore.log experiment-logs/brussels/multi-dnn-v0-physical-minmax.log experiment-logs/brussels/multi-lstm-v6-minmax.log experiment-logs/brussels/multi-dnn-v0-minmax.log experiment-logs/brussels/single-lstm-v8-zscore.log experiment-logs/brussels/multi-lstm-v3-minmax.log experiment-logs/brussels/single-dnn-v0-zscore.log experiment-logs/brussels/v0.4.3-single-lstm-v9-minmax-text.log experiment-logs/brussels/single-lstm-v5-zscore.log experiment-logs/brussels/multi-lstm-v6-zscore.log experiment-logs/brussels/single-dnn-v0-v0.2-score.log experiment-logs/brussels/v0.4.3-single-lstm-v6-minmax-text.log experiment-logs/brussels/multi-dnn-v0-physical-zscore.log experiment-logs/brussels/lstm-v8.log experiment-logs/brussels/v0.4.3-single-dnn-v5-minmax-text.log experiment-logs/brussels/lstm-v9.log experiment-logs/brussels/multi-lstm-v9-minmax.log experiment-logs/brussels/v0.4.3-single-lstm-v8-minmax-text.log experiment-logs/brussels/single-lstm-v2-zscore.log experiment-logs/brussels/multi-lstm-v1-zscore.log experiment-logs/brussels/dnn-v8.log experiment-logs/brussels/single-dnn-v7-zscore.log experiment-logs/brussels/v0.4.3-single-lstm-v7-minmax-text.log experiment-logs/brussels/v0.4.3-single-dnn-v4-minmax-text.log experiment-logs/brussels/multi-lstm-v4-minmax.log experiment-logs/brussels/single-dnn-v10-zscore.log experiment-logs/brussels/multi-dnn-v7-minmax.log experiment-logs/brussels/dnn-v9.log experiment-logs/brussels/v0.4.3-single-dnn-v0-physical-minmax-text.log experiment-logs/brussels/multi-lstm-v1-minmax.log experiment-logs/brussels/single-dnn-v2-zscore.log experiment-logs/brussels/multi-dnn-v2-minmax.log experiment-logs/brussels/v0.4.3-single-dnn-v3-minmax-text.log experiment-logs/brussels/v0.4.3-single-lstm-v0-minmax-text.log experiment-logs/brussels/multi-lstm-v9-zscore.log experiment-logs/brussels/multi-lstm-v4-zscore.log experiment-logs/brussels/single-lstm-v7-zscore.log
--- experiment-logs/dnn-v2.log ---
[[363951      0      0      0      0]
 [136049      0      0      0      0]
 [     0      0      0      0      0]
 [     0      0      0      0      0]
 [     0      0      0      0      0]]

name                           precision   recall   f1-score
normal                             0.728    1.000      0.843
Single Stage Single Point          zero tp
Single Stage Multi Point           zero tp
Multi Stage Single Point           zero tp
Multi Stage Multi Point            zero tp
accuracy: 0.728

--- experiment-logs/multi-lstm-v10-minmax.log ---
--- experiment-logs/multi-dnn-v1-minmax.log ---
--- experiment-logs/dnn-v0-physical.log ---
--- experiment-logs/brussels-v0.4.2-single-minxmax-binary/single-dnn-v9-minmax.log ---
--- experiment-logs/brussels-v0.4.2-single-minxmax-binary/single-lstm-v1-minmax.log ---
--- experiment-logs/brussels-v0.4.2-single-minxmax-binary/single-dnn-v4-minmax.log ---
--- experiment-logs/brussels-v0.4.2-single-minxmax-binary/single-dnn-v1-minmax.log ---
--- experiment-logs/brussels-v0.4.2-single-minxmax-binary/single-lstm-v9-minmax.log ---
--- experiment-logs/brussels-v0.4.2-single-minxmax-binary/single-lstm-v4-minmax.log ---
--- experiment-logs/brussels-v0.4.2-single-minxmax-binary/single-dnn-v0-physical-minmax.log ---
--- experiment-logs/brussels-v0.4.2-single-minxmax-binary/single-lstm-v3-minmax.log ---
--- experiment-logs/brussels-v0.4.2-single-minxmax-binary/single-dnn-v6-minmax.log ---
--- experiment-logs/brussels-v0.4.2-single-minxmax-binary/single-dnn-v3-minmax.log ---
--- experiment-logs/brussels-v0.4.2-single-minxmax-binary/single-lstm-v6-minmax.log ---
--- experiment-logs/brussels-v0.4.2-single-minxmax-binary/single-dnn-v0-minmax.log ---
--- experiment-logs/brussels-v0.4.2-single-minxmax-binary/single-lstm-v8-minmax.log ---
--- experiment-logs/brussels-v0.4.2-single-minxmax-binary/single-lstm-v5-minmax.log ---
--- experiment-logs/brussels-v0.4.2-single-minxmax-binary/single-dnn-v8-minmax.log ---
--- experiment-logs/brussels-v0.4.2-single-minxmax-binary/single-lstm-v0-minmax.log ---
--- experiment-logs/brussels-v0.4.2-single-minxmax-binary/single-lstm-v10-minmax.log ---
--- experiment-logs/brussels-v0.4.2-single-minxmax-binary/single-dnn-v5-minmax.log ---
--- experiment-logs/brussels-v0.4.2-single-minxmax-binary/single-dnn-v2-minmax.log ---
--- experiment-logs/brussels-v0.4.2-single-minxmax-binary/single-lstm-v7-minmax.log ---
--- experiment-logs/brussels-v0.4.2-single-minxmax-binary/single-lstm-v2-minmax.log ---
--- experiment-logs/brussels-v0.4.2-single-minxmax-binary/single-dnn-v10-minmax.log ---
--- experiment-logs/brussels-v0.4.2-single-minxmax-binary/single-dnn-v7-minmax.log ---
--- experiment-logs/multi-lstm-v2-minmax.log ---
--- experiment-logs/dnn-v3.log ---
[[363951      0      0      0      0]
 [136049      0      0      0      0]
 [     0      0      0      0      0]
 [     0      0      0      0      0]
 [     0      0      0      0      0]]

name                           precision   recall   f1-score
normal                             0.728    1.000      0.843
Single Stage Single Point          zero tp
Single Stage Multi Point           zero tp
Multi Stage Single Point           zero tp
Multi Stage Multi Point            zero tp
accuracy: 0.728

--- experiment-logs/dnn-v1.log ---
[[363951      0      0      0      0]
 [136049      0      0      0      0]
 [     0      0      0      0      0]
 [     0      0      0      0      0]
 [     0      0      0      0      0]]

name                           precision   recall   f1-score
normal                             0.728    1.000      0.843
Single Stage Single Point          zero tp
Single Stage Multi Point           zero tp
Multi Stage Single Point           zero tp
Multi Stage Multi Point            zero tp
accuracy: 0.728

--- experiment-logs/v0.4.3-multi-dnn-v2-minmax-text.log ---
[[6948538       0       0       0       0]
 [ 629608       0       0       0       0]
 [ 109697       0       0       0       0]
 [  45355       0       0       0       0]
 [ 202802       0       0       0       0]]

name                           precision   recall   f1-score
normal                             0.876    1.000      0.934
Single Stage Single Point          zero tp
Single Stage Multi Point           zero tp
Multi Stage Single Point           zero tp
Multi Stage Multi Point            zero tp
accuracy: 0.876

--- experiment-logs/multi-lstm-v7-zscore.log ---
--- experiment-logs/v0.4.3-multi-dnn-v0-physical-minmax-text.log ---
--- experiment-logs/multi-dnn-v10-minmax.log ---
--- experiment-logs/dnn-v0.log ---
[[363951      0      0      0      0]
 [136049      0      0      0      0]
 [     0      0      0      0      0]
 [     0      0      0      0      0]
 [     0      0      0      0      0]]

name                           precision   recall   f1-score
normal                             0.728    1.000      0.843
Single Stage Single Point          zero tp
Single Stage Multi Point           zero tp
Multi Stage Single Point           zero tp
Multi Stage Multi Point            zero tp
accuracy: 0.728

--- experiment-logs/dnn-v4.log ---
[[363951      0      0      0      0]
 [136049      0      0      0      0]
 [     0      0      0      0      0]
 [     0      0      0      0      0]
 [     0      0      0      0      0]]

name                           precision   recall   f1-score
normal                             0.728    1.000      0.843
Single Stage Single Point          zero tp
Single Stage Multi Point           zero tp
Multi Stage Single Point           zero tp
Multi Stage Multi Point            zero tp
accuracy: 0.728

--- experiment-logs/multi-lstm-v2-zscore.log ---
--- experiment-logs/single-dnn-v0-physical-v0.2-score.log ---
--- experiment-logs/multi-dnn-v9-minmax.log ---
--- experiment-logs/v0.4.3-multi-dnn-v5-minmax-text.log ---
--- experiment-logs/multi-lstm-v10-zscore.log ---
--- experiment-logs/dnn-v5.log ---
[[363951      0      0      0      0]
 [136049      0      0      0      0]
 [     0      0      0      0      0]
 [     0      0      0      0      0]
 [     0      0      0      0      0]]

name                           precision   recall   f1-score
normal                             0.728    1.000      0.843
Single Stage Single Point          zero tp
Single Stage Multi Point           zero tp
Multi Stage Single Point           zero tp
Multi Stage Multi Point            zero tp
accuracy: 0.728

--- experiment-logs/dnn-v7.log ---
[[363951      0      0      0      0]
 [136049      0      0      0      0]
 [     0      0      0      0      0]
 [     0      0      0      0      0]
 [     0      0      0      0      0]]

name                           precision   recall   f1-score
normal                             0.728    1.000      0.843
Single Stage Single Point          zero tp
Single Stage Multi Point           zero tp
Multi Stage Single Point           zero tp
Multi Stage Multi Point            zero tp
accuracy: 0.728

--- experiment-logs/multi-dnn-v4-minmax.log ---
--- experiment-logs/lstm-v10.log ---
[[363951      0      0      0      0]
 [136049      0      0      0      0]
 [     0      0      0      0      0]
 [     0      0      0      0      0]
 [     0      0      0      0      0]]

name                           precision   recall   f1-score
normal                             0.728    1.000      0.843
Single Stage Single Point          zero tp
Single Stage Multi Point           zero tp
Multi Stage Single Point           zero tp
Multi Stage Multi Point            zero tp
accuracy: 0.728

--- experiment-logs/multi-lstm-v7-minmax.log ---
--- experiment-logs/dnn-v6.log ---
[[265030  98921      0      0      0]
 [     0 136049      0      0      0]
 [     0      0      0      0      0]
 [     0      0      0      0      0]
 [     0      0      0      0      0]]

name                           precision   recall   f1-score
normal                             1.000    0.728      0.843
Single Stage Single Point          0.579    1.000      0.733
Single Stage Multi Point           zero tp
Multi Stage Single Point           zero tp
Multi Stage Multi Point            zero tp
accuracy: 0.802

--- experiment-logs/multi-lstm-v0-minmax.log ---
--- experiment-logs/mac2/v0.4/dnn-v2.log ---
[[363951      0      0      0      0]
 [136049      0      0      0      0]
 [     0      0      0      0      0]
 [     0      0      0      0      0]
 [     0      0      0      0      0]]

name                           precision   recall   f1-score
normal                             0.728    1.000      0.843
Single Stage Single Point          zero tp
Single Stage Multi Point           zero tp
Multi Stage Single Point           zero tp
Multi Stage Multi Point            zero tp
accuracy: 0.728

--- experiment-logs/mac2/v0.4/dnn-v3.log ---
[[363951      0      0      0      0]
 [136049      0      0      0      0]
 [     0      0      0      0      0]
 [     0      0      0      0      0]
 [     0      0      0      0      0]]

name                           precision   recall   f1-score
normal                             0.728    1.000      0.843
Single Stage Single Point          zero tp
Single Stage Multi Point           zero tp
Multi Stage Single Point           zero tp
Multi Stage Multi Point            zero tp
accuracy: 0.728

--- experiment-logs/mac2/v0.4/dnn-v1.log ---
[[363951      0      0      0      0]
 [136049      0      0      0      0]
 [     0      0      0      0      0]
 [     0      0      0      0      0]
 [     0      0      0      0      0]]

name                           precision   recall   f1-score
normal                             0.728    1.000      0.843
Single Stage Single Point          zero tp
Single Stage Multi Point           zero tp
Multi Stage Single Point           zero tp
Multi Stage Multi Point            zero tp
accuracy: 0.728

--- experiment-logs/mac2/v0.4/dnn-v0.log ---
[[363951      0      0      0      0]
 [136049      0      0      0      0]
 [     0      0      0      0      0]
 [     0      0      0      0      0]
 [     0      0      0      0      0]]

name                           precision   recall   f1-score
normal                             0.728    1.000      0.843
Single Stage Single Point          zero tp
Single Stage Multi Point           zero tp
Multi Stage Single Point           zero tp
Multi Stage Multi Point            zero tp
accuracy: 0.728

--- experiment-logs/mac2/v0.4/dnn-v4.log ---
[[363951      0      0      0      0]
 [136049      0      0      0      0]
 [     0      0      0      0      0]
 [     0      0      0      0      0]
 [     0      0      0      0      0]]

name                           precision   recall   f1-score
normal                             0.728    1.000      0.843
Single Stage Single Point          zero tp
Single Stage Multi Point           zero tp
Multi Stage Single Point           zero tp
Multi Stage Multi Point            zero tp
accuracy: 0.728

--- experiment-logs/mac2/v0.4/dnn-v5.log ---
[[363951      0      0      0      0]
 [136049      0      0      0      0]
 [     0      0      0      0      0]
 [     0      0      0      0      0]
 [     0      0      0      0      0]]

name                           precision   recall   f1-score
normal                             0.728    1.000      0.843
Single Stage Single Point          zero tp
Single Stage Multi Point           zero tp
Multi Stage Single Point           zero tp
Multi Stage Multi Point            zero tp
accuracy: 0.728

--- experiment-logs/mac2/v0.4/dnn-v7.log ---
[[363951      0      0      0      0]
 [136049      0      0      0      0]
 [     0      0      0      0      0]
 [     0      0      0      0      0]
 [     0      0      0      0      0]]

name                           precision   recall   f1-score
normal                             0.728    1.000      0.843
Single Stage Single Point          zero tp
Single Stage Multi Point           zero tp
Multi Stage Single Point           zero tp
Multi Stage Multi Point            zero tp
accuracy: 0.728

--- experiment-logs/mac2/v0.4/lstm-v10.log ---
[[363951      0      0      0      0]
 [136049      0      0      0      0]
 [     0      0      0      0      0]
 [     0      0      0      0      0]
 [     0      0      0      0      0]]

name                           precision   recall   f1-score
normal                             0.728    1.000      0.843
Single Stage Single Point          zero tp
Single Stage Multi Point           zero tp
Multi Stage Single Point           zero tp
Multi Stage Multi Point            zero tp
accuracy: 0.728

--- experiment-logs/mac2/v0.4/dnn-v6.log ---
[[363951      0      0      0      0]
 [136049      0      0      0      0]
 [     0      0      0      0      0]
 [     0      0      0      0      0]
 [     0      0      0      0      0]]

name                           precision   recall   f1-score
normal                             0.728    1.000      0.843
Single Stage Single Point          zero tp
Single Stage Multi Point           zero tp
Multi Stage Single Point           zero tp
Multi Stage Multi Point            zero tp
accuracy: 0.728

--- experiment-logs/mac2/v0.4/lstm-v4.log ---
[[363951      0      0      0      0]
 [136049      0      0      0      0]
 [     0      0      0      0      0]
 [     0      0      0      0      0]
 [     0      0      0      0      0]]

name                           precision   recall   f1-score
normal                             0.728    1.000      0.843
Single Stage Single Point          zero tp
Single Stage Multi Point           zero tp
Multi Stage Single Point           zero tp
Multi Stage Multi Point            zero tp
accuracy: 0.728

--- experiment-logs/mac2/v0.4/lstm-v5.log ---
[[363951      0      0      0      0]
 [136049      0      0      0      0]
 [     0      0      0      0      0]
 [     0      0      0      0      0]
 [     0      0      0      0      0]]

name                           precision   recall   f1-score
normal                             0.728    1.000      0.843
Single Stage Single Point          zero tp
Single Stage Multi Point           zero tp
Multi Stage Single Point           zero tp
Multi Stage Multi Point            zero tp
accuracy: 0.728

--- experiment-logs/mac2/v0.4/lstm-v7.log ---
[[363951      0      0      0      0]
 [136049      0      0      0      0]
 [     0      0      0      0      0]
 [     0      0      0      0      0]
 [     0      0      0      0      0]]

name                           precision   recall   f1-score
normal                             0.728    1.000      0.843
Single Stage Single Point          zero tp
Single Stage Multi Point           zero tp
Multi Stage Single Point           zero tp
Multi Stage Multi Point            zero tp
accuracy: 0.728

--- experiment-logs/mac2/v0.4/lstm-v6.log ---
[[363951      0      0      0      0]
 [136049      0      0      0      0]
 [     0      0      0      0      0]
 [     0      0      0      0      0]
 [     0      0      0      0      0]]

name                           precision   recall   f1-score
normal                             0.728    1.000      0.843
Single Stage Single Point          zero tp
Single Stage Multi Point           zero tp
Multi Stage Single Point           zero tp
Multi Stage Multi Point            zero tp
accuracy: 0.728

--- experiment-logs/mac2/v0.4/lstm-v2.log ---
[[363951      0      0      0      0]
 [136049      0      0      0      0]
 [     0      0      0      0      0]
 [     0      0      0      0      0]
 [     0      0      0      0      0]]

name                           precision   recall   f1-score
normal                             0.728    1.000      0.843
Single Stage Single Point          zero tp
Single Stage Multi Point           zero tp
Multi Stage Single Point           zero tp
Multi Stage Multi Point            zero tp
accuracy: 0.728

--- experiment-logs/mac2/v0.4/lstm-v3.log ---
[[363951      0      0      0      0]
 [136049      0      0      0      0]
 [     0      0      0      0      0]
 [     0      0      0      0      0]
 [     0      0      0      0      0]]

name                           precision   recall   f1-score
normal                             0.728    1.000      0.843
Single Stage Single Point          zero tp
Single Stage Multi Point           zero tp
Multi Stage Single Point           zero tp
Multi Stage Multi Point            zero tp
accuracy: 0.728

--- experiment-logs/mac2/v0.4/dnn-v10.log ---
[[363951      0      0      0      0]
 [136049      0      0      0      0]
 [     0      0      0      0      0]
 [     0      0      0      0      0]
 [     0      0      0      0      0]]

name                           precision   recall   f1-score
normal                             0.728    1.000      0.843
Single Stage Single Point          zero tp
Single Stage Multi Point           zero tp
Multi Stage Single Point           zero tp
Multi Stage Multi Point            zero tp
accuracy: 0.728

--- experiment-logs/mac2/v0.4/lstm-v1.log ---
[[363951      0      0      0      0]
 [136049      0      0      0      0]
 [     0      0      0      0      0]
 [     0      0      0      0      0]
 [     0      0      0      0      0]]

name                           precision   recall   f1-score
normal                             0.728    1.000      0.843
Single Stage Single Point          zero tp
Single Stage Multi Point           zero tp
Multi Stage Single Point           zero tp
Multi Stage Multi Point            zero tp
accuracy: 0.728

--- experiment-logs/mac2/v0.4/lstm-v0.log ---
[[363951      0      0      0      0]
 [136049      0      0      0      0]
 [     0      0      0      0      0]
 [     0      0      0      0      0]
 [     0      0      0      0      0]]

name                           precision   recall   f1-score
normal                             0.728    1.000      0.843
Single Stage Single Point          zero tp
Single Stage Multi Point           zero tp
Multi Stage Single Point           zero tp
Multi Stage Multi Point            zero tp
accuracy: 0.728

--- experiment-logs/mac2/v0.4/lstm-v8.log ---
[[363951      0      0      0      0]
 [136049      0      0      0      0]
 [     0      0      0      0      0]
 [     0      0      0      0      0]
 [     0      0      0      0      0]]

name                           precision   recall   f1-score
normal                             0.728    1.000      0.843
Single Stage Single Point          zero tp
Single Stage Multi Point           zero tp
Multi Stage Single Point           zero tp
Multi Stage Multi Point            zero tp
accuracy: 0.728

--- experiment-logs/mac2/v0.4/lstm-v9.log ---
[[363951      0      0      0      0]
 [136049      0      0      0      0]
 [     0      0      0      0      0]
 [     0      0      0      0      0]
 [     0      0      0      0      0]]

name                           precision   recall   f1-score
normal                             0.728    1.000      0.843
Single Stage Single Point          zero tp
Single Stage Multi Point           zero tp
Multi Stage Single Point           zero tp
Multi Stage Multi Point            zero tp
accuracy: 0.728

--- experiment-logs/mac2/v0.4/dnn-v8.log ---
[[363951      0      0      0      0]
 [136049      0      0      0      0]
 [     0      0      0      0      0]
 [     0      0      0      0      0]
 [     0      0      0      0      0]]

name                           precision   recall   f1-score
normal                             0.728    1.000      0.843
Single Stage Single Point          zero tp
Single Stage Multi Point           zero tp
Multi Stage Single Point           zero tp
Multi Stage Multi Point            zero tp
accuracy: 0.728

--- experiment-logs/mac2/v0.4/dnn-v9.log ---
[[363951      0      0      0      0]
 [136049      0      0      0      0]
 [     0      0      0      0      0]
 [     0      0      0      0      0]
 [     0      0      0      0      0]]

name                           precision   recall   f1-score
normal                             0.728    1.000      0.843
Single Stage Single Point          zero tp
Single Stage Multi Point           zero tp
Multi Stage Single Point           zero tp
Multi Stage Multi Point            zero tp
accuracy: 0.728

--- experiment-logs/mac2/lstm-v5.log ---
--- experiment-logs/mac2/lstm-v7.log ---
--- experiment-logs/mac2/lstm-v6.log ---
[[6869571   42967       0       0       0]
 [ 624228    5380       0       0       0]
 [ 109697       0       0       0       0]
 [  45355       0       0       0       0]
 [ 202802       0       0       0       0]]

name                           precision   recall   f1-score
normal                             0.875    0.994      0.931
Single Stage Single Point          0.111    0.009      0.016
Single Stage Multi Point           zero tp
Multi Stage Single Point           zero tp
Multi Stage Multi Point            zero tp
accuracy: 0.870

--- experiment-logs/mac2/lstm-v8.log ---
[[6912538       0       0       0       0]
 [ 629608       0       0       0       0]
 [ 109697       0       0       0       0]
 [  45355       0       0       0       0]
 [ 202802       0       0       0       0]]

name                           precision   recall   f1-score
normal                             0.875    1.000      0.933
Single Stage Single Point          zero tp
Single Stage Multi Point           zero tp
Multi Stage Single Point           zero tp
Multi Stage Multi Point            zero tp
accuracy: 0.875

--- experiment-logs/mac2/multi-lstm-v0.4.2-minmax-binary/multi-lstm-v10-minmax.log ---
--- experiment-logs/mac2/multi-lstm-v0.4.2-minmax-binary/multi-lstm-v2-minmax.log ---
--- experiment-logs/mac2/multi-lstm-v0.4.2-minmax-binary/multi-lstm-v7-minmax.log ---
--- experiment-logs/mac2/multi-lstm-v0.4.2-minmax-binary/multi-lstm-v0-minmax.log ---
--- experiment-logs/mac2/multi-lstm-v0.4.2-minmax-binary/multi-lstm-v8-minmax.log ---
--- experiment-logs/mac2/multi-lstm-v0.4.2-minmax-binary/multi-lstm-v5-minmax.log ---
--- experiment-logs/mac2/multi-lstm-v0.4.2-minmax-binary/multi-lstm-v6-minmax.log ---
--- experiment-logs/mac2/multi-lstm-v0.4.2-minmax-binary/multi-lstm-v3-minmax.log ---
--- experiment-logs/mac2/multi-lstm-v0.4.2-minmax-binary/multi-lstm-v9-minmax.log ---
--- experiment-logs/mac2/multi-lstm-v0.4.2-minmax-binary/multi-lstm-v4-minmax.log ---
--- experiment-logs/mac2/multi-lstm-v0.4.2-minmax-binary/multi-lstm-v1-minmax.log ---
--- experiment-logs/mac2/lstm-v9.log ---
[[ 157596 5457928       0 1297014       0]
 [  24074  367324       0  238210       0]
 [    670  103685       0    5342       0]
 [    468   24891       0   19996       0]
 [      0  202802       0       0       0]]

name                           precision   recall   f1-score
normal                             0.862    0.023      0.044
Single Stage Single Point          0.060    0.583      0.108
Single Stage Multi Point           zero tp
Multi Stage Single Point           0.013    0.441      0.025
Multi Stage Multi Point            zero tp
accuracy: 0.069

--- experiment-logs/mac2/v0.4.3/v0.4.3-multi-lstm-v0-minmax-text.log ---
[[6948538       0       0       0       0]
 [ 629608       0       0       0       0]
 [ 109697       0       0       0       0]
 [  45355       0       0       0       0]
 [ 202802       0       0       0       0]]

name                           precision   recall   f1-score
normal                             0.876    1.000      0.934
Single Stage Single Point          zero tp
Single Stage Multi Point           zero tp
Multi Stage Single Point           zero tp
Multi Stage Multi Point            zero tp
accuracy: 0.876

--- experiment-logs/mac2/v0.4.3/v0.4.3-multi-lstm-v10-minmax-text.log ---
[[6948538       0       0       0       0]
 [ 629608       0       0       0       0]
 [ 109697       0       0       0       0]
 [  45355       0       0       0       0]
 [ 202802       0       0       0       0]]

name                           precision   recall   f1-score
normal                             0.876    1.000      0.934
Single Stage Single Point          zero tp
Single Stage Multi Point           zero tp
Multi Stage Single Point           zero tp
Multi Stage Multi Point            zero tp
accuracy: 0.876

--- experiment-logs/mac2/v0.4.3/v0.4.3-multi-lstm-v1-minmax-text.log ---
[[6948538       0       0       0       0]
 [ 629608       0       0       0       0]
 [ 109697       0       0       0       0]
 [  45355       0       0       0       0]
 [ 202802       0       0       0       0]]

name                           precision   recall   f1-score
normal                             0.876    1.000      0.934
Single Stage Single Point          zero tp
Single Stage Multi Point           zero tp
Multi Stage Single Point           zero tp
Multi Stage Multi Point            zero tp
accuracy: 0.876

--- experiment-logs/mac2/v0.4.3/v0.4.3-multi-lstm-v3-minmax-text.log ---
--- experiment-logs/mac2/v0.4.3/v0.4.3-multi-lstm-v2-minmax-text.log ---
[[6948538       0       0       0       0]
 [ 629608       0       0       0       0]
 [ 109697       0       0       0       0]
 [  45355       0       0       0       0]
 [ 202802       0       0       0       0]]

name                           precision   recall   f1-score
normal                             0.876    1.000      0.934
Single Stage Single Point          zero tp
Single Stage Multi Point           zero tp
Multi Stage Single Point           zero tp
Multi Stage Multi Point            zero tp
accuracy: 0.876

--- experiment-logs/lstm-v4.log ---
[[363951      0      0      0      0]
 [136049      0      0      0      0]
 [     0      0      0      0      0]
 [     0      0      0      0      0]
 [     0      0      0      0      0]]

name                           precision   recall   f1-score
normal                             0.728    1.000      0.843
Single Stage Single Point          zero tp
Single Stage Multi Point           zero tp
Multi Stage Single Point           zero tp
Multi Stage Multi Point            zero tp
accuracy: 0.728

--- experiment-logs/lstm-v5.log ---
[[363951      0      0      0      0]
 [136049      0      0      0      0]
 [     0      0      0      0      0]
 [     0      0      0      0      0]
 [     0      0      0      0      0]]

name                           precision   recall   f1-score
normal                             0.728    1.000      0.843
Single Stage Single Point          zero tp
Single Stage Multi Point           zero tp
Multi Stage Single Point           zero tp
Multi Stage Multi Point            zero tp
accuracy: 0.728

--- experiment-logs/multi-lstm-v8-zscore.log ---
--- experiment-logs/multi-dnn-v3-minmax.log ---
--- experiment-logs/v0.4.3-multi-dnn-v4-minmax-text.log ---
[[6948538       0       0       0       0]
 [ 629608       0       0       0       0]
 [ 109697       0       0       0       0]
 [  45355       0       0       0       0]
 [ 202802       0       0       0       0]]

name                           precision   recall   f1-score
normal                             0.876    1.000      0.934
Single Stage Single Point          zero tp
Single Stage Multi Point           zero tp
Multi Stage Single Point           zero tp
Multi Stage Multi Point            zero tp
accuracy: 0.876

--- experiment-logs/lstm-v7.log ---
[[363951      0      0      0      0]
 [136049      0      0      0      0]
 [     0      0      0      0      0]
 [     0      0      0      0      0]
 [     0      0      0      0      0]]

name                           precision   recall   f1-score
normal                             0.728    1.000      0.843
Single Stage Single Point          zero tp
Single Stage Multi Point           zero tp
Multi Stage Single Point           zero tp
Multi Stage Multi Point            zero tp
accuracy: 0.728

--- experiment-logs/lstm-v6.log ---
[[363951      0      0      0      0]
 [136049      0      0      0      0]
 [     0      0      0      0      0]
 [     0      0      0      0      0]
 [     0      0      0      0      0]]

name                           precision   recall   f1-score
normal                             0.728    1.000      0.843
Single Stage Single Point          zero tp
Single Stage Multi Point           zero tp
Multi Stage Single Point           zero tp
Multi Stage Multi Point            zero tp
accuracy: 0.728

--- experiment-logs/multi-lstm-v5-zscore.log ---
--- experiment-logs/lstm-v2.log ---
[[363951      0      0      0      0]
 [136049      0      0      0      0]
 [     0      0      0      0      0]
 [     0      0      0      0      0]
 [     0      0      0      0      0]]

name                           precision   recall   f1-score
normal                             0.728    1.000      0.843
Single Stage Single Point          zero tp
Single Stage Multi Point           zero tp
Multi Stage Single Point           zero tp
Multi Stage Multi Point            zero tp
accuracy: 0.728

--- experiment-logs/multi-lstm-v8-minmax.log ---
--- experiment-logs/multi-lstm-v0-zscore.log ---
--- experiment-logs/lstm-v3.log ---
[[363951      0      0      0      0]
 [136049      0      0      0      0]
 [     0      0      0      0      0]
 [     0      0      0      0      0]
 [     0      0      0      0      0]]

name                           precision   recall   f1-score
normal                             0.728    1.000      0.843
Single Stage Single Point          zero tp
Single Stage Multi Point           zero tp
Multi Stage Single Point           zero tp
Multi Stage Multi Point            zero tp
accuracy: 0.728

--- experiment-logs/multi-lstm-v5-minmax.log ---
--- experiment-logs/v0.4.3-multi-dnn-v3-minmax-text.log ---
[[6948538       0       0       0       0]
 [ 629608       0       0       0       0]
 [ 109697       0       0       0       0]
 [  45355       0       0       0       0]
 [ 202802       0       0       0       0]]

name                           precision   recall   f1-score
normal                             0.876    1.000      0.934
Single Stage Single Point          zero tp
Single Stage Multi Point           zero tp
Multi Stage Single Point           zero tp
Multi Stage Multi Point            zero tp
accuracy: 0.876

--- experiment-logs/dnn-v10.log ---
[[363951      0      0      0      0]
 [136049      0      0      0      0]
 [     0      0      0      0      0]
 [     0      0      0      0      0]
 [     0      0      0      0      0]]

name                           precision   recall   f1-score
normal                             0.728    1.000      0.843
Single Stage Single Point          zero tp
Single Stage Multi Point           zero tp
Multi Stage Single Point           zero tp
Multi Stage Multi Point            zero tp
accuracy: 0.728

--- experiment-logs/lstm-v1.log ---
[[363951      0      0      0      0]
 [136049      0      0      0      0]
 [     0      0      0      0      0]
 [     0      0      0      0      0]
 [     0      0      0      0      0]]

name                           precision   recall   f1-score
normal                             0.728    1.000      0.843
Single Stage Single Point          zero tp
Single Stage Multi Point           zero tp
Multi Stage Single Point           zero tp
Multi Stage Multi Point            zero tp
accuracy: 0.728

--- experiment-logs/lstm-v0.log ---
[[363951      0      0      0      0]
 [136049      0      0      0      0]
 [     0      0      0      0      0]
 [     0      0      0      0      0]
 [     0      0      0      0      0]]

name                           precision   recall   f1-score
normal                             0.728    1.000      0.843
Single Stage Single Point          zero tp
Single Stage Multi Point           zero tp
Multi Stage Single Point           zero tp
Multi Stage Multi Point            zero tp
accuracy: 0.728

--- experiment-logs/multi-dnn-v6-minmax.log ---
--- experiment-logs/multi-dnn-v8-minmax.log ---
--- experiment-logs/multi-lstm-v3-zscore.log ---
--- experiment-logs/single-dnn-v1-v0.2-score.log ---
--- experiment-logs/multi-dnn-v0-zscore.log ---
--- experiment-logs/multi-dnn-v5-minmax.log ---
--- experiment-logs/multi-dnn-v0-physical-minmax.log ---
--- experiment-logs/multi-lstm-v6-minmax.log ---
--- experiment-logs/multi-dnn-v0-minmax.log ---
--- experiment-logs/brussels-v0.4.2-single-zscore-binary/single-lstm-v9-zscore.log ---
--- experiment-logs/brussels-v0.4.2-single-zscore-binary/single-dnn-v1-zscore.log ---
--- experiment-logs/brussels-v0.4.2-single-zscore-binary/single-lstm-v4-zscore.log ---
--- experiment-logs/brussels-v0.4.2-single-zscore-binary/single-lstm-v1-zscore.log ---
--- experiment-logs/brussels-v0.4.2-single-zscore-binary/single-dnn-v9-zscore.log ---
--- experiment-logs/brussels-v0.4.2-single-zscore-binary/single-dnn-v4-zscore.log ---
--- experiment-logs/brussels-v0.4.2-single-zscore-binary/single-dnn-v3-zscore.log ---
--- experiment-logs/brussels-v0.4.2-single-zscore-binary/single-lstm-v6-zscore.log ---
--- experiment-logs/brussels-v0.4.2-single-zscore-binary/single-lstm-v3-zscore.log ---
--- experiment-logs/brussels-v0.4.2-single-zscore-binary/single-dnn-v0-physical-zscore.log ---
--- experiment-logs/brussels-v0.4.2-single-zscore-binary/single-dnn-v6-zscore.log ---
--- experiment-logs/brussels-v0.4.2-single-zscore-binary/single-lstm-v0-zscore.log ---
--- experiment-logs/brussels-v0.4.2-single-zscore-binary/single-dnn-v8-zscore.log ---
--- experiment-logs/brussels-v0.4.2-single-zscore-binary/single-lstm-v10-zscore.log ---
--- experiment-logs/brussels-v0.4.2-single-zscore-binary/single-dnn-v5-zscore.log ---
--- experiment-logs/brussels-v0.4.2-single-zscore-binary/single-lstm-v8-zscore.log ---
--- experiment-logs/brussels-v0.4.2-single-zscore-binary/single-dnn-v0-zscore.log ---
--- experiment-logs/brussels-v0.4.2-single-zscore-binary/single-lstm-v5-zscore.log ---
--- experiment-logs/brussels-v0.4.2-single-zscore-binary/single-lstm-v2-zscore.log ---
--- experiment-logs/brussels-v0.4.2-single-zscore-binary/single-dnn-v7-zscore.log ---
--- experiment-logs/brussels-v0.4.2-single-zscore-binary/single-dnn-v10-zscore.log ---
--- experiment-logs/brussels-v0.4.2-single-zscore-binary/single-dnn-v2-zscore.log ---
--- experiment-logs/brussels-v0.4.2-single-zscore-binary/single-lstm-v7-zscore.log ---
--- experiment-logs/multi-lstm-v3-minmax.log ---
--- experiment-logs/multi-lstm-v6-zscore.log ---
--- experiment-logs/single-dnn-v0-v0.2-score.log ---
--- experiment-logs/multi-dnn-v0-physical-zscore.log ---
--- experiment-logs/lstm-v8.log ---
[[363951      0      0      0      0]
 [136049      0      0      0      0]
 [     0      0      0      0      0]
 [     0      0      0      0      0]
 [     0      0      0      0      0]]

name                           precision   recall   f1-score
normal                             0.728    1.000      0.843
Single Stage Single Point          zero tp
Single Stage Multi Point           zero tp
Multi Stage Single Point           zero tp
Multi Stage Multi Point            zero tp
accuracy: 0.728

--- experiment-logs/v0.4.3-multi-dnn-v10-minmax-text.log ---
--- experiment-logs/lstm-v9.log ---
[[363951      0      0      0      0]
 [136049      0      0      0      0]
 [     0      0      0      0      0]
 [     0      0      0      0      0]
 [     0      0      0      0      0]]

name                           precision   recall   f1-score
normal                             0.728    1.000      0.843
Single Stage Single Point          zero tp
Single Stage Multi Point           zero tp
Multi Stage Single Point           zero tp
Multi Stage Multi Point            zero tp
accuracy: 0.728

--- experiment-logs/v0.4.3-multi-dnn-v1-minmax-text.log ---
[[6948538       0       0       0       0]
 [ 629608       0       0       0       0]
 [ 109697       0       0       0       0]
 [  45355       0       0       0       0]
 [ 202802       0       0       0       0]]

name                           precision   recall   f1-score
normal                             0.876    1.000      0.934
Single Stage Single Point          zero tp
Single Stage Multi Point           zero tp
Multi Stage Single Point           zero tp
Multi Stage Multi Point            zero tp
accuracy: 0.876

--- experiment-logs/multi-lstm-v1-zscore.log ---
--- experiment-logs/dnn-v8.log ---
[[363951      0      0      0      0]
 [136049      0      0      0      0]
 [     0      0      0      0      0]
 [     0      0      0      0      0]
 [     0      0      0      0      0]]

name                           precision   recall   f1-score
normal                             0.728    1.000      0.843
Single Stage Single Point          zero tp
Single Stage Multi Point           zero tp
Multi Stage Single Point           zero tp
Multi Stage Multi Point            zero tp
accuracy: 0.728

--- experiment-logs/multi-lstm-v4-minmax.log ---
--- experiment-logs/v0.4.3-multi-dnn-v0-minmax-text.log ---
[[6948538       0       0       0       0]
 [ 629608       0       0       0       0]
 [ 109697       0       0       0       0]
 [  45355       0       0       0       0]
 [ 202802       0       0       0       0]]

name                           precision   recall   f1-score
normal                             0.876    1.000      0.934
Single Stage Single Point          zero tp
Single Stage Multi Point           zero tp
Multi Stage Single Point           zero tp
Multi Stage Multi Point            zero tp
accuracy: 0.876

--- experiment-logs/multi-dnn-v7-minmax.log ---
--- experiment-logs/dnn-v9.log ---
[[363951      0      0      0      0]
 [136049      0      0      0      0]
 [     0      0      0      0      0]
 [     0      0      0      0      0]
 [     0      0      0      0      0]]

name                           precision   recall   f1-score
normal                             0.728    1.000      0.843
Single Stage Single Point          zero tp
Single Stage Multi Point           zero tp
Multi Stage Single Point           zero tp
Multi Stage Multi Point            zero tp
accuracy: 0.728

--- experiment-logs/multi-lstm-v1-minmax.log ---
--- experiment-logs/multi-dnn-v2-minmax.log ---
--- experiment-logs/multi-lstm-v9-zscore.log ---
--- experiment-logs/multi-lstm-v4-zscore.log ---
--- experiment-logs/bastia/dnn-v2.log ---
[[ 428499 4728704 1755335       0       0]
 [  24760  285483  319365       0       0]
 [  11029   90904    7764       0       0]
 [      0   22678   22677       0       0]
 [  27024  175778       0       0       0]]

name                           precision   recall   f1-score
normal                             0.872    0.062      0.116
Single Stage Single Point          0.054    0.453      0.096
Single Stage Multi Point           0.004    0.071      0.007
Multi Stage Single Point           zero tp
Multi Stage Multi Point            zero tp
accuracy: 0.091

--- experiment-logs/bastia/dnn-v3.log ---
[[2591652 4320886       0       0       0]
 [ 405788  223820       0       0       0]
 [  23668   86029       0       0       0]
 [  45353       2       0       0       0]
 [  47230  155572       0       0       0]]

name                           precision   recall   f1-score
normal                             0.832    0.375      0.517
Single Stage Single Point          0.047    0.355      0.083
Single Stage Multi Point           zero tp
Multi Stage Single Point           zero tp
Multi Stage Multi Point            zero tp
accuracy: 0.356

--- experiment-logs/bastia/dnn-v1.log ---
--- experiment-logs/bastia/dnn-v0.log ---
--- experiment-logs/bastia/dnn-v4.log ---
[[4071875 2840654       0       9       0]
 [ 375177  254431       0       0       0]
 [  72466   37231       0       0       0]
 [  22678   22677       0       0       0]
 [ 135057   67745       0       0       0]]

name                           precision   recall   f1-score
normal                             0.871    0.589      0.703
Single Stage Single Point          0.079    0.404      0.132
Single Stage Multi Point           zero tp
Multi Stage Single Point           zero tp
Multi Stage Multi Point            zero tp
accuracy: 0.548

--- experiment-logs/bastia/dnn-v5.log ---
[[      0 6912538       0       0       0]
 [      0  629608       0       0       0]
 [      0  109697       0       0       0]
 [      0   45355       0       0       0]
 [      0  202802       0       0       0]]

name                           precision   recall   f1-score
normal                             zero tp
Single Stage Single Point          0.080    1.000      0.148
Single Stage Multi Point           zero tp
Multi Stage Single Point           zero tp
Multi Stage Multi Point            zero tp
accuracy: 0.080

--- experiment-logs/bastia/lstm-v10.log ---
[[6912538       0       0       0       0]
 [ 629608       0       0       0       0]
 [ 109697       0       0       0       0]
 [  45355       0       0       0       0]
 [ 202802       0       0       0       0]]

name                           precision   recall   f1-score
normal                             0.875    1.000      0.933
Single Stage Single Point          zero tp
Single Stage Multi Point           zero tp
Multi Stage Single Point           zero tp
Multi Stage Multi Point            zero tp
accuracy: 0.875

--- experiment-logs/bastia/lstm-v4.log ---
[[6901134   11404       0       0       0]
 [ 628006    1602       0       0       0]
 [ 109622      75       0       0       0]
 [  45342      13       0       0       0]
 [ 202744      58       0       0       0]]

name                           precision   recall   f1-score
normal                             0.875    0.998      0.933
Single Stage Single Point          0.122    0.003      0.005
Single Stage Multi Point           zero tp
Multi Stage Single Point           zero tp
Multi Stage Multi Point            zero tp
accuracy: 0.874

--- experiment-logs/bastia/lstm-v5.log ---
[[6912537       1       0       0       0]
 [ 629608       0       0       0       0]
 [ 109697       0       0       0       0]
 [  45355       0       0       0       0]
 [ 202802       0       0       0       0]]

name                           precision   recall   f1-score
normal                             0.875    1.000      0.933
Single Stage Single Point          zero tp
Single Stage Multi Point           zero tp
Multi Stage Single Point           zero tp
Multi Stage Multi Point            zero tp
accuracy: 0.875

--- experiment-logs/bastia/lstm-v7.log ---
--- experiment-logs/bastia/lstm-v6.log ---
[[5783593 1128945       0       0       0]
 [ 509057  120551       0       0       0]
 [  87570   22127       0       0       0]
 [  39842    5513       0       0       0]
 [ 171416   31386       0       0       0]]

name                           precision   recall   f1-score
normal                             0.877    0.837      0.857
Single Stage Single Point          0.092    0.191      0.124
Single Stage Multi Point           zero tp
Multi Stage Single Point           zero tp
Multi Stage Multi Point            zero tp
accuracy: 0.747

--- experiment-logs/bastia/lstm-v2.log ---
[[6912526      12       0       0       0]
 [ 629607       1       0       0       0]
 [ 109697       0       0       0       0]
 [  45355       0       0       0       0]
 [ 202802       0       0       0       0]]

name                           precision   recall   f1-score
normal                             0.875    1.000      0.933
Single Stage Single Point          0.077    0.000      0.000
Single Stage Multi Point           zero tp
Multi Stage Single Point           zero tp
Multi Stage Multi Point            zero tp
accuracy: 0.875

--- experiment-logs/bastia/lstm-v3.log ---
[[2629375 4283163       0       0       0]
 [ 461289  168319       0       0       0]
 [  23848   85849       0       0       0]
 [  45353       2       0       0       0]
 [  18346  184456       0       0       0]]

name                           precision   recall   f1-score
normal                             0.827    0.380      0.521
Single Stage Single Point          0.036    0.267      0.063
Single Stage Multi Point           zero tp
Multi Stage Single Point           zero tp
Multi Stage Multi Point            zero tp
accuracy: 0.354

--- experiment-logs/bastia/lstm-v1.log ---
--- experiment-logs/bastia/lstm-v0.log ---
[[265035  98916      0      0      0]
 [   706 135343      0      0      0]
 [     0      0      0      0      0]
 [     0      0      0      0      0]
 [     0      0      0      0      0]]

name                           precision   recall   f1-score
normal                             0.997    0.728      0.842
Single Stage Single Point          0.578    0.995      0.731
Single Stage Multi Point           zero tp
Multi Stage Single Point           zero tp
Multi Stage Multi Point            zero tp
accuracy: 0.801

--- experiment-logs/bastia/lstm-v8.log ---
[[6912535       3       0       0       0]
 [ 629608       0       0       0       0]
 [ 109697       0       0       0       0]
 [  45355       0       0       0       0]
 [ 202802       0       0       0       0]]

name                           precision   recall   f1-score
normal                             0.875    1.000      0.933
Single Stage Single Point          zero tp
Single Stage Multi Point           zero tp
Multi Stage Single Point           zero tp
Multi Stage Multi Point            zero tp
accuracy: 0.875

--- experiment-logs/bastia/lstm-v9.log ---
[[      1 6910855       0    1682       0]
 [      0  629441       0     167       0]
 [      0  109688       0       9       0]
 [      0   45355       0       0       0]
 [      0  202802       0       0       0]]

name                           precision   recall   f1-score
normal                             1.000    0.000      0.000
Single Stage Single Point          0.080    1.000      0.148
Single Stage Multi Point           zero tp
Multi Stage Single Point           zero tp
Multi Stage Multi Point            zero tp
accuracy: 0.080

--- experiment-logs/brussels/v0.4.3-single-dnn-v9-minmax-text.log ---
--- experiment-logs/brussels/dnn-v2.log ---
[[363951      0      0      0      0]
 [136049      0      0      0      0]
 [     0      0      0      0      0]
 [     0      0      0      0      0]
 [     0      0      0      0      0]]

name                           precision   recall   f1-score
normal                             0.728    1.000      0.843
Single Stage Single Point          zero tp
Single Stage Multi Point           zero tp
Multi Stage Single Point           zero tp
Multi Stage Multi Point            zero tp
accuracy: 0.728

--- experiment-logs/brussels/single-lstm-v9-zscore.log ---
--- experiment-logs/brussels/multi-lstm-v10-minmax.log ---
--- experiment-logs/brussels/multi-dnn-v1-minmax.log ---
--- experiment-logs/brussels/dnn-v0-physical.log ---
--- experiment-logs/brussels/single-dnn-v1-zscore.log ---
--- experiment-logs/brussels/multi-lstm-v2-minmax.log ---
--- experiment-logs/brussels/dnn-v3.log ---
[[363951      0      0      0      0]
 [136049      0      0      0      0]
 [     0      0      0      0      0]
 [     0      0      0      0      0]
 [     0      0      0      0      0]]

name                           precision   recall   f1-score
normal                             0.728    1.000      0.843
Single Stage Single Point          zero tp
Single Stage Multi Point           zero tp
Multi Stage Single Point           zero tp
Multi Stage Multi Point            zero tp
accuracy: 0.728

--- experiment-logs/brussels/dnn-v1.log ---
[[363951      0      0      0      0]
 [136049      0      0      0      0]
 [     0      0      0      0      0]
 [     0      0      0      0      0]
 [     0      0      0      0      0]]

name                           precision   recall   f1-score
normal                             0.728    1.000      0.843
Single Stage Single Point          zero tp
Single Stage Multi Point           zero tp
Multi Stage Single Point           zero tp
Multi Stage Multi Point            zero tp
accuracy: 0.728

--- experiment-logs/brussels/single-lstm-v4-zscore.log ---
--- experiment-logs/brussels/multi-lstm-v7-zscore.log ---
--- experiment-logs/brussels/multi-dnn-v10-minmax.log ---
--- experiment-logs/brussels/v0.4.3-single-lstm-v5-minmax-text.log ---
[[196643      0      0      0      0]
 [ 59357      0      0      0      0]
 [     0      0      0      0      0]
 [     0      0      0      0      0]
 [     0      0      0      0      0]]

name                           precision   recall   f1-score
normal                             0.768    1.000      0.869
Single Stage Single Point          zero tp
Single Stage Multi Point           zero tp
Multi Stage Single Point           zero tp
Multi Stage Multi Point            zero tp
accuracy: 0.768

--- experiment-logs/brussels/v0.4.3-single-dnn-v6-minmax-text.log ---
--- experiment-logs/brussels/dnn-v0.log ---
[[363951      0      0      0      0]
 [136049      0      0      0      0]
 [     0      0      0      0      0]
 [     0      0      0      0      0]
 [     0      0      0      0      0]]

name                           precision   recall   f1-score
normal                             0.728    1.000      0.843
Single Stage Single Point          zero tp
Single Stage Multi Point           zero tp
Multi Stage Single Point           zero tp
Multi Stage Multi Point            zero tp
accuracy: 0.728

--- experiment-logs/brussels/dnn-v4.log ---
[[363951      0      0      0      0]
 [136049      0      0      0      0]
 [     0      0      0      0      0]
 [     0      0      0      0      0]
 [     0      0      0      0      0]]

name                           precision   recall   f1-score
normal                             0.728    1.000      0.843
Single Stage Single Point          zero tp
Single Stage Multi Point           zero tp
Multi Stage Single Point           zero tp
Multi Stage Multi Point            zero tp
accuracy: 0.728

--- experiment-logs/brussels/multi-lstm-v2-zscore.log ---
--- experiment-logs/brussels/single-dnn-v0-physical-v0.2-score.log ---
--- experiment-logs/brussels/single-lstm-v1-zscore.log ---
--- experiment-logs/brussels/v0.4.3-single-dnn-v1-minmax-text.log ---
--- experiment-logs/brussels/v0.4.3-single-lstm-v2-minmax-text.log ---
[[196643      0      0      0      0]
 [ 59357      0      0      0      0]
 [     0      0      0      0      0]
 [     0      0      0      0      0]
 [     0      0      0      0      0]]

name                           precision   recall   f1-score
normal                             0.768    1.000      0.869
Single Stage Single Point          zero tp
Single Stage Multi Point           zero tp
Multi Stage Single Point           zero tp
Multi Stage Multi Point            zero tp
accuracy: 0.768

--- experiment-logs/brussels/multi-dnn-v9-minmax.log ---
--- experiment-logs/brussels/single-dnn-v9-zscore.log ---
--- experiment-logs/brussels/multi-lstm-v10-zscore.log ---
--- experiment-logs/brussels/dnn-v5.log ---
[[363951      0      0      0      0]
 [136049      0      0      0      0]
 [     0      0      0      0      0]
 [     0      0      0      0      0]
 [     0      0      0      0      0]]

name                           precision   recall   f1-score
normal                             0.728    1.000      0.843
Single Stage Single Point          zero tp
Single Stage Multi Point           zero tp
Multi Stage Single Point           zero tp
Multi Stage Multi Point            zero tp
accuracy: 0.728

--- experiment-logs/brussels/dnn-v7.log ---
[[363951      0      0      0      0]
 [136049      0      0      0      0]
 [     0      0      0      0      0]
 [     0      0      0      0      0]
 [     0      0      0      0      0]]

name                           precision   recall   f1-score
normal                             0.728    1.000      0.843
Single Stage Single Point          zero tp
Single Stage Multi Point           zero tp
Multi Stage Single Point           zero tp
Multi Stage Multi Point            zero tp
accuracy: 0.728

--- experiment-logs/brussels/multi-dnn-v4-minmax.log ---
--- experiment-logs/brussels/lstm-v10.log ---
[[363951      0      0      0      0]
 [136049      0      0      0      0]
 [     0      0      0      0      0]
 [     0      0      0      0      0]
 [     0      0      0      0      0]]

name                           precision   recall   f1-score
normal                             0.728    1.000      0.843
Single Stage Single Point          zero tp
Single Stage Multi Point           zero tp
Multi Stage Single Point           zero tp
Multi Stage Multi Point            zero tp
accuracy: 0.728

--- experiment-logs/brussels/multi-lstm-v7-minmax.log ---
--- experiment-logs/brussels/single-dnn-v4-zscore.log ---
--- experiment-logs/brussels/dnn-v6.log ---
[[265030  98921      0      0      0]
 [     0 136049      0      0      0]
 [     0      0      0      0      0]
 [     0      0      0      0      0]
 [     0      0      0      0      0]]

name                           precision   recall   f1-score
normal                             1.000    0.728      0.843
Single Stage Single Point          0.579    1.000      0.733
Single Stage Multi Point           zero tp
Multi Stage Single Point           zero tp
Multi Stage Multi Point            zero tp
accuracy: 0.802

--- experiment-logs/brussels/v0.4.3-single-dnn-v0-minmax-text.log ---
--- experiment-logs/brussels/single-dnn-v3-zscore.log ---
--- experiment-logs/brussels/v0.4.3-single-lstm-v3-minmax-text.log ---
[[196643      0      0      0      0]
 [ 59357      0      0      0      0]
 [     0      0      0      0      0]
 [     0      0      0      0      0]
 [     0      0      0      0      0]]

name                           precision   recall   f1-score
normal                             0.768    1.000      0.869
Single Stage Single Point          zero tp
Single Stage Multi Point           zero tp
Multi Stage Single Point           zero tp
Multi Stage Multi Point            zero tp
accuracy: 0.768

--- experiment-logs/brussels/multi-lstm-v0-minmax.log ---
--- experiment-logs/brussels/lstm-v4.log ---
[[363951      0      0      0      0]
 [136049      0      0      0      0]
 [     0      0      0      0      0]
 [     0      0      0      0      0]
 [     0      0      0      0      0]]

name                           precision   recall   f1-score
normal                             0.728    1.000      0.843
Single Stage Single Point          zero tp
Single Stage Multi Point           zero tp
Multi Stage Single Point           zero tp
Multi Stage Multi Point            zero tp
accuracy: 0.728

--- experiment-logs/brussels/lstm-v5.log ---
[[363951      0      0      0      0]
 [136049      0      0      0      0]
 [     0      0      0      0      0]
 [     0      0      0      0      0]
 [     0      0      0      0      0]]

name                           precision   recall   f1-score
normal                             0.728    1.000      0.843
Single Stage Single Point          zero tp
Single Stage Multi Point           zero tp
Multi Stage Single Point           zero tp
Multi Stage Multi Point            zero tp
accuracy: 0.728

--- experiment-logs/brussels/multi-lstm-v8-zscore.log ---
--- experiment-logs/brussels/multi-dnn-v3-minmax.log ---
--- experiment-logs/brussels/lstm-v7.log ---
[[363951      0      0      0      0]
 [136049      0      0      0      0]
 [     0      0      0      0      0]
 [     0      0      0      0      0]
 [     0      0      0      0      0]]

name                           precision   recall   f1-score
normal                             0.728    1.000      0.843
Single Stage Single Point          zero tp
Single Stage Multi Point           zero tp
Multi Stage Single Point           zero tp
Multi Stage Multi Point            zero tp
accuracy: 0.728

--- experiment-logs/brussels/lstm-v6.log ---
[[363951      0      0      0      0]
 [136049      0      0      0      0]
 [     0      0      0      0      0]
 [     0      0      0      0      0]
 [     0      0      0      0      0]]

name                           precision   recall   f1-score
normal                             0.728    1.000      0.843
Single Stage Single Point          zero tp
Single Stage Multi Point           zero tp
Multi Stage Single Point           zero tp
Multi Stage Multi Point            zero tp
accuracy: 0.728

--- experiment-logs/brussels/multi-lstm-v5-zscore.log ---
--- experiment-logs/brussels/single-lstm-v6-zscore.log ---
--- experiment-logs/brussels/v0.4.3-single-dnn-v8-minmax-text.log ---
--- experiment-logs/brussels/lstm-v2.log ---
[[363951      0      0      0      0]
 [136049      0      0      0      0]
 [     0      0      0      0      0]
 [     0      0      0      0      0]
 [     0      0      0      0      0]]

name                           precision   recall   f1-score
normal                             0.728    1.000      0.843
Single Stage Single Point          zero tp
Single Stage Multi Point           zero tp
Multi Stage Single Point           zero tp
Multi Stage Multi Point            zero tp
accuracy: 0.728

--- experiment-logs/brussels/multi-lstm-v8-minmax.log ---
--- experiment-logs/brussels/single-lstm-v3-zscore.log ---
--- experiment-logs/brussels/multi-lstm-v0-zscore.log ---
--- experiment-logs/brussels/lstm-v3.log ---
[[363951      0      0      0      0]
 [136049      0      0      0      0]
 [     0      0      0      0      0]
 [     0      0      0      0      0]
 [     0      0      0      0      0]]

name                           precision   recall   f1-score
normal                             0.728    1.000      0.843
Single Stage Single Point          zero tp
Single Stage Multi Point           zero tp
Multi Stage Single Point           zero tp
Multi Stage Multi Point            zero tp
accuracy: 0.728

--- experiment-logs/brussels/single-dnn-v0-physical-zscore.log ---
--- experiment-logs/brussels/v0.4.3-single-dnn-v10-minmax-text.log ---
--- experiment-logs/brussels/multi-lstm-v5-minmax.log ---
--- experiment-logs/brussels/dnn-v10.log ---
[[363951      0      0      0      0]
 [136049      0      0      0      0]
 [     0      0      0      0      0]
 [     0      0      0      0      0]
 [     0      0      0      0      0]]

name                           precision   recall   f1-score
normal                             0.728    1.000      0.843
Single Stage Single Point          zero tp
Single Stage Multi Point           zero tp
Multi Stage Single Point           zero tp
Multi Stage Multi Point            zero tp
accuracy: 0.728

--- experiment-logs/brussels/single-dnn-v6-zscore.log ---
--- experiment-logs/brussels/lstm-v1.log ---
[[363951      0      0      0      0]
 [136049      0      0      0      0]
 [     0      0      0      0      0]
 [     0      0      0      0      0]
 [     0      0      0      0      0]]

name                           precision   recall   f1-score
normal                             0.728    1.000      0.843
Single Stage Single Point          zero tp
Single Stage Multi Point           zero tp
Multi Stage Single Point           zero tp
Multi Stage Multi Point            zero tp
accuracy: 0.728

--- experiment-logs/brussels/lstm-v0.log ---
[[363951      0      0      0      0]
 [136049      0      0      0      0]
 [     0      0      0      0      0]
 [     0      0      0      0      0]
 [     0      0      0      0      0]]

name                           precision   recall   f1-score
normal                             0.728    1.000      0.843
Single Stage Single Point          zero tp
Single Stage Multi Point           zero tp
Multi Stage Single Point           zero tp
Multi Stage Multi Point            zero tp
accuracy: 0.728

--- experiment-logs/brussels/multi-dnn-v6-minmax.log ---
--- experiment-logs/brussels/v0.4.3-single-lstm-v4-minmax-text.log ---
[[196643      0      0      0      0]
 [ 59357      0      0      0      0]
 [     0      0      0      0      0]
 [     0      0      0      0      0]
 [     0      0      0      0      0]]

name                           precision   recall   f1-score
normal                             0.768    1.000      0.869
Single Stage Single Point          zero tp
Single Stage Multi Point           zero tp
Multi Stage Single Point           zero tp
Multi Stage Multi Point            zero tp
accuracy: 0.768

--- experiment-logs/brussels/v0.4.3-single-dnn-v7-minmax-text.log ---
--- experiment-logs/brussels/multi-dnn-v8-minmax.log ---
--- experiment-logs/brussels/multi-lstm-v3-zscore.log ---
--- experiment-logs/brussels/single-lstm-v0-zscore.log ---
--- experiment-logs/brussels/v0.4.3-single-dnn-v2-minmax-text.log ---
--- experiment-logs/brussels/single-dnn-v1-v0.2-score.log ---
--- experiment-logs/brussels/v0.4.3-single-lstm-v1-minmax-text.log ---
[[196643      0      0      0      0]
 [ 59357      0      0      0      0]
 [     0      0      0      0      0]
 [     0      0      0      0      0]
 [     0      0      0      0      0]]

name                           precision   recall   f1-score
normal                             0.768    1.000      0.869
Single Stage Single Point          zero tp
Single Stage Multi Point           zero tp
Multi Stage Single Point           zero tp
Multi Stage Multi Point            zero tp
accuracy: 0.768

--- experiment-logs/brussels/v0.4.3-single-lstm-v10-minmax-text.log ---
[[196643      0      0      0      0]
 [ 59357      0      0      0      0]
 [     0      0      0      0      0]
 [     0      0      0      0      0]
 [     0      0      0      0      0]]

name                           precision   recall   f1-score
normal                             0.768    1.000      0.869
Single Stage Single Point          zero tp
Single Stage Multi Point           zero tp
Multi Stage Single Point           zero tp
Multi Stage Multi Point            zero tp
accuracy: 0.768

--- experiment-logs/brussels/multi-dnn-v0-zscore.log ---
--- experiment-logs/brussels/single-dnn-v8-zscore.log ---
--- experiment-logs/brussels/multi-dnn-v5-minmax.log ---
--- experiment-logs/brussels/single-lstm-v10-zscore.log ---
--- experiment-logs/brussels/single-dnn-v5-zscore.log ---
--- experiment-logs/brussels/multi-dnn-v0-physical-minmax.log ---
--- experiment-logs/brussels/multi-lstm-v6-minmax.log ---
--- experiment-logs/brussels/multi-dnn-v0-minmax.log ---
--- experiment-logs/brussels/single-lstm-v8-zscore.log ---
--- experiment-logs/brussels/multi-lstm-v3-minmax.log ---
--- experiment-logs/brussels/single-dnn-v0-zscore.log ---
--- experiment-logs/brussels/v0.4.3-single-lstm-v9-minmax-text.log ---
[[196643      0      0      0      0]
 [ 59357      0      0      0      0]
 [     0      0      0      0      0]
 [     0      0      0      0      0]
 [     0      0      0      0      0]]

name                           precision   recall   f1-score
normal                             0.768    1.000      0.869
Single Stage Single Point          zero tp
Single Stage Multi Point           zero tp
Multi Stage Single Point           zero tp
Multi Stage Multi Point            zero tp
accuracy: 0.768

--- experiment-logs/brussels/single-lstm-v5-zscore.log ---
--- experiment-logs/brussels/multi-lstm-v6-zscore.log ---
--- experiment-logs/brussels/single-dnn-v0-v0.2-score.log ---
--- experiment-logs/brussels/v0.4.3-single-lstm-v6-minmax-text.log ---
[[196643      0      0      0      0]
 [ 59357      0      0      0      0]
 [     0      0      0      0      0]
 [     0      0      0      0      0]
 [     0      0      0      0      0]]

name                           precision   recall   f1-score
normal                             0.768    1.000      0.869
Single Stage Single Point          zero tp
Single Stage Multi Point           zero tp
Multi Stage Single Point           zero tp
Multi Stage Multi Point            zero tp
accuracy: 0.768

--- experiment-logs/brussels/multi-dnn-v0-physical-zscore.log ---
--- experiment-logs/brussels/lstm-v8.log ---
[[363951      0      0      0      0]
 [136049      0      0      0      0]
 [     0      0      0      0      0]
 [     0      0      0      0      0]
 [     0      0      0      0      0]]

name                           precision   recall   f1-score
normal                             0.728    1.000      0.843
Single Stage Single Point          zero tp
Single Stage Multi Point           zero tp
Multi Stage Single Point           zero tp
Multi Stage Multi Point            zero tp
accuracy: 0.728

--- experiment-logs/brussels/v0.4.3-single-dnn-v5-minmax-text.log ---
--- experiment-logs/brussels/lstm-v9.log ---
[[363951      0      0      0      0]
 [136049      0      0      0      0]
 [     0      0      0      0      0]
 [     0      0      0      0      0]
 [     0      0      0      0      0]]

name                           precision   recall   f1-score
normal                             0.728    1.000      0.843
Single Stage Single Point          zero tp
Single Stage Multi Point           zero tp
Multi Stage Single Point           zero tp
Multi Stage Multi Point            zero tp
accuracy: 0.728

--- experiment-logs/brussels/multi-lstm-v9-minmax.log ---
--- experiment-logs/brussels/v0.4.3-single-lstm-v8-minmax-text.log ---
[[196643      0      0      0      0]
 [ 59357      0      0      0      0]
 [     0      0      0      0      0]
 [     0      0      0      0      0]
 [     0      0      0      0      0]]

name                           precision   recall   f1-score
normal                             0.768    1.000      0.869
Single Stage Single Point          zero tp
Single Stage Multi Point           zero tp
Multi Stage Single Point           zero tp
Multi Stage Multi Point            zero tp
accuracy: 0.768

--- experiment-logs/brussels/single-lstm-v2-zscore.log ---
--- experiment-logs/brussels/multi-lstm-v1-zscore.log ---
--- experiment-logs/brussels/dnn-v8.log ---
[[363951      0      0      0      0]
 [136049      0      0      0      0]
 [     0      0      0      0      0]
 [     0      0      0      0      0]
 [     0      0      0      0      0]]

name                           precision   recall   f1-score
normal                             0.728    1.000      0.843
Single Stage Single Point          zero tp
Single Stage Multi Point           zero tp
Multi Stage Single Point           zero tp
Multi Stage Multi Point            zero tp
accuracy: 0.728

--- experiment-logs/brussels/single-dnn-v7-zscore.log ---
--- experiment-logs/brussels/v0.4.3-single-lstm-v7-minmax-text.log ---
[[196643      0      0      0      0]
 [ 59357      0      0      0      0]
 [     0      0      0      0      0]
 [     0      0      0      0      0]
 [     0      0      0      0      0]]

name                           precision   recall   f1-score
normal                             0.768    1.000      0.869
Single Stage Single Point          zero tp
Single Stage Multi Point           zero tp
Multi Stage Single Point           zero tp
Multi Stage Multi Point            zero tp
accuracy: 0.768

--- experiment-logs/brussels/v0.4.3-single-dnn-v4-minmax-text.log ---
--- experiment-logs/brussels/multi-lstm-v4-minmax.log ---
--- experiment-logs/brussels/single-dnn-v10-zscore.log ---
--- experiment-logs/brussels/multi-dnn-v7-minmax.log ---
--- experiment-logs/brussels/dnn-v9.log ---
[[363951      0      0      0      0]
 [136049      0      0      0      0]
 [     0      0      0      0      0]
 [     0      0      0      0      0]
 [     0      0      0      0      0]]

name                           precision   recall   f1-score
normal                             0.728    1.000      0.843
Single Stage Single Point          zero tp
Single Stage Multi Point           zero tp
Multi Stage Single Point           zero tp
Multi Stage Multi Point            zero tp
accuracy: 0.728

--- experiment-logs/brussels/v0.4.3-single-dnn-v0-physical-minmax-text.log ---
--- experiment-logs/brussels/multi-lstm-v1-minmax.log ---
--- experiment-logs/brussels/single-dnn-v2-zscore.log ---
--- experiment-logs/brussels/multi-dnn-v2-minmax.log ---
--- experiment-logs/brussels/v0.4.3-single-dnn-v3-minmax-text.log ---
--- experiment-logs/brussels/v0.4.3-single-lstm-v0-minmax-text.log ---
[[196643      0      0      0      0]
 [ 59357      0      0      0      0]
 [     0      0      0      0      0]
 [     0      0      0      0      0]
 [     0      0      0      0      0]]

name                           precision   recall   f1-score
normal                             0.768    1.000      0.869
Single Stage Single Point          zero tp
Single Stage Multi Point           zero tp
Multi Stage Single Point           zero tp
Multi Stage Multi Point            zero tp
accuracy: 0.768

--- experiment-logs/brussels/multi-lstm-v9-zscore.log ---
--- experiment-logs/brussels/multi-lstm-v4-zscore.log ---
--- experiment-logs/brussels/single-lstm-v7-zscore.log ---
