# dnn minmax train
#  mean = 4706.6521157351
# stdev = 3105.1911079113
3327.5233359336853
3722.1535308361053
3376.951555967331
3731.2494027614594
2836.243975877762
2477.029799938202
10903.091249227524
2869.403575181961
2501.775759935379
3211.7726521492004
2927.6795377731323
3451.0114040374756
3193.887693166733
7882.401880741119
11195.486163854599
4418.805278301239
3327.5233359336853
13815.009990930557
3722.1535308361053
3376.951555967331
3731.2494027614594
3546.9919340610504


# dnn minmax evaluate
#  mean = 296.27600346912
# stdev = 45.743318925473
337.5228111743927
328.9883460998535
325.98398518562317
227.705561876297
223.25745368003845
232.7515389919281
227.13731598854065
226.6994469165802
223.74853014945984
307.2155318260193
260.78112602233887
319.9011116027832
296.5455837249756
315.3522570133209
326.07098174095154
330.9769699573517
341.69068002700806
337.5228111743927
328.9883460998535
325.98398518562317
342.27073192596436
330.9769699573517



# lstm zscore
#  mean = 4720.7971991698
# stdev = 4168.9289826181
3144.7604327201843
2757.629835128784
4991.364769935608
2627.5276186466217
2564.1124942302704
16351.045068025589
3129.6550798416138
3508.6650030612946
3412.4144909381866

# lstm zscore eval
#  mean = 255.91701568498
# stdev = 50.143164352902
235.17874002456665
215.34554600715637
377.4690980911255
219.45136308670044
215.64348888397217
301.45813488960266
228.545428276062
256.0043468475342
254.1569950580597

#lstm minmax train
#  mean = 6947.8901577473
# stdev = 5348.0274423987
3258.9188261032104
3316.363499879837
17202.112220287323
2859.723904132843
2971.371057987213
3867.5028913021088
5542.33841586113
11133.490471839905
15900.906625032425
3426.173665046692

# lstm minmax eval
#  mean = 284.37326285574
# stdev = 82.764334243422
256.4721667766571
346.9917116165161
401.85139560699463
399.91830253601074
302.29459619522095
177.00539922714233
165.8326768875122
286.992467880249
222.00064897537231
