[INFO] metrics:
loss :  0.49307746801376345
tp :  88050.0
fp :  11950.0
tn :  388050.0
fn :  11950.0
accuracy :  0.9521999955177307
precision :  0.8805000185966492
recall :  0.8805000185966492
auc :  0.9753483533859253

y_eval {0: 100000}
pred {0: 88050, 1: 11950}
[INFO] confusion matrix for file
[[88050 11950     0     0     0]
 [    0     0     0     0     0]
 [    0     0     0     0     0]
 [    0     0     0     0     0]
 [    0     0     0     0     0]]
[INFO] confusion matrix after adding it to total:
[[6285473  627065       0       0       0]
 [ 558344   71264       0       0       0]
 [ 100373    9324       0       0       0]
 [  41351    4004       0       0       0]
 [ 186753   16049       0       0       0]]