2020-02-08 00:08:10.135071: W tensorflow/stream_executor/platform/default/dso_loader.cc:55] Could not load dynamic library 'libnvinfer.so.6'; dlerror: libnvinfer.so.6: cannot open shared object file: No such file or directory
2020-02-08 00:08:10.135126: W tensorflow/stream_executor/platform/default/dso_loader.cc:55] Could not load dynamic library 'libnvinfer_plugin.so.6'; dlerror: libnvinfer_plugin.so.6: cannot open shared object file: No such file or directory
2020-02-08 00:08:10.135133: W tensorflow/compiler/tf2tensorrt/utils/py_utils.cc:30] Cannot dlopen some TensorRT libraries. If you would like to use Nvidia GPU with TensorRT, please make sure the missing libraries mentioned above are installed properly.
2020-02-08 00:08:10.622811: W tensorflow/stream_executor/platform/default/dso_loader.cc:55] Could not load dynamic library 'libcuda.so.1'; dlerror: libcuda.so.1: cannot open shared object file: No such file or directory
2020-02-08 00:08:10.622831: E tensorflow/stream_executor/cuda/cuda_driver.cc:351] failed call to cuInit: UNKNOWN ERROR (303)
2020-02-08 00:08:10.622845: I tensorflow/stream_executor/cuda/cuda_diagnostics.cc:156] kernel driver does not appear to be running on this host (brussels): /proc/driver/nvidia/version does not exist
2020-02-08 00:08:10.622946: I tensorflow/core/platform/cpu_feature_guard.cc:142] Your CPU supports instructions that this TensorFlow binary was not compiled to use: AVX2 FMA
2020-02-08 00:08:10.645817: I tensorflow/core/platform/profile_utils/cpu_utils.cc:94] CPU Frequency: 3312000000 Hz
2020-02-08 00:08:10.646009: I tensorflow/compiler/xla/service/service.cc:168] XLA service 0x4dcab00 initialized for platform Host (this does not guarantee that XLA will be used). Devices:
2020-02-08 00:08:10.646038: I tensorflow/compiler/xla/service/service.cc:176]   StreamExecutor device (0): Host, Default Version
Using TensorFlow backend.
WARNING:tensorflow:Large dropout rate: 0.8 (>0.5). In TensorFlow 2.x, dropout() uses dropout rate instead of keep_prob. Please ensure that this is intended.
=================================================
        TRAINING v0.4.2 (binaryClasses)
=================================================
Date: 2020-02-08 00:08:10.619684
[33m[INFO] using Sequential Dense layers[0m
[INFO] adding core layer 0
[INFO] adding core layer 1
[INFO] adding core layer 2
wrapLayerSize 8
coreLayerSize 32
numCoreLayers 3
outputLayerActivation sigmoid
output_dim 2
loss binary_crossentropy
optimizer adam
[INFO] created DNN
[33m[INFO] epoch 1/10[0m
[33m[INFO] loading file 1-2/1 on epoch 1/10[0m
[INFO] reading file data/SWaT2015-Attack-Files-v0.4-minmax/train/2015-12-28_113021_98.log.part12_sorted-labeled.csv
[INFO] concatenate the files
[INFO] process dataset, shape: (500000, 18)
[INFO] sampling 1.0
[33mdropping column: modbus_value[0m
dropping all time related columns...
[33mdropping column: unixtime[0m
[INFO] columns: Index(['orig', 'type', 'i/f_name', 'i/f_dir', 'src', 'dst', 'proto',
       'appi_name', 'proxy_src_ip', 'modbus_function_code',
       'modbus_function_description', 'modbus_transaction_id', 'scada_tag',
       'service', 's_port', 'classification'],
      dtype='object')
[INFO] processing batch 0-100000/500000
[INFO] breaking into predictors and prediction...
[INFO] creating train/test split: 0.2
[INFO] fitting model
Train on 80000 samples, validate on 20000 samples
Epoch 1/1
 - 3s - loss: 0.2096 - tp: 78567.0000 - fp: 0.0000e+00 - tn: 80000.0000 - fn: 1433.0000 - accuracy: 0.9910 - precision: 1.0000 - recall: 0.9821 - auc: 0.9992 - val_loss: 2.8469e-15 - val_tp: 20000.0000 - val_fp: 0.0000e+00 - val_tn: 20000.0000 - val_fn: 0.0000e+00 - val_accuracy: 1.0000 - val_precision: 1.0000 - val_recall: 1.0000 - val_auc: 1.0000
[INFO] saving weights to checkpoints/dnn-epoch-001-files-0-2
[INFO] processing batch 100000-200000/500000
[INFO] breaking into predictors and prediction...
[INFO] creating train/test split: 0.2
[INFO] fitting model
Train on 80000 samples, validate on 20000 samples
Epoch 1/1
 - 3s - loss: 0.0498 - tp: 80000.0000 - fp: 0.0000e+00 - tn: 80000.0000 - fn: 0.0000e+00 - accuracy: 1.0000 - precision: 1.0000 - recall: 1.0000 - auc: 1.0000 - val_loss: 3.3303e-20 - val_tp: 20000.0000 - val_fp: 0.0000e+00 - val_tn: 20000.0000 - val_fn: 0.0000e+00 - val_accuracy: 1.0000 - val_precision: 1.0000 - val_recall: 1.0000 - val_auc: 1.0000
[INFO] saving weights to checkpoints/dnn-epoch-001-files-0-2
[INFO] processing batch 200000-300000/500000
[INFO] breaking into predictors and prediction...
[INFO] creating train/test split: 0.2
[INFO] fitting model
Train on 80000 samples, validate on 20000 samples
Epoch 1/1
 - 3s - loss: 0.0654 - tp: 79766.0000 - fp: 234.0000 - tn: 79766.0000 - fn: 234.0000 - accuracy: 0.9971 - precision: 0.9971 - recall: 0.9971 - auc: 0.9970 - val_loss: 2.3819 - val_tp: 10606.0000 - val_fp: 9394.0000 - val_tn: 10606.0000 - val_fn: 9394.0000 - val_accuracy: 0.5303 - val_precision: 0.5303 - val_recall: 0.5303 - val_auc: 0.5303
[INFO] saving weights to checkpoints/dnn-epoch-001-files-0-2
[INFO] processing batch 300000-400000/500000
[INFO] breaking into predictors and prediction...
[INFO] creating train/test split: 0.2
[INFO] fitting model
Train on 80000 samples, validate on 20000 samples
Epoch 1/1
 - 3s - loss: 1.1087 - tp: 42447.0000 - fp: 37553.0000 - tn: 42447.0000 - fn: 37553.0000 - accuracy: 0.5306 - precision: 0.5306 - recall: 0.5306 - auc: 0.5315 - val_loss: 0.7602 - val_tp: 10626.0000 - val_fp: 9374.0000 - val_tn: 10626.0000 - val_fn: 9374.0000 - val_accuracy: 0.5313 - val_precision: 0.5313 - val_recall: 0.5313 - val_auc: 0.5313
[INFO] saving weights to checkpoints/dnn-epoch-001-files-0-2
[INFO] processing batch 400000-500000/500000
[INFO] breaking into predictors and prediction...
[INFO] creating train/test split: 0.2
[INFO] fitting model
Train on 80000 samples, validate on 20000 samples
Epoch 1/1
 - 3s - loss: 0.7061 - tp: 42438.0000 - fp: 37562.0000 - tn: 42438.0000 - fn: 37562.0000 - accuracy: 0.5305 - precision: 0.5305 - recall: 0.5305 - auc: 0.5296 - val_loss: 0.6915 - val_tp: 10603.0000 - val_fp: 9397.0000 - val_tn: 10603.0000 - val_fn: 9397.0000 - val_accuracy: 0.5301 - val_precision: 0.5301 - val_recall: 0.5301 - val_auc: 0.5301
[INFO] saving weights to checkpoints/dnn-epoch-001-files-0-2
[33m[LOSS] 0.6914870261192322[0m
[33m[INFO] epoch 2/10[0m
[33m[INFO] loading file 1-2/1 on epoch 2/10[0m
[INFO] reading file data/SWaT2015-Attack-Files-v0.4-minmax/train/2015-12-28_113021_98.log.part12_sorted-labeled.csv
[INFO] concatenate the files
[INFO] process dataset, shape: (500000, 18)
[INFO] sampling 1.0
[33mdropping column: modbus_value[0m
dropping all time related columns...
[33mdropping column: unixtime[0m
[INFO] columns: Index(['orig', 'type', 'i/f_name', 'i/f_dir', 'src', 'dst', 'proto',
       'appi_name', 'proxy_src_ip', 'modbus_function_code',
       'modbus_function_description', 'modbus_transaction_id', 'scada_tag',
       'service', 's_port', 'classification'],
      dtype='object')
[INFO] processing batch 0-100000/500000
[INFO] breaking into predictors and prediction...
[INFO] creating train/test split: 0.2
[INFO] fitting model
Train on 80000 samples, validate on 20000 samples
Epoch 1/1
 - 3s - loss: 0.1686 - tp: 80000.0000 - fp: 0.0000e+00 - tn: 80000.0000 - fn: 0.0000e+00 - accuracy: 1.0000 - precision: 1.0000 - recall: 1.0000 - auc: 1.0000 - val_loss: 1.4309e-11 - val_tp: 20000.0000 - val_fp: 0.0000e+00 - val_tn: 20000.0000 - val_fn: 0.0000e+00 - val_accuracy: 1.0000 - val_precision: 1.0000 - val_recall: 1.0000 - val_auc: 1.0000
[INFO] saving weights to checkpoints/dnn-epoch-002-files-0-2
[INFO] processing batch 100000-200000/500000
[INFO] breaking into predictors and prediction...
[INFO] creating train/test split: 0.2
[INFO] fitting model
Train on 80000 samples, validate on 20000 samples
Epoch 1/1
 - 3s - loss: 0.0357 - tp: 80000.0000 - fp: 0.0000e+00 - tn: 80000.0000 - fn: 0.0000e+00 - accuracy: 1.0000 - precision: 1.0000 - recall: 1.0000 - auc: 1.0000 - val_loss: 1.5595e-15 - val_tp: 20000.0000 - val_fp: 0.0000e+00 - val_tn: 20000.0000 - val_fn: 0.0000e+00 - val_accuracy: 1.0000 - val_precision: 1.0000 - val_recall: 1.0000 - val_auc: 1.0000
[INFO] saving weights to checkpoints/dnn-epoch-002-files-0-2
[INFO] processing batch 200000-300000/500000
[INFO] breaking into predictors and prediction...
[INFO] creating train/test split: 0.2
[INFO] fitting model
Train on 80000 samples, validate on 20000 samples
Epoch 1/1
 - 3s - loss: 0.0348 - tp: 79766.0000 - fp: 234.0000 - tn: 79766.0000 - fn: 234.0000 - accuracy: 0.9971 - precision: 0.9971 - recall: 0.9971 - auc: 0.9971 - val_loss: 2.2755 - val_tp: 10606.0000 - val_fp: 9394.0000 - val_tn: 10606.0000 - val_fn: 9394.0000 - val_accuracy: 0.5303 - val_precision: 0.5303 - val_recall: 0.5303 - val_auc: 0.5303
[INFO] saving weights to checkpoints/dnn-epoch-002-files-0-2
[INFO] processing batch 300000-400000/500000
[INFO] breaking into predictors and prediction...
[INFO] creating train/test split: 0.2
[INFO] fitting model
Train on 80000 samples, validate on 20000 samples
Epoch 1/1
 - 3s - loss: 1.1610 - tp: 42447.0000 - fp: 37553.0000 - tn: 42447.0000 - fn: 37553.0000 - accuracy: 0.5306 - precision: 0.5306 - recall: 0.5306 - auc: 0.5307 - val_loss: 0.7815 - val_tp: 10626.0000 - val_fp: 9374.0000 - val_tn: 10626.0000 - val_fn: 9374.0000 - val_accuracy: 0.5313 - val_precision: 0.5313 - val_recall: 0.5313 - val_auc: 0.5313
[INFO] saving weights to checkpoints/dnn-epoch-002-files-0-2
[INFO] processing batch 400000-500000/500000
[INFO] breaking into predictors and prediction...
[INFO] creating train/test split: 0.2
[INFO] fitting model
Train on 80000 samples, validate on 20000 samples
Epoch 1/1
 - 3s - loss: 0.7118 - tp: 42438.0000 - fp: 37562.0000 - tn: 42438.0000 - fn: 37562.0000 - accuracy: 0.5305 - precision: 0.5305 - recall: 0.5305 - auc: 0.5304 - val_loss: 0.6915 - val_tp: 10603.0000 - val_fp: 9397.0000 - val_tn: 10603.0000 - val_fn: 9397.0000 - val_accuracy: 0.5301 - val_precision: 0.5301 - val_recall: 0.5301 - val_auc: 0.5301
[INFO] saving weights to checkpoints/dnn-epoch-002-files-0-2
[33m[LOSS] 0.6915012963294983[0m
[33m[INFO] epoch 3/10[0m
[33m[INFO] loading file 1-2/1 on epoch 3/10[0m
[INFO] reading file data/SWaT2015-Attack-Files-v0.4-minmax/train/2015-12-28_113021_98.log.part12_sorted-labeled.csv
[INFO] concatenate the files
[INFO] process dataset, shape: (500000, 18)
[INFO] sampling 1.0
[33mdropping column: modbus_value[0m
dropping all time related columns...
[33mdropping column: unixtime[0m
[INFO] columns: Index(['orig', 'type', 'i/f_name', 'i/f_dir', 'src', 'dst', 'proto',
       'appi_name', 'proxy_src_ip', 'modbus_function_code',
       'modbus_function_description', 'modbus_transaction_id', 'scada_tag',
       'service', 's_port', 'classification'],
      dtype='object')
[INFO] processing batch 0-100000/500000
[INFO] breaking into predictors and prediction...
[INFO] creating train/test split: 0.2
[INFO] fitting model
Train on 80000 samples, validate on 20000 samples
Epoch 1/1
 - 3s - loss: 0.2031 - tp: 80000.0000 - fp: 0.0000e+00 - tn: 80000.0000 - fn: 0.0000e+00 - accuracy: 1.0000 - precision: 1.0000 - recall: 1.0000 - auc: 1.0000 - val_loss: 1.8179e-08 - val_tp: 20000.0000 - val_fp: 0.0000e+00 - val_tn: 20000.0000 - val_fn: 0.0000e+00 - val_accuracy: 1.0000 - val_precision: 1.0000 - val_recall: 1.0000 - val_auc: 1.0000
[INFO] saving weights to checkpoints/dnn-epoch-003-files-0-2
[INFO] processing batch 100000-200000/500000
[INFO] breaking into predictors and prediction...
[INFO] creating train/test split: 0.2
[INFO] fitting model
Train on 80000 samples, validate on 20000 samples
Epoch 1/1
 - 3s - loss: 0.0327 - tp: 80000.0000 - fp: 0.0000e+00 - tn: 80000.0000 - fn: 0.0000e+00 - accuracy: 1.0000 - precision: 1.0000 - recall: 1.0000 - auc: 1.0000 - val_loss: 3.4569e-14 - val_tp: 20000.0000 - val_fp: 0.0000e+00 - val_tn: 20000.0000 - val_fn: 0.0000e+00 - val_accuracy: 1.0000 - val_precision: 1.0000 - val_recall: 1.0000 - val_auc: 1.0000
[INFO] saving weights to checkpoints/dnn-epoch-003-files-0-2
[INFO] processing batch 200000-300000/500000
[INFO] breaking into predictors and prediction...
[INFO] creating train/test split: 0.2
[INFO] fitting model
Train on 80000 samples, validate on 20000 samples
Epoch 1/1
 - 3s - loss: 0.0308 - tp: 79766.0000 - fp: 234.0000 - tn: 79766.0000 - fn: 234.0000 - accuracy: 0.9971 - precision: 0.9971 - recall: 0.9971 - auc: 0.9972 - val_loss: 2.4598 - val_tp: 10606.0000 - val_fp: 9394.0000 - val_tn: 10606.0000 - val_fn: 9394.0000 - val_accuracy: 0.5303 - val_precision: 0.5303 - val_recall: 0.5303 - val_auc: 0.5314
[INFO] saving weights to checkpoints/dnn-epoch-003-files-0-2
[INFO] processing batch 300000-400000/500000
[INFO] breaking into predictors and prediction...
[INFO] creating train/test split: 0.2
[INFO] fitting model
Train on 80000 samples, validate on 20000 samples
Epoch 1/1
 - 3s - loss: 1.1322 - tp: 42447.0000 - fp: 37553.0000 - tn: 42447.0000 - fn: 37553.0000 - accuracy: 0.5306 - precision: 0.5306 - recall: 0.5306 - auc: 0.5315 - val_loss: 0.7692 - val_tp: 10626.0000 - val_fp: 9374.0000 - val_tn: 10626.0000 - val_fn: 9374.0000 - val_accuracy: 0.5313 - val_precision: 0.5313 - val_recall: 0.5313 - val_auc: 0.5313
[INFO] saving weights to checkpoints/dnn-epoch-003-files-0-2
[INFO] processing batch 400000-500000/500000
[INFO] breaking into predictors and prediction...
[INFO] creating train/test split: 0.2
[INFO] fitting model
Train on 80000 samples, validate on 20000 samples
Epoch 1/1
 - 3s - loss: 0.7079 - tp: 42438.0000 - fp: 37562.0000 - tn: 42438.0000 - fn: 37562.0000 - accuracy: 0.5305 - precision: 0.5305 - recall: 0.5305 - auc: 0.5324 - val_loss: 0.6914 - val_tp: 10603.0000 - val_fp: 9397.0000 - val_tn: 10603.0000 - val_fn: 9397.0000 - val_accuracy: 0.5301 - val_precision: 0.5301 - val_recall: 0.5301 - val_auc: 0.5301
[INFO] saving weights to checkpoints/dnn-epoch-003-files-0-2
[33m[LOSS] 0.6913963318824768[0m
[CHECKING EARLY STOP]: currentLoss < min_delta ? => 0.6913963318824768  <  0.001
[33m[INFO] epoch 4/10[0m
[33m[INFO] loading file 1-2/1 on epoch 4/10[0m
[INFO] reading file data/SWaT2015-Attack-Files-v0.4-minmax/train/2015-12-28_113021_98.log.part12_sorted-labeled.csv
[INFO] concatenate the files
[INFO] process dataset, shape: (500000, 18)
[INFO] sampling 1.0
[33mdropping column: modbus_value[0m
dropping all time related columns...
[33mdropping column: unixtime[0m
[INFO] columns: Index(['orig', 'type', 'i/f_name', 'i/f_dir', 'src', 'dst', 'proto',
       'appi_name', 'proxy_src_ip', 'modbus_function_code',
       'modbus_function_description', 'modbus_transaction_id', 'scada_tag',
       'service', 's_port', 'classification'],
      dtype='object')
[INFO] processing batch 0-100000/500000
[INFO] breaking into predictors and prediction...
[INFO] creating train/test split: 0.2
[INFO] fitting model
Train on 80000 samples, validate on 20000 samples
Epoch 1/1
 - 3s - loss: 0.1715 - tp: 80000.0000 - fp: 0.0000e+00 - tn: 80000.0000 - fn: 0.0000e+00 - accuracy: 1.0000 - precision: 1.0000 - recall: 1.0000 - auc: 1.0000 - val_loss: 5.8800e-17 - val_tp: 20000.0000 - val_fp: 0.0000e+00 - val_tn: 20000.0000 - val_fn: 0.0000e+00 - val_accuracy: 1.0000 - val_precision: 1.0000 - val_recall: 1.0000 - val_auc: 1.0000
[INFO] saving weights to checkpoints/dnn-epoch-004-files-0-2
[INFO] processing batch 100000-200000/500000
[INFO] breaking into predictors and prediction...
[INFO] creating train/test split: 0.2
[INFO] fitting model
Train on 80000 samples, validate on 20000 samples
Epoch 1/1
 - 3s - loss: 0.0364 - tp: 80000.0000 - fp: 0.0000e+00 - tn: 80000.0000 - fn: 0.0000e+00 - accuracy: 1.0000 - precision: 1.0000 - recall: 1.0000 - auc: 1.0000 - val_loss: 7.1653e-21 - val_tp: 20000.0000 - val_fp: 0.0000e+00 - val_tn: 20000.0000 - val_fn: 0.0000e+00 - val_accuracy: 1.0000 - val_precision: 1.0000 - val_recall: 1.0000 - val_auc: 1.0000
[INFO] saving weights to checkpoints/dnn-epoch-004-files-0-2
[INFO] processing batch 200000-300000/500000
[INFO] breaking into predictors and prediction...
[INFO] creating train/test split: 0.2
[INFO] fitting model
Train on 80000 samples, validate on 20000 samples
Epoch 1/1
 - 3s - loss: 0.0361 - tp: 79766.0000 - fp: 234.0000 - tn: 79766.0000 - fn: 234.0000 - accuracy: 0.9971 - precision: 0.9971 - recall: 0.9971 - auc: 0.9971 - val_loss: 2.3827 - val_tp: 10606.0000 - val_fp: 9394.0000 - val_tn: 10606.0000 - val_fn: 9394.0000 - val_accuracy: 0.5303 - val_precision: 0.5303 - val_recall: 0.5303 - val_auc: 0.5303
[INFO] saving weights to checkpoints/dnn-epoch-004-files-0-2
[INFO] processing batch 300000-400000/500000
[INFO] breaking into predictors and prediction...
[INFO] creating train/test split: 0.2
[INFO] fitting model
Train on 80000 samples, validate on 20000 samples
Epoch 1/1
 - 3s - loss: 1.1430 - tp: 42447.0000 - fp: 37553.0000 - tn: 42447.0000 - fn: 37553.0000 - accuracy: 0.5306 - precision: 0.5306 - recall: 0.5306 - auc: 0.5294 - val_loss: 0.7736 - val_tp: 10626.0000 - val_fp: 9374.0000 - val_tn: 10626.0000 - val_fn: 9374.0000 - val_accuracy: 0.5313 - val_precision: 0.5313 - val_recall: 0.5313 - val_auc: 0.5313
[INFO] saving weights to checkpoints/dnn-epoch-004-files-0-2
[INFO] processing batch 400000-500000/500000
[INFO] breaking into predictors and prediction...
[INFO] creating train/test split: 0.2
[INFO] fitting model
Train on 80000 samples, validate on 20000 samples
Epoch 1/1
 - 3s - loss: 0.7090 - tp: 42438.0000 - fp: 37562.0000 - tn: 42438.0000 - fn: 37562.0000 - accuracy: 0.5305 - precision: 0.5305 - recall: 0.5305 - auc: 0.5320 - val_loss: 0.6914 - val_tp: 10603.0000 - val_fp: 9397.0000 - val_tn: 10603.0000 - val_fn: 9397.0000 - val_accuracy: 0.5301 - val_precision: 0.5301 - val_recall: 0.5301 - val_auc: 0.5301
[INFO] saving weights to checkpoints/dnn-epoch-004-files-0-2
[33m[LOSS] 0.6914034230232239[0m
[CHECKING EARLY STOP]: currentLoss < min_delta ? => 0.6914034230232239  <  0.001
[33m[INFO] epoch 5/10[0m
[33m[INFO] loading file 1-2/1 on epoch 5/10[0m
[INFO] reading file data/SWaT2015-Attack-Files-v0.4-minmax/train/2015-12-28_113021_98.log.part12_sorted-labeled.csv
[INFO] concatenate the files
[INFO] process dataset, shape: (500000, 18)
[INFO] sampling 1.0
[33mdropping column: modbus_value[0m
dropping all time related columns...
[33mdropping column: unixtime[0m
[INFO] columns: Index(['orig', 'type', 'i/f_name', 'i/f_dir', 'src', 'dst', 'proto',
       'appi_name', 'proxy_src_ip', 'modbus_function_code',
       'modbus_function_description', 'modbus_transaction_id', 'scada_tag',
       'service', 's_port', 'classification'],
      dtype='object')
[INFO] processing batch 0-100000/500000
[INFO] breaking into predictors and prediction...
[INFO] creating train/test split: 0.2
[INFO] fitting model
Train on 80000 samples, validate on 20000 samples
Epoch 1/1
 - 3s - loss: 0.2179 - tp: 80000.0000 - fp: 0.0000e+00 - tn: 80000.0000 - fn: 0.0000e+00 - accuracy: 1.0000 - precision: 1.0000 - recall: 1.0000 - auc: 1.0000 - val_loss: 0.0846 - val_tp: 20000.0000 - val_fp: 0.0000e+00 - val_tn: 20000.0000 - val_fn: 0.0000e+00 - val_accuracy: 1.0000 - val_precision: 1.0000 - val_recall: 1.0000 - val_auc: 1.0000
[INFO] saving weights to checkpoints/dnn-epoch-005-files-0-2
[INFO] processing batch 100000-200000/500000
[INFO] breaking into predictors and prediction...
[INFO] creating train/test split: 0.2
[INFO] fitting model
Train on 80000 samples, validate on 20000 samples
Epoch 1/1
 - 3s - loss: 0.0489 - tp: 80000.0000 - fp: 0.0000e+00 - tn: 80000.0000 - fn: 0.0000e+00 - accuracy: 1.0000 - precision: 1.0000 - recall: 1.0000 - auc: 1.0000 - val_loss: 0.0260 - val_tp: 20000.0000 - val_fp: 0.0000e+00 - val_tn: 20000.0000 - val_fn: 0.0000e+00 - val_accuracy: 1.0000 - val_precision: 1.0000 - val_recall: 1.0000 - val_auc: 1.0000
[INFO] saving weights to checkpoints/dnn-epoch-005-files-0-2
[INFO] processing batch 200000-300000/500000
[INFO] breaking into predictors and prediction...
[INFO] creating train/test split: 0.2
[INFO] fitting model
Train on 80000 samples, validate on 20000 samples
Epoch 1/1
 - 3s - loss: 0.0288 - tp: 79766.0000 - fp: 234.0000 - tn: 79766.0000 - fn: 234.0000 - accuracy: 0.9971 - precision: 0.9971 - recall: 0.9971 - auc: 0.9970 - val_loss: 2.1554 - val_tp: 10606.0000 - val_fp: 9394.0000 - val_tn: 10606.0000 - val_fn: 9394.0000 - val_accuracy: 0.5303 - val_precision: 0.5303 - val_recall: 0.5303 - val_auc: 0.5303
[INFO] saving weights to checkpoints/dnn-epoch-005-files-0-2
[INFO] processing batch 300000-400000/500000
[INFO] breaking into predictors and prediction...
[INFO] creating train/test split: 0.2
[INFO] fitting model
Train on 80000 samples, validate on 20000 samples
Epoch 1/1
 - 3s - loss: 1.2796 - tp: 42447.0000 - fp: 37553.0000 - tn: 42447.0000 - fn: 37553.0000 - accuracy: 0.5306 - precision: 0.5306 - recall: 0.5306 - auc: 0.5303 - val_loss: 0.8409 - val_tp: 10626.0000 - val_fp: 9374.0000 - val_tn: 10626.0000 - val_fn: 9374.0000 - val_accuracy: 0.5313 - val_precision: 0.5313 - val_recall: 0.5313 - val_auc: 0.5313
[INFO] saving weights to checkpoints/dnn-epoch-005-files-0-2
[INFO] processing batch 400000-500000/500000
[INFO] breaking into predictors and prediction...
[INFO] creating train/test split: 0.2
[INFO] fitting model
Train on 80000 samples, validate on 20000 samples
Epoch 1/1
 - 3s - loss: 0.7299 - tp: 42438.0000 - fp: 37562.0000 - tn: 42438.0000 - fn: 37562.0000 - accuracy: 0.5305 - precision: 0.5305 - recall: 0.5305 - auc: 0.5300 - val_loss: 0.6921 - val_tp: 10603.0000 - val_fp: 9397.0000 - val_tn: 10603.0000 - val_fn: 9397.0000 - val_accuracy: 0.5301 - val_precision: 0.5301 - val_recall: 0.5301 - val_auc: 0.5301
[INFO] saving weights to checkpoints/dnn-epoch-005-files-0-2
[33m[LOSS] 0.6921051429748535[0m
[CHECKING EARLY STOP]: currentLoss < min_delta ? => 0.6921051429748535  <  0.001
[33m[INFO] epoch 6/10[0m
[33m[INFO] loading file 1-2/1 on epoch 6/10[0m
[INFO] reading file data/SWaT2015-Attack-Files-v0.4-minmax/train/2015-12-28_113021_98.log.part12_sorted-labeled.csv
[INFO] concatenate the files
[INFO] process dataset, shape: (500000, 18)
[INFO] sampling 1.0
[33mdropping column: modbus_value[0m
dropping all time related columns...
[33mdropping column: unixtime[0m
[INFO] columns: Index(['orig', 'type', 'i/f_name', 'i/f_dir', 'src', 'dst', 'proto',
       'appi_name', 'proxy_src_ip', 'modbus_function_code',
       'modbus_function_description', 'modbus_transaction_id', 'scada_tag',
       'service', 's_port', 'classification'],
      dtype='object')
[INFO] processing batch 0-100000/500000
[INFO] breaking into predictors and prediction...
[INFO] creating train/test split: 0.2
[INFO] fitting model
Train on 80000 samples, validate on 20000 samples
Epoch 1/1
 - 3s - loss: 0.2169 - tp: 80000.0000 - fp: 0.0000e+00 - tn: 80000.0000 - fn: 0.0000e+00 - accuracy: 1.0000 - precision: 1.0000 - recall: 1.0000 - auc: 1.0000 - val_loss: 0.0852 - val_tp: 20000.0000 - val_fp: 0.0000e+00 - val_tn: 20000.0000 - val_fn: 0.0000e+00 - val_accuracy: 1.0000 - val_precision: 1.0000 - val_recall: 1.0000 - val_auc: 1.0000
[INFO] saving weights to checkpoints/dnn-epoch-006-files-0-2
[INFO] processing batch 100000-200000/500000
[INFO] breaking into predictors and prediction...
[INFO] creating train/test split: 0.2
[INFO] fitting model
Train on 80000 samples, validate on 20000 samples
Epoch 1/1
 - 3s - loss: 0.0493 - tp: 80000.0000 - fp: 0.0000e+00 - tn: 80000.0000 - fn: 0.0000e+00 - accuracy: 1.0000 - precision: 1.0000 - recall: 1.0000 - auc: 1.0000 - val_loss: 0.0262 - val_tp: 20000.0000 - val_fp: 0.0000e+00 - val_tn: 20000.0000 - val_fn: 0.0000e+00 - val_accuracy: 1.0000 - val_precision: 1.0000 - val_recall: 1.0000 - val_auc: 1.0000
[INFO] saving weights to checkpoints/dnn-epoch-006-files-0-2
[INFO] processing batch 200000-300000/500000
[INFO] breaking into predictors and prediction...
[INFO] creating train/test split: 0.2
[INFO] fitting model
Train on 80000 samples, validate on 20000 samples
Epoch 1/1
 - 3s - loss: 0.0289 - tp: 79766.0000 - fp: 234.0000 - tn: 79766.0000 - fn: 234.0000 - accuracy: 0.9971 - precision: 0.9971 - recall: 0.9971 - auc: 0.9970 - val_loss: 2.1528 - val_tp: 10606.0000 - val_fp: 9394.0000 - val_tn: 10606.0000 - val_fn: 9394.0000 - val_accuracy: 0.5303 - val_precision: 0.5303 - val_recall: 0.5303 - val_auc: 0.5303
[INFO] saving weights to checkpoints/dnn-epoch-006-files-0-2
[INFO] processing batch 300000-400000/500000
[INFO] breaking into predictors and prediction...
[INFO] creating train/test split: 0.2
[INFO] fitting model
Train on 80000 samples, validate on 20000 samples
Epoch 1/1
 - 3s - loss: 1.2849 - tp: 42447.0000 - fp: 37553.0000 - tn: 42447.0000 - fn: 37553.0000 - accuracy: 0.5306 - precision: 0.5306 - recall: 0.5306 - auc: 0.5286 - val_loss: 0.8451 - val_tp: 10626.0000 - val_fp: 9374.0000 - val_tn: 10626.0000 - val_fn: 9374.0000 - val_accuracy: 0.5313 - val_precision: 0.5313 - val_recall: 0.5313 - val_auc: 0.5313
[INFO] saving weights to checkpoints/dnn-epoch-006-files-0-2
[INFO] processing batch 400000-500000/500000
[INFO] breaking into predictors and prediction...
[INFO] creating train/test split: 0.2
[INFO] fitting model
Train on 80000 samples, validate on 20000 samples
Epoch 1/1
 - 3s - loss: 0.7312 - tp: 42438.0000 - fp: 37562.0000 - tn: 42438.0000 - fn: 37562.0000 - accuracy: 0.5305 - precision: 0.5305 - recall: 0.5305 - auc: 0.5299 - val_loss: 0.6922 - val_tp: 10603.0000 - val_fp: 9397.0000 - val_tn: 10603.0000 - val_fn: 9397.0000 - val_accuracy: 0.5301 - val_precision: 0.5301 - val_recall: 0.5301 - val_auc: 0.5301
[INFO] saving weights to checkpoints/dnn-epoch-006-files-0-2
[33m[LOSS] 0.6922196362495422[0m
[CHECKING EARLY STOP]: currentLoss < min_delta ? => 0.6922196362495422  <  0.001
[33m[INFO] epoch 7/10[0m
[33m[INFO] loading file 1-2/1 on epoch 7/10[0m
[INFO] reading file data/SWaT2015-Attack-Files-v0.4-minmax/train/2015-12-28_113021_98.log.part12_sorted-labeled.csv
[INFO] concatenate the files
[INFO] process dataset, shape: (500000, 18)
[INFO] sampling 1.0
[33mdropping column: modbus_value[0m
dropping all time related columns...
[33mdropping column: unixtime[0m
[INFO] columns: Index(['orig', 'type', 'i/f_name', 'i/f_dir', 'src', 'dst', 'proto',
       'appi_name', 'proxy_src_ip', 'modbus_function_code',
       'modbus_function_description', 'modbus_transaction_id', 'scada_tag',
       'service', 's_port', 'classification'],
      dtype='object')
[INFO] processing batch 0-100000/500000
[INFO] breaking into predictors and prediction...
[INFO] creating train/test split: 0.2
[INFO] fitting model
Train on 80000 samples, validate on 20000 samples
Epoch 1/1
 - 3s - loss: 0.2167 - tp: 80000.0000 - fp: 0.0000e+00 - tn: 80000.0000 - fn: 0.0000e+00 - accuracy: 1.0000 - precision: 1.0000 - recall: 1.0000 - auc: 1.0000 - val_loss: 0.0852 - val_tp: 20000.0000 - val_fp: 0.0000e+00 - val_tn: 20000.0000 - val_fn: 0.0000e+00 - val_accuracy: 1.0000 - val_precision: 1.0000 - val_recall: 1.0000 - val_auc: 1.0000
[INFO] saving weights to checkpoints/dnn-epoch-007-files-0-2
[INFO] processing batch 100000-200000/500000
[INFO] breaking into predictors and prediction...
[INFO] creating train/test split: 0.2
[INFO] fitting model
Train on 80000 samples, validate on 20000 samples
Epoch 1/1
 - 3s - loss: 0.0493 - tp: 80000.0000 - fp: 0.0000e+00 - tn: 80000.0000 - fn: 0.0000e+00 - accuracy: 1.0000 - precision: 1.0000 - recall: 1.0000 - auc: 1.0000 - val_loss: 0.0262 - val_tp: 20000.0000 - val_fp: 0.0000e+00 - val_tn: 20000.0000 - val_fn: 0.0000e+00 - val_accuracy: 1.0000 - val_precision: 1.0000 - val_recall: 1.0000 - val_auc: 1.0000
[INFO] saving weights to checkpoints/dnn-epoch-007-files-0-2
[INFO] processing batch 200000-300000/500000
[INFO] breaking into predictors and prediction...
[INFO] creating train/test split: 0.2
[INFO] fitting model
Train on 80000 samples, validate on 20000 samples
Epoch 1/1
 - 3s - loss: 0.0289 - tp: 79766.0000 - fp: 234.0000 - tn: 79766.0000 - fn: 234.0000 - accuracy: 0.9971 - precision: 0.9971 - recall: 0.9971 - auc: 0.9973 - val_loss: 2.1572 - val_tp: 10606.0000 - val_fp: 9394.0000 - val_tn: 10606.0000 - val_fn: 9394.0000 - val_accuracy: 0.5303 - val_precision: 0.5303 - val_recall: 0.5303 - val_auc: 0.5303
[INFO] saving weights to checkpoints/dnn-epoch-007-files-0-2
[INFO] processing batch 300000-400000/500000
[INFO] breaking into predictors and prediction...
[INFO] creating train/test split: 0.2
[INFO] fitting model
Train on 80000 samples, validate on 20000 samples
Epoch 1/1
 - 3s - loss: 1.2786 - tp: 42447.0000 - fp: 37553.0000 - tn: 42447.0000 - fn: 37553.0000 - accuracy: 0.5306 - precision: 0.5306 - recall: 0.5306 - auc: 0.5321 - val_loss: 0.8410 - val_tp: 10626.0000 - val_fp: 9374.0000 - val_tn: 10626.0000 - val_fn: 9374.0000 - val_accuracy: 0.5313 - val_precision: 0.5313 - val_recall: 0.5313 - val_auc: 0.5313
[INFO] saving weights to checkpoints/dnn-epoch-007-files-0-2
[INFO] processing batch 400000-500000/500000
[INFO] breaking into predictors and prediction...
[INFO] creating train/test split: 0.2
[INFO] fitting model
Train on 80000 samples, validate on 20000 samples
Epoch 1/1
 - 3s - loss: 0.7294 - tp: 42438.0000 - fp: 37562.0000 - tn: 42438.0000 - fn: 37562.0000 - accuracy: 0.5305 - precision: 0.5305 - recall: 0.5305 - auc: 0.5321 - val_loss: 0.6919 - val_tp: 10603.0000 - val_fp: 9397.0000 - val_tn: 10603.0000 - val_fn: 9397.0000 - val_accuracy: 0.5301 - val_precision: 0.5301 - val_recall: 0.5301 - val_auc: 0.5301
[INFO] saving weights to checkpoints/dnn-epoch-007-files-0-2
[33m[LOSS] 0.6918690262794495[0m
[CHECKING EARLY STOP]: currentLoss < min_delta ? => 0.6918690262794495  <  0.001
[33m[INFO] epoch 8/10[0m
[33m[INFO] loading file 1-2/1 on epoch 8/10[0m
[INFO] reading file data/SWaT2015-Attack-Files-v0.4-minmax/train/2015-12-28_113021_98.log.part12_sorted-labeled.csv
[INFO] concatenate the files
[INFO] process dataset, shape: (500000, 18)
[INFO] sampling 1.0
[33mdropping column: modbus_value[0m
dropping all time related columns...
[33mdropping column: unixtime[0m
[INFO] columns: Index(['orig', 'type', 'i/f_name', 'i/f_dir', 'src', 'dst', 'proto',
       'appi_name', 'proxy_src_ip', 'modbus_function_code',
       'modbus_function_description', 'modbus_transaction_id', 'scada_tag',
       'service', 's_port', 'classification'],
      dtype='object')
[INFO] processing batch 0-100000/500000
[INFO] breaking into predictors and prediction...
[INFO] creating train/test split: 0.2
[INFO] fitting model
Train on 80000 samples, validate on 20000 samples
Epoch 1/1
 - 3s - loss: 0.2190 - tp: 80000.0000 - fp: 0.0000e+00 - tn: 80000.0000 - fn: 0.0000e+00 - accuracy: 1.0000 - precision: 1.0000 - recall: 1.0000 - auc: 1.0000 - val_loss: 0.0860 - val_tp: 20000.0000 - val_fp: 0.0000e+00 - val_tn: 20000.0000 - val_fn: 0.0000e+00 - val_accuracy: 1.0000 - val_precision: 1.0000 - val_recall: 1.0000 - val_auc: 1.0000
[INFO] saving weights to checkpoints/dnn-epoch-008-files-0-2
[INFO] processing batch 100000-200000/500000
[INFO] breaking into predictors and prediction...
[INFO] creating train/test split: 0.2
[INFO] fitting model
Train on 80000 samples, validate on 20000 samples
Epoch 1/1
 - 3s - loss: 0.0498 - tp: 80000.0000 - fp: 0.0000e+00 - tn: 80000.0000 - fn: 0.0000e+00 - accuracy: 1.0000 - precision: 1.0000 - recall: 1.0000 - auc: 1.0000 - val_loss: 0.0265 - val_tp: 20000.0000 - val_fp: 0.0000e+00 - val_tn: 20000.0000 - val_fn: 0.0000e+00 - val_accuracy: 1.0000 - val_precision: 1.0000 - val_recall: 1.0000 - val_auc: 1.0000
[INFO] saving weights to checkpoints/dnn-epoch-008-files-0-2
[INFO] processing batch 200000-300000/500000
[INFO] breaking into predictors and prediction...
[INFO] creating train/test split: 0.2
[INFO] fitting model
Train on 80000 samples, validate on 20000 samples
Epoch 1/1
 - 3s - loss: 0.0290 - tp: 79766.0000 - fp: 234.0000 - tn: 79766.0000 - fn: 234.0000 - accuracy: 0.9971 - precision: 0.9971 - recall: 0.9971 - auc: 0.9970 - val_loss: 2.1490 - val_tp: 10606.0000 - val_fp: 9394.0000 - val_tn: 10606.0000 - val_fn: 9394.0000 - val_accuracy: 0.5303 - val_precision: 0.5303 - val_recall: 0.5303 - val_auc: 0.5303
[INFO] saving weights to checkpoints/dnn-epoch-008-files-0-2
[INFO] processing batch 300000-400000/500000
[INFO] breaking into predictors and prediction...
[INFO] creating train/test split: 0.2
[INFO] fitting model
Train on 80000 samples, validate on 20000 samples
Epoch 1/1
 - 3s - loss: 1.2698 - tp: 42447.0000 - fp: 37553.0000 - tn: 42447.0000 - fn: 37553.0000 - accuracy: 0.5306 - precision: 0.5306 - recall: 0.5306 - auc: 0.5309 - val_loss: 0.8356 - val_tp: 10626.0000 - val_fp: 9374.0000 - val_tn: 10626.0000 - val_fn: 9374.0000 - val_accuracy: 0.5313 - val_precision: 0.5313 - val_recall: 0.5313 - val_auc: 0.5313
[INFO] saving weights to checkpoints/dnn-epoch-008-files-0-2
[INFO] processing batch 400000-500000/500000
[INFO] breaking into predictors and prediction...
[INFO] creating train/test split: 0.2
[INFO] fitting model
Train on 80000 samples, validate on 20000 samples
Epoch 1/1
 - 3s - loss: 0.7282 - tp: 42438.0000 - fp: 37562.0000 - tn: 42438.0000 - fn: 37562.0000 - accuracy: 0.5305 - precision: 0.5305 - recall: 0.5305 - auc: 0.5304 - val_loss: 0.6920 - val_tp: 10603.0000 - val_fp: 9397.0000 - val_tn: 10603.0000 - val_fn: 9397.0000 - val_accuracy: 0.5301 - val_precision: 0.5301 - val_recall: 0.5301 - val_auc: 0.5301
[INFO] saving weights to checkpoints/dnn-epoch-008-files-0-2
[33m[LOSS] 0.6919720932006836[0m
[CHECKING EARLY STOP]: currentLoss < min_delta ? => 0.6919720932006836  <  0.001
[33m[INFO] epoch 9/10[0m
[33m[INFO] loading file 1-2/1 on epoch 9/10[0m
[INFO] reading file data/SWaT2015-Attack-Files-v0.4-minmax/train/2015-12-28_113021_98.log.part12_sorted-labeled.csv
[INFO] concatenate the files
[INFO] process dataset, shape: (500000, 18)
[INFO] sampling 1.0
[33mdropping column: modbus_value[0m
dropping all time related columns...
[33mdropping column: unixtime[0m
[INFO] columns: Index(['orig', 'type', 'i/f_name', 'i/f_dir', 'src', 'dst', 'proto',
       'appi_name', 'proxy_src_ip', 'modbus_function_code',
       'modbus_function_description', 'modbus_transaction_id', 'scada_tag',
       'service', 's_port', 'classification'],
      dtype='object')
[INFO] processing batch 0-100000/500000
[INFO] breaking into predictors and prediction...
[INFO] creating train/test split: 0.2
[INFO] fitting model
Train on 80000 samples, validate on 20000 samples
Epoch 1/1
 - 3s - loss: 0.2171 - tp: 80000.0000 - fp: 0.0000e+00 - tn: 80000.0000 - fn: 0.0000e+00 - accuracy: 1.0000 - precision: 1.0000 - recall: 1.0000 - auc: 1.0000 - val_loss: 0.0851 - val_tp: 20000.0000 - val_fp: 0.0000e+00 - val_tn: 20000.0000 - val_fn: 0.0000e+00 - val_accuracy: 1.0000 - val_precision: 1.0000 - val_recall: 1.0000 - val_auc: 1.0000
[INFO] saving weights to checkpoints/dnn-epoch-009-files-0-2
[INFO] processing batch 100000-200000/500000
[INFO] breaking into predictors and prediction...
[INFO] creating train/test split: 0.2
[INFO] fitting model
Train on 80000 samples, validate on 20000 samples
Epoch 1/1
 - 3s - loss: 0.0493 - tp: 80000.0000 - fp: 0.0000e+00 - tn: 80000.0000 - fn: 0.0000e+00 - accuracy: 1.0000 - precision: 1.0000 - recall: 1.0000 - auc: 1.0000 - val_loss: 0.0262 - val_tp: 20000.0000 - val_fp: 0.0000e+00 - val_tn: 20000.0000 - val_fn: 0.0000e+00 - val_accuracy: 1.0000 - val_precision: 1.0000 - val_recall: 1.0000 - val_auc: 1.0000
[INFO] saving weights to checkpoints/dnn-epoch-009-files-0-2
[INFO] processing batch 200000-300000/500000
[INFO] breaking into predictors and prediction...
[INFO] creating train/test split: 0.2
[INFO] fitting model
Train on 80000 samples, validate on 20000 samples
Epoch 1/1
 - 3s - loss: 0.0289 - tp: 79766.0000 - fp: 234.0000 - tn: 79766.0000 - fn: 234.0000 - accuracy: 0.9971 - precision: 0.9971 - recall: 0.9971 - auc: 0.9972 - val_loss: 2.1553 - val_tp: 10606.0000 - val_fp: 9394.0000 - val_tn: 10606.0000 - val_fn: 9394.0000 - val_accuracy: 0.5303 - val_precision: 0.5303 - val_recall: 0.5303 - val_auc: 0.5303
[INFO] saving weights to checkpoints/dnn-epoch-009-files-0-2
[INFO] processing batch 300000-400000/500000
[INFO] breaking into predictors and prediction...
[INFO] creating train/test split: 0.2
[INFO] fitting model
Train on 80000 samples, validate on 20000 samples
Epoch 1/1
 - 3s - loss: 1.2820 - tp: 42447.0000 - fp: 37553.0000 - tn: 42447.0000 - fn: 37553.0000 - accuracy: 0.5306 - precision: 0.5306 - recall: 0.5306 - auc: 0.5313 - val_loss: 0.8420 - val_tp: 10626.0000 - val_fp: 9374.0000 - val_tn: 10626.0000 - val_fn: 9374.0000 - val_accuracy: 0.5313 - val_precision: 0.5313 - val_recall: 0.5313 - val_auc: 0.5313
[INFO] saving weights to checkpoints/dnn-epoch-009-files-0-2
[INFO] processing batch 400000-500000/500000
[INFO] breaking into predictors and prediction...
[INFO] creating train/test split: 0.2
[INFO] fitting model
Train on 80000 samples, validate on 20000 samples
Epoch 1/1
 - 3s - loss: 0.7299 - tp: 42438.0000 - fp: 37562.0000 - tn: 42438.0000 - fn: 37562.0000 - accuracy: 0.5305 - precision: 0.5305 - recall: 0.5305 - auc: 0.5314 - val_loss: 0.6920 - val_tp: 10603.0000 - val_fp: 9397.0000 - val_tn: 10603.0000 - val_fn: 9397.0000 - val_accuracy: 0.5301 - val_precision: 0.5301 - val_recall: 0.5301 - val_auc: 0.5301
[INFO] saving weights to checkpoints/dnn-epoch-009-files-0-2
[33m[LOSS] 0.6920120018005371[0m
[CHECKING EARLY STOP]: currentLoss < min_delta ? => 0.6920120018005371  <  0.001
[33m[INFO] epoch 10/10[0m
[33m[INFO] loading file 1-2/1 on epoch 10/10[0m
[INFO] reading file data/SWaT2015-Attack-Files-v0.4-minmax/train/2015-12-28_113021_98.log.part12_sorted-labeled.csv
[INFO] concatenate the files
[INFO] process dataset, shape: (500000, 18)
[INFO] sampling 1.0
[33mdropping column: modbus_value[0m
dropping all time related columns...
[33mdropping column: unixtime[0m
[INFO] columns: Index(['orig', 'type', 'i/f_name', 'i/f_dir', 'src', 'dst', 'proto',
       'appi_name', 'proxy_src_ip', 'modbus_function_code',
       'modbus_function_description', 'modbus_transaction_id', 'scada_tag',
       'service', 's_port', 'classification'],
      dtype='object')
[INFO] processing batch 0-100000/500000
[INFO] breaking into predictors and prediction...
[INFO] creating train/test split: 0.2
[INFO] fitting model
Train on 80000 samples, validate on 20000 samples
Epoch 1/1
 - 3s - loss: 0.2177 - tp: 80000.0000 - fp: 0.0000e+00 - tn: 80000.0000 - fn: 0.0000e+00 - accuracy: 1.0000 - precision: 1.0000 - recall: 1.0000 - auc: 1.0000 - val_loss: 0.0855 - val_tp: 20000.0000 - val_fp: 0.0000e+00 - val_tn: 20000.0000 - val_fn: 0.0000e+00 - val_accuracy: 1.0000 - val_precision: 1.0000 - val_recall: 1.0000 - val_auc: 1.0000
[INFO] saving weights to checkpoints/dnn-epoch-010-files-0-2
[INFO] processing batch 100000-200000/500000
[INFO] breaking into predictors and prediction...
[INFO] creating train/test split: 0.2
[INFO] fitting model
Train on 80000 samples, validate on 20000 samples
Epoch 1/1
 - 3s - loss: 0.0495 - tp: 80000.0000 - fp: 0.0000e+00 - tn: 80000.0000 - fn: 0.0000e+00 - accuracy: 1.0000 - precision: 1.0000 - recall: 1.0000 - auc: 1.0000 - val_loss: 0.0263 - val_tp: 20000.0000 - val_fp: 0.0000e+00 - val_tn: 20000.0000 - val_fn: 0.0000e+00 - val_accuracy: 1.0000 - val_precision: 1.0000 - val_recall: 1.0000 - val_auc: 1.0000
[INFO] saving weights to checkpoints/dnn-epoch-010-files-0-2
[INFO] processing batch 200000-300000/500000
[INFO] breaking into predictors and prediction...
[INFO] creating train/test split: 0.2
[INFO] fitting model
Train on 80000 samples, validate on 20000 samples
Epoch 1/1
 - 3s - loss: 0.0289 - tp: 79766.0000 - fp: 234.0000 - tn: 79766.0000 - fn: 234.0000 - accuracy: 0.9971 - precision: 0.9971 - recall: 0.9971 - auc: 0.9971 - val_loss: 2.1539 - val_tp: 10606.0000 - val_fp: 9394.0000 - val_tn: 10606.0000 - val_fn: 9394.0000 - val_accuracy: 0.5303 - val_precision: 0.5303 - val_recall: 0.5303 - val_auc: 0.5303
[INFO] saving weights to checkpoints/dnn-epoch-010-files-0-2
[INFO] processing batch 300000-400000/500000
[INFO] breaking into predictors and prediction...
[INFO] creating train/test split: 0.2
[INFO] fitting model
Train on 80000 samples, validate on 20000 samples
Epoch 1/1
 - 3s - loss: 1.2800 - tp: 42447.0000 - fp: 37553.0000 - tn: 42447.0000 - fn: 37553.0000 - accuracy: 0.5306 - precision: 0.5306 - recall: 0.5306 - auc: 0.5303 - val_loss: 0.8412 - val_tp: 10626.0000 - val_fp: 9374.0000 - val_tn: 10626.0000 - val_fn: 9374.0000 - val_accuracy: 0.5313 - val_precision: 0.5313 - val_recall: 0.5313 - val_auc: 0.5313
[INFO] saving weights to checkpoints/dnn-epoch-010-files-0-2
[INFO] processing batch 400000-500000/500000
[INFO] breaking into predictors and prediction...
[INFO] creating train/test split: 0.2
[INFO] fitting model
Train on 80000 samples, validate on 20000 samples
Epoch 1/1
 - 3s - loss: 0.7296 - tp: 42438.0000 - fp: 37562.0000 - tn: 42438.0000 - fn: 37562.0000 - accuracy: 0.5305 - precision: 0.5305 - recall: 0.5305 - auc: 0.5312 - val_loss: 0.6920 - val_tp: 10603.0000 - val_fp: 9397.0000 - val_tn: 10603.0000 - val_fn: 9397.0000 - val_accuracy: 0.5301 - val_precision: 0.5301 - val_recall: 0.5301 - val_auc: 0.5301
[INFO] saving weights to checkpoints/dnn-epoch-010-files-0-2
[33m[LOSS] 0.691954001235962[0m
[CHECKING EARLY STOP]: currentLoss < min_delta ? => 0.691954001235962  <  0.001
--- 145.5407269001007 seconds ---
2020-02-08 00:10:37.032893: W tensorflow/stream_executor/platform/default/dso_loader.cc:55] Could not load dynamic library 'libnvinfer.so.6'; dlerror: libnvinfer.so.6: cannot open shared object file: No such file or directory
2020-02-08 00:10:37.032939: W tensorflow/stream_executor/platform/default/dso_loader.cc:55] Could not load dynamic library 'libnvinfer_plugin.so.6'; dlerror: libnvinfer_plugin.so.6: cannot open shared object file: No such file or directory
2020-02-08 00:10:37.032945: W tensorflow/compiler/tf2tensorrt/utils/py_utils.cc:30] Cannot dlopen some TensorRT libraries. If you would like to use Nvidia GPU with TensorRT, please make sure the missing libraries mentioned above are installed properly.
2020-02-08 00:10:37.523446: W tensorflow/stream_executor/platform/default/dso_loader.cc:55] Could not load dynamic library 'libcuda.so.1'; dlerror: libcuda.so.1: cannot open shared object file: No such file or directory
2020-02-08 00:10:37.523465: E tensorflow/stream_executor/cuda/cuda_driver.cc:351] failed call to cuInit: UNKNOWN ERROR (303)
2020-02-08 00:10:37.523479: I tensorflow/stream_executor/cuda/cuda_diagnostics.cc:156] kernel driver does not appear to be running on this host (brussels): /proc/driver/nvidia/version does not exist
2020-02-08 00:10:37.523583: I tensorflow/core/platform/cpu_feature_guard.cc:142] Your CPU supports instructions that this TensorFlow binary was not compiled to use: AVX2 FMA
2020-02-08 00:10:37.545830: I tensorflow/core/platform/profile_utils/cpu_utils.cc:94] CPU Frequency: 3312000000 Hz
2020-02-08 00:10:37.546021: I tensorflow/compiler/xla/service/service.cc:168] XLA service 0x53d3c20 initialized for platform Host (this does not guarantee that XLA will be used). Devices:
2020-02-08 00:10:37.546033: I tensorflow/compiler/xla/service/service.cc:176]   StreamExecutor device (0): Host, Default Version
Using TensorFlow backend.
WARNING:tensorflow:Large dropout rate: 0.8 (>0.5). In TensorFlow 2.x, dropout() uses dropout rate instead of keep_prob. Please ensure that this is intended.
=================================================
        SCORING v0.4.2 (binaryClasses)
=================================================
Date: 2020-02-08 00:10:37.520331
[33m[INFO] using Sequential Dense layers[0m
[INFO] adding core layer 0
[INFO] adding core layer 1
[INFO] adding core layer 2
wrapLayerSize 8
coreLayerSize 32
numCoreLayers 3
outputLayerActivation sigmoid
output_dim 2
loss binary_crossentropy
optimizer adam
[INFO] created DNN
loading weights: checkpoints/*
loading file checkpoints/dnn-epoch-010-files-0-2
[33m[INFO] model summary:[0m
Model: "sequential_1"
_________________________________________________________________
Layer (type)                 Output Shape              Param #   
=================================================================
dense_1 (Dense)              (None, 8)                 128       
_________________________________________________________________
dropout_1 (Dropout)          (None, 8)                 0         
_________________________________________________________________
dense_2 (Dense)              (None, 32)                288       
_________________________________________________________________
dropout_2 (Dropout)          (None, 32)                0         
_________________________________________________________________
dense_3 (Dense)              (None, 32)                1056      
_________________________________________________________________
dropout_3 (Dropout)          (None, 32)                0         
_________________________________________________________________
dense_4 (Dense)              (None, 32)                1056      
_________________________________________________________________
dropout_4 (Dropout)          (None, 32)                0         
_________________________________________________________________
dense_5 (Dense)              (None, 8)                 264       
_________________________________________________________________
dropout_5 (Dropout)          (None, 8)                 0         
_________________________________________________________________
dense_6 (Dense)              (None, 1)                 9         
_________________________________________________________________
dropout_6 (Dropout)          (None, 1)                 0         
_________________________________________________________________
dense_7 (Dense)              (None, 2)                 4         
=================================================================
Total params: 2,805
Trainable params: 2,805
Non-trainable params: 0
_________________________________________________________________
[INFO] reading file data/SWaT2015-Attack-Files-v0.4-minmax/train/2015-12-28_113021_98.log.part13_sorted-labeled.csv
[INFO] process dataset, shape: (500000, 18)
[33mdropping column: modbus_value[0m
dropping all time related columns...
[33mdropping column: unixtime[0m
[INFO] columns: Index(['orig', 'type', 'i/f_name', 'i/f_dir', 'src', 'dst', 'proto',
       'appi_name', 'proxy_src_ip', 'modbus_function_code',
       'modbus_function_description', 'modbus_transaction_id', 'scada_tag',
       'service', 's_port', 'classification'],
      dtype='object')
[INFO] analyze dataset: (500000, 16)

[INFO] analyzing data
[INFO] 500000 rows
[INFO] ** orig:[0.5:100.0%]
[INFO] ** type:[1.0:100.0%]
[INFO] ** i/f_name:[0.0:99.9996%,0.5:0.0004%]
[INFO] ** i/f_dir:[0.0:99.9996%,1.0:0.0004%]
[INFO] ** src:[0.0666666667:38.3832%,0.9333333333:25.9606%,0.6666666667:18.1352%,0.3333333333:17.52%,0.1333333333:0.0004%,1.0:0.0004%,0.5333333333:0.0002%]
[INFO] ** dst:[0.1764705882:43.3108%,0.9411764706:21.0326%,0.8823529412000001:18.135%,0.5294117647:17.5198%,0.0:0.0008%,0.2941176471:0.0004%,0.4117647059:0.0004%,0.23529411760000002:0.0002%]
[INFO] ** proto:[0.5:99.9996%,0.0:0.0004%]
[INFO] ** appi_name:[0.0:99.9992%,0.0384615385:0.0004%,0.5384615385:0.0002%,0.7307692308:0.0002%]
[INFO] ** proxy_src_ip:[0.6666666667:38.3832%,0.0:25.9606%,0.9333333333:18.1352%,0.4:17.52%,0.5333333333:0.0004%,0.7333333333:0.0004%,0.6:0.0002%]
[INFO] ** modbus_function_code:[0.9743589744:99.9992%,0.0:0.0008%]
[INFO] ** modbus_function_description:[0.2:50.0%,0.0:49.9992%,0.4:0.0008%]
[INFO] ** modbus_transaction_id:65536 (13.1072%)
[INFO] ** scada_tag:[1.0:25.9596%,0.6:21.0326%,0.8:18.1348%,0.0:17.5194%,0.4:17.3504%,0.2:0.0032%]
[INFO] ** service:[0.7025755984000001:99.9992%,0.0:0.0004%,0.0012540954:0.0002%,0.002116286:0.0002%]
[INFO] ** s_port:[0.834280824:25.96%,0.8139250565:21.0326%,0.8029830673999999:18.1348%,0.8149336757:17.5196%,0.8137722355:17.3506%,0.8343113882:0.0004%,0.0:0.0004%,0.8059172320999999:0.0002%,0.8030136315999999:0.0002%,0.8147502904:0.0002%,0.8030441959000001:0.0002%,0.814841983:0.0002%,0.9621003729000001:0.0002%,0.8345253376999999:0.0002%,0.7788831836:0.0002%]
[INFO] ** classification:[normal:72.7902%,Single Stage Single Point:27.2098%]
[INFO] columns with count within 2-10 {'i/f_name': 2, 'i/f_dir': 2, 'src': 7, 'dst': 8, 'proto': 2, 'appi_name': 4, 'proxy_src_ip': 7, 'modbus_function_code': 2, 'modbus_function_description': 3, 'scada_tag': 6, 'service': 4, 'classification': 2}
[INFO] processing batch 0-100000/500000
[33m[INFO] measuring accuracy...[0m
x_test.shape: (100000, 15)
y_eval [1 0 1 ... 0 1 0] (100000,)
[INFO] Validation score: [33m0.53024[0m
[33m[INFO] metrics:[0m
loss :  0.6919367485809326
tp :  53024.0
fp :  46976.0
tn :  53024.0
fn :  46976.0
accuracy :  0.530239999294281
precision :  0.530239999294281
recall :  0.530239999294281
auc :  0.5302400588989258

y_eval {0: 53024, 1: 46976}
pred {0: 100000}
[INFO] confusion matrix for file 
[[53024     0]
 [46976     0]]
[INFO] confusion matrix after adding it to total:
[[53024     0]
 [46976     0]]
[INFO] processing batch 100000-200000/500000
[33m[INFO] measuring accuracy...[0m
x_test.shape: (100000, 15)
y_eval [0 1 0 ... 0 0 0] (100000,)
[INFO] Validation score: [33m0.87619[0m
[33m[INFO] metrics:[0m
loss :  0.6256194157409668
tp :  87619.0
fp :  12381.0
tn :  87619.0
fn :  12381.0
accuracy :  0.8761900067329407
precision :  0.8761900067329407
recall :  0.8761900067329407
auc :  0.8761899471282959

y_eval {0: 87619, 1: 12381}
pred {0: 100000}
[INFO] confusion matrix for file 
[[87619     0]
 [12381     0]]
[INFO] confusion matrix after adding it to total:
[[140643      0]
 [ 59357      0]]
[INFO] processing batch 200000-300000/500000
[33m[INFO] measuring accuracy...[0m
x_test.shape: (100000, 15)
y_eval [0 0 0 ... 1 0 1] (100000,)
[INFO] Validation score: [33m0.83025[0m
[33m[INFO] metrics:[0m
loss :  0.6344259434509277
tp :  83025.0
fp :  16975.0
tn :  83025.0
fn :  16975.0
accuracy :  0.8302500247955322
precision :  0.8302500247955322
recall :  0.8302500247955322
auc :  0.8302500247955322

y_eval {0: 83025, 1: 16975}
pred {0: 100000}
[INFO] confusion matrix for file 
[[83025     0]
 [16975     0]]
[INFO] confusion matrix after adding it to total:
[[223668      0]
 [ 76332      0]]
[INFO] processing batch 300000-400000/500000
[33m[INFO] measuring accuracy...[0m
x_test.shape: (100000, 15)
y_eval [1 0 0 ... 1 1 0] (100000,)
[INFO] Validation score: [33m0.52923[0m
[33m[INFO] metrics:[0m
loss :  0.6921303617095947
tp :  52923.0
fp :  47077.0
tn :  52923.0
fn :  47077.0
accuracy :  0.529229998588562
precision :  0.529229998588562
recall :  0.529229998588562
auc :  0.529229998588562

y_eval {0: 52923, 1: 47077}
pred {0: 100000}
[INFO] confusion matrix for file 
[[52923     0]
 [47077     0]]
[INFO] confusion matrix after adding it to total:
[[276591      0]
 [123409      0]]
[INFO] processing batch 400000-500000/500000
[33m[INFO] measuring accuracy...[0m
x_test.shape: (100000, 15)
y_eval [0 0 1 ... 0 0 0] (100000,)
[INFO] Validation score: [33m0.8736[0m
[33m[INFO] metrics:[0m
loss :  0.6261159091186523
tp :  87360.0
fp :  12640.0
tn :  87360.0
fn :  12640.0
accuracy :  0.8736000061035156
precision :  0.8736000061035156
recall :  0.8736000061035156
auc :  0.8736000061035156

y_eval {0: 87360, 1: 12640}
pred {0: 100000}
[INFO] confusion matrix for file 
[[87360     0]
 [12640     0]]
[INFO] confusion matrix after adding it to total:
[[363951      0]
 [136049      0]]
--- 12.9619619846344 seconds ---
